[DEBUG] 2019-10-10 19-30-16.151 [http-nio-8080-exec-1] IntegratorServiceImpl - Adding Integrator [org.hibernate.cfg.beanvalidation.BeanValidationIntegrator].
[DEBUG] 2019-10-10 19-30-16.164 [http-nio-8080-exec-1] IntegratorServiceImpl - Adding Integrator [org.hibernate.secure.spi.JaccIntegrator].
[DEBUG] 2019-10-10 19-30-16.173 [http-nio-8080-exec-1] IntegratorServiceImpl - Adding Integrator [org.hibernate.cache.internal.CollectionCacheInvalidator].
[INFO ] 2019-10-10 19-30-16.322 [http-nio-8080-exec-1] Version - HHH000412: Hibernate Core {5.4.4.Final}
[DEBUG] 2019-10-10 19-30-16.326 [http-nio-8080-exec-1] Environment - HHH000206: hibernate.properties not found
[DEBUG] 2019-10-10 19-30-16.594 [http-nio-8080-exec-1] LocalXmlResourceResolver - Interpreting public/system identifier : [-//Hibernate/Hibernate Configuration DTD//EN] - [http://www.hibernate.org/dtd/hibernate-configuration-3.0.dtd]
[DEBUG] 2019-10-10 19-30-16.595 [http-nio-8080-exec-1] LocalXmlResourceResolver - Recognized hibernate-configuration identifier; attempting to resolve on classpath under org/hibernate/
[DEBUG] 2019-10-10 19-30-16.630 [http-nio-8080-exec-1] JaxbCfgProcessor - cfg.xml document did not define namespaces; wrapping in custom event reader to introduce namespace information
[DEBUG] 2019-10-10 19-30-17.050 [http-nio-8080-exec-1] ServiceBinding - Overriding existing service binding [org.hibernate.secure.spi.JaccService]
[DEBUG] 2019-10-10 19-30-17.089 [http-nio-8080-exec-1] RegionFactoryInitiator - Cannot default RegionFactory based on registered strategies as `[]` RegionFactory strategies were registered
[DEBUG] 2019-10-10 19-30-17.091 [http-nio-8080-exec-1] RegionFactoryInitiator - Cache region factory : org.hibernate.cache.internal.NoCachingRegionFactory
[INFO ] 2019-10-10 19-30-17.141 [http-nio-8080-exec-1] Version - HCANN000001: Hibernate Commons Annotations {5.1.0.Final}
[DEBUG] 2019-10-10 19-30-17.225 [http-nio-8080-exec-1] BasicTypeRegistry - Adding type registration boolean -> org.hibernate.type.BooleanType@71c0dcf5
[DEBUG] 2019-10-10 19-30-17.225 [http-nio-8080-exec-1] BasicTypeRegistry - Adding type registration boolean -> org.hibernate.type.BooleanType@71c0dcf5
[DEBUG] 2019-10-10 19-30-17.225 [http-nio-8080-exec-1] BasicTypeRegistry - Adding type registration java.lang.Boolean -> org.hibernate.type.BooleanType@71c0dcf5
[DEBUG] 2019-10-10 19-30-17.226 [http-nio-8080-exec-1] BasicTypeRegistry - Adding type registration numeric_boolean -> org.hibernate.type.NumericBooleanType@7ca93ab0
[DEBUG] 2019-10-10 19-30-17.227 [http-nio-8080-exec-1] BasicTypeRegistry - Adding type registration true_false -> org.hibernate.type.TrueFalseType@3597a7ed
[DEBUG] 2019-10-10 19-30-17.228 [http-nio-8080-exec-1] BasicTypeRegistry - Adding type registration yes_no -> org.hibernate.type.YesNoType@7e544bb6
[DEBUG] 2019-10-10 19-30-17.230 [http-nio-8080-exec-1] BasicTypeRegistry - Adding type registration byte -> org.hibernate.type.ByteType@2edc9105
[DEBUG] 2019-10-10 19-30-17.230 [http-nio-8080-exec-1] BasicTypeRegistry - Adding type registration byte -> org.hibernate.type.ByteType@2edc9105
[DEBUG] 2019-10-10 19-30-17.230 [http-nio-8080-exec-1] BasicTypeRegistry - Adding type registration java.lang.Byte -> org.hibernate.type.ByteType@2edc9105
[DEBUG] 2019-10-10 19-30-17.232 [http-nio-8080-exec-1] BasicTypeRegistry - Adding type registration character -> org.hibernate.type.CharacterType@f33250f
[DEBUG] 2019-10-10 19-30-17.232 [http-nio-8080-exec-1] BasicTypeRegistry - Adding type registration char -> org.hibernate.type.CharacterType@f33250f
[DEBUG] 2019-10-10 19-30-17.232 [http-nio-8080-exec-1] BasicTypeRegistry - Adding type registration java.lang.Character -> org.hibernate.type.CharacterType@f33250f
[DEBUG] 2019-10-10 19-30-17.234 [http-nio-8080-exec-1] BasicTypeRegistry - Adding type registration short -> org.hibernate.type.ShortType@1d03a6e
[DEBUG] 2019-10-10 19-30-17.234 [http-nio-8080-exec-1] BasicTypeRegistry - Adding type registration short -> org.hibernate.type.ShortType@1d03a6e
[DEBUG] 2019-10-10 19-30-17.234 [http-nio-8080-exec-1] BasicTypeRegistry - Adding type registration java.lang.Short -> org.hibernate.type.ShortType@1d03a6e
[DEBUG] 2019-10-10 19-30-17.237 [http-nio-8080-exec-1] BasicTypeRegistry - Adding type registration integer -> org.hibernate.type.IntegerType@230c58b4
[DEBUG] 2019-10-10 19-30-17.237 [http-nio-8080-exec-1] BasicTypeRegistry - Adding type registration int -> org.hibernate.type.IntegerType@230c58b4
[DEBUG] 2019-10-10 19-30-17.237 [http-nio-8080-exec-1] BasicTypeRegistry - Adding type registration java.lang.Integer -> org.hibernate.type.IntegerType@230c58b4
[DEBUG] 2019-10-10 19-30-17.239 [http-nio-8080-exec-1] BasicTypeRegistry - Adding type registration long -> org.hibernate.type.LongType@4669b714
[DEBUG] 2019-10-10 19-30-17.240 [http-nio-8080-exec-1] BasicTypeRegistry - Adding type registration long -> org.hibernate.type.LongType@4669b714
[DEBUG] 2019-10-10 19-30-17.240 [http-nio-8080-exec-1] BasicTypeRegistry - Adding type registration java.lang.Long -> org.hibernate.type.LongType@4669b714
[DEBUG] 2019-10-10 19-30-17.242 [http-nio-8080-exec-1] BasicTypeRegistry - Adding type registration float -> org.hibernate.type.FloatType@4e722151
[DEBUG] 2019-10-10 19-30-17.242 [http-nio-8080-exec-1] BasicTypeRegistry - Adding type registration float -> org.hibernate.type.FloatType@4e722151
[DEBUG] 2019-10-10 19-30-17.242 [http-nio-8080-exec-1] BasicTypeRegistry - Adding type registration java.lang.Float -> org.hibernate.type.FloatType@4e722151
[DEBUG] 2019-10-10 19-30-17.244 [http-nio-8080-exec-1] BasicTypeRegistry - Adding type registration double -> org.hibernate.type.DoubleType@53866784
[DEBUG] 2019-10-10 19-30-17.244 [http-nio-8080-exec-1] BasicTypeRegistry - Adding type registration double -> org.hibernate.type.DoubleType@53866784
[DEBUG] 2019-10-10 19-30-17.244 [http-nio-8080-exec-1] BasicTypeRegistry - Adding type registration java.lang.Double -> org.hibernate.type.DoubleType@53866784
[DEBUG] 2019-10-10 19-30-17.245 [http-nio-8080-exec-1] BasicTypeRegistry - Adding type registration big_decimal -> org.hibernate.type.BigDecimalType@21957133
[DEBUG] 2019-10-10 19-30-17.246 [http-nio-8080-exec-1] BasicTypeRegistry - Adding type registration java.math.BigDecimal -> org.hibernate.type.BigDecimalType@21957133
[DEBUG] 2019-10-10 19-30-17.247 [http-nio-8080-exec-1] BasicTypeRegistry - Adding type registration big_integer -> org.hibernate.type.BigIntegerType@6a35e01
[DEBUG] 2019-10-10 19-30-17.247 [http-nio-8080-exec-1] BasicTypeRegistry - Adding type registration java.math.BigInteger -> org.hibernate.type.BigIntegerType@6a35e01
[DEBUG] 2019-10-10 19-30-17.249 [http-nio-8080-exec-1] BasicTypeRegistry - Adding type registration string -> org.hibernate.type.StringType@33391cb0
[DEBUG] 2019-10-10 19-30-17.250 [http-nio-8080-exec-1] BasicTypeRegistry - Adding type registration java.lang.String -> org.hibernate.type.StringType@33391cb0
[DEBUG] 2019-10-10 19-30-17.251 [http-nio-8080-exec-1] BasicTypeRegistry - Adding type registration nstring -> org.hibernate.type.StringNVarcharType@39213285
[DEBUG] 2019-10-10 19-30-17.252 [http-nio-8080-exec-1] BasicTypeRegistry - Adding type registration ncharacter -> org.hibernate.type.CharacterNCharType@7a8956a
[DEBUG] 2019-10-10 19-30-17.254 [http-nio-8080-exec-1] BasicTypeRegistry - Adding type registration url -> org.hibernate.type.UrlType@28348399
[DEBUG] 2019-10-10 19-30-17.254 [http-nio-8080-exec-1] BasicTypeRegistry - Adding type registration java.net.URL -> org.hibernate.type.UrlType@28348399
[DEBUG] 2019-10-10 19-30-17.255 [http-nio-8080-exec-1] BasicTypeRegistry - Adding type registration Duration -> org.hibernate.type.DurationType@b2caf6b
[DEBUG] 2019-10-10 19-30-17.256 [http-nio-8080-exec-1] BasicTypeRegistry - Adding type registration java.time.Duration -> org.hibernate.type.DurationType@b2caf6b
[DEBUG] 2019-10-10 19-30-17.262 [http-nio-8080-exec-1] BasicTypeRegistry - Adding type registration Instant -> org.hibernate.type.InstantType@16a5c4dd
[DEBUG] 2019-10-10 19-30-17.262 [http-nio-8080-exec-1] BasicTypeRegistry - Adding type registration java.time.Instant -> org.hibernate.type.InstantType@16a5c4dd
[DEBUG] 2019-10-10 19-30-17.265 [http-nio-8080-exec-1] BasicTypeRegistry - Adding type registration LocalDateTime -> org.hibernate.type.LocalDateTimeType@4bf0410c
[DEBUG] 2019-10-10 19-30-17.265 [http-nio-8080-exec-1] BasicTypeRegistry - Adding type registration java.time.LocalDateTime -> org.hibernate.type.LocalDateTimeType@4bf0410c
[DEBUG] 2019-10-10 19-30-17.268 [http-nio-8080-exec-1] BasicTypeRegistry - Adding type registration LocalDate -> org.hibernate.type.LocalDateType@afb561c
[DEBUG] 2019-10-10 19-30-17.268 [http-nio-8080-exec-1] BasicTypeRegistry - Adding type registration java.time.LocalDate -> org.hibernate.type.LocalDateType@afb561c
[DEBUG] 2019-10-10 19-30-17.270 [http-nio-8080-exec-1] BasicTypeRegistry - Adding type registration LocalTime -> org.hibernate.type.LocalTimeType@2617f7fe
[DEBUG] 2019-10-10 19-30-17.270 [http-nio-8080-exec-1] BasicTypeRegistry - Adding type registration java.time.LocalTime -> org.hibernate.type.LocalTimeType@2617f7fe
[DEBUG] 2019-10-10 19-30-17.272 [http-nio-8080-exec-1] BasicTypeRegistry - Adding type registration OffsetDateTime -> org.hibernate.type.OffsetDateTimeType@5af69a51
[DEBUG] 2019-10-10 19-30-17.272 [http-nio-8080-exec-1] BasicTypeRegistry - Adding type registration java.time.OffsetDateTime -> org.hibernate.type.OffsetDateTimeType@5af69a51
[DEBUG] 2019-10-10 19-30-17.274 [http-nio-8080-exec-1] BasicTypeRegistry - Adding type registration OffsetTime -> org.hibernate.type.OffsetTimeType@985a43c
[DEBUG] 2019-10-10 19-30-17.274 [http-nio-8080-exec-1] BasicTypeRegistry - Adding type registration java.time.OffsetTime -> org.hibernate.type.OffsetTimeType@985a43c
[DEBUG] 2019-10-10 19-30-17.277 [http-nio-8080-exec-1] BasicTypeRegistry - Adding type registration ZonedDateTime -> org.hibernate.type.ZonedDateTimeType@16bf67cb
[DEBUG] 2019-10-10 19-30-17.277 [http-nio-8080-exec-1] BasicTypeRegistry - Adding type registration java.time.ZonedDateTime -> org.hibernate.type.ZonedDateTimeType@16bf67cb
[DEBUG] 2019-10-10 19-30-17.280 [http-nio-8080-exec-1] BasicTypeRegistry - Adding type registration date -> org.hibernate.type.DateType@48d89337
[DEBUG] 2019-10-10 19-30-17.280 [http-nio-8080-exec-1] BasicTypeRegistry - Adding type registration java.sql.Date -> org.hibernate.type.DateType@48d89337
[DEBUG] 2019-10-10 19-30-17.281 [http-nio-8080-exec-1] BasicTypeRegistry - Adding type registration time -> org.hibernate.type.TimeType@22102ae6
[DEBUG] 2019-10-10 19-30-17.282 [http-nio-8080-exec-1] BasicTypeRegistry - Adding type registration java.sql.Time -> org.hibernate.type.TimeType@22102ae6
[DEBUG] 2019-10-10 19-30-17.283 [http-nio-8080-exec-1] BasicTypeRegistry - Adding type registration timestamp -> org.hibernate.type.TimestampType@1a7b2831
[DEBUG] 2019-10-10 19-30-17.283 [http-nio-8080-exec-1] BasicTypeRegistry - Adding type registration java.sql.Timestamp -> org.hibernate.type.TimestampType@1a7b2831
[DEBUG] 2019-10-10 19-30-17.283 [http-nio-8080-exec-1] BasicTypeRegistry - Adding type registration java.util.Date -> org.hibernate.type.TimestampType@1a7b2831
[DEBUG] 2019-10-10 19-30-17.286 [http-nio-8080-exec-1] BasicTypeRegistry - Adding type registration dbtimestamp -> org.hibernate.type.DbTimestampType@174caa5a
[DEBUG] 2019-10-10 19-30-17.288 [http-nio-8080-exec-1] BasicTypeRegistry - Adding type registration calendar -> org.hibernate.type.CalendarType@3d7445fc
[DEBUG] 2019-10-10 19-30-17.288 [http-nio-8080-exec-1] BasicTypeRegistry - Adding type registration java.util.Calendar -> org.hibernate.type.CalendarType@3d7445fc
[DEBUG] 2019-10-10 19-30-17.288 [http-nio-8080-exec-1] BasicTypeRegistry - Adding type registration java.util.GregorianCalendar -> org.hibernate.type.CalendarType@3d7445fc
[DEBUG] 2019-10-10 19-30-17.289 [http-nio-8080-exec-1] BasicTypeRegistry - Adding type registration calendar_date -> org.hibernate.type.CalendarDateType@1b0584e3
[DEBUG] 2019-10-10 19-30-17.290 [http-nio-8080-exec-1] BasicTypeRegistry - Adding type registration locale -> org.hibernate.type.LocaleType@36228d52
[DEBUG] 2019-10-10 19-30-17.290 [http-nio-8080-exec-1] BasicTypeRegistry - Adding type registration java.util.Locale -> org.hibernate.type.LocaleType@36228d52
[DEBUG] 2019-10-10 19-30-17.292 [http-nio-8080-exec-1] BasicTypeRegistry - Adding type registration currency -> org.hibernate.type.CurrencyType@69900bb4
[DEBUG] 2019-10-10 19-30-17.293 [http-nio-8080-exec-1] BasicTypeRegistry - Adding type registration java.util.Currency -> org.hibernate.type.CurrencyType@69900bb4
[DEBUG] 2019-10-10 19-30-17.294 [http-nio-8080-exec-1] BasicTypeRegistry - Adding type registration timezone -> org.hibernate.type.TimeZoneType@18c6a50b
[DEBUG] 2019-10-10 19-30-17.294 [http-nio-8080-exec-1] BasicTypeRegistry - Adding type registration java.util.TimeZone -> org.hibernate.type.TimeZoneType@18c6a50b
[DEBUG] 2019-10-10 19-30-17.296 [http-nio-8080-exec-1] BasicTypeRegistry - Adding type registration class -> org.hibernate.type.ClassType@373715fa
[DEBUG] 2019-10-10 19-30-17.296 [http-nio-8080-exec-1] BasicTypeRegistry - Adding type registration java.lang.Class -> org.hibernate.type.ClassType@373715fa
[DEBUG] 2019-10-10 19-30-17.298 [http-nio-8080-exec-1] BasicTypeRegistry - Adding type registration uuid-binary -> org.hibernate.type.UUIDBinaryType@a4a2c68
[DEBUG] 2019-10-10 19-30-17.298 [http-nio-8080-exec-1] BasicTypeRegistry - Adding type registration java.util.UUID -> org.hibernate.type.UUIDBinaryType@a4a2c68
[DEBUG] 2019-10-10 19-30-17.299 [http-nio-8080-exec-1] BasicTypeRegistry - Adding type registration uuid-char -> org.hibernate.type.UUIDCharType@4e6b336b
[DEBUG] 2019-10-10 19-30-17.300 [http-nio-8080-exec-1] BasicTypeRegistry - Adding type registration binary -> org.hibernate.type.BinaryType@7c6ff643
[DEBUG] 2019-10-10 19-30-17.300 [http-nio-8080-exec-1] BasicTypeRegistry - Adding type registration byte[] -> org.hibernate.type.BinaryType@7c6ff643
[DEBUG] 2019-10-10 19-30-17.300 [http-nio-8080-exec-1] BasicTypeRegistry - Adding type registration [B -> org.hibernate.type.BinaryType@7c6ff643
[DEBUG] 2019-10-10 19-30-17.302 [http-nio-8080-exec-1] BasicTypeRegistry - Adding type registration wrapper-binary -> org.hibernate.type.WrapperBinaryType@2c04a0ab
[DEBUG] 2019-10-10 19-30-17.302 [http-nio-8080-exec-1] BasicTypeRegistry - Adding type registration Byte[] -> org.hibernate.type.WrapperBinaryType@2c04a0ab
[DEBUG] 2019-10-10 19-30-17.302 [http-nio-8080-exec-1] BasicTypeRegistry - Adding type registration [Ljava.lang.Byte; -> org.hibernate.type.WrapperBinaryType@2c04a0ab
[DEBUG] 2019-10-10 19-30-17.305 [http-nio-8080-exec-1] BasicTypeRegistry - Adding type registration row_version -> org.hibernate.type.RowVersionType@57fe9ad4
[DEBUG] 2019-10-10 19-30-17.306 [http-nio-8080-exec-1] BasicTypeRegistry - Adding type registration image -> org.hibernate.type.ImageType@444338ab
[DEBUG] 2019-10-10 19-30-17.307 [http-nio-8080-exec-1] BasicTypeRegistry - Adding type registration characters -> org.hibernate.type.CharArrayType@35396bf7
[DEBUG] 2019-10-10 19-30-17.307 [http-nio-8080-exec-1] BasicTypeRegistry - Adding type registration char[] -> org.hibernate.type.CharArrayType@35396bf7
[DEBUG] 2019-10-10 19-30-17.307 [http-nio-8080-exec-1] BasicTypeRegistry - Adding type registration [C -> org.hibernate.type.CharArrayType@35396bf7
[DEBUG] 2019-10-10 19-30-17.308 [http-nio-8080-exec-1] BasicTypeRegistry - Adding type registration wrapper-characters -> org.hibernate.type.CharacterArrayType@3b1c4d40
[DEBUG] 2019-10-10 19-30-17.308 [http-nio-8080-exec-1] BasicTypeRegistry - Adding type registration [Ljava.lang.Character; -> org.hibernate.type.CharacterArrayType@3b1c4d40
[DEBUG] 2019-10-10 19-30-17.308 [http-nio-8080-exec-1] BasicTypeRegistry - Adding type registration Character[] -> org.hibernate.type.CharacterArrayType@3b1c4d40
[DEBUG] 2019-10-10 19-30-17.309 [http-nio-8080-exec-1] BasicTypeRegistry - Adding type registration text -> org.hibernate.type.TextType@5a708ac6
[DEBUG] 2019-10-10 19-30-17.310 [http-nio-8080-exec-1] BasicTypeRegistry - Adding type registration ntext -> org.hibernate.type.NTextType@471890c3
[DEBUG] 2019-10-10 19-30-17.312 [http-nio-8080-exec-1] BasicTypeRegistry - Adding type registration blob -> org.hibernate.type.BlobType@318d7ca6
[DEBUG] 2019-10-10 19-30-17.312 [http-nio-8080-exec-1] BasicTypeRegistry - Adding type registration java.sql.Blob -> org.hibernate.type.BlobType@318d7ca6
[DEBUG] 2019-10-10 19-30-17.313 [http-nio-8080-exec-1] BasicTypeRegistry - Adding type registration materialized_blob -> org.hibernate.type.MaterializedBlobType@722c4e1
[DEBUG] 2019-10-10 19-30-17.316 [http-nio-8080-exec-1] BasicTypeRegistry - Adding type registration clob -> org.hibernate.type.ClobType@57c67474
[DEBUG] 2019-10-10 19-30-17.316 [http-nio-8080-exec-1] BasicTypeRegistry - Adding type registration java.sql.Clob -> org.hibernate.type.ClobType@57c67474
[DEBUG] 2019-10-10 19-30-17.319 [http-nio-8080-exec-1] BasicTypeRegistry - Adding type registration nclob -> org.hibernate.type.NClobType@364a6171
[DEBUG] 2019-10-10 19-30-17.319 [http-nio-8080-exec-1] BasicTypeRegistry - Adding type registration java.sql.NClob -> org.hibernate.type.NClobType@364a6171
[DEBUG] 2019-10-10 19-30-17.319 [http-nio-8080-exec-1] BasicTypeRegistry - Adding type registration materialized_clob -> org.hibernate.type.MaterializedClobType@5a3ff67c
[DEBUG] 2019-10-10 19-30-17.320 [http-nio-8080-exec-1] BasicTypeRegistry - Adding type registration materialized_nclob -> org.hibernate.type.MaterializedNClobType@374c758f
[DEBUG] 2019-10-10 19-30-17.322 [http-nio-8080-exec-1] BasicTypeRegistry - Adding type registration serializable -> org.hibernate.type.SerializableType@cd13e14
[DEBUG] 2019-10-10 19-30-17.329 [http-nio-8080-exec-1] BasicTypeRegistry - Adding type registration object -> org.hibernate.type.ObjectType@4069f7a7
[DEBUG] 2019-10-10 19-30-17.329 [http-nio-8080-exec-1] BasicTypeRegistry - Adding type registration java.lang.Object -> org.hibernate.type.ObjectType@4069f7a7
[DEBUG] 2019-10-10 19-30-17.330 [http-nio-8080-exec-1] BasicTypeRegistry - Adding type registration imm_date -> org.hibernate.type.AdaptedImmutableType@2450a9b8
[DEBUG] 2019-10-10 19-30-17.330 [http-nio-8080-exec-1] BasicTypeRegistry - Adding type registration imm_time -> org.hibernate.type.AdaptedImmutableType@3a4ae7c2
[DEBUG] 2019-10-10 19-30-17.330 [http-nio-8080-exec-1] BasicTypeRegistry - Adding type registration imm_timestamp -> org.hibernate.type.AdaptedImmutableType@6ba92e0d
[DEBUG] 2019-10-10 19-30-17.331 [http-nio-8080-exec-1] BasicTypeRegistry - Adding type registration imm_dbtimestamp -> org.hibernate.type.AdaptedImmutableType@1de9aa66
[DEBUG] 2019-10-10 19-30-17.331 [http-nio-8080-exec-1] BasicTypeRegistry - Adding type registration imm_calendar -> org.hibernate.type.AdaptedImmutableType@3c55dd0a
[DEBUG] 2019-10-10 19-30-17.331 [http-nio-8080-exec-1] BasicTypeRegistry - Adding type registration imm_calendar_date -> org.hibernate.type.AdaptedImmutableType@514c49b5
[DEBUG] 2019-10-10 19-30-17.331 [http-nio-8080-exec-1] BasicTypeRegistry - Adding type registration imm_binary -> org.hibernate.type.AdaptedImmutableType@73b7ccd7
[DEBUG] 2019-10-10 19-30-17.331 [http-nio-8080-exec-1] BasicTypeRegistry - Adding type registration imm_serializable -> org.hibernate.type.AdaptedImmutableType@235df25d
[DEBUG] 2019-10-10 19-30-17.385 [http-nio-8080-exec-1] DefaultIdentifierGeneratorFactory - Registering IdentifierGenerator strategy [uuid2] -> [org.hibernate.id.UUIDGenerator]
[DEBUG] 2019-10-10 19-30-17.386 [http-nio-8080-exec-1] DefaultIdentifierGeneratorFactory - Registering IdentifierGenerator strategy [guid] -> [org.hibernate.id.GUIDGenerator]
[DEBUG] 2019-10-10 19-30-17.389 [http-nio-8080-exec-1] DefaultIdentifierGeneratorFactory - Registering IdentifierGenerator strategy [uuid] -> [org.hibernate.id.UUIDHexGenerator]
[DEBUG] 2019-10-10 19-30-17.389 [http-nio-8080-exec-1] DefaultIdentifierGeneratorFactory - Registering IdentifierGenerator strategy [uuid.hex] -> [org.hibernate.id.UUIDHexGenerator]
[DEBUG] 2019-10-10 19-30-17.391 [http-nio-8080-exec-1] DefaultIdentifierGeneratorFactory - Registering IdentifierGenerator strategy [assigned] -> [org.hibernate.id.Assigned]
[DEBUG] 2019-10-10 19-30-17.393 [http-nio-8080-exec-1] DefaultIdentifierGeneratorFactory - Registering IdentifierGenerator strategy [identity] -> [org.hibernate.id.IdentityGenerator]
[DEBUG] 2019-10-10 19-30-17.394 [http-nio-8080-exec-1] DefaultIdentifierGeneratorFactory - Registering IdentifierGenerator strategy [select] -> [org.hibernate.id.SelectGenerator]
[DEBUG] 2019-10-10 19-30-17.396 [http-nio-8080-exec-1] DefaultIdentifierGeneratorFactory - Registering IdentifierGenerator strategy [sequence] -> [org.hibernate.id.enhanced.SequenceStyleGenerator]
[DEBUG] 2019-10-10 19-30-17.398 [http-nio-8080-exec-1] DefaultIdentifierGeneratorFactory - Registering IdentifierGenerator strategy [seqhilo] -> [org.hibernate.id.SequenceHiLoGenerator]
[DEBUG] 2019-10-10 19-30-17.399 [http-nio-8080-exec-1] DefaultIdentifierGeneratorFactory - Registering IdentifierGenerator strategy [increment] -> [org.hibernate.id.IncrementGenerator]
[DEBUG] 2019-10-10 19-30-17.399 [http-nio-8080-exec-1] DefaultIdentifierGeneratorFactory - Registering IdentifierGenerator strategy [foreign] -> [org.hibernate.id.ForeignGenerator]
[DEBUG] 2019-10-10 19-30-17.400 [http-nio-8080-exec-1] DefaultIdentifierGeneratorFactory - Registering IdentifierGenerator strategy [sequence-identity] -> [org.hibernate.id.SequenceIdentityGenerator]
[DEBUG] 2019-10-10 19-30-17.401 [http-nio-8080-exec-1] DefaultIdentifierGeneratorFactory - Registering IdentifierGenerator strategy [enhanced-sequence] -> [org.hibernate.id.enhanced.SequenceStyleGenerator]
[DEBUG] 2019-10-10 19-30-17.402 [http-nio-8080-exec-1] DefaultIdentifierGeneratorFactory - Registering IdentifierGenerator strategy [enhanced-table] -> [org.hibernate.id.enhanced.TableGenerator]
[INFO ] 2019-10-10 19-30-17.412 [http-nio-8080-exec-1] C3P0ConnectionProvider - HHH010002: C3P0 using driver: com.mysql.cj.jdbc.Driver at URL: jdbc:mysql://localhost:3306/test_mww
[INFO ] 2019-10-10 19-30-17.412 [http-nio-8080-exec-1] C3P0ConnectionProvider - HHH10001001: Connection properties: {password=****, user=cortezjl}
[INFO ] 2019-10-10 19-30-17.412 [http-nio-8080-exec-1] C3P0ConnectionProvider - HHH10001003: Autocommit mode: false
[INFO ] 2019-10-10 19-30-17.599 [http-nio-8080-exec-1] C3P0ConnectionProvider - HHH10001007: JDBC isolation level: <unknown>
[DEBUG] 2019-10-10 19-30-18.127 [http-nio-8080-exec-1] JdbcEnvironmentInitiator - Database ->
       name : MySQL
    version : 8.0.17
      major : 8
      minor : 0
[DEBUG] 2019-10-10 19-30-18.127 [http-nio-8080-exec-1] JdbcEnvironmentInitiator - Driver ->
       name : MySQL Connector/J
    version : mysql-connector-java-8.0.16 (Revision: 34cbc6bc61f72836e26327537a432d6db7c77de6)
      major : 8
      minor : 0
[DEBUG] 2019-10-10 19-30-18.127 [http-nio-8080-exec-1] JdbcEnvironmentInitiator - JDBC version : 4.2
[INFO ] 2019-10-10 19-30-18.210 [http-nio-8080-exec-1] Dialect - HHH000400: Using dialect: org.hibernate.dialect.MySQL8Dialect
[DEBUG] 2019-10-10 19-30-18.261 [http-nio-8080-exec-1] IdentifierHelperBuilder - JDBC driver metadata reported database stores quoted identifiers in more than one case
[DEBUG] 2019-10-10 19-30-18.297 [http-nio-8080-exec-1] IdentifierHelperBuilder - IdentifierCaseStrategy for both quoted and unquoted identifiers was set to the same strategy [LOWER]; that will likely lead to problems in schema update and validation if using quoted identifiers
[DEBUG] 2019-10-10 19-30-18.353 [http-nio-8080-exec-1] Namespace - Created database namespace [logicalName=Name{catalog=null, schema=null}, physicalName=Name{catalog=null, schema=null}]
[DEBUG] 2019-10-10 19-30-18.360 [http-nio-8080-exec-1] TypeConfiguration$Scope - Scoping TypeConfiguration [org.hibernate.type.spi.TypeConfiguration@1e7523b4] to MetadataBuildingContext [org.hibernate.boot.internal.MetadataBuildingContextRootImpl@15e23873]
[DEBUG] 2019-10-10 19-30-18.466 [http-nio-8080-exec-1] AnnotationBinder - Binding entity from annotated class: com.juliecortez.entity.Role
[DEBUG] 2019-10-10 19-30-18.542 [http-nio-8080-exec-1] Ejb3Column - Binding column: Ejb3DiscriminatorColumn{logicalColumnName'DTYPE', discriminatorTypeName='string'}
[DEBUG] 2019-10-10 19-30-18.588 [http-nio-8080-exec-1] EntityBinder - Import with entity name Role
[DEBUG] 2019-10-10 19-30-18.597 [http-nio-8080-exec-1] EntityBinder - Bind entity com.juliecortez.entity.Role on table role
[DEBUG] 2019-10-10 19-30-18.681 [http-nio-8080-exec-1] Ejb3Column - Binding column: Ejb3Column{table=org.hibernate.mapping.Table(role), mappingColumn=id, insertable=true, updatable=true, unique=false}
[DEBUG] 2019-10-10 19-30-18.689 [http-nio-8080-exec-1] PropertyBinder - MetadataSourceProcessor property id with lazy=false
[DEBUG] 2019-10-10 19-30-18.693 [http-nio-8080-exec-1] AbstractPropertyHolder - Attempting to locate auto-apply AttributeConverter for property [com.juliecortez.entity.Role:id]
[DEBUG] 2019-10-10 19-30-18.701 [http-nio-8080-exec-1] SimpleValueBinder - building SimpleValue for id
[DEBUG] 2019-10-10 19-30-18.708 [http-nio-8080-exec-1] PropertyBinder - Building property id
[DEBUG] 2019-10-10 19-30-18.723 [http-nio-8080-exec-1] BinderHelper - #makeIdGenerator(org.hibernate.mapping.SimpleValue([org.hibernate.mapping.Column(id)]), id, org.hibernate.id.enhanced.SequenceStyleGenerator, native, ...)
[DEBUG] 2019-10-10 19-30-18.726 [http-nio-8080-exec-1] Ejb3Column - Binding column: Ejb3Column{table=org.hibernate.mapping.Table(role), mappingColumn=role, insertable=true, updatable=true, unique=false}
[DEBUG] 2019-10-10 19-30-18.727 [http-nio-8080-exec-1] PropertyBinder - MetadataSourceProcessor property role with lazy=false
[DEBUG] 2019-10-10 19-30-18.727 [http-nio-8080-exec-1] AbstractPropertyHolder - Attempting to locate auto-apply AttributeConverter for property [com.juliecortez.entity.Role:role]
[DEBUG] 2019-10-10 19-30-18.727 [http-nio-8080-exec-1] SimpleValueBinder - building SimpleValue for role
[DEBUG] 2019-10-10 19-30-18.727 [http-nio-8080-exec-1] PropertyBinder - Building property role
[DEBUG] 2019-10-10 19-30-18.730 [http-nio-8080-exec-1] Ejb3Column - Binding column: Ejb3JoinColumn{logicalColumnName='null', referencedColumn='null', mappedBy='null'}
[DEBUG] 2019-10-10 19-30-18.731 [http-nio-8080-exec-1] Ejb3Column - Binding column: Ejb3Column{table=org.hibernate.mapping.Table(role), mappingColumn=user, insertable=true, updatable=true, unique=false}
[DEBUG] 2019-10-10 19-30-18.739 [http-nio-8080-exec-1] PropertyBinder - Building property user
[DEBUG] 2019-10-10 19-30-18.742 [http-nio-8080-exec-1] AnnotationBinder - Binding entity from annotated class: com.juliecortez.entity.User
[DEBUG] 2019-10-10 19-30-18.742 [http-nio-8080-exec-1] Ejb3Column - Binding column: Ejb3DiscriminatorColumn{logicalColumnName'DTYPE', discriminatorTypeName='string'}
[DEBUG] 2019-10-10 19-30-18.743 [http-nio-8080-exec-1] EntityBinder - Import with entity name User
[DEBUG] 2019-10-10 19-30-18.743 [http-nio-8080-exec-1] EntityBinder - Bind entity com.juliecortez.entity.User on table user
[DEBUG] 2019-10-10 19-30-18.749 [http-nio-8080-exec-1] Ejb3Column - Binding column: Ejb3Column{table=org.hibernate.mapping.Table(user), mappingColumn=id, insertable=true, updatable=true, unique=false}
[DEBUG] 2019-10-10 19-30-18.749 [http-nio-8080-exec-1] PropertyBinder - MetadataSourceProcessor property id with lazy=false
[DEBUG] 2019-10-10 19-30-18.749 [http-nio-8080-exec-1] AbstractPropertyHolder - Attempting to locate auto-apply AttributeConverter for property [com.juliecortez.entity.User:id]
[DEBUG] 2019-10-10 19-30-18.750 [http-nio-8080-exec-1] SimpleValueBinder - building SimpleValue for id
[DEBUG] 2019-10-10 19-30-18.750 [http-nio-8080-exec-1] PropertyBinder - Building property id
[DEBUG] 2019-10-10 19-30-18.750 [http-nio-8080-exec-1] BinderHelper - #makeIdGenerator(org.hibernate.mapping.SimpleValue([org.hibernate.mapping.Column(id)]), id, org.hibernate.id.enhanced.SequenceStyleGenerator, native, ...)
[DEBUG] 2019-10-10 19-30-18.750 [http-nio-8080-exec-1] Ejb3Column - Binding column: Ejb3Column{table=org.hibernate.mapping.Table(user), mappingColumn=date_of_birth, insertable=true, updatable=true, unique=false}
[DEBUG] 2019-10-10 19-30-18.750 [http-nio-8080-exec-1] PropertyBinder - MetadataSourceProcessor property dateOfBirth with lazy=false
[DEBUG] 2019-10-10 19-30-18.750 [http-nio-8080-exec-1] AbstractPropertyHolder - Attempting to locate auto-apply AttributeConverter for property [com.juliecortez.entity.User:dateOfBirth]
[DEBUG] 2019-10-10 19-30-18.751 [http-nio-8080-exec-1] SimpleValueBinder - building SimpleValue for dateOfBirth
[DEBUG] 2019-10-10 19-30-18.751 [http-nio-8080-exec-1] PropertyBinder - Building property dateOfBirth
[DEBUG] 2019-10-10 19-30-18.751 [http-nio-8080-exec-1] Ejb3Column - Binding column: Ejb3Column{table=org.hibernate.mapping.Table(user), mappingColumn=first_name, insertable=true, updatable=true, unique=false}
[DEBUG] 2019-10-10 19-30-18.752 [http-nio-8080-exec-1] PropertyBinder - MetadataSourceProcessor property firstName with lazy=false
[DEBUG] 2019-10-10 19-30-18.753 [http-nio-8080-exec-1] AbstractPropertyHolder - Attempting to locate auto-apply AttributeConverter for property [com.juliecortez.entity.User:firstName]
[DEBUG] 2019-10-10 19-30-18.753 [http-nio-8080-exec-1] SimpleValueBinder - building SimpleValue for firstName
[DEBUG] 2019-10-10 19-30-18.753 [http-nio-8080-exec-1] PropertyBinder - Building property firstName
[DEBUG] 2019-10-10 19-30-18.754 [http-nio-8080-exec-1] Ejb3Column - Binding column: Ejb3Column{table=org.hibernate.mapping.Table(user), mappingColumn=last_name, insertable=true, updatable=true, unique=false}
[DEBUG] 2019-10-10 19-30-18.754 [http-nio-8080-exec-1] PropertyBinder - MetadataSourceProcessor property lastName with lazy=false
[DEBUG] 2019-10-10 19-30-18.754 [http-nio-8080-exec-1] AbstractPropertyHolder - Attempting to locate auto-apply AttributeConverter for property [com.juliecortez.entity.User:lastName]
[DEBUG] 2019-10-10 19-30-18.754 [http-nio-8080-exec-1] SimpleValueBinder - building SimpleValue for lastName
[DEBUG] 2019-10-10 19-30-18.754 [http-nio-8080-exec-1] PropertyBinder - Building property lastName
[DEBUG] 2019-10-10 19-30-18.754 [http-nio-8080-exec-1] Ejb3Column - Binding column: Ejb3JoinColumn{logicalColumnName='null', referencedColumn='null', mappedBy='user'}
[DEBUG] 2019-10-10 19-30-18.755 [http-nio-8080-exec-1] Ejb3Column - Binding column: Ejb3Column{table=org.hibernate.mapping.Table(user), mappingColumn=roles, insertable=true, updatable=true, unique=false}
[DEBUG] 2019-10-10 19-30-18.759 [http-nio-8080-exec-1] Ejb3Column - Binding column: Ejb3Column{table=org.hibernate.mapping.Table(user), mappingColumn=null, insertable=true, updatable=true, unique=false}
[DEBUG] 2019-10-10 19-30-18.782 [http-nio-8080-exec-1] Ejb3Column - Binding column: Ejb3Column{table=org.hibernate.mapping.Table(user), mappingColumn=element, insertable=true, updatable=true, unique=false}
[DEBUG] 2019-10-10 19-30-18.783 [http-nio-8080-exec-1] Ejb3Column - Binding column: Ejb3Column{table=org.hibernate.mapping.Table(user), mappingColumn=roles_KEY, insertable=true, updatable=true, unique=false}
[DEBUG] 2019-10-10 19-30-18.785 [http-nio-8080-exec-1] Ejb3Column - Binding column: Ejb3JoinColumn{logicalColumnName='roles_KEY', referencedColumn='null', mappedBy='null'}
[DEBUG] 2019-10-10 19-30-18.788 [http-nio-8080-exec-1] Ejb3Column - Binding column: Ejb3JoinColumn{logicalColumnName='null', referencedColumn='null', mappedBy='user'}
[DEBUG] 2019-10-10 19-30-18.788 [http-nio-8080-exec-1] Ejb3Column - Binding column: Ejb3JoinColumn{logicalColumnName='null', referencedColumn='null', mappedBy='user'}
[DEBUG] 2019-10-10 19-30-18.788 [http-nio-8080-exec-1] CollectionBinder - Collection role: com.juliecortez.entity.User.roles
[DEBUG] 2019-10-10 19-30-18.792 [http-nio-8080-exec-1] PropertyBinder - Building property roles
[DEBUG] 2019-10-10 19-30-18.793 [http-nio-8080-exec-1] Ejb3Column - Binding column: Ejb3Column{table=org.hibernate.mapping.Table(user), mappingColumn=user_name, insertable=true, updatable=true, unique=false}
[DEBUG] 2019-10-10 19-30-18.793 [http-nio-8080-exec-1] PropertyBinder - MetadataSourceProcessor property userName with lazy=false
[DEBUG] 2019-10-10 19-30-18.793 [http-nio-8080-exec-1] AbstractPropertyHolder - Attempting to locate auto-apply AttributeConverter for property [com.juliecortez.entity.User:userName]
[DEBUG] 2019-10-10 19-30-18.794 [http-nio-8080-exec-1] SimpleValueBinder - building SimpleValue for userName
[DEBUG] 2019-10-10 19-30-18.794 [http-nio-8080-exec-1] PropertyBinder - Building property userName
[DEBUG] 2019-10-10 19-30-18.796 [http-nio-8080-exec-1] SimpleValueBinder - Starting fillSimpleValue for id
[DEBUG] 2019-10-10 19-30-18.797 [http-nio-8080-exec-1] SimpleValueBinder - Starting fillSimpleValue for role
[DEBUG] 2019-10-10 19-30-18.797 [http-nio-8080-exec-1] SimpleValueBinder - Starting fillSimpleValue for id
[DEBUG] 2019-10-10 19-30-18.797 [http-nio-8080-exec-1] SimpleValueBinder - Starting fillSimpleValue for dateOfBirth
[DEBUG] 2019-10-10 19-30-18.797 [http-nio-8080-exec-1] SimpleValueBinder - Starting fillSimpleValue for firstName
[DEBUG] 2019-10-10 19-30-18.797 [http-nio-8080-exec-1] SimpleValueBinder - Starting fillSimpleValue for lastName
[DEBUG] 2019-10-10 19-30-18.797 [http-nio-8080-exec-1] SimpleValueBinder - Starting fillSimpleValue for userName
[DEBUG] 2019-10-10 19-30-18.810 [http-nio-8080-exec-1] PrimaryKey - Forcing column [id] to be non-null as it is part of the primary key for table [role]
[DEBUG] 2019-10-10 19-30-18.810 [http-nio-8080-exec-1] PrimaryKey - Forcing column [id] to be non-null as it is part of the primary key for table [user]
[DEBUG] 2019-10-10 19-30-18.810 [http-nio-8080-exec-1] CollectionSecondPass - Second pass for collection: com.juliecortez.entity.User.roles
[DEBUG] 2019-10-10 19-30-18.812 [http-nio-8080-exec-1] CollectionBinder - Binding a OneToMany: com.juliecortez.entity.User.roles through a foreign key
[DEBUG] 2019-10-10 19-30-18.813 [http-nio-8080-exec-1] CollectionBinder - Mapping collection: com.juliecortez.entity.User.roles -> role
[DEBUG] 2019-10-10 19-30-18.815 [http-nio-8080-exec-1] TableBinder - Retrieving property com.juliecortez.entity.Role.user
[DEBUG] 2019-10-10 19-30-18.816 [http-nio-8080-exec-1] CollectionSecondPass - Mapped collection key: user_id, one-to-many: com.juliecortez.entity.Role
[DEBUG] 2019-10-10 19-30-18.816 [http-nio-8080-exec-1] InFlightMetadataCollectorImpl - Resolving reference to class: com.juliecortez.entity.User
[DEBUG] 2019-10-10 19-30-18.821 [http-nio-8080-exec-1] InFlightMetadataCollectorImpl - Resolving reference to class: com.juliecortez.entity.User
[DEBUG] 2019-10-10 19-30-18.878 [http-nio-8080-exec-1] SessionFactoryImpl - Building session factory
[DEBUG] 2019-10-10 19-30-18.880 [http-nio-8080-exec-1] Settings - SessionFactory name : null
[DEBUG] 2019-10-10 19-30-18.880 [http-nio-8080-exec-1] Settings - Automatic flush during beforeCompletion(): enabled
[DEBUG] 2019-10-10 19-30-18.880 [http-nio-8080-exec-1] Settings - Automatic session close at end of transaction: disabled
[DEBUG] 2019-10-10 19-30-18.880 [http-nio-8080-exec-1] Settings - Statistics: disabled
[DEBUG] 2019-10-10 19-30-18.880 [http-nio-8080-exec-1] Settings - Deleted entity synthetic identifier rollback: disabled
[DEBUG] 2019-10-10 19-30-18.880 [http-nio-8080-exec-1] Settings - Default entity-mode: pojo
[DEBUG] 2019-10-10 19-30-18.880 [http-nio-8080-exec-1] Settings - Check Nullability in Core (should be disabled when Bean Validation is on): enabled
[DEBUG] 2019-10-10 19-30-18.880 [http-nio-8080-exec-1] Settings - Allow initialization of lazy state outside session : disabled
[DEBUG] 2019-10-10 19-30-18.880 [http-nio-8080-exec-1] Settings - Using BatchFetchStyle : LEGACY
[DEBUG] 2019-10-10 19-30-18.880 [http-nio-8080-exec-1] Settings - Default batch fetch size: -1
[DEBUG] 2019-10-10 19-30-18.880 [http-nio-8080-exec-1] Settings - Maximum outer join fetch depth: 2
[DEBUG] 2019-10-10 19-30-18.881 [http-nio-8080-exec-1] Settings - Default null ordering: NONE
[DEBUG] 2019-10-10 19-30-18.881 [http-nio-8080-exec-1] Settings - Order SQL updates by primary key: disabled
[DEBUG] 2019-10-10 19-30-18.881 [http-nio-8080-exec-1] Settings - Order SQL inserts for batching: disabled
[DEBUG] 2019-10-10 19-30-18.881 [http-nio-8080-exec-1] Settings - multi-tenancy strategy : NONE
[DEBUG] 2019-10-10 19-30-18.881 [http-nio-8080-exec-1] Settings - JTA Track by Thread: enabled
[DEBUG] 2019-10-10 19-30-18.881 [http-nio-8080-exec-1] Settings - Query language substitutions: {}
[DEBUG] 2019-10-10 19-30-18.881 [http-nio-8080-exec-1] Settings - Named query checking : enabled
[DEBUG] 2019-10-10 19-30-18.881 [http-nio-8080-exec-1] Settings - Second-level cache: disabled
[DEBUG] 2019-10-10 19-30-18.881 [http-nio-8080-exec-1] Settings - Second-level query cache: disabled
[DEBUG] 2019-10-10 19-30-18.881 [http-nio-8080-exec-1] Settings - Second-level query cache factory: null
[DEBUG] 2019-10-10 19-30-18.881 [http-nio-8080-exec-1] Settings - Second-level cache region prefix: null
[DEBUG] 2019-10-10 19-30-18.881 [http-nio-8080-exec-1] Settings - Optimize second-level cache for minimal puts: disabled
[DEBUG] 2019-10-10 19-30-18.881 [http-nio-8080-exec-1] Settings - Structured second-level cache entries: disabled
[DEBUG] 2019-10-10 19-30-18.881 [http-nio-8080-exec-1] Settings - Second-level cache direct-reference entries: disabled
[DEBUG] 2019-10-10 19-30-18.881 [http-nio-8080-exec-1] Settings - Automatic eviction of collection cache: disabled
[DEBUG] 2019-10-10 19-30-18.881 [http-nio-8080-exec-1] Settings - JDBC batch size: 15
[DEBUG] 2019-10-10 19-30-18.881 [http-nio-8080-exec-1] Settings - JDBC batch updates for versioned data: enabled
[DEBUG] 2019-10-10 19-30-18.881 [http-nio-8080-exec-1] Settings - Scrollable result sets: enabled
[DEBUG] 2019-10-10 19-30-18.881 [http-nio-8080-exec-1] Settings - Wrap result sets: disabled
[DEBUG] 2019-10-10 19-30-18.881 [http-nio-8080-exec-1] Settings - JDBC3 getGeneratedKeys(): enabled
[DEBUG] 2019-10-10 19-30-18.881 [http-nio-8080-exec-1] Settings - JDBC result set fetch size: null
[DEBUG] 2019-10-10 19-30-18.882 [http-nio-8080-exec-1] Settings - Connection release mode: AFTER_TRANSACTION
[DEBUG] 2019-10-10 19-30-18.882 [http-nio-8080-exec-1] Settings - Generate SQL with comments: disabled
[DEBUG] 2019-10-10 19-30-18.882 [http-nio-8080-exec-1] Settings - JPA compliance - query : 
[DEBUG] 2019-10-10 19-30-18.882 [http-nio-8080-exec-1] Settings - JPA compliance - closed-handling : 
[DEBUG] 2019-10-10 19-30-18.882 [http-nio-8080-exec-1] Settings - JPA compliance - lists : 
[DEBUG] 2019-10-10 19-30-18.882 [http-nio-8080-exec-1] Settings - JPA compliance - transactions : 
[INFO ] 2019-10-10 19-30-19.002 [http-nio-8080-exec-1] beans - HHH10005002: No explicit CDI BeanManager reference was passed to Hibernate, but CDI is available on the Hibernate ClassLoader.
[DEBUG] 2019-10-10 19-30-19.032 [http-nio-8080-exec-1] SessionFactoryImpl - Session factory constructed with filter configurations : {}
[DEBUG] 2019-10-10 19-30-19.033 [http-nio-8080-exec-1] SessionFactoryImpl - Instantiating session factory with properties: {awt.toolkit=sun.awt.windows.WToolkit, java.specification.version=11, sun.cpu.isalist=amd64, hibernate.c3p0.idle_test_period=3000, sun.jnu.encoding=Cp1252, hibernate.c3p0.min_size=5, sun.arch.data.model=64, java.vendor.url=http://java.oracle.com/, catalina.useNaming=true, openejb.provider.default=org.apache.tomee, sun.boot.library.path=C:\Program Files\Java\jdk-11.0.4\bin, com.sun.management.jmxremote.ssl=false, sun.java.command=org.apache.catalina.startup.Bootstrap start, jdk.debug=release, java.specification.vendor=Oracle Corporation, java.naming.factory.url.pkgs=org.apache.naming:org.apache.openejb.core.ivm.naming, openejb.embedder.source=ServerListener, java.version.date=2019-07-16, java.home=C:\Program Files\Java\jdk-11.0.4, ignore.endorsed.dirs=, file.separator=\, java.vm.compressedOopsMode=32-bit, line.separator=
, hibernate.c3p0.timeout=300, java.specification.name=Java Platform API Specification, java.vm.specification.vendor=Oracle Corporation, openejb.scan.webapp.container=true, com.sun.management.jmxremote.password.file=C:\Users\15635\.IntelliJIdea2019.2\system\tomcat\Unnamed_myworkweek\jmxremote.password, package.definition=sun.,java.,org.apache.catalina.,org.apache.coyote.,org.apache.jasper.,org.apache.naming.,org.apache.tomcat., openejb.deployments.classpath.filter.systemapps=false, jdk.tls.ephemeralDHKeySize=2048, user.script=, java.util.logging.config.file=C:\Users\15635\.IntelliJIdea2019.2\system\tomcat\Unnamed_myworkweek\conf\logging.properties, java.protocol.handler.pkgs=org.apache.catalina.webresources, connection.password=Security1!, sun.management.compiler=HotSpot 64-Bit Tiered Compilers, openejb.scan.webapp.container.excludes=, java.runtime.version=11.0.4+10-LTS, user.name=15635, org.apache.johnzon.max-string-length=8192, file.encoding=Cp1252, java.vendor.version=18.9, derby.system.home=C:\tomcat\bin, hibernate.connection.driver_class=com.mysql.cj.jdbc.Driver, java.io.tmpdir=C:\tomcat\temp, tomcat.util.scan.StandardJarScanFilter.jarsToScan=log4j-taglib*.jar,log4j-web*.jar,log4javascript*.jar,slf4j-taglib*.jar, java.version=11.0.4, com.sun.management.jmxremote.port=1099, tomcat.util.scan.StandardJarScanFilter.jarsToSkip=annotations-api.jar,ant-junit*.jar,ant-launcher.jar,ant.jar,asm-*.jar,aspectj*.jar,bootstrap.jar,catalina-ant.jar,catalina-ha.jar,catalina-jmx-remote.jar,catalina-storeconfig.jar,catalina-tribes.jar,catalina-ws.jar,catalina.jar,cglib-*.jar,cobertura-*.jar,commons-beanutils*.jar,commons-codec*.jar,commons-collections*.jar,commons-daemon.jar,commons-dbcp*.jar,commons-digester*.jar,commons-fileupload*.jar,commons-httpclient*.jar,commons-io*.jar,commons-lang*.jar,commons-logging*.jar,commons-math*.jar,commons-pool*.jar,dom4j-*.jar,easymock-*.jar,ecj-*.jar,el-api.jar,geronimo-spec-jaxrpc*.jar,h2*.jar,hamcrest-*.jar,hibernate*.jar,httpclient*.jar,icu4j-*.jar,jasper-el.jar,jasper.jar,jaspic-api.jar,jaxb-*.jar,jaxen-*.jar,jdom-*.jar,jetty-*.jar,jmx-tools.jar,jmx.jar,jsp-api.jar,jstl.jar,jta*.jar,junit-*.jar,junit.jar,log4j*.jar,mail*.jar,objenesis-*.jar,oraclepki.jar,oro-*.jar,servlet-api-*.jar,servlet-api.jar,slf4j*.jar,taglibs-standard-spec-*.jar,tagsoup-*.jar,tomcat-api.jar,tomcat-coyote.jar,tomcat-dbcp.jar,tomcat-i18n-*.jar,tomcat-jdbc.jar,tomcat-jni.jar,tomcat-juli-adapters.jar,tomcat-juli.jar,tomcat-util-scan.jar,tomcat-util.jar,tomcat-websocket.jar,tools.jar,websocket-api.jar,wsdl4j*.jar,xercesImpl.jar,xml-apis.jar,xmlParserAPIs-*.jar,xmlParserAPIs.jar,xom-*.jar, connection.username=cortezjl, java.vm.specification.name=Java Virtual Machine Specification, java.awt.printerjob=sun.awt.windows.WPrinterJob, sun.os.patch.level=, connection.driver_class=com.mysql.cj.jdbc.Driver, tomcat.built=May 4 2019 09:17:16 UTC, java.library.path=C:\Program Files\Java\jdk-11.0.4\bin;C:\Windows\Sun\Java\bin;C:\Windows\system32;C:\Windows;C:\Windows\system32;C:\Windows;C:\Windows\System32\Wbem;C:\Windows\System32\WindowsPowerShell\v1.0\;C:\Windows\System32\OpenSSH\;C:\Program Files\Git\cmd;C:\Program Files (x86)\Intel\Intel(R) Management Engine Components\DAL;C:\Program Files\Intel\Intel(R) Management Engine Components\DAL;C:\Program Files\PuTTY\;C:\Program Files\MySQL\MySQL Shell 8.0\bin\;., java.vendor=Oracle Corporation, tomee.version=7.1.1, java.rmi.server.randomIDs=true, sun.io.unicode.encoding=UnicodeLittle, tomcat.util.buf.StringCache.byte.enabled=true, sun.desktop=windows, java.class.path=C:\tomcat\bin\bootstrap.jar;C:\tomcat\bin\tomcat-juli.jar, tomcat.version=8.5.41.0, java.vm.vendor=Oracle Corporation, openejb.home=C:\tomcat, user.variant=, openejb.system.apps=true, user.timezone=America/Chicago, os.name=Windows 10, java.vm.specification.version=11, sun.java.launcher=SUN_STANDARD, user.country=US, openejb.base=C:\Users\15635\.IntelliJIdea2019.2\system\tomcat\Unnamed_myworkweek, com.sun.management.jmxremote=, sun.cpu.endian=little, user.home=C:\Users\15635, hibernate.c3p0.max_statements=50, user.language=en, openejb.deployments.classpath=false, java.awt.graphicsenv=sun.awt.Win32GraphicsEnvironment, package.access=sun.,org.apache.catalina.,org.apache.coyote.,org.apache.jasper.,org.apache.tomcat., openejb.loader=tomcat-system, server.loader=, com.sun.management.jmxremote.access.file=C:\Users\15635\.IntelliJIdea2019.2\system\tomcat\Unnamed_myworkweek\jmxremote.access, hibernate.c3p0.max_size=20, java.naming.factory.initial=org.apache.naming.java.javaURLContextFactory, path.separator=;, org.apache.openejb.core.security.JaccProvider=org.apache.openejb.core.security.jacc.BasicJaccProvider, common.loader="C:/tomcat/lib","C:/tomcat/lib/*.jar","C:\tomcat/lib","C:\tomcat/lib/*.jar", hibernate.connection.username=****, os.version=10.0, openejb.version=7.1.1, org.apache.security.jacc.EJBMethodPermission.methodInterfaces=BusinessLocalHome,BusinessRemoteHome,BusinessRemote,BusinessLocal, java.runtime.name=Java(TM) SE Runtime Environment, hibernate.connection.url=jdbc:mysql://localhost:3306/test_mww, java.vm.name=Java HotSpot(TM) 64-Bit Server VM, openejb.scan.webapp.container.includes=.*(geronimo|mp-jwt|failsafe).*, java.vendor.url.bug=http://bugreport.java.com/bugreport/, tomee.remote.support=true, catalina.home=C:\tomcat, user.dir=C:\tomcat\bin, bval.in-container=true, os.arch=amd64, openjpa.Log=org.apache.openejb.openjpa.JULOpenJPALogFactory, hibernate.connection.password=****, tomee.serialization.class.blacklist=-, tomee.serialization.class.whitelist=, shared.loader=, catalina.base=C:\Users\15635\.IntelliJIdea2019.2\system\tomcat\Unnamed_myworkweek, hibernate.boot.CfgXmlAccessService.key=org.hibernate.boot.cfgxml.spi.LoadedConfig@3d9f4dc2, noBanner=true, java.util.logging.manager=org.apache.juli.ClassLoaderLogManager, org.apache.webbeans.logger.WebBeansLoggerFacade=org.apache.openejb.cdi.logging.ContainerJULLoggerFactory, java.vm.info=mixed mode, java.vm.version=11.0.4+10-LTS, hibernate.bytecode.use_reflection_optimizer=false, java.rmi.server.hostname=127.0.0.1, javax.security.jacc.PolicyConfigurationFactory.provider=org.apache.openejb.core.security.JaccProvider$Factory, connection.url=jdbc:mysql://localhost:3306/test_mww, java.class.version=55.0, authconfigprovider.factory=false}
[DEBUG] 2019-10-10 19-30-19.066 [http-nio-8080-exec-1] ClassLoaderAccessImpl - Not known whether passed class name [com.juliecortez.entity.User] is safe
[DEBUG] 2019-10-10 19-30-19.066 [http-nio-8080-exec-1] ClassLoaderAccessImpl - No temp ClassLoader provided; using live ClassLoader for loading potentially unsafe class : com.juliecortez.entity.User
[DEBUG] 2019-10-10 19-30-19.076 [http-nio-8080-exec-1] ClassLoaderAccessImpl - Not known whether passed class name [com.juliecortez.entity.Role] is safe
[DEBUG] 2019-10-10 19-30-19.076 [http-nio-8080-exec-1] ClassLoaderAccessImpl - No temp ClassLoader provided; using live ClassLoader for loading potentially unsafe class : com.juliecortez.entity.Role
[DEBUG] 2019-10-10 19-30-19.080 [http-nio-8080-exec-1] JaccIntegrator - Skipping JACC integration as it was not enabled
[DEBUG] 2019-10-10 19-30-19.080 [http-nio-8080-exec-1] SessionFactoryImpl - Instantiated session factory
[DEBUG] 2019-10-10 19-30-19.080 [http-nio-8080-exec-1] TypeConfiguration$Scope - Scoping TypeConfiguration [org.hibernate.type.spi.TypeConfiguration@1e7523b4] to SessionFactoryImpl [org.hibernate.internal.SessionFactoryImpl@5ac74695]
[DEBUG] 2019-10-10 19-30-19.178 [http-nio-8080-exec-1] ClassLoaderAccessImpl - Not known whether passed class name [com.juliecortez.entity.User] is safe
[DEBUG] 2019-10-10 19-30-19.178 [http-nio-8080-exec-1] ClassLoaderAccessImpl - No temp ClassLoader provided; using live ClassLoader for loading potentially unsafe class : com.juliecortez.entity.User
[DEBUG] 2019-10-10 19-30-19.222 [http-nio-8080-exec-1] ClassLoaderAccessImpl - Not known whether passed class name [com.juliecortez.entity.User] is safe
[DEBUG] 2019-10-10 19-30-19.222 [http-nio-8080-exec-1] ClassLoaderAccessImpl - No temp ClassLoader provided; using live ClassLoader for loading potentially unsafe class : com.juliecortez.entity.User
[DEBUG] 2019-10-10 19-30-19.594 [http-nio-8080-exec-1] ClassLoaderAccessImpl - Not known whether passed class name [com.juliecortez.entity.Role] is safe
[DEBUG] 2019-10-10 19-30-19.594 [http-nio-8080-exec-1] ClassLoaderAccessImpl - No temp ClassLoader provided; using live ClassLoader for loading potentially unsafe class : com.juliecortez.entity.Role
[DEBUG] 2019-10-10 19-30-19.594 [http-nio-8080-exec-1] ClassLoaderAccessImpl - Not known whether passed class name [com.juliecortez.entity.Role] is safe
[DEBUG] 2019-10-10 19-30-19.594 [http-nio-8080-exec-1] ClassLoaderAccessImpl - No temp ClassLoader provided; using live ClassLoader for loading potentially unsafe class : com.juliecortez.entity.Role
[DEBUG] 2019-10-10 19-30-19.616 [http-nio-8080-exec-1] AbstractCollectionPersister - Static SQL for collection: com.juliecortez.entity.User.roles
[DEBUG] 2019-10-10 19-30-19.616 [http-nio-8080-exec-1] AbstractCollectionPersister -  Row insert: update role set user_id=? where id=?
[DEBUG] 2019-10-10 19-30-19.616 [http-nio-8080-exec-1] AbstractCollectionPersister -  Row update: update role set  where id=?
[DEBUG] 2019-10-10 19-30-19.617 [http-nio-8080-exec-1] AbstractCollectionPersister -  Row delete: update role set user_id=null where user_id=? and id=?
[DEBUG] 2019-10-10 19-30-19.617 [http-nio-8080-exec-1] AbstractCollectionPersister -  One-shot delete: update role set user_id=null where user_id=?
[DEBUG] 2019-10-10 19-30-19.623 [http-nio-8080-exec-1] AbstractEntityPersister - Static SQL for entity: com.juliecortez.entity.User
[DEBUG] 2019-10-10 19-30-19.623 [http-nio-8080-exec-1] AbstractEntityPersister -  Version select: select id from user where id =?
[DEBUG] 2019-10-10 19-30-19.623 [http-nio-8080-exec-1] AbstractEntityPersister -  Snapshot select: select user_.id, user_.date_of_birth as date_of_2_1_, user_.first_name as first_na3_1_, user_.last_name as last_nam4_1_, user_.user_name as user_nam5_1_ from user user_ where user_.id=?
[DEBUG] 2019-10-10 19-30-19.623 [http-nio-8080-exec-1] AbstractEntityPersister -  Insert 0: insert into user (date_of_birth, first_name, last_name, user_name, id) values (?, ?, ?, ?, ?)
[DEBUG] 2019-10-10 19-30-19.623 [http-nio-8080-exec-1] AbstractEntityPersister -  Update 0: update user set date_of_birth=?, first_name=?, last_name=?, user_name=? where id=?
[DEBUG] 2019-10-10 19-30-19.623 [http-nio-8080-exec-1] AbstractEntityPersister -  Delete 0: delete from user where id=?
[DEBUG] 2019-10-10 19-30-19.623 [http-nio-8080-exec-1] AbstractEntityPersister -  Identity insert: insert into user (date_of_birth, first_name, last_name, user_name) values (?, ?, ?, ?)
[DEBUG] 2019-10-10 19-30-19.674 [http-nio-8080-exec-1] QuerySpacesImpl - Adding QuerySpace : uid = <gen:0> -> org.hibernate.loader.plan.build.internal.spaces.EntityQuerySpaceImpl@6c33a850]
[DEBUG] 2019-10-10 19-30-19.676 [http-nio-8080-exec-1] MetamodelGraphWalker - Visiting attribute path : dateOfBirth
[DEBUG] 2019-10-10 19-30-19.676 [http-nio-8080-exec-1] MetamodelGraphWalker - Visiting attribute path : firstName
[DEBUG] 2019-10-10 19-30-19.676 [http-nio-8080-exec-1] MetamodelGraphWalker - Visiting attribute path : lastName
[DEBUG] 2019-10-10 19-30-19.676 [http-nio-8080-exec-1] MetamodelGraphWalker - Visiting attribute path : roles
[DEBUG] 2019-10-10 19-30-19.686 [http-nio-8080-exec-1] QuerySpacesImpl - Adding QuerySpace : uid = <gen:1> -> org.hibernate.loader.plan.build.internal.spaces.CollectionQuerySpaceImpl@77f2a324]
[DEBUG] 2019-10-10 19-30-19.692 [http-nio-8080-exec-1] QuerySpacesImpl - Adding QuerySpace : uid = <gen:2> -> org.hibernate.loader.plan.build.internal.spaces.EntityQuerySpaceImpl@7dcc9587]
[DEBUG] 2019-10-10 19-30-19.694 [http-nio-8080-exec-1] MetamodelGraphWalker - Visiting attribute path : roles.role
[DEBUG] 2019-10-10 19-30-19.694 [http-nio-8080-exec-1] MetamodelGraphWalker - Visiting attribute path : roles.user
[DEBUG] 2019-10-10 19-30-19.694 [http-nio-8080-exec-1] MetamodelGraphWalker - Property path deemed to be circular : roles.user
[DEBUG] 2019-10-10 19-30-19.695 [http-nio-8080-exec-1] MetamodelGraphWalker - Visiting attribute path : userName
[DEBUG] 2019-10-10 19-30-19.695 [http-nio-8080-exec-1] FetchStyleLoadPlanBuildingAssociationVisitationStrategy - Building LoadPlan...
[DEBUG] 2019-10-10 19-30-19.721 [http-nio-8080-exec-1] LoadQueryJoinAndFetchProcessor - processing queryspace <gen:0>
[DEBUG] 2019-10-10 19-30-19.732 [http-nio-8080-exec-1] LoadPlanTreePrinter - LoadPlan(entity=com.juliecortez.entity.User)
    - Returns
       - EntityReturnImpl(entity=com.juliecortez.entity.User, querySpaceUid=<gen:0>, path=com.juliecortez.entity.User)
          - CollectionAttributeFetchImpl(collection=com.juliecortez.entity.User.roles, querySpaceUid=<gen:1>, path=com.juliecortez.entity.User.roles)
             - (collection element) CollectionFetchableElementEntityGraph(entity=com.juliecortez.entity.Role, querySpaceUid=<gen:2>, path=com.juliecortez.entity.User.roles.<elements>)
    - QuerySpaces
       - EntityQuerySpaceImpl(uid=<gen:0>, entity=com.juliecortez.entity.User)
          - SQL table alias mapping - user0_
          - alias suffix - 0_
          - suffixed key columns - {id1_1_0_}
          - JOIN (JoinDefinedByMetadata(roles)) : <gen:0> -> <gen:1>
             - CollectionQuerySpaceImpl(uid=<gen:1>, collection=com.juliecortez.entity.User.roles)
                - SQL table alias mapping - roles1_
                - alias suffix - 1_
                - suffixed key columns - {user_id3_0_1_}
                - entity-element alias suffix - 2_
                - 2_entity-element suffixed key columns - id1_0_2_
                - JOIN (JoinDefinedByMetadata(elements)) : <gen:1> -> <gen:2>
                   - EntityQuerySpaceImpl(uid=<gen:2>, entity=com.juliecortez.entity.Role)
                      - SQL table alias mapping - roles1_
                      - alias suffix - 2_
                      - suffixed key columns - {id1_0_2_}

[DEBUG] 2019-10-10 19-30-19.736 [http-nio-8080-exec-1] EntityLoader - Static select for entity com.juliecortez.entity.User [NONE]: select user0_.id as id1_1_0_, user0_.date_of_birth as date_of_2_1_0_, user0_.first_name as first_na3_1_0_, user0_.last_name as last_nam4_1_0_, user0_.user_name as user_nam5_1_0_, roles1_.user_id as user_id3_0_1_, roles1_.id as id1_0_1_, roles1_.id as id1_0_2_, roles1_.role as role2_0_2_, roles1_.user_id as user_id3_0_2_ from user user0_ left outer join role roles1_ on user0_.id=roles1_.user_id where user0_.id=?
[DEBUG] 2019-10-10 19-30-19.736 [http-nio-8080-exec-1] QuerySpacesImpl - Adding QuerySpace : uid = <gen:0> -> org.hibernate.loader.plan.build.internal.spaces.EntityQuerySpaceImpl@f0abc4b]
[DEBUG] 2019-10-10 19-30-19.736 [http-nio-8080-exec-1] MetamodelGraphWalker - Visiting attribute path : dateOfBirth
[DEBUG] 2019-10-10 19-30-19.736 [http-nio-8080-exec-1] MetamodelGraphWalker - Visiting attribute path : firstName
[DEBUG] 2019-10-10 19-30-19.736 [http-nio-8080-exec-1] MetamodelGraphWalker - Visiting attribute path : lastName
[DEBUG] 2019-10-10 19-30-19.736 [http-nio-8080-exec-1] MetamodelGraphWalker - Visiting attribute path : roles
[DEBUG] 2019-10-10 19-30-19.736 [http-nio-8080-exec-1] QuerySpacesImpl - Adding QuerySpace : uid = <gen:1> -> org.hibernate.loader.plan.build.internal.spaces.CollectionQuerySpaceImpl@325d86ac]
[DEBUG] 2019-10-10 19-30-19.736 [http-nio-8080-exec-1] QuerySpacesImpl - Adding QuerySpace : uid = <gen:2> -> org.hibernate.loader.plan.build.internal.spaces.EntityQuerySpaceImpl@476c4758]
[DEBUG] 2019-10-10 19-30-19.736 [http-nio-8080-exec-1] MetamodelGraphWalker - Visiting attribute path : roles.role
[DEBUG] 2019-10-10 19-30-19.737 [http-nio-8080-exec-1] MetamodelGraphWalker - Visiting attribute path : roles.user
[DEBUG] 2019-10-10 19-30-19.737 [http-nio-8080-exec-1] MetamodelGraphWalker - Property path deemed to be circular : roles.user
[DEBUG] 2019-10-10 19-30-19.737 [http-nio-8080-exec-1] MetamodelGraphWalker - Visiting attribute path : userName
[DEBUG] 2019-10-10 19-30-19.737 [http-nio-8080-exec-1] FetchStyleLoadPlanBuildingAssociationVisitationStrategy - Building LoadPlan...
[DEBUG] 2019-10-10 19-30-19.737 [http-nio-8080-exec-1] LoadQueryJoinAndFetchProcessor - processing queryspace <gen:0>
[DEBUG] 2019-10-10 19-30-19.737 [http-nio-8080-exec-1] LoadPlanTreePrinter - LoadPlan(entity=com.juliecortez.entity.User)
    - Returns
       - EntityReturnImpl(entity=com.juliecortez.entity.User, querySpaceUid=<gen:0>, path=com.juliecortez.entity.User)
          - CollectionAttributeFetchImpl(collection=com.juliecortez.entity.User.roles, querySpaceUid=<gen:1>, path=com.juliecortez.entity.User.roles)
             - (collection element) CollectionFetchableElementEntityGraph(entity=com.juliecortez.entity.Role, querySpaceUid=<gen:2>, path=com.juliecortez.entity.User.roles.<elements>)
    - QuerySpaces
       - EntityQuerySpaceImpl(uid=<gen:0>, entity=com.juliecortez.entity.User)
          - SQL table alias mapping - user0_
          - alias suffix - 0_
          - suffixed key columns - {id1_1_0_}
          - JOIN (JoinDefinedByMetadata(roles)) : <gen:0> -> <gen:1>
             - CollectionQuerySpaceImpl(uid=<gen:1>, collection=com.juliecortez.entity.User.roles)
                - SQL table alias mapping - roles1_
                - alias suffix - 1_
                - suffixed key columns - {user_id3_0_1_}
                - entity-element alias suffix - 2_
                - 2_entity-element suffixed key columns - id1_0_2_
                - JOIN (JoinDefinedByMetadata(elements)) : <gen:1> -> <gen:2>
                   - EntityQuerySpaceImpl(uid=<gen:2>, entity=com.juliecortez.entity.Role)
                      - SQL table alias mapping - roles1_
                      - alias suffix - 2_
                      - suffixed key columns - {id1_0_2_}

[DEBUG] 2019-10-10 19-30-19.737 [http-nio-8080-exec-1] EntityLoader - Static select for entity com.juliecortez.entity.User [READ]: select user0_.id as id1_1_0_, user0_.date_of_birth as date_of_2_1_0_, user0_.first_name as first_na3_1_0_, user0_.last_name as last_nam4_1_0_, user0_.user_name as user_nam5_1_0_, roles1_.user_id as user_id3_0_1_, roles1_.id as id1_0_1_, roles1_.id as id1_0_2_, roles1_.role as role2_0_2_, roles1_.user_id as user_id3_0_2_ from user user0_ left outer join role roles1_ on user0_.id=roles1_.user_id where user0_.id=?
[DEBUG] 2019-10-10 19-30-19.764 [http-nio-8080-exec-1] Loader - Static select for action ACTION_MERGE on entity com.juliecortez.entity.User: select user0_.id as id1_1_1_, user0_.date_of_birth as date_of_2_1_1_, user0_.first_name as first_na3_1_1_, user0_.last_name as last_nam4_1_1_, user0_.user_name as user_nam5_1_1_, roles1_.user_id as user_id3_0_3_, roles1_.id as id1_0_3_, roles1_.id as id1_0_0_, roles1_.role as role2_0_0_, roles1_.user_id as user_id3_0_0_ from user user0_ left outer join role roles1_ on user0_.id=roles1_.user_id where user0_.id=?
[DEBUG] 2019-10-10 19-30-19.764 [http-nio-8080-exec-1] Loader - Static select for action ACTION_REFRESH on entity com.juliecortez.entity.User: select user0_.id as id1_1_1_, user0_.date_of_birth as date_of_2_1_1_, user0_.first_name as first_na3_1_1_, user0_.last_name as last_nam4_1_1_, user0_.user_name as user_nam5_1_1_, roles1_.user_id as user_id3_0_3_, roles1_.id as id1_0_3_, roles1_.id as id1_0_0_, roles1_.role as role2_0_0_, roles1_.user_id as user_id3_0_0_ from user user0_ left outer join role roles1_ on user0_.id=roles1_.user_id where user0_.id=?
[DEBUG] 2019-10-10 19-30-19.764 [http-nio-8080-exec-1] AbstractEntityPersister - Static SQL for entity: com.juliecortez.entity.Role
[DEBUG] 2019-10-10 19-30-19.764 [http-nio-8080-exec-1] AbstractEntityPersister -  Version select: select id from role where id =?
[DEBUG] 2019-10-10 19-30-19.764 [http-nio-8080-exec-1] AbstractEntityPersister -  Snapshot select: select role_.id, role_.role as role2_0_, role_.user_id as user_id3_0_ from role role_ where role_.id=?
[DEBUG] 2019-10-10 19-30-19.764 [http-nio-8080-exec-1] AbstractEntityPersister -  Insert 0: insert into role (role, user_id, id) values (?, ?, ?)
[DEBUG] 2019-10-10 19-30-19.764 [http-nio-8080-exec-1] AbstractEntityPersister -  Update 0: update role set role=?, user_id=? where id=?
[DEBUG] 2019-10-10 19-30-19.764 [http-nio-8080-exec-1] AbstractEntityPersister -  Delete 0: delete from role where id=?
[DEBUG] 2019-10-10 19-30-19.764 [http-nio-8080-exec-1] AbstractEntityPersister -  Identity insert: insert into role (role, user_id) values (?, ?)
[DEBUG] 2019-10-10 19-30-19.765 [http-nio-8080-exec-1] QuerySpacesImpl - Adding QuerySpace : uid = <gen:0> -> org.hibernate.loader.plan.build.internal.spaces.EntityQuerySpaceImpl@1c46372]
[DEBUG] 2019-10-10 19-30-19.765 [http-nio-8080-exec-1] MetamodelGraphWalker - Visiting attribute path : role
[DEBUG] 2019-10-10 19-30-19.765 [http-nio-8080-exec-1] MetamodelGraphWalker - Visiting attribute path : user
[DEBUG] 2019-10-10 19-30-19.765 [http-nio-8080-exec-1] QuerySpacesImpl - Adding QuerySpace : uid = <gen:1> -> org.hibernate.loader.plan.build.internal.spaces.EntityQuerySpaceImpl@6752184f]
[DEBUG] 2019-10-10 19-30-19.766 [http-nio-8080-exec-1] MetamodelGraphWalker - Visiting attribute path : user.dateOfBirth
[DEBUG] 2019-10-10 19-30-19.766 [http-nio-8080-exec-1] MetamodelGraphWalker - Visiting attribute path : user.firstName
[DEBUG] 2019-10-10 19-30-19.766 [http-nio-8080-exec-1] MetamodelGraphWalker - Visiting attribute path : user.lastName
[DEBUG] 2019-10-10 19-30-19.766 [http-nio-8080-exec-1] MetamodelGraphWalker - Visiting attribute path : user.roles
[DEBUG] 2019-10-10 19-30-19.766 [http-nio-8080-exec-1] MetamodelGraphWalker - Property path deemed to be circular : user.roles
[DEBUG] 2019-10-10 19-30-19.766 [http-nio-8080-exec-1] MetamodelGraphWalker - Visiting attribute path : user.userName
[DEBUG] 2019-10-10 19-30-19.766 [http-nio-8080-exec-1] FetchStyleLoadPlanBuildingAssociationVisitationStrategy - Building LoadPlan...
[DEBUG] 2019-10-10 19-30-19.766 [http-nio-8080-exec-1] LoadQueryJoinAndFetchProcessor - processing queryspace <gen:0>
[DEBUG] 2019-10-10 19-30-19.767 [http-nio-8080-exec-1] LoadPlanTreePrinter - LoadPlan(entity=com.juliecortez.entity.Role)
    - Returns
       - EntityReturnImpl(entity=com.juliecortez.entity.Role, querySpaceUid=<gen:0>, path=com.juliecortez.entity.Role)
          - EntityAttributeFetchImpl(entity=com.juliecortez.entity.User, querySpaceUid=<gen:1>, path=com.juliecortez.entity.Role.user)
    - QuerySpaces
       - EntityQuerySpaceImpl(uid=<gen:0>, entity=com.juliecortez.entity.Role)
          - SQL table alias mapping - role0_
          - alias suffix - 0_
          - suffixed key columns - {id1_0_0_}
          - JOIN (JoinDefinedByMetadata(user)) : <gen:0> -> <gen:1>
             - EntityQuerySpaceImpl(uid=<gen:1>, entity=com.juliecortez.entity.User)
                - SQL table alias mapping - user1_
                - alias suffix - 1_
                - suffixed key columns - {id1_1_1_}

[DEBUG] 2019-10-10 19-30-19.767 [http-nio-8080-exec-1] EntityLoader - Static select for entity com.juliecortez.entity.Role [NONE]: select role0_.id as id1_0_0_, role0_.role as role2_0_0_, role0_.user_id as user_id3_0_0_, user1_.id as id1_1_1_, user1_.date_of_birth as date_of_2_1_1_, user1_.first_name as first_na3_1_1_, user1_.last_name as last_nam4_1_1_, user1_.user_name as user_nam5_1_1_ from role role0_ left outer join user user1_ on role0_.user_id=user1_.id where role0_.id=?
[DEBUG] 2019-10-10 19-30-19.767 [http-nio-8080-exec-1] QuerySpacesImpl - Adding QuerySpace : uid = <gen:0> -> org.hibernate.loader.plan.build.internal.spaces.EntityQuerySpaceImpl@29b96304]
[DEBUG] 2019-10-10 19-30-19.767 [http-nio-8080-exec-1] MetamodelGraphWalker - Visiting attribute path : role
[DEBUG] 2019-10-10 19-30-19.767 [http-nio-8080-exec-1] MetamodelGraphWalker - Visiting attribute path : user
[DEBUG] 2019-10-10 19-30-19.767 [http-nio-8080-exec-1] QuerySpacesImpl - Adding QuerySpace : uid = <gen:1> -> org.hibernate.loader.plan.build.internal.spaces.EntityQuerySpaceImpl@6182d9a3]
[DEBUG] 2019-10-10 19-30-19.767 [http-nio-8080-exec-1] MetamodelGraphWalker - Visiting attribute path : user.dateOfBirth
[DEBUG] 2019-10-10 19-30-19.767 [http-nio-8080-exec-1] MetamodelGraphWalker - Visiting attribute path : user.firstName
[DEBUG] 2019-10-10 19-30-19.767 [http-nio-8080-exec-1] MetamodelGraphWalker - Visiting attribute path : user.lastName
[DEBUG] 2019-10-10 19-30-19.767 [http-nio-8080-exec-1] MetamodelGraphWalker - Visiting attribute path : user.roles
[DEBUG] 2019-10-10 19-30-19.767 [http-nio-8080-exec-1] MetamodelGraphWalker - Property path deemed to be circular : user.roles
[DEBUG] 2019-10-10 19-30-19.767 [http-nio-8080-exec-1] MetamodelGraphWalker - Visiting attribute path : user.userName
[DEBUG] 2019-10-10 19-30-19.767 [http-nio-8080-exec-1] FetchStyleLoadPlanBuildingAssociationVisitationStrategy - Building LoadPlan...
[DEBUG] 2019-10-10 19-30-19.767 [http-nio-8080-exec-1] LoadQueryJoinAndFetchProcessor - processing queryspace <gen:0>
[DEBUG] 2019-10-10 19-30-19.768 [http-nio-8080-exec-1] LoadPlanTreePrinter - LoadPlan(entity=com.juliecortez.entity.Role)
    - Returns
       - EntityReturnImpl(entity=com.juliecortez.entity.Role, querySpaceUid=<gen:0>, path=com.juliecortez.entity.Role)
          - EntityAttributeFetchImpl(entity=com.juliecortez.entity.User, querySpaceUid=<gen:1>, path=com.juliecortez.entity.Role.user)
    - QuerySpaces
       - EntityQuerySpaceImpl(uid=<gen:0>, entity=com.juliecortez.entity.Role)
          - SQL table alias mapping - role0_
          - alias suffix - 0_
          - suffixed key columns - {id1_0_0_}
          - JOIN (JoinDefinedByMetadata(user)) : <gen:0> -> <gen:1>
             - EntityQuerySpaceImpl(uid=<gen:1>, entity=com.juliecortez.entity.User)
                - SQL table alias mapping - user1_
                - alias suffix - 1_
                - suffixed key columns - {id1_1_1_}

[DEBUG] 2019-10-10 19-30-19.768 [http-nio-8080-exec-1] EntityLoader - Static select for entity com.juliecortez.entity.Role [READ]: select role0_.id as id1_0_0_, role0_.role as role2_0_0_, role0_.user_id as user_id3_0_0_, user1_.id as id1_1_1_, user1_.date_of_birth as date_of_2_1_1_, user1_.first_name as first_na3_1_1_, user1_.last_name as last_nam4_1_1_, user1_.user_name as user_nam5_1_1_ from role role0_ left outer join user user1_ on role0_.user_id=user1_.id where role0_.id=?
[DEBUG] 2019-10-10 19-30-19.768 [http-nio-8080-exec-1] Loader - Static select for action ACTION_MERGE on entity com.juliecortez.entity.Role: select role0_.id as id1_0_0_, role0_.role as role2_0_0_, role0_.user_id as user_id3_0_0_ from role role0_ where role0_.id=?
[DEBUG] 2019-10-10 19-30-19.768 [http-nio-8080-exec-1] Loader - Static select for action ACTION_REFRESH on entity com.juliecortez.entity.Role: select role0_.id as id1_0_0_, role0_.role as role2_0_0_, role0_.user_id as user_id3_0_0_ from role role0_ where role0_.id=?
[DEBUG] 2019-10-10 19-30-19.777 [http-nio-8080-exec-1] QuerySpacesImpl - Adding QuerySpace : uid = <gen:0> -> org.hibernate.loader.plan.build.internal.spaces.CollectionQuerySpaceImpl@78204c86]
[DEBUG] 2019-10-10 19-30-19.777 [http-nio-8080-exec-1] QuerySpacesImpl - Adding QuerySpace : uid = <gen:1> -> org.hibernate.loader.plan.build.internal.spaces.EntityQuerySpaceImpl@9298ff6]
[DEBUG] 2019-10-10 19-30-19.777 [http-nio-8080-exec-1] MetamodelGraphWalker - Visiting attribute path : role
[DEBUG] 2019-10-10 19-30-19.777 [http-nio-8080-exec-1] MetamodelGraphWalker - Visiting attribute path : user
[DEBUG] 2019-10-10 19-30-19.777 [http-nio-8080-exec-1] MetamodelGraphWalker - Property path deemed to be circular : user
[DEBUG] 2019-10-10 19-30-19.777 [http-nio-8080-exec-1] FetchStyleLoadPlanBuildingAssociationVisitationStrategy - Building LoadPlan...
[DEBUG] 2019-10-10 19-30-19.781 [http-nio-8080-exec-1] LoadQueryJoinAndFetchProcessor - processing queryspace <gen:0>
[DEBUG] 2019-10-10 19-30-19.782 [http-nio-8080-exec-1] LoadPlanTreePrinter - LoadPlan(collection=com.juliecortez.entity.User.roles)
    - Returns
       - CollectionReturnImpl(collection=com.juliecortez.entity.User.roles, querySpaceUid=<gen:0>, path=[com.juliecortez.entity.User.roles])
          - (collection element) CollectionFetchableElementEntityGraph(entity=com.juliecortez.entity.Role, querySpaceUid=<gen:1>, path=[com.juliecortez.entity.User.roles].<elements>)
    - QuerySpaces
       - CollectionQuerySpaceImpl(uid=<gen:0>, collection=com.juliecortez.entity.User.roles)
          - SQL table alias mapping - roles0_
          - alias suffix - 0_
          - suffixed key columns - {user_id3_0_0_}
          - entity-element alias suffix - 1_
          - 1_entity-element suffixed key columns - id1_0_1_
          - JOIN (JoinDefinedByMetadata(elements)) : <gen:0> -> <gen:1>
             - EntityQuerySpaceImpl(uid=<gen:1>, entity=com.juliecortez.entity.Role)
                - SQL table alias mapping - roles0_
                - alias suffix - 1_
                - suffixed key columns - {id1_0_1_}

[DEBUG] 2019-10-10 19-30-19.783 [http-nio-8080-exec-1] CollectionLoader - Static select for collection com.juliecortez.entity.User.roles: select roles0_.user_id as user_id3_0_0_, roles0_.id as id1_0_0_, roles0_.id as id1_0_1_, roles0_.role as role2_0_1_, roles0_.user_id as user_id3_0_1_ from role roles0_ where roles0_.user_id=?
[DEBUG] 2019-10-10 19-30-19.847 [http-nio-8080-exec-1] SchemaManagementToolCoordinator - No actions specified; doing nothing
[DEBUG] 2019-10-10 19-30-19.847 [http-nio-8080-exec-1] JtaPlatformInitiator - No JtaPlatform was specified, checking resolver
[DEBUG] 2019-10-10 19-30-19.848 [http-nio-8080-exec-1] JtaPlatformResolverInitiator - No JtaPlatformResolver was specified, using default [org.hibernate.engine.transaction.jta.platform.internal.StandardJtaPlatformResolver]
[DEBUG] 2019-10-10 19-30-19.862 [http-nio-8080-exec-1] StandardJtaPlatformResolver - Could not resolve JtaPlatform, using default [org.hibernate.engine.transaction.jta.platform.internal.NoJtaPlatform]
[INFO ] 2019-10-10 19-30-19.862 [http-nio-8080-exec-1] JtaPlatformInitiator - HHH000490: Using JtaPlatform implementation: [org.hibernate.engine.transaction.jta.platform.internal.NoJtaPlatform]
[DEBUG] 2019-10-10 19-30-19.863 [http-nio-8080-exec-1] NamedQueryRepository - Checking 0 named HQL queries
[DEBUG] 2019-10-10 19-30-19.863 [http-nio-8080-exec-1] NamedQueryRepository - Checking 0 named SQL queries
[DEBUG] 2019-10-10 19-30-19.865 [http-nio-8080-exec-1] SessionFactoryRegistry - Initializing SessionFactoryRegistry : org.hibernate.internal.SessionFactoryRegistry@2019f029
[DEBUG] 2019-10-10 19-30-19.867 [http-nio-8080-exec-1] SessionFactoryRegistry - Registering SessionFactory: 342c500d-3c7a-45ea-8c0a-8954000bc5c0 (<unnamed>)
[DEBUG] 2019-10-10 19-30-19.867 [http-nio-8080-exec-1] SessionFactoryRegistry - Not binding SessionFactory to JNDI, no JNDI name configured
[DEBUG] 2019-10-10 19-30-20.001 [http-nio-8080-exec-1] StatisticsInitiator - Statistics initialized [enabled=false]
[DEBUG] 2019-10-10 19-30-20.048 [http-nio-8080-exec-1] CriteriaQueryImpl - Rendered criteria query -> select generatedAlias0 from User as generatedAlias0
[DEBUG] 2019-10-10 19-30-20.074 [http-nio-8080-exec-1] QueryTranslatorFactoryInitiator - QueryTranslatorFactory: org.hibernate.hql.internal.ast.ASTQueryTranslatorFactory@40811086
[DEBUG] 2019-10-10 19-30-20.115 [http-nio-8080-exec-1] QueryTranslatorImpl - parse() - HQL: select generatedAlias0 from com.juliecortez.entity.User as generatedAlias0
[DEBUG] 2019-10-10 19-30-20.122 [http-nio-8080-exec-1] ErrorTracker - throwQueryException() : no errors
[DEBUG] 2019-10-10 19-30-20.130 [http-nio-8080-exec-1] QueryTranslatorImpl - --- HQL AST ---
 \-[QUERY] Node: 'query'
    \-[SELECT_FROM] Node: 'SELECT_FROM'
       +-[FROM] Node: 'from'
       |  \-[RANGE] Node: 'RANGE'
       |     +-[DOT] Node: '.'
       |     |  +-[DOT] Node: '.'
       |     |  |  +-[DOT] Node: '.'
       |     |  |  |  +-[IDENT] Node: 'com'
       |     |  |  |  \-[IDENT] Node: 'juliecortez'
       |     |  |  \-[IDENT] Node: 'entity'
       |     |  \-[IDENT] Node: 'User'
       |     \-[ALIAS] Node: 'generatedAlias0'
       \-[SELECT] Node: 'select'
          \-[IDENT] Node: 'generatedAlias0'

[DEBUG] 2019-10-10 19-30-20.163 [http-nio-8080-exec-1] HqlSqlBaseWalker - select << begin [level=1, statement=select]
[DEBUG] 2019-10-10 19-30-20.184 [http-nio-8080-exec-1] FromElement - FromClause{level=1} : com.juliecortez.entity.User (generatedAlias0) -> user0_
[DEBUG] 2019-10-10 19-30-20.185 [http-nio-8080-exec-1] FromReferenceNode - Resolved : generatedAlias0 -> user0_.id
[DEBUG] 2019-10-10 19-30-20.189 [http-nio-8080-exec-1] HqlSqlBaseWalker - select : finishing up [level=1, statement=select]
[DEBUG] 2019-10-10 19-30-20.189 [http-nio-8080-exec-1] HqlSqlWalker - processQuery() :  ( SELECT ( {select clause} user0_.id ) ( FromClause{level=1} user user0_ ) )
[DEBUG] 2019-10-10 19-30-20.202 [http-nio-8080-exec-1] JoinProcessor - Using FROM fragment [user user0_]
[DEBUG] 2019-10-10 19-30-20.203 [http-nio-8080-exec-1] HqlSqlBaseWalker - select >> end [level=1, statement=select]
[DEBUG] 2019-10-10 19-30-20.203 [http-nio-8080-exec-1] QueryTranslatorImpl - --- SQL AST ---
 \-[SELECT] QueryNode: 'SELECT'  querySpaces (user)
    +-[SELECT_CLAUSE] SelectClause: '{select clause}'
    |  +-[ALIAS_REF] IdentNode: 'user0_.id as id1_1_' {alias=generatedAlias0, className=com.juliecortez.entity.User, tableAlias=user0_}
    |  \-[SQL_TOKEN] SqlFragment: 'user0_.date_of_birth as date_of_2_1_, user0_.first_name as first_na3_1_, user0_.last_name as last_nam4_1_, user0_.user_name as user_nam5_1_'
    \-[FROM] FromClause: 'from' FromClause{level=1, fromElementCounter=1, fromElements=1, fromElementByClassAlias=[generatedAlias0], fromElementByTableAlias=[user0_], fromElementsByPath=[], collectionJoinFromElementsByPath=[], impliedElements=[]}
       \-[FROM_FRAGMENT] FromElement: 'user user0_' FromElement{explicit,not a collection join,not a fetch join,fetch non-lazy properties,classAlias=generatedAlias0,role=null,tableName=user,tableAlias=user0_,origin=null,columns={,className=com.juliecortez.entity.User}}

[DEBUG] 2019-10-10 19-30-20.203 [http-nio-8080-exec-1] ErrorTracker - throwQueryException() : no errors
[DEBUG] 2019-10-10 19-30-20.210 [http-nio-8080-exec-1] QueryTranslatorImpl - HQL: select generatedAlias0 from com.juliecortez.entity.User as generatedAlias0
[DEBUG] 2019-10-10 19-30-20.210 [http-nio-8080-exec-1] QueryTranslatorImpl - SQL: select user0_.id as id1_1_, user0_.date_of_birth as date_of_2_1_, user0_.first_name as first_na3_1_, user0_.last_name as last_nam4_1_, user0_.user_name as user_nam5_1_ from user user0_
[DEBUG] 2019-10-10 19-30-20.210 [http-nio-8080-exec-1] ErrorTracker - throwQueryException() : no errors
[DEBUG] 2019-10-10 19-30-20.232 [http-nio-8080-exec-1] SQL - select user0_.id as id1_1_, user0_.date_of_birth as date_of_2_1_, user0_.first_name as first_na3_1_, user0_.last_name as last_nam4_1_, user0_.user_name as user_nam5_1_ from user user0_
[DEBUG] 2019-10-10 19-30-20.261 [http-nio-8080-exec-1] Loader - Result set row: 0
[DEBUG] 2019-10-10 19-30-20.266 [http-nio-8080-exec-1] Loader - Result row: EntityKey[com.juliecortez.entity.User#1]
[DEBUG] 2019-10-10 19-30-20.278 [http-nio-8080-exec-1] Loader - Result set row: 1
[DEBUG] 2019-10-10 19-30-20.278 [http-nio-8080-exec-1] Loader - Result row: EntityKey[com.juliecortez.entity.User#2]
[DEBUG] 2019-10-10 19-30-20.278 [http-nio-8080-exec-1] Loader - Result set row: 2
[DEBUG] 2019-10-10 19-30-20.279 [http-nio-8080-exec-1] Loader - Result row: EntityKey[com.juliecortez.entity.User#278]
[DEBUG] 2019-10-10 19-30-20.283 [http-nio-8080-exec-1] TwoPhaseLoad - Resolving attributes for [com.juliecortez.entity.User#1]
[DEBUG] 2019-10-10 19-30-20.285 [http-nio-8080-exec-1] TwoPhaseLoad - Processing attribute `dateOfBirth` : value = 1988-05-08
[DEBUG] 2019-10-10 19-30-20.285 [http-nio-8080-exec-1] TwoPhaseLoad - Attribute (`dateOfBirth`)  - enhanced for lazy-loading? - false
[DEBUG] 2019-10-10 19-30-20.285 [http-nio-8080-exec-1] TwoPhaseLoad - Processing attribute `firstName` : value = System
[DEBUG] 2019-10-10 19-30-20.285 [http-nio-8080-exec-1] TwoPhaseLoad - Attribute (`firstName`)  - enhanced for lazy-loading? - false
[DEBUG] 2019-10-10 19-30-20.285 [http-nio-8080-exec-1] TwoPhaseLoad - Processing attribute `lastName` : value = Administrator
[DEBUG] 2019-10-10 19-30-20.285 [http-nio-8080-exec-1] TwoPhaseLoad - Attribute (`lastName`)  - enhanced for lazy-loading? - false
[DEBUG] 2019-10-10 19-30-20.285 [http-nio-8080-exec-1] TwoPhaseLoad - Processing attribute `roles` : value = NOT NULL COLLECTION
[DEBUG] 2019-10-10 19-30-20.285 [http-nio-8080-exec-1] TwoPhaseLoad - Attribute (`roles`)  - enhanced for lazy-loading? - false
[DEBUG] 2019-10-10 19-30-20.296 [http-nio-8080-exec-1] TwoPhaseLoad - Processing attribute `userName` : value = Admin
[DEBUG] 2019-10-10 19-30-20.296 [http-nio-8080-exec-1] TwoPhaseLoad - Attribute (`userName`)  - enhanced for lazy-loading? - false
[DEBUG] 2019-10-10 19-30-20.297 [http-nio-8080-exec-1] TwoPhaseLoad - Done materializing entity [com.juliecortez.entity.User#1]
[DEBUG] 2019-10-10 19-30-20.297 [http-nio-8080-exec-1] TwoPhaseLoad - Resolving attributes for [com.juliecortez.entity.User#2]
[DEBUG] 2019-10-10 19-30-20.298 [http-nio-8080-exec-1] TwoPhaseLoad - Processing attribute `dateOfBirth` : value = 1992-10-02
[DEBUG] 2019-10-10 19-30-20.298 [http-nio-8080-exec-1] TwoPhaseLoad - Attribute (`dateOfBirth`)  - enhanced for lazy-loading? - false
[DEBUG] 2019-10-10 19-30-20.298 [http-nio-8080-exec-1] TwoPhaseLoad - Processing attribute `firstName` : value = Tammy
[DEBUG] 2019-10-10 19-30-20.298 [http-nio-8080-exec-1] TwoPhaseLoad - Attribute (`firstName`)  - enhanced for lazy-loading? - false
[DEBUG] 2019-10-10 19-30-20.298 [http-nio-8080-exec-1] TwoPhaseLoad - Processing attribute `lastName` : value = Johnson
[DEBUG] 2019-10-10 19-30-20.298 [http-nio-8080-exec-1] TwoPhaseLoad - Attribute (`lastName`)  - enhanced for lazy-loading? - false
[DEBUG] 2019-10-10 19-30-20.298 [http-nio-8080-exec-1] TwoPhaseLoad - Processing attribute `roles` : value = NOT NULL COLLECTION
[DEBUG] 2019-10-10 19-30-20.298 [http-nio-8080-exec-1] TwoPhaseLoad - Attribute (`roles`)  - enhanced for lazy-loading? - false
[DEBUG] 2019-10-10 19-30-20.298 [http-nio-8080-exec-1] TwoPhaseLoad - Processing attribute `userName` : value = TJohnson
[DEBUG] 2019-10-10 19-30-20.298 [http-nio-8080-exec-1] TwoPhaseLoad - Attribute (`userName`)  - enhanced for lazy-loading? - false
[DEBUG] 2019-10-10 19-30-20.298 [http-nio-8080-exec-1] TwoPhaseLoad - Done materializing entity [com.juliecortez.entity.User#2]
[DEBUG] 2019-10-10 19-30-20.298 [http-nio-8080-exec-1] TwoPhaseLoad - Resolving attributes for [com.juliecortez.entity.User#278]
[DEBUG] 2019-10-10 19-30-20.298 [http-nio-8080-exec-1] TwoPhaseLoad - Processing attribute `dateOfBirth` : value = 1168-01-01
[DEBUG] 2019-10-10 19-30-20.298 [http-nio-8080-exec-1] TwoPhaseLoad - Attribute (`dateOfBirth`)  - enhanced for lazy-loading? - false
[DEBUG] 2019-10-10 19-30-20.298 [http-nio-8080-exec-1] TwoPhaseLoad - Processing attribute `firstName` : value = Fred
[DEBUG] 2019-10-10 19-30-20.298 [http-nio-8080-exec-1] TwoPhaseLoad - Attribute (`firstName`)  - enhanced for lazy-loading? - false
[DEBUG] 2019-10-10 19-30-20.298 [http-nio-8080-exec-1] TwoPhaseLoad - Processing attribute `lastName` : value = Flintstone
[DEBUG] 2019-10-10 19-30-20.298 [http-nio-8080-exec-1] TwoPhaseLoad - Attribute (`lastName`)  - enhanced for lazy-loading? - false
[DEBUG] 2019-10-10 19-30-20.298 [http-nio-8080-exec-1] TwoPhaseLoad - Processing attribute `roles` : value = NOT NULL COLLECTION
[DEBUG] 2019-10-10 19-30-20.298 [http-nio-8080-exec-1] TwoPhaseLoad - Attribute (`roles`)  - enhanced for lazy-loading? - false
[DEBUG] 2019-10-10 19-30-20.298 [http-nio-8080-exec-1] TwoPhaseLoad - Processing attribute `userName` : value = fflintstone
[DEBUG] 2019-10-10 19-30-20.298 [http-nio-8080-exec-1] TwoPhaseLoad - Attribute (`userName`)  - enhanced for lazy-loading? - false
[DEBUG] 2019-10-10 19-30-20.298 [http-nio-8080-exec-1] TwoPhaseLoad - Done materializing entity [com.juliecortez.entity.User#278]
[DEBUG] 2019-10-10 19-30-20.302 [http-nio-8080-exec-1] AbstractLoadPlanBasedCollectionInitializer - Loading collection: [com.juliecortez.entity.User.roles#278]
[DEBUG] 2019-10-10 19-30-20.302 [http-nio-8080-exec-1] SQL - select roles0_.user_id as user_id3_0_0_, roles0_.id as id1_0_0_, roles0_.id as id1_0_1_, roles0_.role as role2_0_1_, roles0_.user_id as user_id3_0_1_ from role roles0_ where roles0_.user_id=?
[DEBUG] 2019-10-10 19-30-20.306 [http-nio-8080-exec-1] ResultSetProcessorImpl - Preparing collection initializer : [com.juliecortez.entity.User.roles#278]
[DEBUG] 2019-10-10 19-30-20.311 [http-nio-8080-exec-1] ResultSetProcessorImpl - Starting ResultSet row #0
[DEBUG] 2019-10-10 19-30-20.313 [http-nio-8080-exec-1] CollectionReferenceInitializerImpl - Found row of collection: [com.juliecortez.entity.User.roles#278]
[DEBUG] 2019-10-10 19-30-20.319 [http-nio-8080-exec-1] TwoPhaseLoad - Resolving attributes for [com.juliecortez.entity.Role#153]
[DEBUG] 2019-10-10 19-30-20.319 [http-nio-8080-exec-1] TwoPhaseLoad - Processing attribute `role` : value = Front Of House
[DEBUG] 2019-10-10 19-30-20.319 [http-nio-8080-exec-1] TwoPhaseLoad - Attribute (`role`)  - enhanced for lazy-loading? - false
[DEBUG] 2019-10-10 19-30-20.319 [http-nio-8080-exec-1] TwoPhaseLoad - Processing attribute `user` : value = 278
[DEBUG] 2019-10-10 19-30-20.320 [http-nio-8080-exec-1] TwoPhaseLoad - Attribute (`user`)  - enhanced for lazy-loading? - false
[DEBUG] 2019-10-10 19-30-20.320 [http-nio-8080-exec-1] TwoPhaseLoad - Done materializing entity [com.juliecortez.entity.Role#153]
[DEBUG] 2019-10-10 19-30-20.320 [http-nio-8080-exec-1] CollectionLoadContext - 1 collections were found in result set for role: com.juliecortez.entity.User.roles
[DEBUG] 2019-10-10 19-30-20.320 [http-nio-8080-exec-1] CollectionLoadContext - Collection fully initialized: [com.juliecortez.entity.User.roles#278]
[DEBUG] 2019-10-10 19-30-20.320 [http-nio-8080-exec-1] CollectionLoadContext - 1 collections initialized for role: com.juliecortez.entity.User.roles
[DEBUG] 2019-10-10 19-30-20.320 [http-nio-8080-exec-1] ResourceRegistryStandardImpl - HHH000387: ResultSet's statement was not registered
[DEBUG] 2019-10-10 19-30-20.321 [http-nio-8080-exec-1] AbstractLoadPlanBasedCollectionInitializer - Done loading collection
[DEBUG] 2019-10-10 19-30-20.321 [http-nio-8080-exec-1] AbstractLoadPlanBasedCollectionInitializer - Loading collection: [com.juliecortez.entity.User.roles#2]
[DEBUG] 2019-10-10 19-30-20.321 [http-nio-8080-exec-1] SQL - select roles0_.user_id as user_id3_0_0_, roles0_.id as id1_0_0_, roles0_.id as id1_0_1_, roles0_.role as role2_0_1_, roles0_.user_id as user_id3_0_1_ from role roles0_ where roles0_.user_id=?
[DEBUG] 2019-10-10 19-30-20.322 [http-nio-8080-exec-1] ResultSetProcessorImpl - Preparing collection initializer : [com.juliecortez.entity.User.roles#2]
[DEBUG] 2019-10-10 19-30-20.322 [http-nio-8080-exec-1] ResultSetProcessorImpl - Starting ResultSet row #0
[DEBUG] 2019-10-10 19-30-20.322 [http-nio-8080-exec-1] CollectionReferenceInitializerImpl - Found row of collection: [com.juliecortez.entity.User.roles#2]
[DEBUG] 2019-10-10 19-30-20.323 [http-nio-8080-exec-1] ResultSetProcessorImpl - Starting ResultSet row #1
[DEBUG] 2019-10-10 19-30-20.323 [http-nio-8080-exec-1] CollectionReferenceInitializerImpl - Found row of collection: [com.juliecortez.entity.User.roles#2]
[DEBUG] 2019-10-10 19-30-20.323 [http-nio-8080-exec-1] TwoPhaseLoad - Resolving attributes for [com.juliecortez.entity.Role#2]
[DEBUG] 2019-10-10 19-30-20.323 [http-nio-8080-exec-1] TwoPhaseLoad - Processing attribute `role` : value = Manager
[DEBUG] 2019-10-10 19-30-20.323 [http-nio-8080-exec-1] TwoPhaseLoad - Attribute (`role`)  - enhanced for lazy-loading? - false
[DEBUG] 2019-10-10 19-30-20.323 [http-nio-8080-exec-1] TwoPhaseLoad - Processing attribute `user` : value = 2
[DEBUG] 2019-10-10 19-30-20.323 [http-nio-8080-exec-1] TwoPhaseLoad - Attribute (`user`)  - enhanced for lazy-loading? - false
[DEBUG] 2019-10-10 19-30-20.323 [http-nio-8080-exec-1] TwoPhaseLoad - Done materializing entity [com.juliecortez.entity.Role#2]
[DEBUG] 2019-10-10 19-30-20.323 [http-nio-8080-exec-1] TwoPhaseLoad - Resolving attributes for [com.juliecortez.entity.Role#3]
[DEBUG] 2019-10-10 19-30-20.323 [http-nio-8080-exec-1] TwoPhaseLoad - Processing attribute `role` : value = Administrator
[DEBUG] 2019-10-10 19-30-20.323 [http-nio-8080-exec-1] TwoPhaseLoad - Attribute (`role`)  - enhanced for lazy-loading? - false
[DEBUG] 2019-10-10 19-30-20.323 [http-nio-8080-exec-1] TwoPhaseLoad - Processing attribute `user` : value = 2
[DEBUG] 2019-10-10 19-30-20.323 [http-nio-8080-exec-1] TwoPhaseLoad - Attribute (`user`)  - enhanced for lazy-loading? - false
[DEBUG] 2019-10-10 19-30-20.323 [http-nio-8080-exec-1] TwoPhaseLoad - Done materializing entity [com.juliecortez.entity.Role#3]
[DEBUG] 2019-10-10 19-30-20.323 [http-nio-8080-exec-1] CollectionLoadContext - 1 collections were found in result set for role: com.juliecortez.entity.User.roles
[DEBUG] 2019-10-10 19-30-20.323 [http-nio-8080-exec-1] CollectionLoadContext - Collection fully initialized: [com.juliecortez.entity.User.roles#2]
[DEBUG] 2019-10-10 19-30-20.323 [http-nio-8080-exec-1] CollectionLoadContext - 1 collections initialized for role: com.juliecortez.entity.User.roles
[DEBUG] 2019-10-10 19-30-20.323 [http-nio-8080-exec-1] ResourceRegistryStandardImpl - HHH000387: ResultSet's statement was not registered
[DEBUG] 2019-10-10 19-30-20.323 [http-nio-8080-exec-1] AbstractLoadPlanBasedCollectionInitializer - Done loading collection
[DEBUG] 2019-10-10 19-30-20.324 [http-nio-8080-exec-1] AbstractLoadPlanBasedCollectionInitializer - Loading collection: [com.juliecortez.entity.User.roles#1]
[DEBUG] 2019-10-10 19-30-20.324 [http-nio-8080-exec-1] SQL - select roles0_.user_id as user_id3_0_0_, roles0_.id as id1_0_0_, roles0_.id as id1_0_1_, roles0_.role as role2_0_1_, roles0_.user_id as user_id3_0_1_ from role roles0_ where roles0_.user_id=?
[DEBUG] 2019-10-10 19-30-20.324 [http-nio-8080-exec-1] ResultSetProcessorImpl - Preparing collection initializer : [com.juliecortez.entity.User.roles#1]
[DEBUG] 2019-10-10 19-30-20.325 [http-nio-8080-exec-1] ResultSetProcessorImpl - Starting ResultSet row #0
[DEBUG] 2019-10-10 19-30-20.325 [http-nio-8080-exec-1] CollectionReferenceInitializerImpl - Found row of collection: [com.juliecortez.entity.User.roles#1]
[DEBUG] 2019-10-10 19-30-20.325 [http-nio-8080-exec-1] TwoPhaseLoad - Resolving attributes for [com.juliecortez.entity.Role#1]
[DEBUG] 2019-10-10 19-30-20.325 [http-nio-8080-exec-1] TwoPhaseLoad - Processing attribute `role` : value = Administrator
[DEBUG] 2019-10-10 19-30-20.325 [http-nio-8080-exec-1] TwoPhaseLoad - Attribute (`role`)  - enhanced for lazy-loading? - false
[DEBUG] 2019-10-10 19-30-20.325 [http-nio-8080-exec-1] TwoPhaseLoad - Processing attribute `user` : value = 1
[DEBUG] 2019-10-10 19-30-20.325 [http-nio-8080-exec-1] TwoPhaseLoad - Attribute (`user`)  - enhanced for lazy-loading? - false
[DEBUG] 2019-10-10 19-30-20.325 [http-nio-8080-exec-1] TwoPhaseLoad - Done materializing entity [com.juliecortez.entity.Role#1]
[DEBUG] 2019-10-10 19-30-20.325 [http-nio-8080-exec-1] CollectionLoadContext - 1 collections were found in result set for role: com.juliecortez.entity.User.roles
[DEBUG] 2019-10-10 19-30-20.325 [http-nio-8080-exec-1] CollectionLoadContext - Collection fully initialized: [com.juliecortez.entity.User.roles#1]
[DEBUG] 2019-10-10 19-30-20.325 [http-nio-8080-exec-1] CollectionLoadContext - 1 collections initialized for role: com.juliecortez.entity.User.roles
[DEBUG] 2019-10-10 19-30-20.325 [http-nio-8080-exec-1] ResourceRegistryStandardImpl - HHH000387: ResultSet's statement was not registered
[DEBUG] 2019-10-10 19-30-20.325 [http-nio-8080-exec-1] AbstractLoadPlanBasedCollectionInitializer - Done loading collection
[DEBUG] 2019-10-10 19-30-20.327 [http-nio-8080-exec-1] LogicalConnectionManagedImpl - Initiating JDBC connection release from afterTransaction
[DEBUG] 2019-10-10 19-30-23.483 [http-nio-8080-exec-4] SQL - select user0_.id as id1_1_0_, user0_.date_of_birth as date_of_2_1_0_, user0_.first_name as first_na3_1_0_, user0_.last_name as last_nam4_1_0_, user0_.user_name as user_nam5_1_0_, roles1_.user_id as user_id3_0_1_, roles1_.id as id1_0_1_, roles1_.id as id1_0_2_, roles1_.role as role2_0_2_, roles1_.user_id as user_id3_0_2_ from user user0_ left outer join role roles1_ on user0_.id=roles1_.user_id where user0_.id=?
[DEBUG] 2019-10-10 19-30-23.489 [http-nio-8080-exec-4] ResultSetProcessorImpl - Starting ResultSet row #0
[DEBUG] 2019-10-10 19-30-23.490 [http-nio-8080-exec-4] EntityReferenceInitializerImpl - On call to EntityIdentifierReaderImpl#resolve, EntityKey was already known; should only happen on root returns with an optional identifier specified
[DEBUG] 2019-10-10 19-30-23.490 [http-nio-8080-exec-4] CollectionReferenceInitializerImpl - Found row of collection: [com.juliecortez.entity.User.roles#2]
[DEBUG] 2019-10-10 19-30-23.491 [http-nio-8080-exec-4] ResultSetProcessorImpl - Starting ResultSet row #1
[DEBUG] 2019-10-10 19-30-23.491 [http-nio-8080-exec-4] EntityReferenceInitializerImpl - On call to EntityIdentifierReaderImpl#resolve, EntityKey was already known; should only happen on root returns with an optional identifier specified
[DEBUG] 2019-10-10 19-30-23.491 [http-nio-8080-exec-4] CollectionReferenceInitializerImpl - Found row of collection: [com.juliecortez.entity.User.roles#2]
[DEBUG] 2019-10-10 19-30-23.491 [http-nio-8080-exec-4] TwoPhaseLoad - Resolving attributes for [com.juliecortez.entity.User#2]
[DEBUG] 2019-10-10 19-30-23.491 [http-nio-8080-exec-4] TwoPhaseLoad - Processing attribute `dateOfBirth` : value = 1992-10-02
[DEBUG] 2019-10-10 19-30-23.491 [http-nio-8080-exec-4] TwoPhaseLoad - Attribute (`dateOfBirth`)  - enhanced for lazy-loading? - false
[DEBUG] 2019-10-10 19-30-23.491 [http-nio-8080-exec-4] TwoPhaseLoad - Processing attribute `firstName` : value = Tammy
[DEBUG] 2019-10-10 19-30-23.491 [http-nio-8080-exec-4] TwoPhaseLoad - Attribute (`firstName`)  - enhanced for lazy-loading? - false
[DEBUG] 2019-10-10 19-30-23.491 [http-nio-8080-exec-4] TwoPhaseLoad - Processing attribute `lastName` : value = Johnson
[DEBUG] 2019-10-10 19-30-23.492 [http-nio-8080-exec-4] TwoPhaseLoad - Attribute (`lastName`)  - enhanced for lazy-loading? - false
[DEBUG] 2019-10-10 19-30-23.492 [http-nio-8080-exec-4] TwoPhaseLoad - Processing attribute `roles` : value = NOT NULL COLLECTION
[DEBUG] 2019-10-10 19-30-23.492 [http-nio-8080-exec-4] TwoPhaseLoad - Attribute (`roles`)  - enhanced for lazy-loading? - false
[DEBUG] 2019-10-10 19-30-23.492 [http-nio-8080-exec-4] TwoPhaseLoad - Processing attribute `userName` : value = TJohnson
[DEBUG] 2019-10-10 19-30-23.492 [http-nio-8080-exec-4] TwoPhaseLoad - Attribute (`userName`)  - enhanced for lazy-loading? - false
[DEBUG] 2019-10-10 19-30-23.492 [http-nio-8080-exec-4] TwoPhaseLoad - Done materializing entity [com.juliecortez.entity.User#2]
[DEBUG] 2019-10-10 19-30-23.492 [http-nio-8080-exec-4] TwoPhaseLoad - Resolving attributes for [com.juliecortez.entity.Role#2]
[DEBUG] 2019-10-10 19-30-23.492 [http-nio-8080-exec-4] TwoPhaseLoad - Processing attribute `role` : value = Manager
[DEBUG] 2019-10-10 19-30-23.492 [http-nio-8080-exec-4] TwoPhaseLoad - Attribute (`role`)  - enhanced for lazy-loading? - false
[DEBUG] 2019-10-10 19-30-23.492 [http-nio-8080-exec-4] TwoPhaseLoad - Processing attribute `user` : value = 2
[DEBUG] 2019-10-10 19-30-23.492 [http-nio-8080-exec-4] TwoPhaseLoad - Attribute (`user`)  - enhanced for lazy-loading? - false
[DEBUG] 2019-10-10 19-30-23.492 [http-nio-8080-exec-4] TwoPhaseLoad - Done materializing entity [com.juliecortez.entity.Role#2]
[DEBUG] 2019-10-10 19-30-23.493 [http-nio-8080-exec-4] TwoPhaseLoad - Resolving attributes for [com.juliecortez.entity.Role#3]
[DEBUG] 2019-10-10 19-30-23.493 [http-nio-8080-exec-4] TwoPhaseLoad - Processing attribute `role` : value = Administrator
[DEBUG] 2019-10-10 19-30-23.493 [http-nio-8080-exec-4] TwoPhaseLoad - Attribute (`role`)  - enhanced for lazy-loading? - false
[DEBUG] 2019-10-10 19-30-23.493 [http-nio-8080-exec-4] TwoPhaseLoad - Processing attribute `user` : value = 2
[DEBUG] 2019-10-10 19-30-23.493 [http-nio-8080-exec-4] TwoPhaseLoad - Attribute (`user`)  - enhanced for lazy-loading? - false
[DEBUG] 2019-10-10 19-30-23.493 [http-nio-8080-exec-4] TwoPhaseLoad - Done materializing entity [com.juliecortez.entity.Role#3]
[DEBUG] 2019-10-10 19-30-23.493 [http-nio-8080-exec-4] CollectionLoadContext - 1 collections were found in result set for role: com.juliecortez.entity.User.roles
[DEBUG] 2019-10-10 19-30-23.493 [http-nio-8080-exec-4] CollectionLoadContext - Collection fully initialized: [com.juliecortez.entity.User.roles#2]
[DEBUG] 2019-10-10 19-30-23.493 [http-nio-8080-exec-4] CollectionLoadContext - 1 collections initialized for role: com.juliecortez.entity.User.roles
[DEBUG] 2019-10-10 19-30-23.493 [http-nio-8080-exec-4] ResourceRegistryStandardImpl - HHH000387: ResultSet's statement was not registered
[DEBUG] 2019-10-10 19-30-23.493 [http-nio-8080-exec-4] AbstractLoadPlanBasedEntityLoader - Done entity load : com.juliecortez.entity.User#2
[DEBUG] 2019-10-10 19-30-23.493 [http-nio-8080-exec-4] LogicalConnectionManagedImpl - Initiating JDBC connection release from afterTransaction
[DEBUG] 2019-10-10 19-30-31.367 [http-nio-8080-exec-8] TransactionImpl - On TransactionImpl creation, JpaCompliance#isJpaTransactionComplianceEnabled == false
[DEBUG] 2019-10-10 19-30-31.367 [http-nio-8080-exec-8] TransactionImpl - begin
[DEBUG] 2019-10-10 19-30-31.398 [http-nio-8080-exec-8] TransactionImpl - committing
[DEBUG] 2019-10-10 19-30-31.399 [http-nio-8080-exec-8] AbstractFlushingEventListener - Processing flush-time cascades
[DEBUG] 2019-10-10 19-30-31.399 [http-nio-8080-exec-8] AbstractFlushingEventListener - Dirty checking collections
[DEBUG] 2019-10-10 19-30-31.413 [http-nio-8080-exec-8] Collections - Collection found: [com.juliecortez.entity.User.roles#2], was: [<unreferenced>] (initialized)
[DEBUG] 2019-10-10 19-30-31.414 [http-nio-8080-exec-8] AbstractFlushingEventListener - Flushed: 0 insertions, 1 updates, 0 deletions to 1 objects
[DEBUG] 2019-10-10 19-30-31.414 [http-nio-8080-exec-8] AbstractFlushingEventListener - Flushed: 1 (re)creations, 0 updates, 1 removals to 1 collections
[DEBUG] 2019-10-10 19-30-31.416 [http-nio-8080-exec-8] EntityPrinter - Listing entities:
[DEBUG] 2019-10-10 19-30-31.416 [http-nio-8080-exec-8] EntityPrinter - com.juliecortez.entity.User{firstName=Tammy, lastName=Johnson, roles=[], dateOfBirth=1992-02-10, id=2, userName=TJohnson}
[DEBUG] 2019-10-10 19-30-31.433 [http-nio-8080-exec-8] SQL - update user set date_of_birth=?, first_name=?, last_name=?, user_name=? where id=?
[DEBUG] 2019-10-10 19-30-31.451 [http-nio-8080-exec-8] LogicalConnectionManagedImpl - Initiating JDBC connection release from afterTransaction
[DEBUG] 2019-10-10 19-30-31.452 [http-nio-8080-exec-8] LogicalConnectionManagedImpl - Initiating JDBC connection release from afterTransaction
