[DEBUG] 2019-09-26 17-55-35.253 [main] IntegratorServiceImpl - Adding Integrator [org.hibernate.cfg.beanvalidation.BeanValidationIntegrator].
[DEBUG] 2019-09-26 17-55-35.258 [main] IntegratorServiceImpl - Adding Integrator [org.hibernate.secure.spi.JaccIntegrator].
[DEBUG] 2019-09-26 17-55-35.262 [main] IntegratorServiceImpl - Adding Integrator [org.hibernate.cache.internal.CollectionCacheInvalidator].
[INFO ] 2019-09-26 17-55-35.327 [main] Version - HHH000412: Hibernate Core {5.4.4.Final}
[DEBUG] 2019-09-26 17-55-35.329 [main] Environment - HHH000206: hibernate.properties not found
[DEBUG] 2019-09-26 17-55-35.474 [main] LocalXmlResourceResolver - Interpreting public/system identifier : [-//Hibernate/Hibernate Configuration DTD//EN] - [http://www.hibernate.org/dtd/hibernate-configuration-3.0.dtd]
[DEBUG] 2019-09-26 17-55-35.480 [main] LocalXmlResourceResolver - Recognized hibernate-configuration identifier; attempting to resolve on classpath under org/hibernate/
[DEBUG] 2019-09-26 17-55-35.485 [main] JaxbCfgProcessor - cfg.xml document did not define namespaces; wrapping in custom event reader to introduce namespace information
[DEBUG] 2019-09-26 17-55-35.700 [main] ServiceBinding - Overriding existing service binding [org.hibernate.secure.spi.JaccService]
[DEBUG] 2019-09-26 17-55-35.716 [main] RegionFactoryInitiator - Cannot default RegionFactory based on registered strategies as `[]` RegionFactory strategies were registered
[DEBUG] 2019-09-26 17-55-35.717 [main] RegionFactoryInitiator - Cache region factory : org.hibernate.cache.internal.NoCachingRegionFactory
[INFO ] 2019-09-26 17-55-35.733 [main] Version - HCANN000001: Hibernate Commons Annotations {5.1.0.Final}
[DEBUG] 2019-09-26 17-55-35.919 [main] BasicTypeRegistry - Adding type registration boolean -> org.hibernate.type.BooleanType@62b969c4
[DEBUG] 2019-09-26 17-55-35.920 [main] BasicTypeRegistry - Adding type registration boolean -> org.hibernate.type.BooleanType@62b969c4
[DEBUG] 2019-09-26 17-55-35.920 [main] BasicTypeRegistry - Adding type registration java.lang.Boolean -> org.hibernate.type.BooleanType@62b969c4
[DEBUG] 2019-09-26 17-55-35.920 [main] BasicTypeRegistry - Adding type registration numeric_boolean -> org.hibernate.type.NumericBooleanType@610df783
[DEBUG] 2019-09-26 17-55-35.920 [main] BasicTypeRegistry - Adding type registration true_false -> org.hibernate.type.TrueFalseType@776802b0
[DEBUG] 2019-09-26 17-55-35.921 [main] BasicTypeRegistry - Adding type registration yes_no -> org.hibernate.type.YesNoType@6ee8dcd3
[DEBUG] 2019-09-26 17-55-35.922 [main] BasicTypeRegistry - Adding type registration byte -> org.hibernate.type.ByteType@cfbc8e8
[DEBUG] 2019-09-26 17-55-35.922 [main] BasicTypeRegistry - Adding type registration byte -> org.hibernate.type.ByteType@cfbc8e8
[DEBUG] 2019-09-26 17-55-35.922 [main] BasicTypeRegistry - Adding type registration java.lang.Byte -> org.hibernate.type.ByteType@cfbc8e8
[DEBUG] 2019-09-26 17-55-35.922 [main] BasicTypeRegistry - Adding type registration character -> org.hibernate.type.CharacterType@1c504e66
[DEBUG] 2019-09-26 17-55-35.923 [main] BasicTypeRegistry - Adding type registration char -> org.hibernate.type.CharacterType@1c504e66
[DEBUG] 2019-09-26 17-55-35.923 [main] BasicTypeRegistry - Adding type registration java.lang.Character -> org.hibernate.type.CharacterType@1c504e66
[DEBUG] 2019-09-26 17-55-35.923 [main] BasicTypeRegistry - Adding type registration short -> org.hibernate.type.ShortType@35835e65
[DEBUG] 2019-09-26 17-55-35.923 [main] BasicTypeRegistry - Adding type registration short -> org.hibernate.type.ShortType@35835e65
[DEBUG] 2019-09-26 17-55-35.923 [main] BasicTypeRegistry - Adding type registration java.lang.Short -> org.hibernate.type.ShortType@35835e65
[DEBUG] 2019-09-26 17-55-35.924 [main] BasicTypeRegistry - Adding type registration integer -> org.hibernate.type.IntegerType@11a00961
[DEBUG] 2019-09-26 17-55-35.924 [main] BasicTypeRegistry - Adding type registration int -> org.hibernate.type.IntegerType@11a00961
[DEBUG] 2019-09-26 17-55-35.924 [main] BasicTypeRegistry - Adding type registration java.lang.Integer -> org.hibernate.type.IntegerType@11a00961
[DEBUG] 2019-09-26 17-55-35.925 [main] BasicTypeRegistry - Adding type registration long -> org.hibernate.type.LongType@53ac845a
[DEBUG] 2019-09-26 17-55-35.925 [main] BasicTypeRegistry - Adding type registration long -> org.hibernate.type.LongType@53ac845a
[DEBUG] 2019-09-26 17-55-35.925 [main] BasicTypeRegistry - Adding type registration java.lang.Long -> org.hibernate.type.LongType@53ac845a
[DEBUG] 2019-09-26 17-55-35.927 [main] BasicTypeRegistry - Adding type registration float -> org.hibernate.type.FloatType@3cee53dc
[DEBUG] 2019-09-26 17-55-35.927 [main] BasicTypeRegistry - Adding type registration float -> org.hibernate.type.FloatType@3cee53dc
[DEBUG] 2019-09-26 17-55-35.927 [main] BasicTypeRegistry - Adding type registration java.lang.Float -> org.hibernate.type.FloatType@3cee53dc
[DEBUG] 2019-09-26 17-55-35.929 [main] BasicTypeRegistry - Adding type registration double -> org.hibernate.type.DoubleType@79b08632
[DEBUG] 2019-09-26 17-55-35.929 [main] BasicTypeRegistry - Adding type registration double -> org.hibernate.type.DoubleType@79b08632
[DEBUG] 2019-09-26 17-55-35.929 [main] BasicTypeRegistry - Adding type registration java.lang.Double -> org.hibernate.type.DoubleType@79b08632
[DEBUG] 2019-09-26 17-55-35.930 [main] BasicTypeRegistry - Adding type registration big_decimal -> org.hibernate.type.BigDecimalType@45d6ef73
[DEBUG] 2019-09-26 17-55-35.930 [main] BasicTypeRegistry - Adding type registration java.math.BigDecimal -> org.hibernate.type.BigDecimalType@45d6ef73
[DEBUG] 2019-09-26 17-55-35.931 [main] BasicTypeRegistry - Adding type registration big_integer -> org.hibernate.type.BigIntegerType@9fec931
[DEBUG] 2019-09-26 17-55-35.931 [main] BasicTypeRegistry - Adding type registration java.math.BigInteger -> org.hibernate.type.BigIntegerType@9fec931
[DEBUG] 2019-09-26 17-55-35.932 [main] BasicTypeRegistry - Adding type registration string -> org.hibernate.type.StringType@7ce4de34
[DEBUG] 2019-09-26 17-55-35.932 [main] BasicTypeRegistry - Adding type registration java.lang.String -> org.hibernate.type.StringType@7ce4de34
[DEBUG] 2019-09-26 17-55-35.932 [main] BasicTypeRegistry - Adding type registration nstring -> org.hibernate.type.StringNVarcharType@5246a3b3
[DEBUG] 2019-09-26 17-55-35.933 [main] BasicTypeRegistry - Adding type registration ncharacter -> org.hibernate.type.CharacterNCharType@6df3e44c
[DEBUG] 2019-09-26 17-55-35.933 [main] BasicTypeRegistry - Adding type registration url -> org.hibernate.type.UrlType@57a48985
[DEBUG] 2019-09-26 17-55-35.933 [main] BasicTypeRegistry - Adding type registration java.net.URL -> org.hibernate.type.UrlType@57a48985
[DEBUG] 2019-09-26 17-55-35.934 [main] BasicTypeRegistry - Adding type registration Duration -> org.hibernate.type.DurationType@3f672204
[DEBUG] 2019-09-26 17-55-35.934 [main] BasicTypeRegistry - Adding type registration java.time.Duration -> org.hibernate.type.DurationType@3f672204
[DEBUG] 2019-09-26 17-55-35.940 [main] BasicTypeRegistry - Adding type registration Instant -> org.hibernate.type.InstantType@21422231
[DEBUG] 2019-09-26 17-55-35.940 [main] BasicTypeRegistry - Adding type registration java.time.Instant -> org.hibernate.type.InstantType@21422231
[DEBUG] 2019-09-26 17-55-35.941 [main] BasicTypeRegistry - Adding type registration LocalDateTime -> org.hibernate.type.LocalDateTimeType@76c548f
[DEBUG] 2019-09-26 17-55-35.942 [main] BasicTypeRegistry - Adding type registration java.time.LocalDateTime -> org.hibernate.type.LocalDateTimeType@76c548f
[DEBUG] 2019-09-26 17-55-35.943 [main] BasicTypeRegistry - Adding type registration LocalDate -> org.hibernate.type.LocalDateType@6f38a289
[DEBUG] 2019-09-26 17-55-35.943 [main] BasicTypeRegistry - Adding type registration java.time.LocalDate -> org.hibernate.type.LocalDateType@6f38a289
[DEBUG] 2019-09-26 17-55-35.945 [main] BasicTypeRegistry - Adding type registration LocalTime -> org.hibernate.type.LocalTimeType@328902d5
[DEBUG] 2019-09-26 17-55-35.945 [main] BasicTypeRegistry - Adding type registration java.time.LocalTime -> org.hibernate.type.LocalTimeType@328902d5
[DEBUG] 2019-09-26 17-55-35.946 [main] BasicTypeRegistry - Adding type registration OffsetDateTime -> org.hibernate.type.OffsetDateTimeType@12aa4996
[DEBUG] 2019-09-26 17-55-35.946 [main] BasicTypeRegistry - Adding type registration java.time.OffsetDateTime -> org.hibernate.type.OffsetDateTimeType@12aa4996
[DEBUG] 2019-09-26 17-55-35.947 [main] BasicTypeRegistry - Adding type registration OffsetTime -> org.hibernate.type.OffsetTimeType@6e495b48
[DEBUG] 2019-09-26 17-55-35.947 [main] BasicTypeRegistry - Adding type registration java.time.OffsetTime -> org.hibernate.type.OffsetTimeType@6e495b48
[DEBUG] 2019-09-26 17-55-35.949 [main] BasicTypeRegistry - Adding type registration ZonedDateTime -> org.hibernate.type.ZonedDateTimeType@681adc8f
[DEBUG] 2019-09-26 17-55-35.949 [main] BasicTypeRegistry - Adding type registration java.time.ZonedDateTime -> org.hibernate.type.ZonedDateTimeType@681adc8f
[DEBUG] 2019-09-26 17-55-35.950 [main] BasicTypeRegistry - Adding type registration date -> org.hibernate.type.DateType@2aeefcc
[DEBUG] 2019-09-26 17-55-35.950 [main] BasicTypeRegistry - Adding type registration java.sql.Date -> org.hibernate.type.DateType@2aeefcc
[DEBUG] 2019-09-26 17-55-35.951 [main] BasicTypeRegistry - Adding type registration time -> org.hibernate.type.TimeType@c6634d
[DEBUG] 2019-09-26 17-55-35.951 [main] BasicTypeRegistry - Adding type registration java.sql.Time -> org.hibernate.type.TimeType@c6634d
[DEBUG] 2019-09-26 17-55-35.952 [main] BasicTypeRegistry - Adding type registration timestamp -> org.hibernate.type.TimestampType@6401d0a0
[DEBUG] 2019-09-26 17-55-35.952 [main] BasicTypeRegistry - Adding type registration java.sql.Timestamp -> org.hibernate.type.TimestampType@6401d0a0
[DEBUG] 2019-09-26 17-55-35.952 [main] BasicTypeRegistry - Adding type registration java.util.Date -> org.hibernate.type.TimestampType@6401d0a0
[DEBUG] 2019-09-26 17-55-35.953 [main] BasicTypeRegistry - Adding type registration dbtimestamp -> org.hibernate.type.DbTimestampType@61f80d55
[DEBUG] 2019-09-26 17-55-35.954 [main] BasicTypeRegistry - Adding type registration calendar -> org.hibernate.type.CalendarType@4cb0a000
[DEBUG] 2019-09-26 17-55-35.954 [main] BasicTypeRegistry - Adding type registration java.util.Calendar -> org.hibernate.type.CalendarType@4cb0a000
[DEBUG] 2019-09-26 17-55-35.954 [main] BasicTypeRegistry - Adding type registration java.util.GregorianCalendar -> org.hibernate.type.CalendarType@4cb0a000
[DEBUG] 2019-09-26 17-55-35.955 [main] BasicTypeRegistry - Adding type registration calendar_date -> org.hibernate.type.CalendarDateType@65a5d4f9
[DEBUG] 2019-09-26 17-55-35.955 [main] BasicTypeRegistry - Adding type registration locale -> org.hibernate.type.LocaleType@5b498842
[DEBUG] 2019-09-26 17-55-35.955 [main] BasicTypeRegistry - Adding type registration java.util.Locale -> org.hibernate.type.LocaleType@5b498842
[DEBUG] 2019-09-26 17-55-35.956 [main] BasicTypeRegistry - Adding type registration currency -> org.hibernate.type.CurrencyType@62ce72ff
[DEBUG] 2019-09-26 17-55-35.956 [main] BasicTypeRegistry - Adding type registration java.util.Currency -> org.hibernate.type.CurrencyType@62ce72ff
[DEBUG] 2019-09-26 17-55-35.957 [main] BasicTypeRegistry - Adding type registration timezone -> org.hibernate.type.TimeZoneType@1023150a
[DEBUG] 2019-09-26 17-55-35.957 [main] BasicTypeRegistry - Adding type registration java.util.TimeZone -> org.hibernate.type.TimeZoneType@1023150a
[DEBUG] 2019-09-26 17-55-35.958 [main] BasicTypeRegistry - Adding type registration class -> org.hibernate.type.ClassType@21f8e55f
[DEBUG] 2019-09-26 17-55-35.958 [main] BasicTypeRegistry - Adding type registration java.lang.Class -> org.hibernate.type.ClassType@21f8e55f
[DEBUG] 2019-09-26 17-55-35.958 [main] BasicTypeRegistry - Adding type registration uuid-binary -> org.hibernate.type.UUIDBinaryType@724c5cbe
[DEBUG] 2019-09-26 17-55-35.958 [main] BasicTypeRegistry - Adding type registration java.util.UUID -> org.hibernate.type.UUIDBinaryType@724c5cbe
[DEBUG] 2019-09-26 17-55-35.959 [main] BasicTypeRegistry - Adding type registration uuid-char -> org.hibernate.type.UUIDCharType@51351f28
[DEBUG] 2019-09-26 17-55-35.960 [main] BasicTypeRegistry - Adding type registration binary -> org.hibernate.type.BinaryType@37191ef0
[DEBUG] 2019-09-26 17-55-35.960 [main] BasicTypeRegistry - Adding type registration byte[] -> org.hibernate.type.BinaryType@37191ef0
[DEBUG] 2019-09-26 17-55-35.960 [main] BasicTypeRegistry - Adding type registration [B -> org.hibernate.type.BinaryType@37191ef0
[DEBUG] 2019-09-26 17-55-35.961 [main] BasicTypeRegistry - Adding type registration wrapper-binary -> org.hibernate.type.WrapperBinaryType@58f07f02
[DEBUG] 2019-09-26 17-55-35.961 [main] BasicTypeRegistry - Adding type registration Byte[] -> org.hibernate.type.WrapperBinaryType@58f07f02
[DEBUG] 2019-09-26 17-55-35.961 [main] BasicTypeRegistry - Adding type registration [Ljava.lang.Byte; -> org.hibernate.type.WrapperBinaryType@58f07f02
[DEBUG] 2019-09-26 17-55-35.962 [main] BasicTypeRegistry - Adding type registration row_version -> org.hibernate.type.RowVersionType@2e2f720
[DEBUG] 2019-09-26 17-55-35.962 [main] BasicTypeRegistry - Adding type registration image -> org.hibernate.type.ImageType@3f93e4a8
[DEBUG] 2019-09-26 17-55-35.963 [main] BasicTypeRegistry - Adding type registration characters -> org.hibernate.type.CharArrayType@6a0cbc6f
[DEBUG] 2019-09-26 17-55-35.963 [main] BasicTypeRegistry - Adding type registration char[] -> org.hibernate.type.CharArrayType@6a0cbc6f
[DEBUG] 2019-09-26 17-55-35.963 [main] BasicTypeRegistry - Adding type registration [C -> org.hibernate.type.CharArrayType@6a0cbc6f
[DEBUG] 2019-09-26 17-55-35.964 [main] BasicTypeRegistry - Adding type registration wrapper-characters -> org.hibernate.type.CharacterArrayType@7c75db8b
[DEBUG] 2019-09-26 17-55-35.964 [main] BasicTypeRegistry - Adding type registration [Ljava.lang.Character; -> org.hibernate.type.CharacterArrayType@7c75db8b
[DEBUG] 2019-09-26 17-55-35.964 [main] BasicTypeRegistry - Adding type registration Character[] -> org.hibernate.type.CharacterArrayType@7c75db8b
[DEBUG] 2019-09-26 17-55-35.964 [main] BasicTypeRegistry - Adding type registration text -> org.hibernate.type.TextType@a137d7a
[DEBUG] 2019-09-26 17-55-35.964 [main] BasicTypeRegistry - Adding type registration ntext -> org.hibernate.type.NTextType@4df39a88
[DEBUG] 2019-09-26 17-55-35.966 [main] BasicTypeRegistry - Adding type registration blob -> org.hibernate.type.BlobType@281ce6bb
[DEBUG] 2019-09-26 17-55-35.966 [main] BasicTypeRegistry - Adding type registration java.sql.Blob -> org.hibernate.type.BlobType@281ce6bb
[DEBUG] 2019-09-26 17-55-35.966 [main] BasicTypeRegistry - Adding type registration materialized_blob -> org.hibernate.type.MaterializedBlobType@5e8c34a0
[DEBUG] 2019-09-26 17-55-35.967 [main] BasicTypeRegistry - Adding type registration clob -> org.hibernate.type.ClobType@4ad3d266
[DEBUG] 2019-09-26 17-55-35.967 [main] BasicTypeRegistry - Adding type registration java.sql.Clob -> org.hibernate.type.ClobType@4ad3d266
[DEBUG] 2019-09-26 17-55-35.968 [main] BasicTypeRegistry - Adding type registration nclob -> org.hibernate.type.NClobType@7c6189d5
[DEBUG] 2019-09-26 17-55-35.968 [main] BasicTypeRegistry - Adding type registration java.sql.NClob -> org.hibernate.type.NClobType@7c6189d5
[DEBUG] 2019-09-26 17-55-35.969 [main] BasicTypeRegistry - Adding type registration materialized_clob -> org.hibernate.type.MaterializedClobType@167279d1
[DEBUG] 2019-09-26 17-55-35.969 [main] BasicTypeRegistry - Adding type registration materialized_nclob -> org.hibernate.type.MaterializedNClobType@c1fa7d4
[DEBUG] 2019-09-26 17-55-35.971 [main] BasicTypeRegistry - Adding type registration serializable -> org.hibernate.type.SerializableType@38c2c309
[DEBUG] 2019-09-26 17-55-35.973 [main] BasicTypeRegistry - Adding type registration object -> org.hibernate.type.ObjectType@6be7bf6d
[DEBUG] 2019-09-26 17-55-35.973 [main] BasicTypeRegistry - Adding type registration java.lang.Object -> org.hibernate.type.ObjectType@6be7bf6d
[DEBUG] 2019-09-26 17-55-35.974 [main] BasicTypeRegistry - Adding type registration imm_date -> org.hibernate.type.AdaptedImmutableType@745c2004
[DEBUG] 2019-09-26 17-55-35.974 [main] BasicTypeRegistry - Adding type registration imm_time -> org.hibernate.type.AdaptedImmutableType@6da9dc6
[DEBUG] 2019-09-26 17-55-35.974 [main] BasicTypeRegistry - Adding type registration imm_timestamp -> org.hibernate.type.AdaptedImmutableType@7fd69dd
[DEBUG] 2019-09-26 17-55-35.974 [main] BasicTypeRegistry - Adding type registration imm_dbtimestamp -> org.hibernate.type.AdaptedImmutableType@12010fd1
[DEBUG] 2019-09-26 17-55-35.974 [main] BasicTypeRegistry - Adding type registration imm_calendar -> org.hibernate.type.AdaptedImmutableType@7c84195
[DEBUG] 2019-09-26 17-55-35.974 [main] BasicTypeRegistry - Adding type registration imm_calendar_date -> org.hibernate.type.AdaptedImmutableType@552ed807
[DEBUG] 2019-09-26 17-55-35.974 [main] BasicTypeRegistry - Adding type registration imm_binary -> org.hibernate.type.AdaptedImmutableType@3971f0fe
[DEBUG] 2019-09-26 17-55-35.974 [main] BasicTypeRegistry - Adding type registration imm_serializable -> org.hibernate.type.AdaptedImmutableType@23940f86
[DEBUG] 2019-09-26 17-55-35.995 [main] DefaultIdentifierGeneratorFactory - Registering IdentifierGenerator strategy [uuid2] -> [org.hibernate.id.UUIDGenerator]
[DEBUG] 2019-09-26 17-55-35.995 [main] DefaultIdentifierGeneratorFactory - Registering IdentifierGenerator strategy [guid] -> [org.hibernate.id.GUIDGenerator]
[DEBUG] 2019-09-26 17-55-35.996 [main] DefaultIdentifierGeneratorFactory - Registering IdentifierGenerator strategy [uuid] -> [org.hibernate.id.UUIDHexGenerator]
[DEBUG] 2019-09-26 17-55-35.996 [main] DefaultIdentifierGeneratorFactory - Registering IdentifierGenerator strategy [uuid.hex] -> [org.hibernate.id.UUIDHexGenerator]
[DEBUG] 2019-09-26 17-55-35.996 [main] DefaultIdentifierGeneratorFactory - Registering IdentifierGenerator strategy [assigned] -> [org.hibernate.id.Assigned]
[DEBUG] 2019-09-26 17-55-35.997 [main] DefaultIdentifierGeneratorFactory - Registering IdentifierGenerator strategy [identity] -> [org.hibernate.id.IdentityGenerator]
[DEBUG] 2019-09-26 17-55-35.997 [main] DefaultIdentifierGeneratorFactory - Registering IdentifierGenerator strategy [select] -> [org.hibernate.id.SelectGenerator]
[DEBUG] 2019-09-26 17-55-35.998 [main] DefaultIdentifierGeneratorFactory - Registering IdentifierGenerator strategy [sequence] -> [org.hibernate.id.enhanced.SequenceStyleGenerator]
[DEBUG] 2019-09-26 17-55-35.999 [main] DefaultIdentifierGeneratorFactory - Registering IdentifierGenerator strategy [seqhilo] -> [org.hibernate.id.SequenceHiLoGenerator]
[DEBUG] 2019-09-26 17-55-35.999 [main] DefaultIdentifierGeneratorFactory - Registering IdentifierGenerator strategy [increment] -> [org.hibernate.id.IncrementGenerator]
[DEBUG] 2019-09-26 17-55-36.000 [main] DefaultIdentifierGeneratorFactory - Registering IdentifierGenerator strategy [foreign] -> [org.hibernate.id.ForeignGenerator]
[DEBUG] 2019-09-26 17-55-36.000 [main] DefaultIdentifierGeneratorFactory - Registering IdentifierGenerator strategy [sequence-identity] -> [org.hibernate.id.SequenceIdentityGenerator]
[DEBUG] 2019-09-26 17-55-36.000 [main] DefaultIdentifierGeneratorFactory - Registering IdentifierGenerator strategy [enhanced-sequence] -> [org.hibernate.id.enhanced.SequenceStyleGenerator]
[DEBUG] 2019-09-26 17-55-36.001 [main] DefaultIdentifierGeneratorFactory - Registering IdentifierGenerator strategy [enhanced-table] -> [org.hibernate.id.enhanced.TableGenerator]
[INFO ] 2019-09-26 17-55-36.005 [main] C3P0ConnectionProvider - HHH010002: C3P0 using driver: com.mysql.cj.jdbc.Driver at URL: jdbc:mysql://localhost:3306/mww
[INFO ] 2019-09-26 17-55-36.005 [main] C3P0ConnectionProvider - HHH10001001: Connection properties: {password=****, user=cortezjl}
[INFO ] 2019-09-26 17-55-36.005 [main] C3P0ConnectionProvider - HHH10001003: Autocommit mode: false
[INFO ] 2019-09-26 17-55-36.104 [main] C3P0ConnectionProvider - HHH10001007: JDBC isolation level: <unknown>
[DEBUG] 2019-09-26 17-55-36.483 [main] JdbcEnvironmentInitiator - Database ->
       name : MySQL
    version : 8.0.17
      major : 8
      minor : 0
[DEBUG] 2019-09-26 17-55-36.483 [main] JdbcEnvironmentInitiator - Driver ->
       name : MySQL Connector/J
    version : mysql-connector-java-8.0.16 (Revision: 34cbc6bc61f72836e26327537a432d6db7c77de6)
      major : 8
      minor : 0
[DEBUG] 2019-09-26 17-55-36.483 [main] JdbcEnvironmentInitiator - JDBC version : 4.2
[INFO ] 2019-09-26 17-55-36.509 [main] Dialect - HHH000400: Using dialect: org.hibernate.dialect.MySQL8Dialect
[DEBUG] 2019-09-26 17-55-36.525 [main] IdentifierHelperBuilder - JDBC driver metadata reported database stores quoted identifiers in more than one case
[DEBUG] 2019-09-26 17-55-36.547 [main] IdentifierHelperBuilder - IdentifierCaseStrategy for both quoted and unquoted identifiers was set to the same strategy [LOWER]; that will likely lead to problems in schema update and validation if using quoted identifiers
[DEBUG] 2019-09-26 17-55-36.583 [main] Namespace - Created database namespace [logicalName=Name{catalog=null, schema=null}, physicalName=Name{catalog=null, schema=null}]
[DEBUG] 2019-09-26 17-55-36.587 [main] TypeConfiguration$Scope - Scoping TypeConfiguration [org.hibernate.type.spi.TypeConfiguration@d5d5353] to MetadataBuildingContext [org.hibernate.boot.internal.MetadataBuildingContextRootImpl@242b6e1a]
[DEBUG] 2019-09-26 17-55-36.636 [main] AnnotationBinder - Binding entity from annotated class: com.juliecortez.entity.Role
[DEBUG] 2019-09-26 17-55-36.659 [main] Ejb3Column - Binding column: Ejb3DiscriminatorColumn{logicalColumnName'DTYPE', discriminatorTypeName='string'}
[DEBUG] 2019-09-26 17-55-36.664 [main] EntityBinder - Import with entity name Role
[DEBUG] 2019-09-26 17-55-36.667 [main] EntityBinder - Bind entity com.juliecortez.entity.Role on table Role
[DEBUG] 2019-09-26 17-55-36.685 [main] Ejb3Column - Binding column: Ejb3Column{table=org.hibernate.mapping.Table(Role), mappingColumn=id, insertable=true, updatable=true, unique=false}
[DEBUG] 2019-09-26 17-55-36.687 [main] PropertyBinder - MetadataSourceProcessor property id with lazy=false
[DEBUG] 2019-09-26 17-55-36.689 [main] AbstractPropertyHolder - Attempting to locate auto-apply AttributeConverter for property [com.juliecortez.entity.Role:id]
[DEBUG] 2019-09-26 17-55-36.690 [main] SimpleValueBinder - building SimpleValue for id
[DEBUG] 2019-09-26 17-55-36.692 [main] PropertyBinder - Building property id
[DEBUG] 2019-09-26 17-55-36.696 [main] BinderHelper - #makeIdGenerator(org.hibernate.mapping.SimpleValue([org.hibernate.mapping.Column(id)]), id, org.hibernate.id.enhanced.SequenceStyleGenerator, native, ...)
[DEBUG] 2019-09-26 17-55-36.697 [main] Ejb3Column - Binding column: Ejb3Column{table=org.hibernate.mapping.Table(Role), mappingColumn=name, insertable=true, updatable=true, unique=false}
[DEBUG] 2019-09-26 17-55-36.697 [main] PropertyBinder - MetadataSourceProcessor property name with lazy=false
[DEBUG] 2019-09-26 17-55-36.697 [main] AbstractPropertyHolder - Attempting to locate auto-apply AttributeConverter for property [com.juliecortez.entity.Role:name]
[DEBUG] 2019-09-26 17-55-36.697 [main] SimpleValueBinder - building SimpleValue for name
[DEBUG] 2019-09-26 17-55-36.697 [main] PropertyBinder - Building property name
[DEBUG] 2019-09-26 17-55-36.699 [main] SimpleValueBinder - Starting fillSimpleValue for id
[DEBUG] 2019-09-26 17-55-36.699 [main] SimpleValueBinder - Starting fillSimpleValue for name
[DEBUG] 2019-09-26 17-55-36.700 [main] PrimaryKey - Forcing column [id] to be non-null as it is part of the primary key for table [role]
[DEBUG] 2019-09-26 17-55-36.728 [main] SessionFactoryImpl - Building session factory
[DEBUG] 2019-09-26 17-55-36.729 [main] Settings - SessionFactory name : null
[DEBUG] 2019-09-26 17-55-36.729 [main] Settings - Automatic flush during beforeCompletion(): enabled
[DEBUG] 2019-09-26 17-55-36.729 [main] Settings - Automatic session close at end of transaction: disabled
[DEBUG] 2019-09-26 17-55-36.729 [main] Settings - Statistics: disabled
[DEBUG] 2019-09-26 17-55-36.729 [main] Settings - Deleted entity synthetic identifier rollback: disabled
[DEBUG] 2019-09-26 17-55-36.730 [main] Settings - Default entity-mode: pojo
[DEBUG] 2019-09-26 17-55-36.730 [main] Settings - Check Nullability in Core (should be disabled when Bean Validation is on): enabled
[DEBUG] 2019-09-26 17-55-36.730 [main] Settings - Allow initialization of lazy state outside session : disabled
[DEBUG] 2019-09-26 17-55-36.730 [main] Settings - Using BatchFetchStyle : LEGACY
[DEBUG] 2019-09-26 17-55-36.730 [main] Settings - Default batch fetch size: -1
[DEBUG] 2019-09-26 17-55-36.730 [main] Settings - Maximum outer join fetch depth: 2
[DEBUG] 2019-09-26 17-55-36.730 [main] Settings - Default null ordering: NONE
[DEBUG] 2019-09-26 17-55-36.730 [main] Settings - Order SQL updates by primary key: disabled
[DEBUG] 2019-09-26 17-55-36.730 [main] Settings - Order SQL inserts for batching: disabled
[DEBUG] 2019-09-26 17-55-36.730 [main] Settings - multi-tenancy strategy : NONE
[DEBUG] 2019-09-26 17-55-36.730 [main] Settings - JTA Track by Thread: enabled
[DEBUG] 2019-09-26 17-55-36.730 [main] Settings - Query language substitutions: {}
[DEBUG] 2019-09-26 17-55-36.730 [main] Settings - Named query checking : enabled
[DEBUG] 2019-09-26 17-55-36.730 [main] Settings - Second-level cache: disabled
[DEBUG] 2019-09-26 17-55-36.730 [main] Settings - Second-level query cache: disabled
[DEBUG] 2019-09-26 17-55-36.730 [main] Settings - Second-level query cache factory: null
[DEBUG] 2019-09-26 17-55-36.730 [main] Settings - Second-level cache region prefix: null
[DEBUG] 2019-09-26 17-55-36.730 [main] Settings - Optimize second-level cache for minimal puts: disabled
[DEBUG] 2019-09-26 17-55-36.730 [main] Settings - Structured second-level cache entries: disabled
[DEBUG] 2019-09-26 17-55-36.730 [main] Settings - Second-level cache direct-reference entries: disabled
[DEBUG] 2019-09-26 17-55-36.730 [main] Settings - Automatic eviction of collection cache: disabled
[DEBUG] 2019-09-26 17-55-36.730 [main] Settings - JDBC batch size: 15
[DEBUG] 2019-09-26 17-55-36.730 [main] Settings - JDBC batch updates for versioned data: enabled
[DEBUG] 2019-09-26 17-55-36.730 [main] Settings - Scrollable result sets: enabled
[DEBUG] 2019-09-26 17-55-36.730 [main] Settings - Wrap result sets: disabled
[DEBUG] 2019-09-26 17-55-36.730 [main] Settings - JDBC3 getGeneratedKeys(): enabled
[DEBUG] 2019-09-26 17-55-36.730 [main] Settings - JDBC result set fetch size: null
[DEBUG] 2019-09-26 17-55-36.730 [main] Settings - Connection release mode: AFTER_TRANSACTION
[DEBUG] 2019-09-26 17-55-36.730 [main] Settings - Generate SQL with comments: disabled
[DEBUG] 2019-09-26 17-55-36.730 [main] Settings - JPA compliance - query : 
[DEBUG] 2019-09-26 17-55-36.730 [main] Settings - JPA compliance - closed-handling : 
[DEBUG] 2019-09-26 17-55-36.730 [main] Settings - JPA compliance - lists : 
[DEBUG] 2019-09-26 17-55-36.730 [main] Settings - JPA compliance - transactions : 
[INFO ] 2019-09-26 17-55-36.774 [main] beans - HHH10005002: No explicit CDI BeanManager reference was passed to Hibernate, but CDI is available on the Hibernate ClassLoader.
[DEBUG] 2019-09-26 17-55-36.791 [main] SessionFactoryImpl - Session factory constructed with filter configurations : {}
[DEBUG] 2019-09-26 17-55-36.791 [main] SessionFactoryImpl - Instantiating session factory with properties: {sun.desktop=windows, awt.toolkit=sun.awt.windows.WToolkit, java.specification.version=11, sun.cpu.isalist=amd64, hibernate.c3p0.idle_test_period=3000, sun.jnu.encoding=Cp1252, hibernate.c3p0.min_size=5, java.class.path=C:\Users\15635\IdeaProjects\myworkweek\target\test-classes;C:\Users\15635\IdeaProjects\myworkweek\target\classes;C:\Users\15635\.m2\repository\org\junit\platform\junit-platform-runner\1.0.0\junit-platform-runner-1.0.0.jar;C:\Users\15635\.m2\repository\org\apiguardian\apiguardian-api\1.0.0\apiguardian-api-1.0.0.jar;C:\Users\15635\.m2\repository\org\junit\platform\junit-platform-launcher\1.0.0\junit-platform-launcher-1.0.0.jar;C:\Users\15635\.m2\repository\org\junit\platform\junit-platform-suite-api\1.0.0\junit-platform-suite-api-1.0.0.jar;C:\Users\15635\.m2\repository\org\junit\platform\junit-platform-commons\1.0.0\junit-platform-commons-1.0.0.jar;C:\Users\15635\.m2\repository\org\junit\vintage\junit-vintage-engine\4.12.0\junit-vintage-engine-4.12.0.jar;C:\Users\15635\.m2\repository\org\junit\platform\junit-platform-engine\1.0.0\junit-platform-engine-1.0.0.jar;C:\Users\15635\.m2\repository\org\opentest4j\opentest4j\1.0.0\opentest4j-1.0.0.jar;C:\Users\15635\.m2\repository\org\junit\jupiter\junit-jupiter-engine\5.0.0\junit-jupiter-engine-5.0.0.jar;C:\Users\15635\.m2\repository\org\junit\jupiter\junit-jupiter-api\5.0.0\junit-jupiter-api-5.0.0.jar;C:\Users\15635\.m2\repository\junit\junit\4.12\junit-4.12.jar;C:\Users\15635\.m2\repository\org\hamcrest\hamcrest-core\1.3\hamcrest-core-1.3.jar;C:\Users\15635\.m2\repository\javax\javaee-web-api\7.0\javaee-web-api-7.0.jar;C:\Users\15635\.m2\repository\mysql\mysql-connector-java\8.0.16\mysql-connector-java-8.0.16.jar;C:\Users\15635\.m2\repository\com\google\protobuf\protobuf-java\3.6.1\protobuf-java-3.6.1.jar;C:\Users\15635\.m2\repository\jstl\jstl\1.2\jstl-1.2.jar;C:\Users\15635\.m2\repository\org\apache\logging\log4j\log4j-api\2.10.0\log4j-api-2.10.0.jar;C:\Users\15635\.m2\repository\org\apache\logging\log4j\log4j-core\2.10.0\log4j-core-2.10.0.jar;C:\Users\15635\.m2\repository\org\hibernate\hibernate-core\5.4.4.Final\hibernate-core-5.4.4.Final.jar;C:\Users\15635\.m2\repository\org\jboss\logging\jboss-logging\3.3.2.Final\jboss-logging-3.3.2.Final.jar;C:\Users\15635\.m2\repository\javax\persistence\javax.persistence-api\2.2\javax.persistence-api-2.2.jar;C:\Users\15635\.m2\repository\org\javassist\javassist\3.24.0-GA\javassist-3.24.0-GA.jar;C:\Users\15635\.m2\repository\net\bytebuddy\byte-buddy\1.9.11\byte-buddy-1.9.11.jar;C:\Users\15635\.m2\repository\antlr\antlr\2.7.7\antlr-2.7.7.jar;C:\Users\15635\.m2\repository\org\jboss\spec\javax\transaction\jboss-transaction-api_1.2_spec\1.1.1.Final\jboss-transaction-api_1.2_spec-1.1.1.Final.jar;C:\Users\15635\.m2\repository\org\jboss\jandex\2.0.5.Final\jandex-2.0.5.Final.jar;C:\Users\15635\.m2\repository\com\fasterxml\classmate\1.3.4\classmate-1.3.4.jar;C:\Users\15635\.m2\repository\javax\activation\javax.activation-api\1.2.0\javax.activation-api-1.2.0.jar;C:\Users\15635\.m2\repository\org\dom4j\dom4j\2.1.1\dom4j-2.1.1.jar;C:\Users\15635\.m2\repository\org\hibernate\common\hibernate-commons-annotations\5.1.0.Final\hibernate-commons-annotations-5.1.0.Final.jar;C:\Users\15635\.m2\repository\javax\xml\bind\jaxb-api\2.3.1\jaxb-api-2.3.1.jar;C:\Users\15635\.m2\repository\org\glassfish\jaxb\jaxb-runtime\2.3.1\jaxb-runtime-2.3.1.jar;C:\Users\15635\.m2\repository\org\glassfish\jaxb\txw2\2.3.1\txw2-2.3.1.jar;C:\Users\15635\.m2\repository\com\sun\istack\istack-commons-runtime\3.0.7\istack-commons-runtime-3.0.7.jar;C:\Users\15635\.m2\repository\org\jvnet\staxex\stax-ex\1.8\stax-ex-1.8.jar;C:\Users\15635\.m2\repository\com\sun\xml\fastinfoset\FastInfoset\1.2.15\FastInfoset-1.2.15.jar;C:\Users\15635\.m2\repository\org\hibernate\hibernate-c3p0\5.4.4.Final\hibernate-c3p0-5.4.4.Final.jar;C:\Users\15635\.m2\repository\com\mchange\c3p0\0.9.5.3\c3p0-0.9.5.3.jar;C:\Users\15635\.m2\repository\com\mchange\mchange-commons-java\0.2.15\mchange-commons-java-0.2.15.jar;, java.vm.vendor=Oracle Corporation, sun.arch.data.model=64, user.variant=, java.vendor.url=http://java.oracle.com/, user.timezone=America/Chicago, os.name=Windows 10, java.vm.specification.version=11, sun.java.launcher=SUN_STANDARD, user.country=US, sun.boot.library.path=C:\Program Files\Java\jdk-11.0.4\bin, sun.java.command=C:\Users\15635\IdeaProjects\myworkweek\target\surefire\surefirebooter11966310187527266018.jar C:\Users\15635\IdeaProjects\myworkweek\target\surefire\surefire5917370913308981986tmp C:\Users\15635\IdeaProjects\myworkweek\target\surefire\surefire_011026162587910936234tmp, jdk.debug=release, surefire.test.class.path=C:\Users\15635\IdeaProjects\myworkweek\target\test-classes;C:\Users\15635\IdeaProjects\myworkweek\target\classes;C:\Users\15635\.m2\repository\org\junit\platform\junit-platform-runner\1.0.0\junit-platform-runner-1.0.0.jar;C:\Users\15635\.m2\repository\org\apiguardian\apiguardian-api\1.0.0\apiguardian-api-1.0.0.jar;C:\Users\15635\.m2\repository\org\junit\platform\junit-platform-launcher\1.0.0\junit-platform-launcher-1.0.0.jar;C:\Users\15635\.m2\repository\org\junit\platform\junit-platform-suite-api\1.0.0\junit-platform-suite-api-1.0.0.jar;C:\Users\15635\.m2\repository\org\junit\platform\junit-platform-commons\1.0.0\junit-platform-commons-1.0.0.jar;C:\Users\15635\.m2\repository\org\junit\vintage\junit-vintage-engine\4.12.0\junit-vintage-engine-4.12.0.jar;C:\Users\15635\.m2\repository\org\junit\platform\junit-platform-engine\1.0.0\junit-platform-engine-1.0.0.jar;C:\Users\15635\.m2\repository\org\opentest4j\opentest4j\1.0.0\opentest4j-1.0.0.jar;C:\Users\15635\.m2\repository\org\junit\jupiter\junit-jupiter-engine\5.0.0\junit-jupiter-engine-5.0.0.jar;C:\Users\15635\.m2\repository\org\junit\jupiter\junit-jupiter-api\5.0.0\junit-jupiter-api-5.0.0.jar;C:\Users\15635\.m2\repository\junit\junit\4.12\junit-4.12.jar;C:\Users\15635\.m2\repository\org\hamcrest\hamcrest-core\1.3\hamcrest-core-1.3.jar;C:\Users\15635\.m2\repository\javax\javaee-web-api\7.0\javaee-web-api-7.0.jar;C:\Users\15635\.m2\repository\mysql\mysql-connector-java\8.0.16\mysql-connector-java-8.0.16.jar;C:\Users\15635\.m2\repository\com\google\protobuf\protobuf-java\3.6.1\protobuf-java-3.6.1.jar;C:\Users\15635\.m2\repository\jstl\jstl\1.2\jstl-1.2.jar;C:\Users\15635\.m2\repository\org\apache\logging\log4j\log4j-api\2.10.0\log4j-api-2.10.0.jar;C:\Users\15635\.m2\repository\org\apache\logging\log4j\log4j-core\2.10.0\log4j-core-2.10.0.jar;C:\Users\15635\.m2\repository\org\hibernate\hibernate-core\5.4.4.Final\hibernate-core-5.4.4.Final.jar;C:\Users\15635\.m2\repository\org\jboss\logging\jboss-logging\3.3.2.Final\jboss-logging-3.3.2.Final.jar;C:\Users\15635\.m2\repository\javax\persistence\javax.persistence-api\2.2\javax.persistence-api-2.2.jar;C:\Users\15635\.m2\repository\org\javassist\javassist\3.24.0-GA\javassist-3.24.0-GA.jar;C:\Users\15635\.m2\repository\net\bytebuddy\byte-buddy\1.9.11\byte-buddy-1.9.11.jar;C:\Users\15635\.m2\repository\antlr\antlr\2.7.7\antlr-2.7.7.jar;C:\Users\15635\.m2\repository\org\jboss\spec\javax\transaction\jboss-transaction-api_1.2_spec\1.1.1.Final\jboss-transaction-api_1.2_spec-1.1.1.Final.jar;C:\Users\15635\.m2\repository\org\jboss\jandex\2.0.5.Final\jandex-2.0.5.Final.jar;C:\Users\15635\.m2\repository\com\fasterxml\classmate\1.3.4\classmate-1.3.4.jar;C:\Users\15635\.m2\repository\javax\activation\javax.activation-api\1.2.0\javax.activation-api-1.2.0.jar;C:\Users\15635\.m2\repository\org\dom4j\dom4j\2.1.1\dom4j-2.1.1.jar;C:\Users\15635\.m2\repository\org\hibernate\common\hibernate-commons-annotations\5.1.0.Final\hibernate-commons-annotations-5.1.0.Final.jar;C:\Users\15635\.m2\repository\javax\xml\bind\jaxb-api\2.3.1\jaxb-api-2.3.1.jar;C:\Users\15635\.m2\repository\org\glassfish\jaxb\jaxb-runtime\2.3.1\jaxb-runtime-2.3.1.jar;C:\Users\15635\.m2\repository\org\glassfish\jaxb\txw2\2.3.1\txw2-2.3.1.jar;C:\Users\15635\.m2\repository\com\sun\istack\istack-commons-runtime\3.0.7\istack-commons-runtime-3.0.7.jar;C:\Users\15635\.m2\repository\org\jvnet\staxex\stax-ex\1.8\stax-ex-1.8.jar;C:\Users\15635\.m2\repository\com\sun\xml\fastinfoset\FastInfoset\1.2.15\FastInfoset-1.2.15.jar;C:\Users\15635\.m2\repository\org\hibernate\hibernate-c3p0\5.4.4.Final\hibernate-c3p0-5.4.4.Final.jar;C:\Users\15635\.m2\repository\com\mchange\c3p0\0.9.5.3\c3p0-0.9.5.3.jar;C:\Users\15635\.m2\repository\com\mchange\mchange-commons-java\0.2.15\mchange-commons-java-0.2.15.jar;, sun.cpu.endian=little, user.home=C:\Users\15635, hibernate.c3p0.max_statements=50, user.language=en, java.specification.vendor=Oracle Corporation, java.version.date=2019-07-16, java.home=C:\Program Files\Java\jdk-11.0.4, idea.version2019.2.1=true, file.separator=\, basedir=C:\Users\15635\IdeaProjects\myworkweek, java.vm.compressedOopsMode=32-bit, line.separator=
, hibernate.c3p0.timeout=300, java.specification.name=Java Platform API Specification, java.vm.specification.vendor=Oracle Corporation, java.awt.graphicsenv=sun.awt.Win32GraphicsEnvironment, surefire.real.class.path=C:\Users\15635\IdeaProjects\myworkweek\target\surefire\surefirebooter11966310187527266018.jar, user.script=, connection.password=Security1!, sun.management.compiler=HotSpot 64-Bit Tiered Compilers, hibernate.c3p0.max_size=20, java.runtime.version=11.0.4+10-LTS, user.name=15635, path.separator=;, hibernate.connection.username=****, os.version=10.0, java.runtime.name=Java(TM) SE Runtime Environment, hibernate.connection.url=jdbc:mysql://localhost:3306/mww, file.encoding=Cp1252, java.vm.name=Java HotSpot(TM) 64-Bit Server VM, java.vendor.version=18.9, localRepository=C:\Users\15635\.m2\repository, hibernate.connection.driver_class=com.mysql.cj.jdbc.Driver, java.vendor.url.bug=http://bugreport.java.com/bugreport/, java.io.tmpdir=C:\Users\15635\AppData\Local\Temp\, java.version=11.0.4, user.dir=C:\Users\15635\IdeaProjects\myworkweek, os.arch=amd64, connection.username=cortezjl, java.vm.specification.name=Java Virtual Machine Specification, java.awt.printerjob=sun.awt.windows.WPrinterJob, hibernate.connection.password=****, sun.os.patch.level=, connection.driver_class=com.mysql.cj.jdbc.Driver, hibernate.boot.CfgXmlAccessService.key=org.hibernate.boot.cfgxml.spi.LoadedConfig@42383cb0, java.library.path=C:\Program Files\Java\jdk-11.0.4\bin;C:\Windows\Sun\Java\bin;C:\Windows\system32;C:\Windows;C:\Windows\system32;C:\Windows;C:\Windows\System32\Wbem;C:\Windows\System32\WindowsPowerShell\v1.0\;C:\Windows\System32\OpenSSH\;C:\Program Files\Git\cmd;C:\Program Files (x86)\Intel\Intel(R) Management Engine Components\DAL;C:\Program Files\Intel\Intel(R) Management Engine Components\DAL;C:\Program Files\MySQL\MySQL Shell 8.0\bin\;., java.vendor=Oracle Corporation, java.vm.info=mixed mode, java.vm.version=11.0.4+10-LTS, hibernate.bytecode.use_reflection_optimizer=false, sun.io.unicode.encoding=UnicodeLittle, connection.url=jdbc:mysql://localhost:3306/mww, java.class.version=55.0}
[DEBUG] 2019-09-26 17-55-36.810 [main] TypeSafeActivator - Unable to acquire Bean Validation ValidatorFactory, skipping activation
[DEBUG] 2019-09-26 17-55-36.810 [main] JaccIntegrator - Skipping JACC integration as it was not enabled
[DEBUG] 2019-09-26 17-55-36.811 [main] SessionFactoryImpl - Instantiated session factory
[DEBUG] 2019-09-26 17-55-36.811 [main] TypeConfiguration$Scope - Scoping TypeConfiguration [org.hibernate.type.spi.TypeConfiguration@d5d5353] to SessionFactoryImpl [org.hibernate.internal.SessionFactoryImpl@2dd8ff1d]
[DEBUG] 2019-09-26 17-55-36.858 [main] ClassLoaderAccessImpl - Not known whether passed class name [com.juliecortez.entity.Role] is safe
[DEBUG] 2019-09-26 17-55-36.858 [main] ClassLoaderAccessImpl - No temp ClassLoader provided; using live ClassLoader for loading potentially unsafe class : com.juliecortez.entity.Role
[DEBUG] 2019-09-26 17-55-36.873 [main] ClassLoaderAccessImpl - Not known whether passed class name [com.juliecortez.entity.Role] is safe
[DEBUG] 2019-09-26 17-55-36.873 [main] ClassLoaderAccessImpl - No temp ClassLoader provided; using live ClassLoader for loading potentially unsafe class : com.juliecortez.entity.Role
[DEBUG] 2019-09-26 17-55-37.069 [main] AbstractEntityPersister - Static SQL for entity: com.juliecortez.entity.Role
[DEBUG] 2019-09-26 17-55-37.069 [main] AbstractEntityPersister -  Version select: select id from Role where id =?
[DEBUG] 2019-09-26 17-55-37.069 [main] AbstractEntityPersister -  Snapshot select: select role_.id, role_.name as name2_0_ from Role role_ where role_.id=?
[DEBUG] 2019-09-26 17-55-37.069 [main] AbstractEntityPersister -  Insert 0: insert into Role (name, id) values (?, ?)
[DEBUG] 2019-09-26 17-55-37.069 [main] AbstractEntityPersister -  Update 0: update Role set name=? where id=?
[DEBUG] 2019-09-26 17-55-37.070 [main] AbstractEntityPersister -  Delete 0: delete from Role where id=?
[DEBUG] 2019-09-26 17-55-37.070 [main] AbstractEntityPersister -  Identity insert: insert into Role (name) values (?)
[DEBUG] 2019-09-26 17-55-37.090 [main] QuerySpacesImpl - Adding QuerySpace : uid = <gen:0> -> org.hibernate.loader.plan.build.internal.spaces.EntityQuerySpaceImpl@b6bccb4]
[DEBUG] 2019-09-26 17-55-37.091 [main] MetamodelGraphWalker - Visiting attribute path : name
[DEBUG] 2019-09-26 17-55-37.091 [main] FetchStyleLoadPlanBuildingAssociationVisitationStrategy - Building LoadPlan...
[DEBUG] 2019-09-26 17-55-37.103 [main] LoadQueryJoinAndFetchProcessor - processing queryspace <gen:0>
[DEBUG] 2019-09-26 17-55-37.106 [main] LoadPlanTreePrinter - LoadPlan(entity=com.juliecortez.entity.Role)
    - Returns
       - EntityReturnImpl(entity=com.juliecortez.entity.Role, querySpaceUid=<gen:0>, path=com.juliecortez.entity.Role)
    - QuerySpaces
       - EntityQuerySpaceImpl(uid=<gen:0>, entity=com.juliecortez.entity.Role)
          - SQL table alias mapping - role0_
          - alias suffix - 0_
          - suffixed key columns - {id1_0_0_}

[DEBUG] 2019-09-26 17-55-37.108 [main] EntityLoader - Static select for entity com.juliecortez.entity.Role [NONE]: select role0_.id as id1_0_0_, role0_.name as name2_0_0_ from Role role0_ where role0_.id=?
[DEBUG] 2019-09-26 17-55-37.108 [main] QuerySpacesImpl - Adding QuerySpace : uid = <gen:0> -> org.hibernate.loader.plan.build.internal.spaces.EntityQuerySpaceImpl@5aa62ee7]
[DEBUG] 2019-09-26 17-55-37.108 [main] MetamodelGraphWalker - Visiting attribute path : name
[DEBUG] 2019-09-26 17-55-37.108 [main] FetchStyleLoadPlanBuildingAssociationVisitationStrategy - Building LoadPlan...
[DEBUG] 2019-09-26 17-55-37.108 [main] LoadQueryJoinAndFetchProcessor - processing queryspace <gen:0>
[DEBUG] 2019-09-26 17-55-37.108 [main] LoadPlanTreePrinter - LoadPlan(entity=com.juliecortez.entity.Role)
    - Returns
       - EntityReturnImpl(entity=com.juliecortez.entity.Role, querySpaceUid=<gen:0>, path=com.juliecortez.entity.Role)
    - QuerySpaces
       - EntityQuerySpaceImpl(uid=<gen:0>, entity=com.juliecortez.entity.Role)
          - SQL table alias mapping - role0_
          - alias suffix - 0_
          - suffixed key columns - {id1_0_0_}

[DEBUG] 2019-09-26 17-55-37.108 [main] EntityLoader - Static select for entity com.juliecortez.entity.Role [READ]: select role0_.id as id1_0_0_, role0_.name as name2_0_0_ from Role role0_ where role0_.id=?
[DEBUG] 2019-09-26 17-55-37.118 [main] Loader - Static select for action ACTION_MERGE on entity com.juliecortez.entity.Role: select role0_.id as id1_0_0_, role0_.name as name2_0_0_ from Role role0_ where role0_.id=?
[DEBUG] 2019-09-26 17-55-37.118 [main] Loader - Static select for action ACTION_REFRESH on entity com.juliecortez.entity.Role: select role0_.id as id1_0_0_, role0_.name as name2_0_0_ from Role role0_ where role0_.id=?
[DEBUG] 2019-09-26 17-55-37.138 [main] SchemaManagementToolCoordinator - No actions specified; doing nothing
[DEBUG] 2019-09-26 17-55-37.138 [main] JtaPlatformInitiator - No JtaPlatform was specified, checking resolver
[DEBUG] 2019-09-26 17-55-37.139 [main] JtaPlatformResolverInitiator - No JtaPlatformResolver was specified, using default [org.hibernate.engine.transaction.jta.platform.internal.StandardJtaPlatformResolver]
[DEBUG] 2019-09-26 17-55-37.143 [main] StandardJtaPlatformResolver - Could not resolve JtaPlatform, using default [org.hibernate.engine.transaction.jta.platform.internal.NoJtaPlatform]
[INFO ] 2019-09-26 17-55-37.144 [main] JtaPlatformInitiator - HHH000490: Using JtaPlatform implementation: [org.hibernate.engine.transaction.jta.platform.internal.NoJtaPlatform]
[DEBUG] 2019-09-26 17-55-37.145 [main] NamedQueryRepository - Checking 0 named HQL queries
[DEBUG] 2019-09-26 17-55-37.145 [main] NamedQueryRepository - Checking 0 named SQL queries
[DEBUG] 2019-09-26 17-55-37.146 [main] SessionFactoryRegistry - Initializing SessionFactoryRegistry : org.hibernate.internal.SessionFactoryRegistry@73893ec1
[DEBUG] 2019-09-26 17-55-37.147 [main] SessionFactoryRegistry - Registering SessionFactory: d46c1237-fffe-40fb-86a1-e501c54df880 (<unnamed>)
[DEBUG] 2019-09-26 17-55-37.148 [main] SessionFactoryRegistry - Not binding SessionFactory to JNDI, no JNDI name configured
[DEBUG] 2019-09-26 17-55-37.239 [main] StatisticsInitiator - Statistics initialized [enabled=false]
[DEBUG] 2019-09-26 17-55-37.256 [main] SQL - select role0_.id as id1_0_0_, role0_.name as name2_0_0_ from Role role0_ where role0_.id=?
[DEBUG] 2019-09-26 17-55-37.274 [main] ResultSetProcessorImpl - Starting ResultSet row #0
[DEBUG] 2019-09-26 17-55-37.274 [main] EntityReferenceInitializerImpl - On call to EntityIdentifierReaderImpl#resolve, EntityKey was already known; should only happen on root returns with an optional identifier specified
[DEBUG] 2019-09-26 17-55-37.284 [main] TwoPhaseLoad - Resolving attributes for [com.juliecortez.entity.Role#3]
[DEBUG] 2019-09-26 17-55-37.284 [main] TwoPhaseLoad - Processing attribute `name` : value = Front Of House
[DEBUG] 2019-09-26 17-55-37.285 [main] TwoPhaseLoad - Attribute (`name`)  - enhanced for lazy-loading? - false
[DEBUG] 2019-09-26 17-55-37.285 [main] TwoPhaseLoad - Done materializing entity [com.juliecortez.entity.Role#3]
[DEBUG] 2019-09-26 17-55-37.286 [main] ResourceRegistryStandardImpl - HHH000387: ResultSet's statement was not registered
[DEBUG] 2019-09-26 17-55-37.287 [main] AbstractLoadPlanBasedEntityLoader - Done entity load : com.juliecortez.entity.Role#3
[DEBUG] 2019-09-26 17-55-37.287 [main] LogicalConnectionManagedImpl - Initiating JDBC connection release from afterTransaction
[DEBUG] 2019-09-26 17-55-37.292 [main] TransactionImpl - On TransactionImpl creation, JpaCompliance#isJpaTransactionComplianceEnabled == false
[DEBUG] 2019-09-26 17-55-37.292 [main] TransactionImpl - begin
[DEBUG] 2019-09-26 17-55-37.302 [main] TransactionImpl - committing
[DEBUG] 2019-09-26 17-55-37.303 [main] AbstractFlushingEventListener - Processing flush-time cascades
[DEBUG] 2019-09-26 17-55-37.303 [main] AbstractFlushingEventListener - Dirty checking collections
[DEBUG] 2019-09-26 17-55-37.304 [main] AbstractFlushingEventListener - Flushed: 0 insertions, 0 updates, 1 deletions to 1 objects
[DEBUG] 2019-09-26 17-55-37.304 [main] AbstractFlushingEventListener - Flushed: 0 (re)creations, 0 updates, 0 removals to 0 collections
[DEBUG] 2019-09-26 17-55-37.305 [main] EntityPrinter - Listing entities:
[DEBUG] 2019-09-26 17-55-37.305 [main] EntityPrinter - com.juliecortez.entity.Role{name=Front Of House, id=3}
[DEBUG] 2019-09-26 17-55-37.311 [main] SQL - delete from Role where id=?
[DEBUG] 2019-09-26 17-55-37.318 [main] LogicalConnectionManagedImpl - Initiating JDBC connection release from afterTransaction
[DEBUG] 2019-09-26 17-55-37.319 [main] LogicalConnectionManagedImpl - Initiating JDBC connection release from afterTransaction
[DEBUG] 2019-09-26 17-55-37.319 [main] JdbcCoordinatorImpl - HHH000420: Closing un-released batch
[DEBUG] 2019-09-26 17-55-37.319 [main] SQL - select role0_.id as id1_0_0_, role0_.name as name2_0_0_ from Role role0_ where role0_.id=?
[DEBUG] 2019-09-26 17-55-37.321 [main] ResourceRegistryStandardImpl - HHH000387: ResultSet's statement was not registered
[DEBUG] 2019-09-26 17-55-37.321 [main] AbstractLoadPlanBasedEntityLoader - Done entity load : com.juliecortez.entity.Role#3
[DEBUG] 2019-09-26 17-55-37.321 [main] LogicalConnectionManagedImpl - Initiating JDBC connection release from afterTransaction
[DEBUG] 2019-09-26 17-55-37.348 [main] SQL - select role0_.id as id1_0_0_, role0_.name as name2_0_0_ from Role role0_ where role0_.id=?
[DEBUG] 2019-09-26 17-55-37.349 [main] ResultSetProcessorImpl - Starting ResultSet row #0
[DEBUG] 2019-09-26 17-55-37.350 [main] EntityReferenceInitializerImpl - On call to EntityIdentifierReaderImpl#resolve, EntityKey was already known; should only happen on root returns with an optional identifier specified
[DEBUG] 2019-09-26 17-55-37.350 [main] TwoPhaseLoad - Resolving attributes for [com.juliecortez.entity.Role#1]
[DEBUG] 2019-09-26 17-55-37.350 [main] TwoPhaseLoad - Processing attribute `name` : value = Administrator
[DEBUG] 2019-09-26 17-55-37.350 [main] TwoPhaseLoad - Attribute (`name`)  - enhanced for lazy-loading? - false
[DEBUG] 2019-09-26 17-55-37.350 [main] TwoPhaseLoad - Done materializing entity [com.juliecortez.entity.Role#1]
[DEBUG] 2019-09-26 17-55-37.350 [main] ResourceRegistryStandardImpl - HHH000387: ResultSet's statement was not registered
[DEBUG] 2019-09-26 17-55-37.351 [main] AbstractLoadPlanBasedEntityLoader - Done entity load : com.juliecortez.entity.Role#1
[DEBUG] 2019-09-26 17-55-37.351 [main] LogicalConnectionManagedImpl - Initiating JDBC connection release from afterTransaction
[DEBUG] 2019-09-26 17-55-37.352 [main] TransactionImpl - On TransactionImpl creation, JpaCompliance#isJpaTransactionComplianceEnabled == false
[DEBUG] 2019-09-26 17-55-37.352 [main] TransactionImpl - begin
[DEBUG] 2019-09-26 17-55-37.353 [main] TransactionImpl - committing
[DEBUG] 2019-09-26 17-55-37.353 [main] AbstractFlushingEventListener - Processing flush-time cascades
[DEBUG] 2019-09-26 17-55-37.353 [main] AbstractFlushingEventListener - Dirty checking collections
[DEBUG] 2019-09-26 17-55-37.354 [main] AbstractFlushingEventListener - Flushed: 0 insertions, 1 updates, 0 deletions to 1 objects
[DEBUG] 2019-09-26 17-55-37.354 [main] AbstractFlushingEventListener - Flushed: 0 (re)creations, 0 updates, 0 removals to 0 collections
[DEBUG] 2019-09-26 17-55-37.354 [main] EntityPrinter - Listing entities:
[DEBUG] 2019-09-26 17-55-37.354 [main] EntityPrinter - com.juliecortez.entity.Role{name=Administrator, id=1}
[DEBUG] 2019-09-26 17-55-37.354 [main] SQL - update Role set name=? where id=?
[DEBUG] 2019-09-26 17-55-37.357 [main] LogicalConnectionManagedImpl - Initiating JDBC connection release from afterTransaction
[DEBUG] 2019-09-26 17-55-37.357 [main] LogicalConnectionManagedImpl - Initiating JDBC connection release from afterTransaction
[DEBUG] 2019-09-26 17-55-37.357 [main] SQL - select role0_.id as id1_0_0_, role0_.name as name2_0_0_ from Role role0_ where role0_.id=?
[DEBUG] 2019-09-26 17-55-37.359 [main] ResultSetProcessorImpl - Starting ResultSet row #0
[DEBUG] 2019-09-26 17-55-37.359 [main] EntityReferenceInitializerImpl - On call to EntityIdentifierReaderImpl#resolve, EntityKey was already known; should only happen on root returns with an optional identifier specified
[DEBUG] 2019-09-26 17-55-37.359 [main] TwoPhaseLoad - Resolving attributes for [com.juliecortez.entity.Role#1]
[DEBUG] 2019-09-26 17-55-37.359 [main] TwoPhaseLoad - Processing attribute `name` : value = Administrator
[DEBUG] 2019-09-26 17-55-37.359 [main] TwoPhaseLoad - Attribute (`name`)  - enhanced for lazy-loading? - false
[DEBUG] 2019-09-26 17-55-37.359 [main] TwoPhaseLoad - Done materializing entity [com.juliecortez.entity.Role#1]
[DEBUG] 2019-09-26 17-55-37.359 [main] ResourceRegistryStandardImpl - HHH000387: ResultSet's statement was not registered
[DEBUG] 2019-09-26 17-55-37.360 [main] AbstractLoadPlanBasedEntityLoader - Done entity load : com.juliecortez.entity.Role#1
[DEBUG] 2019-09-26 17-55-37.360 [main] LogicalConnectionManagedImpl - Initiating JDBC connection release from afterTransaction
[DEBUG] 2019-09-26 17-55-37.399 [main] CriteriaQueryImpl - Rendered criteria query -> select generatedAlias0 from Role as generatedAlias0
[DEBUG] 2019-09-26 17-55-37.414 [main] QueryTranslatorFactoryInitiator - QueryTranslatorFactory: org.hibernate.hql.internal.ast.ASTQueryTranslatorFactory@73a845cb
[DEBUG] 2019-09-26 17-55-37.433 [main] QueryTranslatorImpl - parse() - HQL: select generatedAlias0 from com.juliecortez.entity.Role as generatedAlias0
[DEBUG] 2019-09-26 17-55-37.438 [main] ErrorTracker - throwQueryException() : no errors
[DEBUG] 2019-09-26 17-55-37.443 [main] QueryTranslatorImpl - --- HQL AST ---
 \-[QUERY] Node: 'query'
    \-[SELECT_FROM] Node: 'SELECT_FROM'
       +-[FROM] Node: 'from'
       |  \-[RANGE] Node: 'RANGE'
       |     +-[DOT] Node: '.'
       |     |  +-[DOT] Node: '.'
       |     |  |  +-[DOT] Node: '.'
       |     |  |  |  +-[IDENT] Node: 'com'
       |     |  |  |  \-[IDENT] Node: 'juliecortez'
       |     |  |  \-[IDENT] Node: 'entity'
       |     |  \-[IDENT] Node: 'Role'
       |     \-[ALIAS] Node: 'generatedAlias0'
       \-[SELECT] Node: 'select'
          \-[IDENT] Node: 'generatedAlias0'

[DEBUG] 2019-09-26 17-55-37.462 [main] HqlSqlBaseWalker - select << begin [level=1, statement=select]
[DEBUG] 2019-09-26 17-55-37.474 [main] FromElement - FromClause{level=1} : com.juliecortez.entity.Role (generatedAlias0) -> role0_
[DEBUG] 2019-09-26 17-55-37.475 [main] FromReferenceNode - Resolved : generatedAlias0 -> role0_.id
[DEBUG] 2019-09-26 17-55-37.476 [main] HqlSqlBaseWalker - select : finishing up [level=1, statement=select]
[DEBUG] 2019-09-26 17-55-37.476 [main] HqlSqlWalker - processQuery() :  ( SELECT ( {select clause} role0_.id ) ( FromClause{level=1} Role role0_ ) )
[DEBUG] 2019-09-26 17-55-37.484 [main] JoinProcessor - Using FROM fragment [Role role0_]
[DEBUG] 2019-09-26 17-55-37.484 [main] HqlSqlBaseWalker - select >> end [level=1, statement=select]
[DEBUG] 2019-09-26 17-55-37.484 [main] QueryTranslatorImpl - --- SQL AST ---
 \-[SELECT] QueryNode: 'SELECT'  querySpaces (Role)
    +-[SELECT_CLAUSE] SelectClause: '{select clause}'
    |  +-[ALIAS_REF] IdentNode: 'role0_.id as id1_0_' {alias=generatedAlias0, className=com.juliecortez.entity.Role, tableAlias=role0_}
    |  \-[SQL_TOKEN] SqlFragment: 'role0_.name as name2_0_'
    \-[FROM] FromClause: 'from' FromClause{level=1, fromElementCounter=1, fromElements=1, fromElementByClassAlias=[generatedAlias0], fromElementByTableAlias=[role0_], fromElementsByPath=[], collectionJoinFromElementsByPath=[], impliedElements=[]}
       \-[FROM_FRAGMENT] FromElement: 'Role role0_' FromElement{explicit,not a collection join,not a fetch join,fetch non-lazy properties,classAlias=generatedAlias0,role=null,tableName=Role,tableAlias=role0_,origin=null,columns={,className=com.juliecortez.entity.Role}}

[DEBUG] 2019-09-26 17-55-37.484 [main] ErrorTracker - throwQueryException() : no errors
[DEBUG] 2019-09-26 17-55-37.488 [main] QueryTranslatorImpl - HQL: select generatedAlias0 from com.juliecortez.entity.Role as generatedAlias0
[DEBUG] 2019-09-26 17-55-37.488 [main] QueryTranslatorImpl - SQL: select role0_.id as id1_0_, role0_.name as name2_0_ from Role role0_
[DEBUG] 2019-09-26 17-55-37.488 [main] ErrorTracker - throwQueryException() : no errors
[DEBUG] 2019-09-26 17-55-37.496 [main] SQL - select role0_.id as id1_0_, role0_.name as name2_0_ from Role role0_
[DEBUG] 2019-09-26 17-55-37.497 [main] Loader - Result set row: 0
[DEBUG] 2019-09-26 17-55-37.498 [main] Loader - Result row: EntityKey[com.juliecortez.entity.Role#1]
[DEBUG] 2019-09-26 17-55-37.498 [main] Loader - Result set row: 1
[DEBUG] 2019-09-26 17-55-37.498 [main] Loader - Result row: EntityKey[com.juliecortez.entity.Role#2]
[DEBUG] 2019-09-26 17-55-37.498 [main] Loader - Result set row: 2
[DEBUG] 2019-09-26 17-55-37.498 [main] Loader - Result row: EntityKey[com.juliecortez.entity.Role#3]
[DEBUG] 2019-09-26 17-55-37.498 [main] Loader - Result set row: 3
[DEBUG] 2019-09-26 17-55-37.499 [main] Loader - Result row: EntityKey[com.juliecortez.entity.Role#4]
[DEBUG] 2019-09-26 17-55-37.499 [main] Loader - Result set row: 4
[DEBUG] 2019-09-26 17-55-37.499 [main] Loader - Result row: EntityKey[com.juliecortez.entity.Role#5]
[DEBUG] 2019-09-26 17-55-37.499 [main] TwoPhaseLoad - Resolving attributes for [com.juliecortez.entity.Role#1]
[DEBUG] 2019-09-26 17-55-37.499 [main] TwoPhaseLoad - Processing attribute `name` : value = Administrator
[DEBUG] 2019-09-26 17-55-37.499 [main] TwoPhaseLoad - Attribute (`name`)  - enhanced for lazy-loading? - false
[DEBUG] 2019-09-26 17-55-37.499 [main] TwoPhaseLoad - Done materializing entity [com.juliecortez.entity.Role#1]
[DEBUG] 2019-09-26 17-55-37.499 [main] TwoPhaseLoad - Resolving attributes for [com.juliecortez.entity.Role#2]
[DEBUG] 2019-09-26 17-55-37.499 [main] TwoPhaseLoad - Processing attribute `name` : value = Manager
[DEBUG] 2019-09-26 17-55-37.499 [main] TwoPhaseLoad - Attribute (`name`)  - enhanced for lazy-loading? - false
[DEBUG] 2019-09-26 17-55-37.499 [main] TwoPhaseLoad - Done materializing entity [com.juliecortez.entity.Role#2]
[DEBUG] 2019-09-26 17-55-37.499 [main] TwoPhaseLoad - Resolving attributes for [com.juliecortez.entity.Role#3]
[DEBUG] 2019-09-26 17-55-37.499 [main] TwoPhaseLoad - Processing attribute `name` : value = Front Of House
[DEBUG] 2019-09-26 17-55-37.499 [main] TwoPhaseLoad - Attribute (`name`)  - enhanced for lazy-loading? - false
[DEBUG] 2019-09-26 17-55-37.499 [main] TwoPhaseLoad - Done materializing entity [com.juliecortez.entity.Role#3]
[DEBUG] 2019-09-26 17-55-37.499 [main] TwoPhaseLoad - Resolving attributes for [com.juliecortez.entity.Role#4]
[DEBUG] 2019-09-26 17-55-37.499 [main] TwoPhaseLoad - Processing attribute `name` : value = Back of House
[DEBUG] 2019-09-26 17-55-37.499 [main] TwoPhaseLoad - Attribute (`name`)  - enhanced for lazy-loading? - false
[DEBUG] 2019-09-26 17-55-37.499 [main] TwoPhaseLoad - Done materializing entity [com.juliecortez.entity.Role#4]
[DEBUG] 2019-09-26 17-55-37.499 [main] TwoPhaseLoad - Resolving attributes for [com.juliecortez.entity.Role#5]
[DEBUG] 2019-09-26 17-55-37.499 [main] TwoPhaseLoad - Processing attribute `name` : value = Busser
[DEBUG] 2019-09-26 17-55-37.499 [main] TwoPhaseLoad - Attribute (`name`)  - enhanced for lazy-loading? - false
[DEBUG] 2019-09-26 17-55-37.499 [main] TwoPhaseLoad - Done materializing entity [com.juliecortez.entity.Role#5]
[DEBUG] 2019-09-26 17-55-37.500 [main] LogicalConnectionManagedImpl - Initiating JDBC connection release from afterTransaction
[DEBUG] 2019-09-26 17-55-37.541 [main] CriteriaQueryImpl - Rendered criteria query -> select generatedAlias0 from Role as generatedAlias0 where generatedAlias0.name=:param0
[DEBUG] 2019-09-26 17-55-37.541 [main] QueryTranslatorImpl - parse() - HQL: select generatedAlias0 from com.juliecortez.entity.Role as generatedAlias0 where generatedAlias0.name=:param0
[DEBUG] 2019-09-26 17-55-37.542 [main] ErrorTracker - throwQueryException() : no errors
[DEBUG] 2019-09-26 17-55-37.543 [main] QueryTranslatorImpl - --- HQL AST ---
 \-[QUERY] Node: 'query'
    +-[SELECT_FROM] Node: 'SELECT_FROM'
    |  +-[FROM] Node: 'from'
    |  |  \-[RANGE] Node: 'RANGE'
    |  |     +-[DOT] Node: '.'
    |  |     |  +-[DOT] Node: '.'
    |  |     |  |  +-[DOT] Node: '.'
    |  |     |  |  |  +-[IDENT] Node: 'com'
    |  |     |  |  |  \-[IDENT] Node: 'juliecortez'
    |  |     |  |  \-[IDENT] Node: 'entity'
    |  |     |  \-[IDENT] Node: 'Role'
    |  |     \-[ALIAS] Node: 'generatedAlias0'
    |  \-[SELECT] Node: 'select'
    |     \-[IDENT] Node: 'generatedAlias0'
    \-[WHERE] Node: 'where'
       \-[EQ] Node: '='
          +-[DOT] Node: '.'
          |  +-[IDENT] Node: 'generatedAlias0'
          |  \-[IDENT] Node: 'name'
          \-[COLON] Node: ':'
             \-[IDENT] Node: 'param0'

[DEBUG] 2019-09-26 17-55-37.543 [main] HqlSqlBaseWalker - select << begin [level=1, statement=select]
[DEBUG] 2019-09-26 17-55-37.543 [main] FromElement - FromClause{level=1} : com.juliecortez.entity.Role (generatedAlias0) -> role0_
[DEBUG] 2019-09-26 17-55-37.543 [main] FromReferenceNode - Resolved : generatedAlias0 -> role0_.id
[DEBUG] 2019-09-26 17-55-37.545 [main] FromReferenceNode - Resolved : generatedAlias0 -> role0_.id
[DEBUG] 2019-09-26 17-55-37.547 [main] DotNode - getDataType() : name -> org.hibernate.type.StringType@7ce4de34
[DEBUG] 2019-09-26 17-55-37.548 [main] FromReferenceNode - Resolved : generatedAlias0.name -> role0_.name
[DEBUG] 2019-09-26 17-55-37.549 [main] HqlSqlBaseWalker - select : finishing up [level=1, statement=select]
[DEBUG] 2019-09-26 17-55-37.549 [main] HqlSqlWalker - processQuery() :  ( SELECT ( {select clause} role0_.id ) ( FromClause{level=1} Role role0_ ) ( where ( = ( role0_.name role0_.id name ) ? ) ) )
[DEBUG] 2019-09-26 17-55-37.550 [main] JoinProcessor - Using FROM fragment [Role role0_]
[DEBUG] 2019-09-26 17-55-37.550 [main] HqlSqlBaseWalker - select >> end [level=1, statement=select]
[DEBUG] 2019-09-26 17-55-37.550 [main] QueryTranslatorImpl - --- SQL AST ---
 \-[SELECT] QueryNode: 'SELECT'  querySpaces (Role)
    +-[SELECT_CLAUSE] SelectClause: '{select clause}'
    |  +-[ALIAS_REF] IdentNode: 'role0_.id as id1_0_' {alias=generatedAlias0, className=com.juliecortez.entity.Role, tableAlias=role0_}
    |  \-[SQL_TOKEN] SqlFragment: 'role0_.name as name2_0_'
    +-[FROM] FromClause: 'from' FromClause{level=1, fromElementCounter=1, fromElements=1, fromElementByClassAlias=[generatedAlias0], fromElementByTableAlias=[role0_], fromElementsByPath=[], collectionJoinFromElementsByPath=[], impliedElements=[]}
    |  \-[FROM_FRAGMENT] FromElement: 'Role role0_' FromElement{explicit,not a collection join,not a fetch join,fetch non-lazy properties,classAlias=generatedAlias0,role=null,tableName=Role,tableAlias=role0_,origin=null,columns={,className=com.juliecortez.entity.Role}}
    \-[WHERE] SqlNode: 'where'
       \-[EQ] BinaryLogicOperatorNode: '='
          +-[DOT] DotNode: 'role0_.name' {propertyName=name,dereferenceType=PRIMITIVE,getPropertyPath=name,path=generatedAlias0.name,tableAlias=role0_,className=com.juliecortez.entity.Role,classAlias=generatedAlias0}
          |  +-[ALIAS_REF] IdentNode: 'role0_.id' {alias=generatedAlias0, className=com.juliecortez.entity.Role, tableAlias=role0_}
          |  \-[IDENT] IdentNode: 'name' {originalText=name}
          \-[NAMED_PARAM] ParameterNode: '?' {name=param0, expectedType=org.hibernate.type.StringType@7ce4de34}

[DEBUG] 2019-09-26 17-55-37.550 [main] ErrorTracker - throwQueryException() : no errors
[DEBUG] 2019-09-26 17-55-37.551 [main] QueryTranslatorImpl - HQL: select generatedAlias0 from com.juliecortez.entity.Role as generatedAlias0 where generatedAlias0.name=:param0
[DEBUG] 2019-09-26 17-55-37.551 [main] QueryTranslatorImpl - SQL: select role0_.id as id1_0_, role0_.name as name2_0_ from Role role0_ where role0_.name=?
[DEBUG] 2019-09-26 17-55-37.551 [main] ErrorTracker - throwQueryException() : no errors
[DEBUG] 2019-09-26 17-55-37.556 [main] SQL - select role0_.id as id1_0_, role0_.name as name2_0_ from Role role0_ where role0_.name=?
[DEBUG] 2019-09-26 17-55-37.558 [main] Loader - Result set row: 0
[DEBUG] 2019-09-26 17-55-37.558 [main] Loader - Result row: EntityKey[com.juliecortez.entity.Role#5]
[DEBUG] 2019-09-26 17-55-37.558 [main] TwoPhaseLoad - Resolving attributes for [com.juliecortez.entity.Role#5]
[DEBUG] 2019-09-26 17-55-37.558 [main] TwoPhaseLoad - Processing attribute `name` : value = Busser
[DEBUG] 2019-09-26 17-55-37.558 [main] TwoPhaseLoad - Attribute (`name`)  - enhanced for lazy-loading? - false
[DEBUG] 2019-09-26 17-55-37.559 [main] TwoPhaseLoad - Done materializing entity [com.juliecortez.entity.Role#5]
[DEBUG] 2019-09-26 17-55-37.559 [main] LogicalConnectionManagedImpl - Initiating JDBC connection release from afterTransaction
[DEBUG] 2019-09-26 17-55-37.581 [main] CriteriaQueryImpl - Rendered criteria query -> select generatedAlias0 from Role as generatedAlias0 where generatedAlias0.name like :param0
[DEBUG] 2019-09-26 17-55-37.581 [main] QueryTranslatorImpl - parse() - HQL: select generatedAlias0 from com.juliecortez.entity.Role as generatedAlias0 where generatedAlias0.name like :param0
[DEBUG] 2019-09-26 17-55-37.582 [main] ErrorTracker - throwQueryException() : no errors
[DEBUG] 2019-09-26 17-55-37.582 [main] QueryTranslatorImpl - --- HQL AST ---
 \-[QUERY] Node: 'query'
    +-[SELECT_FROM] Node: 'SELECT_FROM'
    |  +-[FROM] Node: 'from'
    |  |  \-[RANGE] Node: 'RANGE'
    |  |     +-[DOT] Node: '.'
    |  |     |  +-[DOT] Node: '.'
    |  |     |  |  +-[DOT] Node: '.'
    |  |     |  |  |  +-[IDENT] Node: 'com'
    |  |     |  |  |  \-[IDENT] Node: 'juliecortez'
    |  |     |  |  \-[IDENT] Node: 'entity'
    |  |     |  \-[IDENT] Node: 'Role'
    |  |     \-[ALIAS] Node: 'generatedAlias0'
    |  \-[SELECT] Node: 'select'
    |     \-[IDENT] Node: 'generatedAlias0'
    \-[WHERE] Node: 'where'
       \-[LIKE] Node: 'like'
          +-[DOT] Node: '.'
          |  +-[IDENT] Node: 'generatedAlias0'
          |  \-[IDENT] Node: 'name'
          \-[COLON] Node: ':'
             \-[IDENT] Node: 'param0'

[DEBUG] 2019-09-26 17-55-37.583 [main] HqlSqlBaseWalker - select << begin [level=1, statement=select]
[DEBUG] 2019-09-26 17-55-37.583 [main] FromElement - FromClause{level=1} : com.juliecortez.entity.Role (generatedAlias0) -> role0_
[DEBUG] 2019-09-26 17-55-37.584 [main] FromReferenceNode - Resolved : generatedAlias0 -> role0_.id
[DEBUG] 2019-09-26 17-55-37.584 [main] FromReferenceNode - Resolved : generatedAlias0 -> role0_.id
[DEBUG] 2019-09-26 17-55-37.584 [main] DotNode - getDataType() : name -> org.hibernate.type.StringType@7ce4de34
[DEBUG] 2019-09-26 17-55-37.584 [main] FromReferenceNode - Resolved : generatedAlias0.name -> role0_.name
[DEBUG] 2019-09-26 17-55-37.584 [main] HqlSqlBaseWalker - select : finishing up [level=1, statement=select]
[DEBUG] 2019-09-26 17-55-37.584 [main] HqlSqlWalker - processQuery() :  ( SELECT ( {select clause} role0_.id ) ( FromClause{level=1} Role role0_ ) ( where ( like ( role0_.name role0_.id name ) ? ) ) )
[DEBUG] 2019-09-26 17-55-37.585 [main] JoinProcessor - Using FROM fragment [Role role0_]
[DEBUG] 2019-09-26 17-55-37.585 [main] HqlSqlBaseWalker - select >> end [level=1, statement=select]
[DEBUG] 2019-09-26 17-55-37.585 [main] QueryTranslatorImpl - --- SQL AST ---
 \-[SELECT] QueryNode: 'SELECT'  querySpaces (Role)
    +-[SELECT_CLAUSE] SelectClause: '{select clause}'
    |  +-[ALIAS_REF] IdentNode: 'role0_.id as id1_0_' {alias=generatedAlias0, className=com.juliecortez.entity.Role, tableAlias=role0_}
    |  \-[SQL_TOKEN] SqlFragment: 'role0_.name as name2_0_'
    +-[FROM] FromClause: 'from' FromClause{level=1, fromElementCounter=1, fromElements=1, fromElementByClassAlias=[generatedAlias0], fromElementByTableAlias=[role0_], fromElementsByPath=[], collectionJoinFromElementsByPath=[], impliedElements=[]}
    |  \-[FROM_FRAGMENT] FromElement: 'Role role0_' FromElement{explicit,not a collection join,not a fetch join,fetch non-lazy properties,classAlias=generatedAlias0,role=null,tableName=Role,tableAlias=role0_,origin=null,columns={,className=com.juliecortez.entity.Role}}
    \-[WHERE] SqlNode: 'where'
       \-[LIKE] BinaryLogicOperatorNode: 'like'
          +-[DOT] DotNode: 'role0_.name' {propertyName=name,dereferenceType=PRIMITIVE,getPropertyPath=name,path=generatedAlias0.name,tableAlias=role0_,className=com.juliecortez.entity.Role,classAlias=generatedAlias0}
          |  +-[ALIAS_REF] IdentNode: 'role0_.id' {alias=generatedAlias0, className=com.juliecortez.entity.Role, tableAlias=role0_}
          |  \-[IDENT] IdentNode: 'name' {originalText=name}
          \-[NAMED_PARAM] ParameterNode: '?' {name=param0, expectedType=org.hibernate.type.StringType@7ce4de34}

[DEBUG] 2019-09-26 17-55-37.585 [main] ErrorTracker - throwQueryException() : no errors
[DEBUG] 2019-09-26 17-55-37.585 [main] QueryTranslatorImpl - HQL: select generatedAlias0 from com.juliecortez.entity.Role as generatedAlias0 where generatedAlias0.name like :param0
[DEBUG] 2019-09-26 17-55-37.585 [main] QueryTranslatorImpl - SQL: select role0_.id as id1_0_, role0_.name as name2_0_ from Role role0_ where role0_.name like ?
[DEBUG] 2019-09-26 17-55-37.585 [main] ErrorTracker - throwQueryException() : no errors
[DEBUG] 2019-09-26 17-55-37.586 [main] SQL - select role0_.id as id1_0_, role0_.name as name2_0_ from Role role0_ where role0_.name like ?
[DEBUG] 2019-09-26 17-55-37.587 [main] Loader - Result set row: 0
[DEBUG] 2019-09-26 17-55-37.588 [main] Loader - Result row: EntityKey[com.juliecortez.entity.Role#3]
[DEBUG] 2019-09-26 17-55-37.588 [main] Loader - Result set row: 1
[DEBUG] 2019-09-26 17-55-37.588 [main] Loader - Result row: EntityKey[com.juliecortez.entity.Role#4]
[DEBUG] 2019-09-26 17-55-37.588 [main] TwoPhaseLoad - Resolving attributes for [com.juliecortez.entity.Role#3]
[DEBUG] 2019-09-26 17-55-37.588 [main] TwoPhaseLoad - Processing attribute `name` : value = Front Of House
[DEBUG] 2019-09-26 17-55-37.588 [main] TwoPhaseLoad - Attribute (`name`)  - enhanced for lazy-loading? - false
[DEBUG] 2019-09-26 17-55-37.588 [main] TwoPhaseLoad - Done materializing entity [com.juliecortez.entity.Role#3]
[DEBUG] 2019-09-26 17-55-37.588 [main] TwoPhaseLoad - Resolving attributes for [com.juliecortez.entity.Role#4]
[DEBUG] 2019-09-26 17-55-37.588 [main] TwoPhaseLoad - Processing attribute `name` : value = Back of House
[DEBUG] 2019-09-26 17-55-37.588 [main] TwoPhaseLoad - Attribute (`name`)  - enhanced for lazy-loading? - false
[DEBUG] 2019-09-26 17-55-37.588 [main] TwoPhaseLoad - Done materializing entity [com.juliecortez.entity.Role#4]
[DEBUG] 2019-09-26 17-55-37.589 [main] LogicalConnectionManagedImpl - Initiating JDBC connection release from afterTransaction
[DEBUG] 2019-09-26 17-55-37.610 [main] SQL - select role0_.id as id1_0_0_, role0_.name as name2_0_0_ from Role role0_ where role0_.id=?
[DEBUG] 2019-09-26 17-55-37.611 [main] ResultSetProcessorImpl - Starting ResultSet row #0
[DEBUG] 2019-09-26 17-55-37.612 [main] EntityReferenceInitializerImpl - On call to EntityIdentifierReaderImpl#resolve, EntityKey was already known; should only happen on root returns with an optional identifier specified
[DEBUG] 2019-09-26 17-55-37.612 [main] TwoPhaseLoad - Resolving attributes for [com.juliecortez.entity.Role#2]
[DEBUG] 2019-09-26 17-55-37.612 [main] TwoPhaseLoad - Processing attribute `name` : value = Manager
[DEBUG] 2019-09-26 17-55-37.612 [main] TwoPhaseLoad - Attribute (`name`)  - enhanced for lazy-loading? - false
[DEBUG] 2019-09-26 17-55-37.612 [main] TwoPhaseLoad - Done materializing entity [com.juliecortez.entity.Role#2]
[DEBUG] 2019-09-26 17-55-37.612 [main] ResourceRegistryStandardImpl - HHH000387: ResultSet's statement was not registered
[DEBUG] 2019-09-26 17-55-37.613 [main] AbstractLoadPlanBasedEntityLoader - Done entity load : com.juliecortez.entity.Role#2
[DEBUG] 2019-09-26 17-55-37.613 [main] LogicalConnectionManagedImpl - Initiating JDBC connection release from afterTransaction
[DEBUG] 2019-09-26 17-55-37.641 [main] TransactionImpl - On TransactionImpl creation, JpaCompliance#isJpaTransactionComplianceEnabled == false
[DEBUG] 2019-09-26 17-55-37.641 [main] TransactionImpl - begin
[DEBUG] 2019-09-26 17-55-37.644 [main] ActionQueue - Executing identity-insert immediately
[DEBUG] 2019-09-26 17-55-37.645 [main] SQL - insert into Role (name) values (?)
[DEBUG] 2019-09-26 17-55-37.648 [main] IdentifierGeneratorHelper - Natively generated identity: 21
[DEBUG] 2019-09-26 17-55-37.648 [main] ResourceRegistryStandardImpl - HHH000387: ResultSet's statement was not registered
[DEBUG] 2019-09-26 17-55-37.649 [main] TransactionImpl - committing
[DEBUG] 2019-09-26 17-55-37.649 [main] AbstractFlushingEventListener - Processing flush-time cascades
[DEBUG] 2019-09-26 17-55-37.649 [main] AbstractFlushingEventListener - Dirty checking collections
[DEBUG] 2019-09-26 17-55-37.649 [main] AbstractFlushingEventListener - Flushed: 0 insertions, 0 updates, 0 deletions to 1 objects
[DEBUG] 2019-09-26 17-55-37.649 [main] AbstractFlushingEventListener - Flushed: 0 (re)creations, 0 updates, 0 removals to 0 collections
[DEBUG] 2019-09-26 17-55-37.649 [main] EntityPrinter - Listing entities:
[DEBUG] 2019-09-26 17-55-37.649 [main] EntityPrinter - com.juliecortez.entity.Role{name=Test Role, id=21}
[DEBUG] 2019-09-26 17-55-37.652 [main] LogicalConnectionManagedImpl - Initiating JDBC connection release from afterTransaction
[DEBUG] 2019-09-26 17-55-37.652 [main] LogicalConnectionManagedImpl - Initiating JDBC connection release from afterTransaction
[DEBUG] 2019-09-26 17-55-37.653 [main] SQL - select role0_.id as id1_0_0_, role0_.name as name2_0_0_ from Role role0_ where role0_.id=?
[DEBUG] 2019-09-26 17-55-37.654 [main] ResultSetProcessorImpl - Starting ResultSet row #0
[DEBUG] 2019-09-26 17-55-37.655 [main] EntityReferenceInitializerImpl - On call to EntityIdentifierReaderImpl#resolve, EntityKey was already known; should only happen on root returns with an optional identifier specified
[DEBUG] 2019-09-26 17-55-37.655 [main] TwoPhaseLoad - Resolving attributes for [com.juliecortez.entity.Role#21]
[DEBUG] 2019-09-26 17-55-37.655 [main] TwoPhaseLoad - Processing attribute `name` : value = Test Role
[DEBUG] 2019-09-26 17-55-37.655 [main] TwoPhaseLoad - Attribute (`name`)  - enhanced for lazy-loading? - false
[DEBUG] 2019-09-26 17-55-37.655 [main] TwoPhaseLoad - Done materializing entity [com.juliecortez.entity.Role#21]
[DEBUG] 2019-09-26 17-55-37.655 [main] ResourceRegistryStandardImpl - HHH000387: ResultSet's statement was not registered
[DEBUG] 2019-09-26 17-55-37.655 [main] AbstractLoadPlanBasedEntityLoader - Done entity load : com.juliecortez.entity.Role#21
[DEBUG] 2019-09-26 17-55-37.655 [main] LogicalConnectionManagedImpl - Initiating JDBC connection release from afterTransaction
