[DEBUG] 2019-10-01 19-39-43.302 [main] IntegratorServiceImpl - Adding Integrator [org.hibernate.cfg.beanvalidation.BeanValidationIntegrator].
[DEBUG] 2019-10-01 19-39-43.307 [main] IntegratorServiceImpl - Adding Integrator [org.hibernate.secure.spi.JaccIntegrator].
[DEBUG] 2019-10-01 19-39-43.311 [main] IntegratorServiceImpl - Adding Integrator [org.hibernate.cache.internal.CollectionCacheInvalidator].
[INFO ] 2019-10-01 19-39-43.381 [main] Version - HHH000412: Hibernate Core {5.4.4.Final}
[DEBUG] 2019-10-01 19-39-43.383 [main] Environment - HHH000206: hibernate.properties not found
[DEBUG] 2019-10-01 19-39-43.604 [main] LocalXmlResourceResolver - Interpreting public/system identifier : [-//Hibernate/Hibernate Configuration DTD//EN] - [http://www.hibernate.org/dtd/hibernate-configuration-3.0.dtd]
[DEBUG] 2019-10-01 19-39-43.605 [main] LocalXmlResourceResolver - Recognized hibernate-configuration identifier; attempting to resolve on classpath under org/hibernate/
[DEBUG] 2019-10-01 19-39-43.611 [main] JaxbCfgProcessor - cfg.xml document did not define namespaces; wrapping in custom event reader to introduce namespace information
[DEBUG] 2019-10-01 19-39-43.866 [main] ServiceBinding - Overriding existing service binding [org.hibernate.secure.spi.JaccService]
[DEBUG] 2019-10-01 19-39-43.882 [main] RegionFactoryInitiator - Cannot default RegionFactory based on registered strategies as `[]` RegionFactory strategies were registered
[DEBUG] 2019-10-01 19-39-43.882 [main] RegionFactoryInitiator - Cache region factory : org.hibernate.cache.internal.NoCachingRegionFactory
[INFO ] 2019-10-01 19-39-43.897 [main] Version - HCANN000001: Hibernate Commons Annotations {5.1.0.Final}
[DEBUG] 2019-10-01 19-39-44.071 [main] BasicTypeRegistry - Adding type registration boolean -> org.hibernate.type.BooleanType@258ee7de
[DEBUG] 2019-10-01 19-39-44.072 [main] BasicTypeRegistry - Adding type registration boolean -> org.hibernate.type.BooleanType@258ee7de
[DEBUG] 2019-10-01 19-39-44.072 [main] BasicTypeRegistry - Adding type registration java.lang.Boolean -> org.hibernate.type.BooleanType@258ee7de
[DEBUG] 2019-10-01 19-39-44.072 [main] BasicTypeRegistry - Adding type registration numeric_boolean -> org.hibernate.type.NumericBooleanType@705f83a7
[DEBUG] 2019-10-01 19-39-44.073 [main] BasicTypeRegistry - Adding type registration true_false -> org.hibernate.type.TrueFalseType@29a4f594
[DEBUG] 2019-10-01 19-39-44.073 [main] BasicTypeRegistry - Adding type registration yes_no -> org.hibernate.type.YesNoType@287f7811
[DEBUG] 2019-10-01 19-39-44.074 [main] BasicTypeRegistry - Adding type registration byte -> org.hibernate.type.ByteType@1f52eb6f
[DEBUG] 2019-10-01 19-39-44.074 [main] BasicTypeRegistry - Adding type registration byte -> org.hibernate.type.ByteType@1f52eb6f
[DEBUG] 2019-10-01 19-39-44.074 [main] BasicTypeRegistry - Adding type registration java.lang.Byte -> org.hibernate.type.ByteType@1f52eb6f
[DEBUG] 2019-10-01 19-39-44.075 [main] BasicTypeRegistry - Adding type registration character -> org.hibernate.type.CharacterType@59546cfe
[DEBUG] 2019-10-01 19-39-44.075 [main] BasicTypeRegistry - Adding type registration char -> org.hibernate.type.CharacterType@59546cfe
[DEBUG] 2019-10-01 19-39-44.075 [main] BasicTypeRegistry - Adding type registration java.lang.Character -> org.hibernate.type.CharacterType@59546cfe
[DEBUG] 2019-10-01 19-39-44.076 [main] BasicTypeRegistry - Adding type registration short -> org.hibernate.type.ShortType@f72203
[DEBUG] 2019-10-01 19-39-44.076 [main] BasicTypeRegistry - Adding type registration short -> org.hibernate.type.ShortType@f72203
[DEBUG] 2019-10-01 19-39-44.076 [main] BasicTypeRegistry - Adding type registration java.lang.Short -> org.hibernate.type.ShortType@f72203
[DEBUG] 2019-10-01 19-39-44.076 [main] BasicTypeRegistry - Adding type registration integer -> org.hibernate.type.IntegerType@6d4c273c
[DEBUG] 2019-10-01 19-39-44.077 [main] BasicTypeRegistry - Adding type registration int -> org.hibernate.type.IntegerType@6d4c273c
[DEBUG] 2019-10-01 19-39-44.077 [main] BasicTypeRegistry - Adding type registration java.lang.Integer -> org.hibernate.type.IntegerType@6d4c273c
[DEBUG] 2019-10-01 19-39-44.077 [main] BasicTypeRegistry - Adding type registration long -> org.hibernate.type.LongType@2ab2710
[DEBUG] 2019-10-01 19-39-44.077 [main] BasicTypeRegistry - Adding type registration long -> org.hibernate.type.LongType@2ab2710
[DEBUG] 2019-10-01 19-39-44.078 [main] BasicTypeRegistry - Adding type registration java.lang.Long -> org.hibernate.type.LongType@2ab2710
[DEBUG] 2019-10-01 19-39-44.078 [main] BasicTypeRegistry - Adding type registration float -> org.hibernate.type.FloatType@1f193686
[DEBUG] 2019-10-01 19-39-44.078 [main] BasicTypeRegistry - Adding type registration float -> org.hibernate.type.FloatType@1f193686
[DEBUG] 2019-10-01 19-39-44.078 [main] BasicTypeRegistry - Adding type registration java.lang.Float -> org.hibernate.type.FloatType@1f193686
[DEBUG] 2019-10-01 19-39-44.079 [main] BasicTypeRegistry - Adding type registration double -> org.hibernate.type.DoubleType@1d25c1c
[DEBUG] 2019-10-01 19-39-44.079 [main] BasicTypeRegistry - Adding type registration double -> org.hibernate.type.DoubleType@1d25c1c
[DEBUG] 2019-10-01 19-39-44.079 [main] BasicTypeRegistry - Adding type registration java.lang.Double -> org.hibernate.type.DoubleType@1d25c1c
[DEBUG] 2019-10-01 19-39-44.080 [main] BasicTypeRegistry - Adding type registration big_decimal -> org.hibernate.type.BigDecimalType@9255c05
[DEBUG] 2019-10-01 19-39-44.080 [main] BasicTypeRegistry - Adding type registration java.math.BigDecimal -> org.hibernate.type.BigDecimalType@9255c05
[DEBUG] 2019-10-01 19-39-44.081 [main] BasicTypeRegistry - Adding type registration big_integer -> org.hibernate.type.BigIntegerType@1931d99
[DEBUG] 2019-10-01 19-39-44.081 [main] BasicTypeRegistry - Adding type registration java.math.BigInteger -> org.hibernate.type.BigIntegerType@1931d99
[DEBUG] 2019-10-01 19-39-44.081 [main] BasicTypeRegistry - Adding type registration string -> org.hibernate.type.StringType@6293e39e
[DEBUG] 2019-10-01 19-39-44.081 [main] BasicTypeRegistry - Adding type registration java.lang.String -> org.hibernate.type.StringType@6293e39e
[DEBUG] 2019-10-01 19-39-44.082 [main] BasicTypeRegistry - Adding type registration nstring -> org.hibernate.type.StringNVarcharType@21fdfefc
[DEBUG] 2019-10-01 19-39-44.082 [main] BasicTypeRegistry - Adding type registration ncharacter -> org.hibernate.type.CharacterNCharType@67e28be3
[DEBUG] 2019-10-01 19-39-44.083 [main] BasicTypeRegistry - Adding type registration url -> org.hibernate.type.UrlType@b18c4
[DEBUG] 2019-10-01 19-39-44.084 [main] BasicTypeRegistry - Adding type registration java.net.URL -> org.hibernate.type.UrlType@b18c4
[DEBUG] 2019-10-01 19-39-44.085 [main] BasicTypeRegistry - Adding type registration Duration -> org.hibernate.type.DurationType@27d57a2c
[DEBUG] 2019-10-01 19-39-44.085 [main] BasicTypeRegistry - Adding type registration java.time.Duration -> org.hibernate.type.DurationType@27d57a2c
[DEBUG] 2019-10-01 19-39-44.091 [main] BasicTypeRegistry - Adding type registration Instant -> org.hibernate.type.InstantType@3a2b2322
[DEBUG] 2019-10-01 19-39-44.092 [main] BasicTypeRegistry - Adding type registration java.time.Instant -> org.hibernate.type.InstantType@3a2b2322
[DEBUG] 2019-10-01 19-39-44.093 [main] BasicTypeRegistry - Adding type registration LocalDateTime -> org.hibernate.type.LocalDateTimeType@63fdffcd
[DEBUG] 2019-10-01 19-39-44.093 [main] BasicTypeRegistry - Adding type registration java.time.LocalDateTime -> org.hibernate.type.LocalDateTimeType@63fdffcd
[DEBUG] 2019-10-01 19-39-44.094 [main] BasicTypeRegistry - Adding type registration LocalDate -> org.hibernate.type.LocalDateType@2a9bc08f
[DEBUG] 2019-10-01 19-39-44.095 [main] BasicTypeRegistry - Adding type registration java.time.LocalDate -> org.hibernate.type.LocalDateType@2a9bc08f
[DEBUG] 2019-10-01 19-39-44.096 [main] BasicTypeRegistry - Adding type registration LocalTime -> org.hibernate.type.LocalTimeType@77cb9cd1
[DEBUG] 2019-10-01 19-39-44.096 [main] BasicTypeRegistry - Adding type registration java.time.LocalTime -> org.hibernate.type.LocalTimeType@77cb9cd1
[DEBUG] 2019-10-01 19-39-44.097 [main] BasicTypeRegistry - Adding type registration OffsetDateTime -> org.hibernate.type.OffsetDateTimeType@4e61e4c2
[DEBUG] 2019-10-01 19-39-44.097 [main] BasicTypeRegistry - Adding type registration java.time.OffsetDateTime -> org.hibernate.type.OffsetDateTimeType@4e61e4c2
[DEBUG] 2019-10-01 19-39-44.098 [main] BasicTypeRegistry - Adding type registration OffsetTime -> org.hibernate.type.OffsetTimeType@4647881c
[DEBUG] 2019-10-01 19-39-44.098 [main] BasicTypeRegistry - Adding type registration java.time.OffsetTime -> org.hibernate.type.OffsetTimeType@4647881c
[DEBUG] 2019-10-01 19-39-44.100 [main] BasicTypeRegistry - Adding type registration ZonedDateTime -> org.hibernate.type.ZonedDateTimeType@44de94c3
[DEBUG] 2019-10-01 19-39-44.100 [main] BasicTypeRegistry - Adding type registration java.time.ZonedDateTime -> org.hibernate.type.ZonedDateTimeType@44de94c3
[DEBUG] 2019-10-01 19-39-44.101 [main] BasicTypeRegistry - Adding type registration date -> org.hibernate.type.DateType@62b969c4
[DEBUG] 2019-10-01 19-39-44.101 [main] BasicTypeRegistry - Adding type registration java.sql.Date -> org.hibernate.type.DateType@62b969c4
[DEBUG] 2019-10-01 19-39-44.102 [main] BasicTypeRegistry - Adding type registration time -> org.hibernate.type.TimeType@776802b0
[DEBUG] 2019-10-01 19-39-44.102 [main] BasicTypeRegistry - Adding type registration java.sql.Time -> org.hibernate.type.TimeType@776802b0
[DEBUG] 2019-10-01 19-39-44.103 [main] BasicTypeRegistry - Adding type registration timestamp -> org.hibernate.type.TimestampType@3cd59ef5
[DEBUG] 2019-10-01 19-39-44.103 [main] BasicTypeRegistry - Adding type registration java.sql.Timestamp -> org.hibernate.type.TimestampType@3cd59ef5
[DEBUG] 2019-10-01 19-39-44.103 [main] BasicTypeRegistry - Adding type registration java.util.Date -> org.hibernate.type.TimestampType@3cd59ef5
[DEBUG] 2019-10-01 19-39-44.104 [main] BasicTypeRegistry - Adding type registration dbtimestamp -> org.hibernate.type.DbTimestampType@cfbc8e8
[DEBUG] 2019-10-01 19-39-44.105 [main] BasicTypeRegistry - Adding type registration calendar -> org.hibernate.type.CalendarType@345cf395
[DEBUG] 2019-10-01 19-39-44.105 [main] BasicTypeRegistry - Adding type registration java.util.Calendar -> org.hibernate.type.CalendarType@345cf395
[DEBUG] 2019-10-01 19-39-44.105 [main] BasicTypeRegistry - Adding type registration java.util.GregorianCalendar -> org.hibernate.type.CalendarType@345cf395
[DEBUG] 2019-10-01 19-39-44.106 [main] BasicTypeRegistry - Adding type registration calendar_date -> org.hibernate.type.CalendarDateType@5c82cd4f
[DEBUG] 2019-10-01 19-39-44.107 [main] BasicTypeRegistry - Adding type registration locale -> org.hibernate.type.LocaleType@2b61a019
[DEBUG] 2019-10-01 19-39-44.107 [main] BasicTypeRegistry - Adding type registration java.util.Locale -> org.hibernate.type.LocaleType@2b61a019
[DEBUG] 2019-10-01 19-39-44.108 [main] BasicTypeRegistry - Adding type registration currency -> org.hibernate.type.CurrencyType@17b64941
[DEBUG] 2019-10-01 19-39-44.108 [main] BasicTypeRegistry - Adding type registration java.util.Currency -> org.hibernate.type.CurrencyType@17b64941
[DEBUG] 2019-10-01 19-39-44.108 [main] BasicTypeRegistry - Adding type registration timezone -> org.hibernate.type.TimeZoneType@50194e8d
[DEBUG] 2019-10-01 19-39-44.108 [main] BasicTypeRegistry - Adding type registration java.util.TimeZone -> org.hibernate.type.TimeZoneType@50194e8d
[DEBUG] 2019-10-01 19-39-44.109 [main] BasicTypeRegistry - Adding type registration class -> org.hibernate.type.ClassType@408b87aa
[DEBUG] 2019-10-01 19-39-44.109 [main] BasicTypeRegistry - Adding type registration java.lang.Class -> org.hibernate.type.ClassType@408b87aa
[DEBUG] 2019-10-01 19-39-44.110 [main] BasicTypeRegistry - Adding type registration uuid-binary -> org.hibernate.type.UUIDBinaryType@1ad8df52
[DEBUG] 2019-10-01 19-39-44.110 [main] BasicTypeRegistry - Adding type registration java.util.UUID -> org.hibernate.type.UUIDBinaryType@1ad8df52
[DEBUG] 2019-10-01 19-39-44.110 [main] BasicTypeRegistry - Adding type registration uuid-char -> org.hibernate.type.UUIDCharType@4393593c
[DEBUG] 2019-10-01 19-39-44.111 [main] BasicTypeRegistry - Adding type registration binary -> org.hibernate.type.BinaryType@7d0cc890
[DEBUG] 2019-10-01 19-39-44.111 [main] BasicTypeRegistry - Adding type registration byte[] -> org.hibernate.type.BinaryType@7d0cc890
[DEBUG] 2019-10-01 19-39-44.111 [main] BasicTypeRegistry - Adding type registration [B -> org.hibernate.type.BinaryType@7d0cc890
[DEBUG] 2019-10-01 19-39-44.112 [main] BasicTypeRegistry - Adding type registration wrapper-binary -> org.hibernate.type.WrapperBinaryType@5246a3b3
[DEBUG] 2019-10-01 19-39-44.112 [main] BasicTypeRegistry - Adding type registration Byte[] -> org.hibernate.type.WrapperBinaryType@5246a3b3
[DEBUG] 2019-10-01 19-39-44.112 [main] BasicTypeRegistry - Adding type registration [Ljava.lang.Byte; -> org.hibernate.type.WrapperBinaryType@5246a3b3
[DEBUG] 2019-10-01 19-39-44.113 [main] BasicTypeRegistry - Adding type registration row_version -> org.hibernate.type.RowVersionType@3c904f1e
[DEBUG] 2019-10-01 19-39-44.113 [main] BasicTypeRegistry - Adding type registration image -> org.hibernate.type.ImageType@57a48985
[DEBUG] 2019-10-01 19-39-44.114 [main] BasicTypeRegistry - Adding type registration characters -> org.hibernate.type.CharArrayType@3f672204
[DEBUG] 2019-10-01 19-39-44.114 [main] BasicTypeRegistry - Adding type registration char[] -> org.hibernate.type.CharArrayType@3f672204
[DEBUG] 2019-10-01 19-39-44.114 [main] BasicTypeRegistry - Adding type registration [C -> org.hibernate.type.CharArrayType@3f672204
[DEBUG] 2019-10-01 19-39-44.115 [main] BasicTypeRegistry - Adding type registration wrapper-characters -> org.hibernate.type.CharacterArrayType@7cf283e1
[DEBUG] 2019-10-01 19-39-44.115 [main] BasicTypeRegistry - Adding type registration [Ljava.lang.Character; -> org.hibernate.type.CharacterArrayType@7cf283e1
[DEBUG] 2019-10-01 19-39-44.115 [main] BasicTypeRegistry - Adding type registration Character[] -> org.hibernate.type.CharacterArrayType@7cf283e1
[DEBUG] 2019-10-01 19-39-44.115 [main] BasicTypeRegistry - Adding type registration text -> org.hibernate.type.TextType@252f626c
[DEBUG] 2019-10-01 19-39-44.116 [main] BasicTypeRegistry - Adding type registration ntext -> org.hibernate.type.NTextType@b10a26d
[DEBUG] 2019-10-01 19-39-44.117 [main] BasicTypeRegistry - Adding type registration blob -> org.hibernate.type.BlobType@6d9fb2d1
[DEBUG] 2019-10-01 19-39-44.117 [main] BasicTypeRegistry - Adding type registration java.sql.Blob -> org.hibernate.type.BlobType@6d9fb2d1
[DEBUG] 2019-10-01 19-39-44.117 [main] BasicTypeRegistry - Adding type registration materialized_blob -> org.hibernate.type.MaterializedBlobType@151db587
[DEBUG] 2019-10-01 19-39-44.118 [main] BasicTypeRegistry - Adding type registration clob -> org.hibernate.type.ClobType@6eb82908
[DEBUG] 2019-10-01 19-39-44.118 [main] BasicTypeRegistry - Adding type registration java.sql.Clob -> org.hibernate.type.ClobType@6eb82908
[DEBUG] 2019-10-01 19-39-44.119 [main] BasicTypeRegistry - Adding type registration nclob -> org.hibernate.type.NClobType@26a2f7f9
[DEBUG] 2019-10-01 19-39-44.120 [main] BasicTypeRegistry - Adding type registration java.sql.NClob -> org.hibernate.type.NClobType@26a2f7f9
[DEBUG] 2019-10-01 19-39-44.120 [main] BasicTypeRegistry - Adding type registration materialized_clob -> org.hibernate.type.MaterializedClobType@10ee04df
[DEBUG] 2019-10-01 19-39-44.120 [main] BasicTypeRegistry - Adding type registration materialized_nclob -> org.hibernate.type.MaterializedNClobType@56d93692
[DEBUG] 2019-10-01 19-39-44.122 [main] BasicTypeRegistry - Adding type registration serializable -> org.hibernate.type.SerializableType@61e3cf4d
[DEBUG] 2019-10-01 19-39-44.124 [main] BasicTypeRegistry - Adding type registration object -> org.hibernate.type.ObjectType@6e495b48
[DEBUG] 2019-10-01 19-39-44.124 [main] BasicTypeRegistry - Adding type registration java.lang.Object -> org.hibernate.type.ObjectType@6e495b48
[DEBUG] 2019-10-01 19-39-44.124 [main] BasicTypeRegistry - Adding type registration imm_date -> org.hibernate.type.AdaptedImmutableType@4b2d44bc
[DEBUG] 2019-10-01 19-39-44.125 [main] BasicTypeRegistry - Adding type registration imm_time -> org.hibernate.type.AdaptedImmutableType@58e92c23
[DEBUG] 2019-10-01 19-39-44.125 [main] BasicTypeRegistry - Adding type registration imm_timestamp -> org.hibernate.type.AdaptedImmutableType@3e7545e8
[DEBUG] 2019-10-01 19-39-44.125 [main] BasicTypeRegistry - Adding type registration imm_dbtimestamp -> org.hibernate.type.AdaptedImmutableType@75e710b
[DEBUG] 2019-10-01 19-39-44.125 [main] BasicTypeRegistry - Adding type registration imm_calendar -> org.hibernate.type.AdaptedImmutableType@26f7cdf8
[DEBUG] 2019-10-01 19-39-44.125 [main] BasicTypeRegistry - Adding type registration imm_calendar_date -> org.hibernate.type.AdaptedImmutableType@376e7531
[DEBUG] 2019-10-01 19-39-44.125 [main] BasicTypeRegistry - Adding type registration imm_binary -> org.hibernate.type.AdaptedImmutableType@23202c31
[DEBUG] 2019-10-01 19-39-44.125 [main] BasicTypeRegistry - Adding type registration imm_serializable -> org.hibernate.type.AdaptedImmutableType@5782d777
[DEBUG] 2019-10-01 19-39-44.146 [main] DefaultIdentifierGeneratorFactory - Registering IdentifierGenerator strategy [uuid2] -> [org.hibernate.id.UUIDGenerator]
[DEBUG] 2019-10-01 19-39-44.147 [main] DefaultIdentifierGeneratorFactory - Registering IdentifierGenerator strategy [guid] -> [org.hibernate.id.GUIDGenerator]
[DEBUG] 2019-10-01 19-39-44.148 [main] DefaultIdentifierGeneratorFactory - Registering IdentifierGenerator strategy [uuid] -> [org.hibernate.id.UUIDHexGenerator]
[DEBUG] 2019-10-01 19-39-44.148 [main] DefaultIdentifierGeneratorFactory - Registering IdentifierGenerator strategy [uuid.hex] -> [org.hibernate.id.UUIDHexGenerator]
[DEBUG] 2019-10-01 19-39-44.148 [main] DefaultIdentifierGeneratorFactory - Registering IdentifierGenerator strategy [assigned] -> [org.hibernate.id.Assigned]
[DEBUG] 2019-10-01 19-39-44.150 [main] DefaultIdentifierGeneratorFactory - Registering IdentifierGenerator strategy [identity] -> [org.hibernate.id.IdentityGenerator]
[DEBUG] 2019-10-01 19-39-44.150 [main] DefaultIdentifierGeneratorFactory - Registering IdentifierGenerator strategy [select] -> [org.hibernate.id.SelectGenerator]
[DEBUG] 2019-10-01 19-39-44.151 [main] DefaultIdentifierGeneratorFactory - Registering IdentifierGenerator strategy [sequence] -> [org.hibernate.id.enhanced.SequenceStyleGenerator]
[DEBUG] 2019-10-01 19-39-44.153 [main] DefaultIdentifierGeneratorFactory - Registering IdentifierGenerator strategy [seqhilo] -> [org.hibernate.id.SequenceHiLoGenerator]
[DEBUG] 2019-10-01 19-39-44.153 [main] DefaultIdentifierGeneratorFactory - Registering IdentifierGenerator strategy [increment] -> [org.hibernate.id.IncrementGenerator]
[DEBUG] 2019-10-01 19-39-44.154 [main] DefaultIdentifierGeneratorFactory - Registering IdentifierGenerator strategy [foreign] -> [org.hibernate.id.ForeignGenerator]
[DEBUG] 2019-10-01 19-39-44.154 [main] DefaultIdentifierGeneratorFactory - Registering IdentifierGenerator strategy [sequence-identity] -> [org.hibernate.id.SequenceIdentityGenerator]
[DEBUG] 2019-10-01 19-39-44.154 [main] DefaultIdentifierGeneratorFactory - Registering IdentifierGenerator strategy [enhanced-sequence] -> [org.hibernate.id.enhanced.SequenceStyleGenerator]
[DEBUG] 2019-10-01 19-39-44.155 [main] DefaultIdentifierGeneratorFactory - Registering IdentifierGenerator strategy [enhanced-table] -> [org.hibernate.id.enhanced.TableGenerator]
[INFO ] 2019-10-01 19-39-44.161 [main] C3P0ConnectionProvider - HHH010002: C3P0 using driver: com.mysql.cj.jdbc.Driver at URL: jdbc:mysql://localhost:3306/test_mww
[INFO ] 2019-10-01 19-39-44.161 [main] C3P0ConnectionProvider - HHH10001001: Connection properties: {password=****, user=cortezjl}
[INFO ] 2019-10-01 19-39-44.161 [main] C3P0ConnectionProvider - HHH10001003: Autocommit mode: false
[INFO ] 2019-10-01 19-39-44.252 [main] C3P0ConnectionProvider - HHH10001007: JDBC isolation level: <unknown>
[DEBUG] 2019-10-01 19-39-44.637 [main] JdbcEnvironmentInitiator - Database ->
       name : MySQL
    version : 8.0.17
      major : 8
      minor : 0
[DEBUG] 2019-10-01 19-39-44.638 [main] JdbcEnvironmentInitiator - Driver ->
       name : MySQL Connector/J
    version : mysql-connector-java-8.0.16 (Revision: 34cbc6bc61f72836e26327537a432d6db7c77de6)
      major : 8
      minor : 0
[DEBUG] 2019-10-01 19-39-44.638 [main] JdbcEnvironmentInitiator - JDBC version : 4.2
[INFO ] 2019-10-01 19-39-44.667 [main] Dialect - HHH000400: Using dialect: org.hibernate.dialect.MySQL8Dialect
[DEBUG] 2019-10-01 19-39-44.683 [main] IdentifierHelperBuilder - JDBC driver metadata reported database stores quoted identifiers in more than one case
[DEBUG] 2019-10-01 19-39-44.702 [main] IdentifierHelperBuilder - IdentifierCaseStrategy for both quoted and unquoted identifiers was set to the same strategy [LOWER]; that will likely lead to problems in schema update and validation if using quoted identifiers
[DEBUG] 2019-10-01 19-39-44.728 [main] Namespace - Created database namespace [logicalName=Name{catalog=null, schema=null}, physicalName=Name{catalog=null, schema=null}]
[DEBUG] 2019-10-01 19-39-44.731 [main] TypeConfiguration$Scope - Scoping TypeConfiguration [org.hibernate.type.spi.TypeConfiguration@2eae4349] to MetadataBuildingContext [org.hibernate.boot.internal.MetadataBuildingContextRootImpl@e84fb85]
[DEBUG] 2019-10-01 19-39-44.780 [main] AnnotationBinder - Binding entity from annotated class: com.juliecortez.entity.Role
[DEBUG] 2019-10-01 19-39-44.799 [main] Ejb3Column - Binding column: Ejb3DiscriminatorColumn{logicalColumnName'DTYPE', discriminatorTypeName='string'}
[DEBUG] 2019-10-01 19-39-44.804 [main] EntityBinder - Import with entity name Role
[DEBUG] 2019-10-01 19-39-44.806 [main] EntityBinder - Bind entity com.juliecortez.entity.Role on table role
[DEBUG] 2019-10-01 19-39-44.822 [main] Ejb3Column - Binding column: Ejb3Column{table=org.hibernate.mapping.Table(role), mappingColumn=id, insertable=true, updatable=true, unique=false}
[DEBUG] 2019-10-01 19-39-44.824 [main] PropertyBinder - MetadataSourceProcessor property id with lazy=false
[DEBUG] 2019-10-01 19-39-44.825 [main] AbstractPropertyHolder - Attempting to locate auto-apply AttributeConverter for property [com.juliecortez.entity.Role:id]
[DEBUG] 2019-10-01 19-39-44.827 [main] SimpleValueBinder - building SimpleValue for id
[DEBUG] 2019-10-01 19-39-44.829 [main] PropertyBinder - Building property id
[DEBUG] 2019-10-01 19-39-44.832 [main] BinderHelper - #makeIdGenerator(org.hibernate.mapping.SimpleValue([org.hibernate.mapping.Column(id)]), id, org.hibernate.id.enhanced.SequenceStyleGenerator, native, ...)
[DEBUG] 2019-10-01 19-39-44.833 [main] Ejb3Column - Binding column: Ejb3Column{table=org.hibernate.mapping.Table(role), mappingColumn=role, insertable=true, updatable=true, unique=false}
[DEBUG] 2019-10-01 19-39-44.833 [main] PropertyBinder - MetadataSourceProcessor property role with lazy=false
[DEBUG] 2019-10-01 19-39-44.833 [main] AbstractPropertyHolder - Attempting to locate auto-apply AttributeConverter for property [com.juliecortez.entity.Role:role]
[DEBUG] 2019-10-01 19-39-44.833 [main] SimpleValueBinder - building SimpleValue for role
[DEBUG] 2019-10-01 19-39-44.833 [main] PropertyBinder - Building property role
[DEBUG] 2019-10-01 19-39-44.834 [main] AnnotationBinder - Binding entity from annotated class: com.juliecortez.entity.User
[DEBUG] 2019-10-01 19-39-44.834 [main] Ejb3Column - Binding column: Ejb3DiscriminatorColumn{logicalColumnName'DTYPE', discriminatorTypeName='string'}
[DEBUG] 2019-10-01 19-39-44.834 [main] EntityBinder - Import with entity name User
[DEBUG] 2019-10-01 19-39-44.834 [main] EntityBinder - Bind entity com.juliecortez.entity.User on table user
[DEBUG] 2019-10-01 19-39-44.839 [main] Ejb3Column - Binding column: Ejb3Column{table=org.hibernate.mapping.Table(user), mappingColumn=id, insertable=true, updatable=true, unique=false}
[DEBUG] 2019-10-01 19-39-44.839 [main] PropertyBinder - MetadataSourceProcessor property id with lazy=false
[DEBUG] 2019-10-01 19-39-44.839 [main] AbstractPropertyHolder - Attempting to locate auto-apply AttributeConverter for property [com.juliecortez.entity.User:id]
[DEBUG] 2019-10-01 19-39-44.840 [main] SimpleValueBinder - building SimpleValue for id
[DEBUG] 2019-10-01 19-39-44.840 [main] PropertyBinder - Building property id
[DEBUG] 2019-10-01 19-39-44.840 [main] BinderHelper - #makeIdGenerator(org.hibernate.mapping.SimpleValue([org.hibernate.mapping.Column(id)]), id, org.hibernate.id.enhanced.SequenceStyleGenerator, native, ...)
[DEBUG] 2019-10-01 19-39-44.840 [main] Ejb3Column - Binding column: Ejb3Column{table=org.hibernate.mapping.Table(user), mappingColumn=cellPhone, insertable=true, updatable=true, unique=false}
[DEBUG] 2019-10-01 19-39-44.840 [main] PropertyBinder - MetadataSourceProcessor property cellPhone with lazy=false
[DEBUG] 2019-10-01 19-39-44.840 [main] AbstractPropertyHolder - Attempting to locate auto-apply AttributeConverter for property [com.juliecortez.entity.User:cellPhone]
[DEBUG] 2019-10-01 19-39-44.840 [main] SimpleValueBinder - building SimpleValue for cellPhone
[DEBUG] 2019-10-01 19-39-44.840 [main] PropertyBinder - Building property cellPhone
[DEBUG] 2019-10-01 19-39-44.840 [main] Ejb3Column - Binding column: Ejb3Column{table=org.hibernate.mapping.Table(user), mappingColumn=createDate, insertable=true, updatable=true, unique=false}
[DEBUG] 2019-10-01 19-39-44.840 [main] PropertyBinder - MetadataSourceProcessor property createDate with lazy=false
[DEBUG] 2019-10-01 19-39-44.840 [main] AbstractPropertyHolder - Attempting to locate auto-apply AttributeConverter for property [com.juliecortez.entity.User:createDate]
[DEBUG] 2019-10-01 19-39-44.840 [main] SimpleValueBinder - building SimpleValue for createDate
[DEBUG] 2019-10-01 19-39-44.841 [main] PropertyBinder - Building property createDate
[DEBUG] 2019-10-01 19-39-44.848 [main] Ejb3Column - Binding column: Ejb3Column{table=org.hibernate.mapping.Table(user), mappingColumn=dateOfBirth, insertable=true, updatable=true, unique=false}
[DEBUG] 2019-10-01 19-39-44.848 [main] PropertyBinder - MetadataSourceProcessor property dateOfBirth with lazy=false
[DEBUG] 2019-10-01 19-39-44.848 [main] AbstractPropertyHolder - Attempting to locate auto-apply AttributeConverter for property [com.juliecortez.entity.User:dateOfBirth]
[DEBUG] 2019-10-01 19-39-44.848 [main] SimpleValueBinder - building SimpleValue for dateOfBirth
[DEBUG] 2019-10-01 19-39-44.849 [main] PropertyBinder - Building property dateOfBirth
[DEBUG] 2019-10-01 19-39-44.849 [main] Ejb3Column - Binding column: Ejb3Column{table=org.hibernate.mapping.Table(user), mappingColumn=email, insertable=true, updatable=true, unique=false}
[DEBUG] 2019-10-01 19-39-44.849 [main] PropertyBinder - MetadataSourceProcessor property email with lazy=false
[DEBUG] 2019-10-01 19-39-44.849 [main] AbstractPropertyHolder - Attempting to locate auto-apply AttributeConverter for property [com.juliecortez.entity.User:email]
[DEBUG] 2019-10-01 19-39-44.849 [main] SimpleValueBinder - building SimpleValue for email
[DEBUG] 2019-10-01 19-39-44.849 [main] PropertyBinder - Building property email
[DEBUG] 2019-10-01 19-39-44.849 [main] Ejb3Column - Binding column: Ejb3Column{table=org.hibernate.mapping.Table(user), mappingColumn=endDate, insertable=true, updatable=true, unique=false}
[DEBUG] 2019-10-01 19-39-44.849 [main] PropertyBinder - MetadataSourceProcessor property endDate with lazy=false
[DEBUG] 2019-10-01 19-39-44.849 [main] AbstractPropertyHolder - Attempting to locate auto-apply AttributeConverter for property [com.juliecortez.entity.User:endDate]
[DEBUG] 2019-10-01 19-39-44.849 [main] SimpleValueBinder - building SimpleValue for endDate
[DEBUG] 2019-10-01 19-39-44.850 [main] PropertyBinder - Building property endDate
[DEBUG] 2019-10-01 19-39-44.850 [main] Ejb3Column - Binding column: Ejb3Column{table=org.hibernate.mapping.Table(user), mappingColumn=firstName, insertable=true, updatable=true, unique=false}
[DEBUG] 2019-10-01 19-39-44.850 [main] PropertyBinder - MetadataSourceProcessor property firstName with lazy=false
[DEBUG] 2019-10-01 19-39-44.850 [main] AbstractPropertyHolder - Attempting to locate auto-apply AttributeConverter for property [com.juliecortez.entity.User:firstName]
[DEBUG] 2019-10-01 19-39-44.850 [main] SimpleValueBinder - building SimpleValue for firstName
[DEBUG] 2019-10-01 19-39-44.850 [main] PropertyBinder - Building property firstName
[DEBUG] 2019-10-01 19-39-44.850 [main] Ejb3Column - Binding column: Ejb3Column{table=org.hibernate.mapping.Table(user), mappingColumn=homePhone, insertable=true, updatable=true, unique=false}
[DEBUG] 2019-10-01 19-39-44.850 [main] PropertyBinder - MetadataSourceProcessor property homePhone with lazy=false
[DEBUG] 2019-10-01 19-39-44.850 [main] AbstractPropertyHolder - Attempting to locate auto-apply AttributeConverter for property [com.juliecortez.entity.User:homePhone]
[DEBUG] 2019-10-01 19-39-44.850 [main] SimpleValueBinder - building SimpleValue for homePhone
[DEBUG] 2019-10-01 19-39-44.850 [main] PropertyBinder - Building property homePhone
[DEBUG] 2019-10-01 19-39-44.851 [main] Ejb3Column - Binding column: Ejb3Column{table=org.hibernate.mapping.Table(user), mappingColumn=lastName, insertable=true, updatable=true, unique=false}
[DEBUG] 2019-10-01 19-39-44.851 [main] PropertyBinder - MetadataSourceProcessor property lastName with lazy=false
[DEBUG] 2019-10-01 19-39-44.851 [main] AbstractPropertyHolder - Attempting to locate auto-apply AttributeConverter for property [com.juliecortez.entity.User:lastName]
[DEBUG] 2019-10-01 19-39-44.851 [main] SimpleValueBinder - building SimpleValue for lastName
[DEBUG] 2019-10-01 19-39-44.851 [main] PropertyBinder - Building property lastName
[DEBUG] 2019-10-01 19-39-44.851 [main] Ejb3Column - Binding column: Ejb3Column{table=org.hibernate.mapping.Table(user), mappingColumn=password, insertable=true, updatable=true, unique=false}
[DEBUG] 2019-10-01 19-39-44.851 [main] PropertyBinder - MetadataSourceProcessor property password with lazy=false
[DEBUG] 2019-10-01 19-39-44.851 [main] AbstractPropertyHolder - Attempting to locate auto-apply AttributeConverter for property [com.juliecortez.entity.User:password]
[DEBUG] 2019-10-01 19-39-44.851 [main] SimpleValueBinder - building SimpleValue for password
[DEBUG] 2019-10-01 19-39-44.851 [main] PropertyBinder - Building property password
[DEBUG] 2019-10-01 19-39-44.851 [main] Ejb3Column - Binding column: Ejb3Column{table=org.hibernate.mapping.Table(user), mappingColumn=startDate, insertable=true, updatable=true, unique=false}
[DEBUG] 2019-10-01 19-39-44.852 [main] PropertyBinder - MetadataSourceProcessor property startDate with lazy=false
[DEBUG] 2019-10-01 19-39-44.852 [main] AbstractPropertyHolder - Attempting to locate auto-apply AttributeConverter for property [com.juliecortez.entity.User:startDate]
[DEBUG] 2019-10-01 19-39-44.852 [main] SimpleValueBinder - building SimpleValue for startDate
[DEBUG] 2019-10-01 19-39-44.852 [main] PropertyBinder - Building property startDate
[DEBUG] 2019-10-01 19-39-44.852 [main] Ejb3Column - Binding column: Ejb3Column{table=org.hibernate.mapping.Table(user), mappingColumn=updateDate, insertable=true, updatable=true, unique=false}
[DEBUG] 2019-10-01 19-39-44.852 [main] PropertyBinder - MetadataSourceProcessor property updateDate with lazy=false
[DEBUG] 2019-10-01 19-39-44.852 [main] AbstractPropertyHolder - Attempting to locate auto-apply AttributeConverter for property [com.juliecortez.entity.User:updateDate]
[DEBUG] 2019-10-01 19-39-44.852 [main] SimpleValueBinder - building SimpleValue for updateDate
[DEBUG] 2019-10-01 19-39-44.852 [main] PropertyBinder - Building property updateDate
[DEBUG] 2019-10-01 19-39-44.854 [main] Ejb3Column - Binding column: Ejb3JoinColumn{logicalColumnName='null', referencedColumn='null', mappedBy='user'}
[DEBUG] 2019-10-01 19-39-44.855 [main] Ejb3Column - Binding column: Ejb3Column{table=org.hibernate.mapping.Table(user), mappingColumn=userRoles, insertable=true, updatable=true, unique=false}
[DEBUG] 2019-10-01 19-39-44.857 [main] Ejb3Column - Binding column: Ejb3Column{table=org.hibernate.mapping.Table(user), mappingColumn=null, insertable=true, updatable=true, unique=false}
[DEBUG] 2019-10-01 19-39-44.865 [main] Ejb3Column - Binding column: Ejb3Column{table=org.hibernate.mapping.Table(user), mappingColumn=element, insertable=true, updatable=true, unique=false}
[DEBUG] 2019-10-01 19-39-44.865 [main] Ejb3Column - Binding column: Ejb3Column{table=org.hibernate.mapping.Table(user), mappingColumn=userRoles_KEY, insertable=true, updatable=true, unique=false}
[DEBUG] 2019-10-01 19-39-44.866 [main] Ejb3Column - Binding column: Ejb3JoinColumn{logicalColumnName='userRoles_KEY', referencedColumn='null', mappedBy='null'}
[DEBUG] 2019-10-01 19-39-44.867 [main] Ejb3Column - Binding column: Ejb3JoinColumn{logicalColumnName='null', referencedColumn='null', mappedBy='user'}
[DEBUG] 2019-10-01 19-39-44.868 [main] Ejb3Column - Binding column: Ejb3JoinColumn{logicalColumnName='null', referencedColumn='null', mappedBy='user'}
[DEBUG] 2019-10-01 19-39-44.868 [main] CollectionBinder - Collection role: com.juliecortez.entity.User.userRoles
[DEBUG] 2019-10-01 19-39-44.871 [main] PropertyBinder - Building property userRoles
[DEBUG] 2019-10-01 19-39-44.871 [main] AnnotationBinder - Binding entity from annotated class: com.juliecortez.entity.UserRole
[DEBUG] 2019-10-01 19-39-44.871 [main] Ejb3Column - Binding column: Ejb3DiscriminatorColumn{logicalColumnName'DTYPE', discriminatorTypeName='string'}
[DEBUG] 2019-10-01 19-39-44.871 [main] EntityBinder - Import with entity name UserRole
[DEBUG] 2019-10-01 19-39-44.871 [main] EntityBinder - Bind entity com.juliecortez.entity.UserRole on table user_role
[DEBUG] 2019-10-01 19-39-44.874 [main] Ejb3Column - Binding column: Ejb3Column{table=org.hibernate.mapping.Table(user_role), mappingColumn=id, insertable=true, updatable=true, unique=false}
[DEBUG] 2019-10-01 19-39-44.874 [main] PropertyBinder - MetadataSourceProcessor property id with lazy=false
[DEBUG] 2019-10-01 19-39-44.875 [main] AbstractPropertyHolder - Attempting to locate auto-apply AttributeConverter for property [com.juliecortez.entity.UserRole:id]
[DEBUG] 2019-10-01 19-39-44.875 [main] SimpleValueBinder - building SimpleValue for id
[DEBUG] 2019-10-01 19-39-44.875 [main] PropertyBinder - Building property id
[DEBUG] 2019-10-01 19-39-44.875 [main] BinderHelper - #makeIdGenerator(org.hibernate.mapping.SimpleValue([org.hibernate.mapping.Column(id)]), id, org.hibernate.id.enhanced.SequenceStyleGenerator, native, ...)
[DEBUG] 2019-10-01 19-39-44.875 [main] Ejb3Column - Binding column: Ejb3Column{table=org.hibernate.mapping.Table(user_role), mappingColumn=createDate, insertable=true, updatable=true, unique=false}
[DEBUG] 2019-10-01 19-39-44.875 [main] PropertyBinder - MetadataSourceProcessor property createDate with lazy=false
[DEBUG] 2019-10-01 19-39-44.875 [main] AbstractPropertyHolder - Attempting to locate auto-apply AttributeConverter for property [com.juliecortez.entity.UserRole:createDate]
[DEBUG] 2019-10-01 19-39-44.875 [main] SimpleValueBinder - building SimpleValue for createDate
[DEBUG] 2019-10-01 19-39-44.875 [main] PropertyBinder - Building property createDate
[DEBUG] 2019-10-01 19-39-44.875 [main] Ejb3Column - Binding column: Ejb3Column{table=org.hibernate.mapping.Table(user_role), mappingColumn=role, insertable=true, updatable=true, unique=false}
[DEBUG] 2019-10-01 19-39-44.875 [main] PropertyBinder - MetadataSourceProcessor property role with lazy=false
[DEBUG] 2019-10-01 19-39-44.876 [main] AbstractPropertyHolder - Attempting to locate auto-apply AttributeConverter for property [com.juliecortez.entity.UserRole:role]
[DEBUG] 2019-10-01 19-39-44.876 [main] SimpleValueBinder - building SimpleValue for role
[DEBUG] 2019-10-01 19-39-44.876 [main] PropertyBinder - Building property role
[DEBUG] 2019-10-01 19-39-44.876 [main] Ejb3Column - Binding column: Ejb3Column{table=org.hibernate.mapping.Table(user_role), mappingColumn=updateDate, insertable=true, updatable=true, unique=false}
[DEBUG] 2019-10-01 19-39-44.876 [main] PropertyBinder - MetadataSourceProcessor property updateDate with lazy=false
[DEBUG] 2019-10-01 19-39-44.876 [main] AbstractPropertyHolder - Attempting to locate auto-apply AttributeConverter for property [com.juliecortez.entity.UserRole:updateDate]
[DEBUG] 2019-10-01 19-39-44.876 [main] SimpleValueBinder - building SimpleValue for updateDate
[DEBUG] 2019-10-01 19-39-44.876 [main] PropertyBinder - Building property updateDate
[DEBUG] 2019-10-01 19-39-44.876 [main] Ejb3Column - Binding column: Ejb3JoinColumn{logicalColumnName='null', referencedColumn='null', mappedBy='null'}
[DEBUG] 2019-10-01 19-39-44.876 [main] Ejb3Column - Binding column: Ejb3Column{table=org.hibernate.mapping.Table(user_role), mappingColumn=user, insertable=true, updatable=true, unique=false}
[DEBUG] 2019-10-01 19-39-44.878 [main] PropertyBinder - Building property user
[DEBUG] 2019-10-01 19-39-44.878 [main] Ejb3Column - Binding column: Ejb3Column{table=org.hibernate.mapping.Table(user_role), mappingColumn=user_id, insertable=true, updatable=true, unique=false}
[DEBUG] 2019-10-01 19-39-44.879 [main] PropertyBinder - MetadataSourceProcessor property userId with lazy=false
[DEBUG] 2019-10-01 19-39-44.879 [main] AbstractPropertyHolder - Attempting to locate auto-apply AttributeConverter for property [com.juliecortez.entity.UserRole:userId]
[DEBUG] 2019-10-01 19-39-44.879 [main] SimpleValueBinder - building SimpleValue for userId
[DEBUG] 2019-10-01 19-39-44.879 [main] PropertyBinder - Building property userId
[DEBUG] 2019-10-01 19-39-44.881 [main] SimpleValueBinder - Starting fillSimpleValue for id
[DEBUG] 2019-10-01 19-39-44.881 [main] SimpleValueBinder - Starting fillSimpleValue for role
[DEBUG] 2019-10-01 19-39-44.881 [main] SimpleValueBinder - Starting fillSimpleValue for id
[DEBUG] 2019-10-01 19-39-44.881 [main] SimpleValueBinder - Starting fillSimpleValue for cellPhone
[DEBUG] 2019-10-01 19-39-44.881 [main] SimpleValueBinder - Starting fillSimpleValue for createDate
[DEBUG] 2019-10-01 19-39-44.881 [main] SimpleValueBinder - Starting fillSimpleValue for dateOfBirth
[DEBUG] 2019-10-01 19-39-44.881 [main] SimpleValueBinder - Starting fillSimpleValue for email
[DEBUG] 2019-10-01 19-39-44.881 [main] SimpleValueBinder - Starting fillSimpleValue for endDate
[DEBUG] 2019-10-01 19-39-44.881 [main] SimpleValueBinder - Starting fillSimpleValue for firstName
[DEBUG] 2019-10-01 19-39-44.881 [main] SimpleValueBinder - Starting fillSimpleValue for homePhone
[DEBUG] 2019-10-01 19-39-44.881 [main] SimpleValueBinder - Starting fillSimpleValue for lastName
[DEBUG] 2019-10-01 19-39-44.881 [main] SimpleValueBinder - Starting fillSimpleValue for password
[DEBUG] 2019-10-01 19-39-44.881 [main] SimpleValueBinder - Starting fillSimpleValue for startDate
[DEBUG] 2019-10-01 19-39-44.881 [main] SimpleValueBinder - Starting fillSimpleValue for updateDate
[DEBUG] 2019-10-01 19-39-44.881 [main] SimpleValueBinder - Starting fillSimpleValue for id
[DEBUG] 2019-10-01 19-39-44.882 [main] SimpleValueBinder - Starting fillSimpleValue for createDate
[DEBUG] 2019-10-01 19-39-44.882 [main] SimpleValueBinder - Starting fillSimpleValue for role
[DEBUG] 2019-10-01 19-39-44.882 [main] SimpleValueBinder - Starting fillSimpleValue for updateDate
[DEBUG] 2019-10-01 19-39-44.882 [main] SimpleValueBinder - Starting fillSimpleValue for userId
[DEBUG] 2019-10-01 19-39-44.885 [main] PrimaryKey - Forcing column [id] to be non-null as it is part of the primary key for table [role]
[DEBUG] 2019-10-01 19-39-44.886 [main] PrimaryKey - Forcing column [id] to be non-null as it is part of the primary key for table [user]
[DEBUG] 2019-10-01 19-39-44.886 [main] PrimaryKey - Forcing column [id] to be non-null as it is part of the primary key for table [user_role]
[DEBUG] 2019-10-01 19-39-44.886 [main] CollectionSecondPass - Second pass for collection: com.juliecortez.entity.User.userRoles
[DEBUG] 2019-10-01 19-39-44.886 [main] CollectionBinder - Binding a OneToMany: com.juliecortez.entity.User.userRoles through a foreign key
[DEBUG] 2019-10-01 19-39-44.887 [main] CollectionBinder - Mapping collection: com.juliecortez.entity.User.userRoles -> user_role
[DEBUG] 2019-10-01 19-39-44.888 [main] TableBinder - Retrieving property com.juliecortez.entity.UserRole.user
[DEBUG] 2019-10-01 19-39-44.888 [main] CollectionSecondPass - Mapped collection key: user_id, one-to-many: com.juliecortez.entity.UserRole
[DEBUG] 2019-10-01 19-39-44.888 [main] InFlightMetadataCollectorImpl - Resolving reference to class: com.juliecortez.entity.User
[DEBUG] 2019-10-01 19-39-44.891 [main] InFlightMetadataCollectorImpl - Resolving reference to class: com.juliecortez.entity.User
