[DEBUG] 2019-10-04 18-59-54.581 [http-nio-8080-exec-7] IntegratorServiceImpl - Adding Integrator [org.hibernate.cfg.beanvalidation.BeanValidationIntegrator].
[DEBUG] 2019-10-04 18-59-54.596 [http-nio-8080-exec-7] IntegratorServiceImpl - Adding Integrator [org.hibernate.secure.spi.JaccIntegrator].
[DEBUG] 2019-10-04 18-59-54.607 [http-nio-8080-exec-7] IntegratorServiceImpl - Adding Integrator [org.hibernate.cache.internal.CollectionCacheInvalidator].
[INFO ] 2019-10-04 18-59-54.761 [http-nio-8080-exec-7] Version - HHH000412: Hibernate Core {5.4.4.Final}
[DEBUG] 2019-10-04 18-59-54.767 [http-nio-8080-exec-7] Environment - HHH000206: hibernate.properties not found
[DEBUG] 2019-10-04 18-59-55.051 [http-nio-8080-exec-7] LocalXmlResourceResolver - Interpreting public/system identifier : [-//Hibernate/Hibernate Configuration DTD//EN] - [http://www.hibernate.org/dtd/hibernate-configuration-3.0.dtd]
[DEBUG] 2019-10-04 18-59-55.052 [http-nio-8080-exec-7] LocalXmlResourceResolver - Recognized hibernate-configuration identifier; attempting to resolve on classpath under org/hibernate/
[DEBUG] 2019-10-04 18-59-55.079 [http-nio-8080-exec-7] JaxbCfgProcessor - cfg.xml document did not define namespaces; wrapping in custom event reader to introduce namespace information
[DEBUG] 2019-10-04 18-59-55.496 [http-nio-8080-exec-7] ServiceBinding - Overriding existing service binding [org.hibernate.secure.spi.JaccService]
[DEBUG] 2019-10-04 18-59-55.531 [http-nio-8080-exec-7] RegionFactoryInitiator - Cannot default RegionFactory based on registered strategies as `[]` RegionFactory strategies were registered
[DEBUG] 2019-10-04 18-59-55.534 [http-nio-8080-exec-7] RegionFactoryInitiator - Cache region factory : org.hibernate.cache.internal.NoCachingRegionFactory
[INFO ] 2019-10-04 18-59-55.578 [http-nio-8080-exec-7] Version - HCANN000001: Hibernate Commons Annotations {5.1.0.Final}
[DEBUG] 2019-10-04 18-59-55.655 [http-nio-8080-exec-7] BasicTypeRegistry - Adding type registration boolean -> org.hibernate.type.BooleanType@59352a22
[DEBUG] 2019-10-04 18-59-55.655 [http-nio-8080-exec-7] BasicTypeRegistry - Adding type registration boolean -> org.hibernate.type.BooleanType@59352a22
[DEBUG] 2019-10-04 18-59-55.656 [http-nio-8080-exec-7] BasicTypeRegistry - Adding type registration java.lang.Boolean -> org.hibernate.type.BooleanType@59352a22
[DEBUG] 2019-10-04 18-59-55.656 [http-nio-8080-exec-7] BasicTypeRegistry - Adding type registration numeric_boolean -> org.hibernate.type.NumericBooleanType@5461f6f2
[DEBUG] 2019-10-04 18-59-55.657 [http-nio-8080-exec-7] BasicTypeRegistry - Adding type registration true_false -> org.hibernate.type.TrueFalseType@4645e24e
[DEBUG] 2019-10-04 18-59-55.658 [http-nio-8080-exec-7] BasicTypeRegistry - Adding type registration yes_no -> org.hibernate.type.YesNoType@3e39b56c
[DEBUG] 2019-10-04 18-59-55.660 [http-nio-8080-exec-7] BasicTypeRegistry - Adding type registration byte -> org.hibernate.type.ByteType@325d534e
[DEBUG] 2019-10-04 18-59-55.660 [http-nio-8080-exec-7] BasicTypeRegistry - Adding type registration byte -> org.hibernate.type.ByteType@325d534e
[DEBUG] 2019-10-04 18-59-55.660 [http-nio-8080-exec-7] BasicTypeRegistry - Adding type registration java.lang.Byte -> org.hibernate.type.ByteType@325d534e
[DEBUG] 2019-10-04 18-59-55.662 [http-nio-8080-exec-7] BasicTypeRegistry - Adding type registration character -> org.hibernate.type.CharacterType@4b40ebe0
[DEBUG] 2019-10-04 18-59-55.662 [http-nio-8080-exec-7] BasicTypeRegistry - Adding type registration char -> org.hibernate.type.CharacterType@4b40ebe0
[DEBUG] 2019-10-04 18-59-55.662 [http-nio-8080-exec-7] BasicTypeRegistry - Adding type registration java.lang.Character -> org.hibernate.type.CharacterType@4b40ebe0
[DEBUG] 2019-10-04 18-59-55.663 [http-nio-8080-exec-7] BasicTypeRegistry - Adding type registration short -> org.hibernate.type.ShortType@451bd261
[DEBUG] 2019-10-04 18-59-55.664 [http-nio-8080-exec-7] BasicTypeRegistry - Adding type registration short -> org.hibernate.type.ShortType@451bd261
[DEBUG] 2019-10-04 18-59-55.664 [http-nio-8080-exec-7] BasicTypeRegistry - Adding type registration java.lang.Short -> org.hibernate.type.ShortType@451bd261
[DEBUG] 2019-10-04 18-59-55.666 [http-nio-8080-exec-7] BasicTypeRegistry - Adding type registration integer -> org.hibernate.type.IntegerType@1d468b73
[DEBUG] 2019-10-04 18-59-55.666 [http-nio-8080-exec-7] BasicTypeRegistry - Adding type registration int -> org.hibernate.type.IntegerType@1d468b73
[DEBUG] 2019-10-04 18-59-55.666 [http-nio-8080-exec-7] BasicTypeRegistry - Adding type registration java.lang.Integer -> org.hibernate.type.IntegerType@1d468b73
[DEBUG] 2019-10-04 18-59-55.668 [http-nio-8080-exec-7] BasicTypeRegistry - Adding type registration long -> org.hibernate.type.LongType@5c50b67
[DEBUG] 2019-10-04 18-59-55.668 [http-nio-8080-exec-7] BasicTypeRegistry - Adding type registration long -> org.hibernate.type.LongType@5c50b67
[DEBUG] 2019-10-04 18-59-55.668 [http-nio-8080-exec-7] BasicTypeRegistry - Adding type registration java.lang.Long -> org.hibernate.type.LongType@5c50b67
[DEBUG] 2019-10-04 18-59-55.670 [http-nio-8080-exec-7] BasicTypeRegistry - Adding type registration float -> org.hibernate.type.FloatType@101cc964
[DEBUG] 2019-10-04 18-59-55.670 [http-nio-8080-exec-7] BasicTypeRegistry - Adding type registration float -> org.hibernate.type.FloatType@101cc964
[DEBUG] 2019-10-04 18-59-55.670 [http-nio-8080-exec-7] BasicTypeRegistry - Adding type registration java.lang.Float -> org.hibernate.type.FloatType@101cc964
[DEBUG] 2019-10-04 18-59-55.672 [http-nio-8080-exec-7] BasicTypeRegistry - Adding type registration double -> org.hibernate.type.DoubleType@1c2b4c19
[DEBUG] 2019-10-04 18-59-55.672 [http-nio-8080-exec-7] BasicTypeRegistry - Adding type registration double -> org.hibernate.type.DoubleType@1c2b4c19
[DEBUG] 2019-10-04 18-59-55.672 [http-nio-8080-exec-7] BasicTypeRegistry - Adding type registration java.lang.Double -> org.hibernate.type.DoubleType@1c2b4c19
[DEBUG] 2019-10-04 18-59-55.674 [http-nio-8080-exec-7] BasicTypeRegistry - Adding type registration big_decimal -> org.hibernate.type.BigDecimalType@5df16f3b
[DEBUG] 2019-10-04 18-59-55.674 [http-nio-8080-exec-7] BasicTypeRegistry - Adding type registration java.math.BigDecimal -> org.hibernate.type.BigDecimalType@5df16f3b
[DEBUG] 2019-10-04 18-59-55.676 [http-nio-8080-exec-7] BasicTypeRegistry - Adding type registration big_integer -> org.hibernate.type.BigIntegerType@3023eb10
[DEBUG] 2019-10-04 18-59-55.676 [http-nio-8080-exec-7] BasicTypeRegistry - Adding type registration java.math.BigInteger -> org.hibernate.type.BigIntegerType@3023eb10
[DEBUG] 2019-10-04 18-59-55.677 [http-nio-8080-exec-7] BasicTypeRegistry - Adding type registration string -> org.hibernate.type.StringType@64540226
[DEBUG] 2019-10-04 18-59-55.677 [http-nio-8080-exec-7] BasicTypeRegistry - Adding type registration java.lang.String -> org.hibernate.type.StringType@64540226
[DEBUG] 2019-10-04 18-59-55.678 [http-nio-8080-exec-7] BasicTypeRegistry - Adding type registration nstring -> org.hibernate.type.StringNVarcharType@541c7db1
[DEBUG] 2019-10-04 18-59-55.679 [http-nio-8080-exec-7] BasicTypeRegistry - Adding type registration ncharacter -> org.hibernate.type.CharacterNCharType@6dcfea82
[DEBUG] 2019-10-04 18-59-55.681 [http-nio-8080-exec-7] BasicTypeRegistry - Adding type registration url -> org.hibernate.type.UrlType@20376e97
[DEBUG] 2019-10-04 18-59-55.681 [http-nio-8080-exec-7] BasicTypeRegistry - Adding type registration java.net.URL -> org.hibernate.type.UrlType@20376e97
[DEBUG] 2019-10-04 18-59-55.683 [http-nio-8080-exec-7] BasicTypeRegistry - Adding type registration Duration -> org.hibernate.type.DurationType@7ae08513
[DEBUG] 2019-10-04 18-59-55.684 [http-nio-8080-exec-7] BasicTypeRegistry - Adding type registration java.time.Duration -> org.hibernate.type.DurationType@7ae08513
[DEBUG] 2019-10-04 18-59-55.690 [http-nio-8080-exec-7] BasicTypeRegistry - Adding type registration Instant -> org.hibernate.type.InstantType@5df8e37a
[DEBUG] 2019-10-04 18-59-55.690 [http-nio-8080-exec-7] BasicTypeRegistry - Adding type registration java.time.Instant -> org.hibernate.type.InstantType@5df8e37a
[DEBUG] 2019-10-04 18-59-55.692 [http-nio-8080-exec-7] BasicTypeRegistry - Adding type registration LocalDateTime -> org.hibernate.type.LocalDateTimeType@3ae3cf0e
[DEBUG] 2019-10-04 18-59-55.692 [http-nio-8080-exec-7] BasicTypeRegistry - Adding type registration java.time.LocalDateTime -> org.hibernate.type.LocalDateTimeType@3ae3cf0e
[DEBUG] 2019-10-04 18-59-55.694 [http-nio-8080-exec-7] BasicTypeRegistry - Adding type registration LocalDate -> org.hibernate.type.LocalDateType@65c6183a
[DEBUG] 2019-10-04 18-59-55.694 [http-nio-8080-exec-7] BasicTypeRegistry - Adding type registration java.time.LocalDate -> org.hibernate.type.LocalDateType@65c6183a
[DEBUG] 2019-10-04 18-59-55.696 [http-nio-8080-exec-7] BasicTypeRegistry - Adding type registration LocalTime -> org.hibernate.type.LocalTimeType@159e1ac0
[DEBUG] 2019-10-04 18-59-55.696 [http-nio-8080-exec-7] BasicTypeRegistry - Adding type registration java.time.LocalTime -> org.hibernate.type.LocalTimeType@159e1ac0
[DEBUG] 2019-10-04 18-59-55.699 [http-nio-8080-exec-7] BasicTypeRegistry - Adding type registration OffsetDateTime -> org.hibernate.type.OffsetDateTimeType@36482e6e
[DEBUG] 2019-10-04 18-59-55.699 [http-nio-8080-exec-7] BasicTypeRegistry - Adding type registration java.time.OffsetDateTime -> org.hibernate.type.OffsetDateTimeType@36482e6e
[DEBUG] 2019-10-04 18-59-55.701 [http-nio-8080-exec-7] BasicTypeRegistry - Adding type registration OffsetTime -> org.hibernate.type.OffsetTimeType@1476ac36
[DEBUG] 2019-10-04 18-59-55.701 [http-nio-8080-exec-7] BasicTypeRegistry - Adding type registration java.time.OffsetTime -> org.hibernate.type.OffsetTimeType@1476ac36
[DEBUG] 2019-10-04 18-59-55.704 [http-nio-8080-exec-7] BasicTypeRegistry - Adding type registration ZonedDateTime -> org.hibernate.type.ZonedDateTimeType@77d60d33
[DEBUG] 2019-10-04 18-59-55.704 [http-nio-8080-exec-7] BasicTypeRegistry - Adding type registration java.time.ZonedDateTime -> org.hibernate.type.ZonedDateTimeType@77d60d33
[DEBUG] 2019-10-04 18-59-55.706 [http-nio-8080-exec-7] BasicTypeRegistry - Adding type registration date -> org.hibernate.type.DateType@27372beb
[DEBUG] 2019-10-04 18-59-55.707 [http-nio-8080-exec-7] BasicTypeRegistry - Adding type registration java.sql.Date -> org.hibernate.type.DateType@27372beb
[DEBUG] 2019-10-04 18-59-55.708 [http-nio-8080-exec-7] BasicTypeRegistry - Adding type registration time -> org.hibernate.type.TimeType@14726750
[DEBUG] 2019-10-04 18-59-55.709 [http-nio-8080-exec-7] BasicTypeRegistry - Adding type registration java.sql.Time -> org.hibernate.type.TimeType@14726750
[DEBUG] 2019-10-04 18-59-55.710 [http-nio-8080-exec-7] BasicTypeRegistry - Adding type registration timestamp -> org.hibernate.type.TimestampType@5eff2579
[DEBUG] 2019-10-04 18-59-55.710 [http-nio-8080-exec-7] BasicTypeRegistry - Adding type registration java.sql.Timestamp -> org.hibernate.type.TimestampType@5eff2579
[DEBUG] 2019-10-04 18-59-55.710 [http-nio-8080-exec-7] BasicTypeRegistry - Adding type registration java.util.Date -> org.hibernate.type.TimestampType@5eff2579
[DEBUG] 2019-10-04 18-59-55.713 [http-nio-8080-exec-7] BasicTypeRegistry - Adding type registration dbtimestamp -> org.hibernate.type.DbTimestampType@6a44672e
[DEBUG] 2019-10-04 18-59-55.715 [http-nio-8080-exec-7] BasicTypeRegistry - Adding type registration calendar -> org.hibernate.type.CalendarType@31a72b83
[DEBUG] 2019-10-04 18-59-55.715 [http-nio-8080-exec-7] BasicTypeRegistry - Adding type registration java.util.Calendar -> org.hibernate.type.CalendarType@31a72b83
[DEBUG] 2019-10-04 18-59-55.715 [http-nio-8080-exec-7] BasicTypeRegistry - Adding type registration java.util.GregorianCalendar -> org.hibernate.type.CalendarType@31a72b83
[DEBUG] 2019-10-04 18-59-55.716 [http-nio-8080-exec-7] BasicTypeRegistry - Adding type registration calendar_date -> org.hibernate.type.CalendarDateType@2e754238
[DEBUG] 2019-10-04 18-59-55.717 [http-nio-8080-exec-7] BasicTypeRegistry - Adding type registration locale -> org.hibernate.type.LocaleType@704192d2
[DEBUG] 2019-10-04 18-59-55.718 [http-nio-8080-exec-7] BasicTypeRegistry - Adding type registration java.util.Locale -> org.hibernate.type.LocaleType@704192d2
[DEBUG] 2019-10-04 18-59-55.719 [http-nio-8080-exec-7] BasicTypeRegistry - Adding type registration currency -> org.hibernate.type.CurrencyType@714bc4ff
[DEBUG] 2019-10-04 18-59-55.720 [http-nio-8080-exec-7] BasicTypeRegistry - Adding type registration java.util.Currency -> org.hibernate.type.CurrencyType@714bc4ff
[DEBUG] 2019-10-04 18-59-55.721 [http-nio-8080-exec-7] BasicTypeRegistry - Adding type registration timezone -> org.hibernate.type.TimeZoneType@46c81290
[DEBUG] 2019-10-04 18-59-55.721 [http-nio-8080-exec-7] BasicTypeRegistry - Adding type registration java.util.TimeZone -> org.hibernate.type.TimeZoneType@46c81290
[DEBUG] 2019-10-04 18-59-55.723 [http-nio-8080-exec-7] BasicTypeRegistry - Adding type registration class -> org.hibernate.type.ClassType@3a45fd7e
[DEBUG] 2019-10-04 18-59-55.723 [http-nio-8080-exec-7] BasicTypeRegistry - Adding type registration java.lang.Class -> org.hibernate.type.ClassType@3a45fd7e
[DEBUG] 2019-10-04 18-59-55.724 [http-nio-8080-exec-7] BasicTypeRegistry - Adding type registration uuid-binary -> org.hibernate.type.UUIDBinaryType@477338c4
[DEBUG] 2019-10-04 18-59-55.724 [http-nio-8080-exec-7] BasicTypeRegistry - Adding type registration java.util.UUID -> org.hibernate.type.UUIDBinaryType@477338c4
[DEBUG] 2019-10-04 18-59-55.725 [http-nio-8080-exec-7] BasicTypeRegistry - Adding type registration uuid-char -> org.hibernate.type.UUIDCharType@3f3f5169
[DEBUG] 2019-10-04 18-59-55.727 [http-nio-8080-exec-7] BasicTypeRegistry - Adding type registration binary -> org.hibernate.type.BinaryType@492a4e99
[DEBUG] 2019-10-04 18-59-55.727 [http-nio-8080-exec-7] BasicTypeRegistry - Adding type registration byte[] -> org.hibernate.type.BinaryType@492a4e99
[DEBUG] 2019-10-04 18-59-55.727 [http-nio-8080-exec-7] BasicTypeRegistry - Adding type registration [B -> org.hibernate.type.BinaryType@492a4e99
[DEBUG] 2019-10-04 18-59-55.729 [http-nio-8080-exec-7] BasicTypeRegistry - Adding type registration wrapper-binary -> org.hibernate.type.WrapperBinaryType@79750702
[DEBUG] 2019-10-04 18-59-55.729 [http-nio-8080-exec-7] BasicTypeRegistry - Adding type registration Byte[] -> org.hibernate.type.WrapperBinaryType@79750702
[DEBUG] 2019-10-04 18-59-55.729 [http-nio-8080-exec-7] BasicTypeRegistry - Adding type registration [Ljava.lang.Byte; -> org.hibernate.type.WrapperBinaryType@79750702
[DEBUG] 2019-10-04 18-59-55.730 [http-nio-8080-exec-7] BasicTypeRegistry - Adding type registration row_version -> org.hibernate.type.RowVersionType@30d8a736
[DEBUG] 2019-10-04 18-59-55.731 [http-nio-8080-exec-7] BasicTypeRegistry - Adding type registration image -> org.hibernate.type.ImageType@bb9dc8a
[DEBUG] 2019-10-04 18-59-55.733 [http-nio-8080-exec-7] BasicTypeRegistry - Adding type registration characters -> org.hibernate.type.CharArrayType@3c933858
[DEBUG] 2019-10-04 18-59-55.733 [http-nio-8080-exec-7] BasicTypeRegistry - Adding type registration char[] -> org.hibernate.type.CharArrayType@3c933858
[DEBUG] 2019-10-04 18-59-55.733 [http-nio-8080-exec-7] BasicTypeRegistry - Adding type registration [C -> org.hibernate.type.CharArrayType@3c933858
[DEBUG] 2019-10-04 18-59-55.735 [http-nio-8080-exec-7] BasicTypeRegistry - Adding type registration wrapper-characters -> org.hibernate.type.CharacterArrayType@729153e1
[DEBUG] 2019-10-04 18-59-55.735 [http-nio-8080-exec-7] BasicTypeRegistry - Adding type registration [Ljava.lang.Character; -> org.hibernate.type.CharacterArrayType@729153e1
[DEBUG] 2019-10-04 18-59-55.735 [http-nio-8080-exec-7] BasicTypeRegistry - Adding type registration Character[] -> org.hibernate.type.CharacterArrayType@729153e1
[DEBUG] 2019-10-04 18-59-55.736 [http-nio-8080-exec-7] BasicTypeRegistry - Adding type registration text -> org.hibernate.type.TextType@7849d197
[DEBUG] 2019-10-04 18-59-55.737 [http-nio-8080-exec-7] BasicTypeRegistry - Adding type registration ntext -> org.hibernate.type.NTextType@69014175
[DEBUG] 2019-10-04 18-59-55.740 [http-nio-8080-exec-7] BasicTypeRegistry - Adding type registration blob -> org.hibernate.type.BlobType@3e1f9d09
[DEBUG] 2019-10-04 18-59-55.740 [http-nio-8080-exec-7] BasicTypeRegistry - Adding type registration java.sql.Blob -> org.hibernate.type.BlobType@3e1f9d09
[DEBUG] 2019-10-04 18-59-55.741 [http-nio-8080-exec-7] BasicTypeRegistry - Adding type registration materialized_blob -> org.hibernate.type.MaterializedBlobType@44a41f57
[DEBUG] 2019-10-04 18-59-55.744 [http-nio-8080-exec-7] BasicTypeRegistry - Adding type registration clob -> org.hibernate.type.ClobType@14180d14
[DEBUG] 2019-10-04 18-59-55.744 [http-nio-8080-exec-7] BasicTypeRegistry - Adding type registration java.sql.Clob -> org.hibernate.type.ClobType@14180d14
[DEBUG] 2019-10-04 18-59-55.747 [http-nio-8080-exec-7] BasicTypeRegistry - Adding type registration nclob -> org.hibernate.type.NClobType@2aa9f6a0
[DEBUG] 2019-10-04 18-59-55.747 [http-nio-8080-exec-7] BasicTypeRegistry - Adding type registration java.sql.NClob -> org.hibernate.type.NClobType@2aa9f6a0
[DEBUG] 2019-10-04 18-59-55.748 [http-nio-8080-exec-7] BasicTypeRegistry - Adding type registration materialized_clob -> org.hibernate.type.MaterializedClobType@70b4d90f
[DEBUG] 2019-10-04 18-59-55.748 [http-nio-8080-exec-7] BasicTypeRegistry - Adding type registration materialized_nclob -> org.hibernate.type.MaterializedNClobType@39c0b062
[DEBUG] 2019-10-04 18-59-55.752 [http-nio-8080-exec-7] BasicTypeRegistry - Adding type registration serializable -> org.hibernate.type.SerializableType@3f5509db
[DEBUG] 2019-10-04 18-59-55.758 [http-nio-8080-exec-7] BasicTypeRegistry - Adding type registration object -> org.hibernate.type.ObjectType@1edb22b8
[DEBUG] 2019-10-04 18-59-55.758 [http-nio-8080-exec-7] BasicTypeRegistry - Adding type registration java.lang.Object -> org.hibernate.type.ObjectType@1edb22b8
[DEBUG] 2019-10-04 18-59-55.759 [http-nio-8080-exec-7] BasicTypeRegistry - Adding type registration imm_date -> org.hibernate.type.AdaptedImmutableType@69e357d
[DEBUG] 2019-10-04 18-59-55.759 [http-nio-8080-exec-7] BasicTypeRegistry - Adding type registration imm_time -> org.hibernate.type.AdaptedImmutableType@c8bb89
[DEBUG] 2019-10-04 18-59-55.759 [http-nio-8080-exec-7] BasicTypeRegistry - Adding type registration imm_timestamp -> org.hibernate.type.AdaptedImmutableType@b5a221e
[DEBUG] 2019-10-04 18-59-55.759 [http-nio-8080-exec-7] BasicTypeRegistry - Adding type registration imm_dbtimestamp -> org.hibernate.type.AdaptedImmutableType@72bc15c9
[DEBUG] 2019-10-04 18-59-55.759 [http-nio-8080-exec-7] BasicTypeRegistry - Adding type registration imm_calendar -> org.hibernate.type.AdaptedImmutableType@57ef33e
[DEBUG] 2019-10-04 18-59-55.759 [http-nio-8080-exec-7] BasicTypeRegistry - Adding type registration imm_calendar_date -> org.hibernate.type.AdaptedImmutableType@40af04eb
[DEBUG] 2019-10-04 18-59-55.759 [http-nio-8080-exec-7] BasicTypeRegistry - Adding type registration imm_binary -> org.hibernate.type.AdaptedImmutableType@1a3f9432
[DEBUG] 2019-10-04 18-59-55.759 [http-nio-8080-exec-7] BasicTypeRegistry - Adding type registration imm_serializable -> org.hibernate.type.AdaptedImmutableType@8bfc8e1
[DEBUG] 2019-10-04 18-59-55.815 [http-nio-8080-exec-7] DefaultIdentifierGeneratorFactory - Registering IdentifierGenerator strategy [uuid2] -> [org.hibernate.id.UUIDGenerator]
[DEBUG] 2019-10-04 18-59-55.816 [http-nio-8080-exec-7] DefaultIdentifierGeneratorFactory - Registering IdentifierGenerator strategy [guid] -> [org.hibernate.id.GUIDGenerator]
[DEBUG] 2019-10-04 18-59-55.818 [http-nio-8080-exec-7] DefaultIdentifierGeneratorFactory - Registering IdentifierGenerator strategy [uuid] -> [org.hibernate.id.UUIDHexGenerator]
[DEBUG] 2019-10-04 18-59-55.818 [http-nio-8080-exec-7] DefaultIdentifierGeneratorFactory - Registering IdentifierGenerator strategy [uuid.hex] -> [org.hibernate.id.UUIDHexGenerator]
[DEBUG] 2019-10-04 18-59-55.819 [http-nio-8080-exec-7] DefaultIdentifierGeneratorFactory - Registering IdentifierGenerator strategy [assigned] -> [org.hibernate.id.Assigned]
[DEBUG] 2019-10-04 18-59-55.821 [http-nio-8080-exec-7] DefaultIdentifierGeneratorFactory - Registering IdentifierGenerator strategy [identity] -> [org.hibernate.id.IdentityGenerator]
[DEBUG] 2019-10-04 18-59-55.823 [http-nio-8080-exec-7] DefaultIdentifierGeneratorFactory - Registering IdentifierGenerator strategy [select] -> [org.hibernate.id.SelectGenerator]
[DEBUG] 2019-10-04 18-59-55.825 [http-nio-8080-exec-7] DefaultIdentifierGeneratorFactory - Registering IdentifierGenerator strategy [sequence] -> [org.hibernate.id.enhanced.SequenceStyleGenerator]
[DEBUG] 2019-10-04 18-59-55.827 [http-nio-8080-exec-7] DefaultIdentifierGeneratorFactory - Registering IdentifierGenerator strategy [seqhilo] -> [org.hibernate.id.SequenceHiLoGenerator]
[DEBUG] 2019-10-04 18-59-55.828 [http-nio-8080-exec-7] DefaultIdentifierGeneratorFactory - Registering IdentifierGenerator strategy [increment] -> [org.hibernate.id.IncrementGenerator]
[DEBUG] 2019-10-04 18-59-55.829 [http-nio-8080-exec-7] DefaultIdentifierGeneratorFactory - Registering IdentifierGenerator strategy [foreign] -> [org.hibernate.id.ForeignGenerator]
[DEBUG] 2019-10-04 18-59-55.830 [http-nio-8080-exec-7] DefaultIdentifierGeneratorFactory - Registering IdentifierGenerator strategy [sequence-identity] -> [org.hibernate.id.SequenceIdentityGenerator]
[DEBUG] 2019-10-04 18-59-55.830 [http-nio-8080-exec-7] DefaultIdentifierGeneratorFactory - Registering IdentifierGenerator strategy [enhanced-sequence] -> [org.hibernate.id.enhanced.SequenceStyleGenerator]
[DEBUG] 2019-10-04 18-59-55.832 [http-nio-8080-exec-7] DefaultIdentifierGeneratorFactory - Registering IdentifierGenerator strategy [enhanced-table] -> [org.hibernate.id.enhanced.TableGenerator]
[INFO ] 2019-10-04 18-59-55.843 [http-nio-8080-exec-7] C3P0ConnectionProvider - HHH010002: C3P0 using driver: com.mysql.cj.jdbc.Driver at URL: jdbc:mysql://localhost:3306/mww
[INFO ] 2019-10-04 18-59-55.843 [http-nio-8080-exec-7] C3P0ConnectionProvider - HHH10001001: Connection properties: {password=****, user=cortezjl}
[INFO ] 2019-10-04 18-59-55.843 [http-nio-8080-exec-7] C3P0ConnectionProvider - HHH10001003: Autocommit mode: false
[INFO ] 2019-10-04 18-59-56.033 [http-nio-8080-exec-7] C3P0ConnectionProvider - HHH10001007: JDBC isolation level: <unknown>
[DEBUG] 2019-10-04 18-59-56.579 [http-nio-8080-exec-7] JdbcEnvironmentInitiator - Database ->
       name : MySQL
    version : 8.0.17
      major : 8
      minor : 0
[DEBUG] 2019-10-04 18-59-56.579 [http-nio-8080-exec-7] JdbcEnvironmentInitiator - Driver ->
       name : MySQL Connector/J
    version : mysql-connector-java-8.0.16 (Revision: 34cbc6bc61f72836e26327537a432d6db7c77de6)
      major : 8
      minor : 0
[DEBUG] 2019-10-04 18-59-56.579 [http-nio-8080-exec-7] JdbcEnvironmentInitiator - JDBC version : 4.2
[INFO ] 2019-10-04 18-59-56.668 [http-nio-8080-exec-7] Dialect - HHH000400: Using dialect: org.hibernate.dialect.MySQL8Dialect
[DEBUG] 2019-10-04 18-59-56.705 [http-nio-8080-exec-7] IdentifierHelperBuilder - JDBC driver metadata reported database stores quoted identifiers in more than one case
[DEBUG] 2019-10-04 18-59-56.739 [http-nio-8080-exec-7] IdentifierHelperBuilder - IdentifierCaseStrategy for both quoted and unquoted identifiers was set to the same strategy [LOWER]; that will likely lead to problems in schema update and validation if using quoted identifiers
[DEBUG] 2019-10-04 18-59-56.790 [http-nio-8080-exec-7] Namespace - Created database namespace [logicalName=Name{catalog=null, schema=null}, physicalName=Name{catalog=null, schema=null}]
[DEBUG] 2019-10-04 18-59-56.797 [http-nio-8080-exec-7] TypeConfiguration$Scope - Scoping TypeConfiguration [org.hibernate.type.spi.TypeConfiguration@731a2a94] to MetadataBuildingContext [org.hibernate.boot.internal.MetadataBuildingContextRootImpl@195ebbf0]
[DEBUG] 2019-10-04 18-59-56.895 [http-nio-8080-exec-7] AnnotationBinder - Binding entity from annotated class: com.juliecortez.entity.Role
[DEBUG] 2019-10-04 18-59-56.945 [http-nio-8080-exec-7] Ejb3Column - Binding column: Ejb3DiscriminatorColumn{logicalColumnName'DTYPE', discriminatorTypeName='string'}
[DEBUG] 2019-10-04 18-59-56.964 [http-nio-8080-exec-7] EntityBinder - Import with entity name Role
[DEBUG] 2019-10-04 18-59-56.970 [http-nio-8080-exec-7] EntityBinder - Bind entity com.juliecortez.entity.Role on table role
[DEBUG] 2019-10-04 18-59-57.036 [http-nio-8080-exec-7] Ejb3Column - Binding column: Ejb3Column{table=org.hibernate.mapping.Table(role), mappingColumn=id, insertable=true, updatable=true, unique=false}
[DEBUG] 2019-10-04 18-59-57.041 [http-nio-8080-exec-7] PropertyBinder - MetadataSourceProcessor property id with lazy=false
[DEBUG] 2019-10-04 18-59-57.043 [http-nio-8080-exec-7] AbstractPropertyHolder - Attempting to locate auto-apply AttributeConverter for property [com.juliecortez.entity.Role:id]
[DEBUG] 2019-10-04 18-59-57.050 [http-nio-8080-exec-7] SimpleValueBinder - building SimpleValue for id
[DEBUG] 2019-10-04 18-59-57.053 [http-nio-8080-exec-7] PropertyBinder - Building property id
[DEBUG] 2019-10-04 18-59-57.061 [http-nio-8080-exec-7] BinderHelper - #makeIdGenerator(org.hibernate.mapping.SimpleValue([org.hibernate.mapping.Column(id)]), id, org.hibernate.id.enhanced.SequenceStyleGenerator, native, ...)
[DEBUG] 2019-10-04 18-59-57.063 [http-nio-8080-exec-7] Ejb3Column - Binding column: Ejb3Column{table=org.hibernate.mapping.Table(role), mappingColumn=role, insertable=true, updatable=true, unique=false}
[DEBUG] 2019-10-04 18-59-57.063 [http-nio-8080-exec-7] PropertyBinder - MetadataSourceProcessor property role with lazy=false
[DEBUG] 2019-10-04 18-59-57.063 [http-nio-8080-exec-7] AbstractPropertyHolder - Attempting to locate auto-apply AttributeConverter for property [com.juliecortez.entity.Role:role]
[DEBUG] 2019-10-04 18-59-57.063 [http-nio-8080-exec-7] SimpleValueBinder - building SimpleValue for role
[DEBUG] 2019-10-04 18-59-57.063 [http-nio-8080-exec-7] PropertyBinder - Building property role
[DEBUG] 2019-10-04 18-59-57.067 [http-nio-8080-exec-7] Ejb3Column - Binding column: Ejb3JoinColumn{logicalColumnName='null', referencedColumn='null', mappedBy='null'}
[DEBUG] 2019-10-04 18-59-57.067 [http-nio-8080-exec-7] Ejb3Column - Binding column: Ejb3Column{table=org.hibernate.mapping.Table(role), mappingColumn=user, insertable=true, updatable=true, unique=false}
[DEBUG] 2019-10-04 18-59-57.073 [http-nio-8080-exec-7] PropertyBinder - Building property user
[DEBUG] 2019-10-04 18-59-57.075 [http-nio-8080-exec-7] AnnotationBinder - Binding entity from annotated class: com.juliecortez.entity.User
[DEBUG] 2019-10-04 18-59-57.076 [http-nio-8080-exec-7] Ejb3Column - Binding column: Ejb3DiscriminatorColumn{logicalColumnName'DTYPE', discriminatorTypeName='string'}
[DEBUG] 2019-10-04 18-59-57.076 [http-nio-8080-exec-7] EntityBinder - Import with entity name User
[DEBUG] 2019-10-04 18-59-57.076 [http-nio-8080-exec-7] EntityBinder - Bind entity com.juliecortez.entity.User on table user
[DEBUG] 2019-10-04 18-59-57.080 [http-nio-8080-exec-7] Ejb3Column - Binding column: Ejb3Column{table=org.hibernate.mapping.Table(user), mappingColumn=id, insertable=true, updatable=true, unique=false}
[DEBUG] 2019-10-04 18-59-57.080 [http-nio-8080-exec-7] PropertyBinder - MetadataSourceProcessor property id with lazy=false
[DEBUG] 2019-10-04 18-59-57.081 [http-nio-8080-exec-7] AbstractPropertyHolder - Attempting to locate auto-apply AttributeConverter for property [com.juliecortez.entity.User:id]
[DEBUG] 2019-10-04 18-59-57.081 [http-nio-8080-exec-7] SimpleValueBinder - building SimpleValue for id
[DEBUG] 2019-10-04 18-59-57.081 [http-nio-8080-exec-7] PropertyBinder - Building property id
[DEBUG] 2019-10-04 18-59-57.081 [http-nio-8080-exec-7] BinderHelper - #makeIdGenerator(org.hibernate.mapping.SimpleValue([org.hibernate.mapping.Column(id)]), id, org.hibernate.id.enhanced.SequenceStyleGenerator, native, ...)
[DEBUG] 2019-10-04 18-59-57.081 [http-nio-8080-exec-7] Ejb3Column - Binding column: Ejb3Column{table=org.hibernate.mapping.Table(user), mappingColumn=date_of_birth, insertable=true, updatable=true, unique=false}
[DEBUG] 2019-10-04 18-59-57.081 [http-nio-8080-exec-7] PropertyBinder - MetadataSourceProcessor property dateOfBirth with lazy=false
[DEBUG] 2019-10-04 18-59-57.081 [http-nio-8080-exec-7] AbstractPropertyHolder - Attempting to locate auto-apply AttributeConverter for property [com.juliecortez.entity.User:dateOfBirth]
[DEBUG] 2019-10-04 18-59-57.081 [http-nio-8080-exec-7] SimpleValueBinder - building SimpleValue for dateOfBirth
[DEBUG] 2019-10-04 18-59-57.082 [http-nio-8080-exec-7] PropertyBinder - Building property dateOfBirth
[DEBUG] 2019-10-04 18-59-57.082 [http-nio-8080-exec-7] Ejb3Column - Binding column: Ejb3Column{table=org.hibernate.mapping.Table(user), mappingColumn=first_name, insertable=true, updatable=true, unique=false}
[DEBUG] 2019-10-04 18-59-57.082 [http-nio-8080-exec-7] PropertyBinder - MetadataSourceProcessor property firstName with lazy=false
[DEBUG] 2019-10-04 18-59-57.082 [http-nio-8080-exec-7] AbstractPropertyHolder - Attempting to locate auto-apply AttributeConverter for property [com.juliecortez.entity.User:firstName]
[DEBUG] 2019-10-04 18-59-57.082 [http-nio-8080-exec-7] SimpleValueBinder - building SimpleValue for firstName
[DEBUG] 2019-10-04 18-59-57.082 [http-nio-8080-exec-7] PropertyBinder - Building property firstName
[DEBUG] 2019-10-04 18-59-57.082 [http-nio-8080-exec-7] Ejb3Column - Binding column: Ejb3Column{table=org.hibernate.mapping.Table(user), mappingColumn=last_name, insertable=true, updatable=true, unique=false}
[DEBUG] 2019-10-04 18-59-57.082 [http-nio-8080-exec-7] PropertyBinder - MetadataSourceProcessor property lastName with lazy=false
[DEBUG] 2019-10-04 18-59-57.082 [http-nio-8080-exec-7] AbstractPropertyHolder - Attempting to locate auto-apply AttributeConverter for property [com.juliecortez.entity.User:lastName]
[DEBUG] 2019-10-04 18-59-57.082 [http-nio-8080-exec-7] SimpleValueBinder - building SimpleValue for lastName
[DEBUG] 2019-10-04 18-59-57.082 [http-nio-8080-exec-7] PropertyBinder - Building property lastName
[DEBUG] 2019-10-04 18-59-57.082 [http-nio-8080-exec-7] Ejb3Column - Binding column: Ejb3JoinColumn{logicalColumnName='null', referencedColumn='null', mappedBy='user'}
[DEBUG] 2019-10-04 18-59-57.082 [http-nio-8080-exec-7] Ejb3Column - Binding column: Ejb3Column{table=org.hibernate.mapping.Table(user), mappingColumn=roles, insertable=true, updatable=true, unique=false}
[DEBUG] 2019-10-04 18-59-57.085 [http-nio-8080-exec-7] Ejb3Column - Binding column: Ejb3Column{table=org.hibernate.mapping.Table(user), mappingColumn=null, insertable=true, updatable=true, unique=false}
[DEBUG] 2019-10-04 18-59-57.102 [http-nio-8080-exec-7] Ejb3Column - Binding column: Ejb3Column{table=org.hibernate.mapping.Table(user), mappingColumn=element, insertable=true, updatable=true, unique=false}
[DEBUG] 2019-10-04 18-59-57.103 [http-nio-8080-exec-7] Ejb3Column - Binding column: Ejb3Column{table=org.hibernate.mapping.Table(user), mappingColumn=roles_KEY, insertable=true, updatable=true, unique=false}
[DEBUG] 2019-10-04 18-59-57.103 [http-nio-8080-exec-7] Ejb3Column - Binding column: Ejb3JoinColumn{logicalColumnName='roles_KEY', referencedColumn='null', mappedBy='null'}
[DEBUG] 2019-10-04 18-59-57.105 [http-nio-8080-exec-7] Ejb3Column - Binding column: Ejb3JoinColumn{logicalColumnName='null', referencedColumn='null', mappedBy='user'}
[DEBUG] 2019-10-04 18-59-57.105 [http-nio-8080-exec-7] Ejb3Column - Binding column: Ejb3JoinColumn{logicalColumnName='null', referencedColumn='null', mappedBy='user'}
[DEBUG] 2019-10-04 18-59-57.105 [http-nio-8080-exec-7] CollectionBinder - Collection role: com.juliecortez.entity.User.roles
[DEBUG] 2019-10-04 18-59-57.109 [http-nio-8080-exec-7] PropertyBinder - Building property roles
[DEBUG] 2019-10-04 18-59-57.109 [http-nio-8080-exec-7] Ejb3Column - Binding column: Ejb3Column{table=org.hibernate.mapping.Table(user), mappingColumn=user_name, insertable=true, updatable=true, unique=false}
[DEBUG] 2019-10-04 18-59-57.109 [http-nio-8080-exec-7] PropertyBinder - MetadataSourceProcessor property userName with lazy=false
[DEBUG] 2019-10-04 18-59-57.110 [http-nio-8080-exec-7] AbstractPropertyHolder - Attempting to locate auto-apply AttributeConverter for property [com.juliecortez.entity.User:userName]
[DEBUG] 2019-10-04 18-59-57.110 [http-nio-8080-exec-7] SimpleValueBinder - building SimpleValue for userName
[DEBUG] 2019-10-04 18-59-57.110 [http-nio-8080-exec-7] PropertyBinder - Building property userName
[DEBUG] 2019-10-04 18-59-57.112 [http-nio-8080-exec-7] SimpleValueBinder - Starting fillSimpleValue for id
[DEBUG] 2019-10-04 18-59-57.112 [http-nio-8080-exec-7] SimpleValueBinder - Starting fillSimpleValue for role
[DEBUG] 2019-10-04 18-59-57.113 [http-nio-8080-exec-7] SimpleValueBinder - Starting fillSimpleValue for id
[DEBUG] 2019-10-04 18-59-57.113 [http-nio-8080-exec-7] SimpleValueBinder - Starting fillSimpleValue for dateOfBirth
[DEBUG] 2019-10-04 18-59-57.113 [http-nio-8080-exec-7] SimpleValueBinder - Starting fillSimpleValue for firstName
[DEBUG] 2019-10-04 18-59-57.113 [http-nio-8080-exec-7] SimpleValueBinder - Starting fillSimpleValue for lastName
[DEBUG] 2019-10-04 18-59-57.113 [http-nio-8080-exec-7] SimpleValueBinder - Starting fillSimpleValue for userName
[DEBUG] 2019-10-04 18-59-57.120 [http-nio-8080-exec-7] PrimaryKey - Forcing column [id] to be non-null as it is part of the primary key for table [role]
[DEBUG] 2019-10-04 18-59-57.120 [http-nio-8080-exec-7] PrimaryKey - Forcing column [id] to be non-null as it is part of the primary key for table [user]
[DEBUG] 2019-10-04 18-59-57.121 [http-nio-8080-exec-7] CollectionSecondPass - Second pass for collection: com.juliecortez.entity.User.roles
[DEBUG] 2019-10-04 18-59-57.121 [http-nio-8080-exec-7] CollectionBinder - Binding a OneToMany: com.juliecortez.entity.User.roles through a foreign key
[DEBUG] 2019-10-04 18-59-57.122 [http-nio-8080-exec-7] CollectionBinder - Mapping collection: com.juliecortez.entity.User.roles -> role
[DEBUG] 2019-10-04 18-59-57.125 [http-nio-8080-exec-7] TableBinder - Retrieving property com.juliecortez.entity.Role.user
[DEBUG] 2019-10-04 18-59-57.125 [http-nio-8080-exec-7] CollectionSecondPass - Mapped collection key: user_id, one-to-many: com.juliecortez.entity.Role
[DEBUG] 2019-10-04 18-59-57.125 [http-nio-8080-exec-7] InFlightMetadataCollectorImpl - Resolving reference to class: com.juliecortez.entity.User
[DEBUG] 2019-10-04 18-59-57.131 [http-nio-8080-exec-7] InFlightMetadataCollectorImpl - Resolving reference to class: com.juliecortez.entity.User
[DEBUG] 2019-10-04 18-59-57.194 [http-nio-8080-exec-7] SessionFactoryImpl - Building session factory
[DEBUG] 2019-10-04 18-59-57.195 [http-nio-8080-exec-7] Settings - SessionFactory name : null
[DEBUG] 2019-10-04 18-59-57.195 [http-nio-8080-exec-7] Settings - Automatic flush during beforeCompletion(): enabled
[DEBUG] 2019-10-04 18-59-57.195 [http-nio-8080-exec-7] Settings - Automatic session close at end of transaction: disabled
[DEBUG] 2019-10-04 18-59-57.195 [http-nio-8080-exec-7] Settings - Statistics: disabled
[DEBUG] 2019-10-04 18-59-57.195 [http-nio-8080-exec-7] Settings - Deleted entity synthetic identifier rollback: disabled
[DEBUG] 2019-10-04 18-59-57.195 [http-nio-8080-exec-7] Settings - Default entity-mode: pojo
[DEBUG] 2019-10-04 18-59-57.195 [http-nio-8080-exec-7] Settings - Check Nullability in Core (should be disabled when Bean Validation is on): enabled
[DEBUG] 2019-10-04 18-59-57.195 [http-nio-8080-exec-7] Settings - Allow initialization of lazy state outside session : disabled
[DEBUG] 2019-10-04 18-59-57.195 [http-nio-8080-exec-7] Settings - Using BatchFetchStyle : LEGACY
[DEBUG] 2019-10-04 18-59-57.195 [http-nio-8080-exec-7] Settings - Default batch fetch size: -1
[DEBUG] 2019-10-04 18-59-57.196 [http-nio-8080-exec-7] Settings - Maximum outer join fetch depth: 2
[DEBUG] 2019-10-04 18-59-57.196 [http-nio-8080-exec-7] Settings - Default null ordering: NONE
[DEBUG] 2019-10-04 18-59-57.196 [http-nio-8080-exec-7] Settings - Order SQL updates by primary key: disabled
[DEBUG] 2019-10-04 18-59-57.196 [http-nio-8080-exec-7] Settings - Order SQL inserts for batching: disabled
[DEBUG] 2019-10-04 18-59-57.196 [http-nio-8080-exec-7] Settings - multi-tenancy strategy : NONE
[DEBUG] 2019-10-04 18-59-57.196 [http-nio-8080-exec-7] Settings - JTA Track by Thread: enabled
[DEBUG] 2019-10-04 18-59-57.196 [http-nio-8080-exec-7] Settings - Query language substitutions: {}
[DEBUG] 2019-10-04 18-59-57.196 [http-nio-8080-exec-7] Settings - Named query checking : enabled
[DEBUG] 2019-10-04 18-59-57.196 [http-nio-8080-exec-7] Settings - Second-level cache: disabled
[DEBUG] 2019-10-04 18-59-57.196 [http-nio-8080-exec-7] Settings - Second-level query cache: disabled
[DEBUG] 2019-10-04 18-59-57.196 [http-nio-8080-exec-7] Settings - Second-level query cache factory: null
[DEBUG] 2019-10-04 18-59-57.196 [http-nio-8080-exec-7] Settings - Second-level cache region prefix: null
[DEBUG] 2019-10-04 18-59-57.196 [http-nio-8080-exec-7] Settings - Optimize second-level cache for minimal puts: disabled
[DEBUG] 2019-10-04 18-59-57.196 [http-nio-8080-exec-7] Settings - Structured second-level cache entries: disabled
[DEBUG] 2019-10-04 18-59-57.196 [http-nio-8080-exec-7] Settings - Second-level cache direct-reference entries: disabled
[DEBUG] 2019-10-04 18-59-57.196 [http-nio-8080-exec-7] Settings - Automatic eviction of collection cache: disabled
[DEBUG] 2019-10-04 18-59-57.196 [http-nio-8080-exec-7] Settings - JDBC batch size: 15
[DEBUG] 2019-10-04 18-59-57.196 [http-nio-8080-exec-7] Settings - JDBC batch updates for versioned data: enabled
[DEBUG] 2019-10-04 18-59-57.196 [http-nio-8080-exec-7] Settings - Scrollable result sets: enabled
[DEBUG] 2019-10-04 18-59-57.197 [http-nio-8080-exec-7] Settings - Wrap result sets: disabled
[DEBUG] 2019-10-04 18-59-57.197 [http-nio-8080-exec-7] Settings - JDBC3 getGeneratedKeys(): enabled
[DEBUG] 2019-10-04 18-59-57.197 [http-nio-8080-exec-7] Settings - JDBC result set fetch size: null
[DEBUG] 2019-10-04 18-59-57.197 [http-nio-8080-exec-7] Settings - Connection release mode: AFTER_TRANSACTION
[DEBUG] 2019-10-04 18-59-57.197 [http-nio-8080-exec-7] Settings - Generate SQL with comments: disabled
[DEBUG] 2019-10-04 18-59-57.197 [http-nio-8080-exec-7] Settings - JPA compliance - query : 
[DEBUG] 2019-10-04 18-59-57.197 [http-nio-8080-exec-7] Settings - JPA compliance - closed-handling : 
[DEBUG] 2019-10-04 18-59-57.197 [http-nio-8080-exec-7] Settings - JPA compliance - lists : 
[DEBUG] 2019-10-04 18-59-57.197 [http-nio-8080-exec-7] Settings - JPA compliance - transactions : 
[INFO ] 2019-10-04 18-59-57.311 [http-nio-8080-exec-7] beans - HHH10005002: No explicit CDI BeanManager reference was passed to Hibernate, but CDI is available on the Hibernate ClassLoader.
[DEBUG] 2019-10-04 18-59-57.339 [http-nio-8080-exec-7] SessionFactoryImpl - Session factory constructed with filter configurations : {}
[DEBUG] 2019-10-04 18-59-57.339 [http-nio-8080-exec-7] SessionFactoryImpl - Instantiating session factory with properties: {awt.toolkit=sun.awt.windows.WToolkit, java.specification.version=11, sun.cpu.isalist=amd64, hibernate.c3p0.idle_test_period=3000, sun.jnu.encoding=Cp1252, hibernate.c3p0.min_size=5, sun.arch.data.model=64, java.vendor.url=http://java.oracle.com/, catalina.useNaming=true, openejb.provider.default=org.apache.tomee, sun.boot.library.path=C:\Program Files\Java\jdk-11.0.4\bin, com.sun.management.jmxremote.ssl=false, sun.java.command=org.apache.catalina.startup.Bootstrap start, jdk.debug=release, java.specification.vendor=Oracle Corporation, java.naming.factory.url.pkgs=org.apache.naming:org.apache.openejb.core.ivm.naming, openejb.embedder.source=ServerListener, java.version.date=2019-07-16, java.home=C:\Program Files\Java\jdk-11.0.4, ignore.endorsed.dirs=, file.separator=\, java.vm.compressedOopsMode=32-bit, line.separator=
, hibernate.c3p0.timeout=300, java.specification.name=Java Platform API Specification, java.vm.specification.vendor=Oracle Corporation, openejb.scan.webapp.container=true, com.sun.management.jmxremote.password.file=C:\Users\15635\.IntelliJIdea2019.2\system\tomcat\Unnamed_myworkweek\jmxremote.password, package.definition=sun.,java.,org.apache.catalina.,org.apache.coyote.,org.apache.jasper.,org.apache.naming.,org.apache.tomcat., openejb.deployments.classpath.filter.systemapps=false, jdk.tls.ephemeralDHKeySize=2048, user.script=, java.util.logging.config.file=C:\Users\15635\.IntelliJIdea2019.2\system\tomcat\Unnamed_myworkweek\conf\logging.properties, java.protocol.handler.pkgs=org.apache.catalina.webresources, connection.password=Security1!, sun.management.compiler=HotSpot 64-Bit Tiered Compilers, openejb.scan.webapp.container.excludes=, java.runtime.version=11.0.4+10-LTS, user.name=15635, org.apache.johnzon.max-string-length=8192, file.encoding=Cp1252, java.vendor.version=18.9, derby.system.home=C:\tomcat\bin, hibernate.connection.driver_class=com.mysql.cj.jdbc.Driver, java.io.tmpdir=C:\tomcat\temp, tomcat.util.scan.StandardJarScanFilter.jarsToScan=log4j-taglib*.jar,log4j-web*.jar,log4javascript*.jar,slf4j-taglib*.jar, java.version=11.0.4, com.sun.management.jmxremote.port=1099, tomcat.util.scan.StandardJarScanFilter.jarsToSkip=annotations-api.jar,ant-junit*.jar,ant-launcher.jar,ant.jar,asm-*.jar,aspectj*.jar,bootstrap.jar,catalina-ant.jar,catalina-ha.jar,catalina-jmx-remote.jar,catalina-storeconfig.jar,catalina-tribes.jar,catalina-ws.jar,catalina.jar,cglib-*.jar,cobertura-*.jar,commons-beanutils*.jar,commons-codec*.jar,commons-collections*.jar,commons-daemon.jar,commons-dbcp*.jar,commons-digester*.jar,commons-fileupload*.jar,commons-httpclient*.jar,commons-io*.jar,commons-lang*.jar,commons-logging*.jar,commons-math*.jar,commons-pool*.jar,dom4j-*.jar,easymock-*.jar,ecj-*.jar,el-api.jar,geronimo-spec-jaxrpc*.jar,h2*.jar,hamcrest-*.jar,hibernate*.jar,httpclient*.jar,icu4j-*.jar,jasper-el.jar,jasper.jar,jaspic-api.jar,jaxb-*.jar,jaxen-*.jar,jdom-*.jar,jetty-*.jar,jmx-tools.jar,jmx.jar,jsp-api.jar,jstl.jar,jta*.jar,junit-*.jar,junit.jar,log4j*.jar,mail*.jar,objenesis-*.jar,oraclepki.jar,oro-*.jar,servlet-api-*.jar,servlet-api.jar,slf4j*.jar,taglibs-standard-spec-*.jar,tagsoup-*.jar,tomcat-api.jar,tomcat-coyote.jar,tomcat-dbcp.jar,tomcat-i18n-*.jar,tomcat-jdbc.jar,tomcat-jni.jar,tomcat-juli-adapters.jar,tomcat-juli.jar,tomcat-util-scan.jar,tomcat-util.jar,tomcat-websocket.jar,tools.jar,websocket-api.jar,wsdl4j*.jar,xercesImpl.jar,xml-apis.jar,xmlParserAPIs-*.jar,xmlParserAPIs.jar,xom-*.jar, connection.username=cortezjl, java.vm.specification.name=Java Virtual Machine Specification, java.awt.printerjob=sun.awt.windows.WPrinterJob, sun.os.patch.level=, connection.driver_class=com.mysql.cj.jdbc.Driver, tomcat.built=May 4 2019 09:17:16 UTC, java.library.path=C:\Program Files\Java\jdk-11.0.4\bin;C:\Windows\Sun\Java\bin;C:\Windows\system32;C:\Windows;C:\Windows\system32;C:\Windows;C:\Windows\System32\Wbem;C:\Windows\System32\WindowsPowerShell\v1.0\;C:\Windows\System32\OpenSSH\;C:\Program Files\Git\cmd;C:\Program Files (x86)\Intel\Intel(R) Management Engine Components\DAL;C:\Program Files\Intel\Intel(R) Management Engine Components\DAL;C:\Program Files\MySQL\MySQL Shell 8.0\bin\;., java.vendor=Oracle Corporation, tomee.version=7.1.1, java.rmi.server.randomIDs=true, sun.io.unicode.encoding=UnicodeLittle, tomcat.util.buf.StringCache.byte.enabled=true, sun.desktop=windows, java.class.path=C:\tomcat\bin\bootstrap.jar;C:\tomcat\bin\tomcat-juli.jar, tomcat.version=8.5.41.0, java.vm.vendor=Oracle Corporation, openejb.home=C:\tomcat, user.variant=, openejb.system.apps=true, user.timezone=America/Chicago, os.name=Windows 10, java.vm.specification.version=11, sun.java.launcher=SUN_STANDARD, user.country=US, openejb.base=C:\Users\15635\.IntelliJIdea2019.2\system\tomcat\Unnamed_myworkweek, com.sun.management.jmxremote=, sun.cpu.endian=little, user.home=C:\Users\15635, hibernate.c3p0.max_statements=50, user.language=en, openejb.deployments.classpath=false, java.awt.graphicsenv=sun.awt.Win32GraphicsEnvironment, package.access=sun.,org.apache.catalina.,org.apache.coyote.,org.apache.jasper.,org.apache.tomcat., openejb.loader=tomcat-system, server.loader=, com.sun.management.jmxremote.access.file=C:\Users\15635\.IntelliJIdea2019.2\system\tomcat\Unnamed_myworkweek\jmxremote.access, hibernate.c3p0.max_size=20, java.naming.factory.initial=org.apache.naming.java.javaURLContextFactory, path.separator=;, org.apache.openejb.core.security.JaccProvider=org.apache.openejb.core.security.jacc.BasicJaccProvider, common.loader="C:/tomcat/lib","C:/tomcat/lib/*.jar","C:\tomcat/lib","C:\tomcat/lib/*.jar", hibernate.connection.username=****, os.version=10.0, openejb.version=7.1.1, org.apache.security.jacc.EJBMethodPermission.methodInterfaces=BusinessLocalHome,BusinessRemoteHome,BusinessRemote,BusinessLocal, java.runtime.name=Java(TM) SE Runtime Environment, hibernate.connection.url=jdbc:mysql://localhost:3306/mww, java.vm.name=Java HotSpot(TM) 64-Bit Server VM, openejb.scan.webapp.container.includes=.*(geronimo|mp-jwt|failsafe).*, java.vendor.url.bug=http://bugreport.java.com/bugreport/, tomee.remote.support=true, catalina.home=C:\tomcat, user.dir=C:\tomcat\bin, bval.in-container=true, os.arch=amd64, openjpa.Log=org.apache.openejb.openjpa.JULOpenJPALogFactory, hibernate.connection.password=****, tomee.serialization.class.blacklist=-, tomee.serialization.class.whitelist=, shared.loader=, catalina.base=C:\Users\15635\.IntelliJIdea2019.2\system\tomcat\Unnamed_myworkweek, hibernate.boot.CfgXmlAccessService.key=org.hibernate.boot.cfgxml.spi.LoadedConfig@62de140c, noBanner=true, java.util.logging.manager=org.apache.juli.ClassLoaderLogManager, org.apache.webbeans.logger.WebBeansLoggerFacade=org.apache.openejb.cdi.logging.ContainerJULLoggerFactory, java.vm.info=mixed mode, java.vm.version=11.0.4+10-LTS, hibernate.bytecode.use_reflection_optimizer=false, java.rmi.server.hostname=127.0.0.1, javax.security.jacc.PolicyConfigurationFactory.provider=org.apache.openejb.core.security.JaccProvider$Factory, connection.url=jdbc:mysql://localhost:3306/mww, java.class.version=55.0, authconfigprovider.factory=false}
[DEBUG] 2019-10-04 18-59-57.374 [http-nio-8080-exec-7] ClassLoaderAccessImpl - Not known whether passed class name [com.juliecortez.entity.User] is safe
[DEBUG] 2019-10-04 18-59-57.374 [http-nio-8080-exec-7] ClassLoaderAccessImpl - No temp ClassLoader provided; using live ClassLoader for loading potentially unsafe class : com.juliecortez.entity.User
[DEBUG] 2019-10-04 18-59-57.386 [http-nio-8080-exec-7] ClassLoaderAccessImpl - Not known whether passed class name [com.juliecortez.entity.Role] is safe
[DEBUG] 2019-10-04 18-59-57.386 [http-nio-8080-exec-7] ClassLoaderAccessImpl - No temp ClassLoader provided; using live ClassLoader for loading potentially unsafe class : com.juliecortez.entity.Role
[DEBUG] 2019-10-04 18-59-57.389 [http-nio-8080-exec-7] JaccIntegrator - Skipping JACC integration as it was not enabled
[DEBUG] 2019-10-04 18-59-57.390 [http-nio-8080-exec-7] SessionFactoryImpl - Instantiated session factory
[DEBUG] 2019-10-04 18-59-57.390 [http-nio-8080-exec-7] TypeConfiguration$Scope - Scoping TypeConfiguration [org.hibernate.type.spi.TypeConfiguration@731a2a94] to SessionFactoryImpl [org.hibernate.internal.SessionFactoryImpl@244e1b64]
[DEBUG] 2019-10-04 18-59-57.472 [http-nio-8080-exec-7] ClassLoaderAccessImpl - Not known whether passed class name [com.juliecortez.entity.User] is safe
[DEBUG] 2019-10-04 18-59-57.472 [http-nio-8080-exec-7] ClassLoaderAccessImpl - No temp ClassLoader provided; using live ClassLoader for loading potentially unsafe class : com.juliecortez.entity.User
[DEBUG] 2019-10-04 18-59-57.513 [http-nio-8080-exec-7] ClassLoaderAccessImpl - Not known whether passed class name [com.juliecortez.entity.User] is safe
[DEBUG] 2019-10-04 18-59-57.513 [http-nio-8080-exec-7] ClassLoaderAccessImpl - No temp ClassLoader provided; using live ClassLoader for loading potentially unsafe class : com.juliecortez.entity.User
[DEBUG] 2019-10-04 18-59-57.894 [http-nio-8080-exec-7] ClassLoaderAccessImpl - Not known whether passed class name [com.juliecortez.entity.Role] is safe
[DEBUG] 2019-10-04 18-59-57.894 [http-nio-8080-exec-7] ClassLoaderAccessImpl - No temp ClassLoader provided; using live ClassLoader for loading potentially unsafe class : com.juliecortez.entity.Role
[DEBUG] 2019-10-04 18-59-57.894 [http-nio-8080-exec-7] ClassLoaderAccessImpl - Not known whether passed class name [com.juliecortez.entity.Role] is safe
[DEBUG] 2019-10-04 18-59-57.894 [http-nio-8080-exec-7] ClassLoaderAccessImpl - No temp ClassLoader provided; using live ClassLoader for loading potentially unsafe class : com.juliecortez.entity.Role
[DEBUG] 2019-10-04 18-59-57.924 [http-nio-8080-exec-7] AbstractCollectionPersister - Static SQL for collection: com.juliecortez.entity.User.roles
[DEBUG] 2019-10-04 18-59-57.925 [http-nio-8080-exec-7] AbstractCollectionPersister -  Row insert: update role set user_id=? where id=?
[DEBUG] 2019-10-04 18-59-57.925 [http-nio-8080-exec-7] AbstractCollectionPersister -  Row update: update role set  where id=?
[DEBUG] 2019-10-04 18-59-57.925 [http-nio-8080-exec-7] AbstractCollectionPersister -  Row delete: update role set user_id=null where user_id=? and id=?
[DEBUG] 2019-10-04 18-59-57.925 [http-nio-8080-exec-7] AbstractCollectionPersister -  One-shot delete: update role set user_id=null where user_id=?
[DEBUG] 2019-10-04 18-59-57.930 [http-nio-8080-exec-7] AbstractEntityPersister - Static SQL for entity: com.juliecortez.entity.User
[DEBUG] 2019-10-04 18-59-57.931 [http-nio-8080-exec-7] AbstractEntityPersister -  Version select: select id from user where id =?
[DEBUG] 2019-10-04 18-59-57.931 [http-nio-8080-exec-7] AbstractEntityPersister -  Snapshot select: select user_.id, user_.date_of_birth as date_of_2_1_, user_.first_name as first_na3_1_, user_.last_name as last_nam4_1_, user_.user_name as user_nam5_1_ from user user_ where user_.id=?
[DEBUG] 2019-10-04 18-59-57.931 [http-nio-8080-exec-7] AbstractEntityPersister -  Insert 0: insert into user (date_of_birth, first_name, last_name, user_name, id) values (?, ?, ?, ?, ?)
[DEBUG] 2019-10-04 18-59-57.931 [http-nio-8080-exec-7] AbstractEntityPersister -  Update 0: update user set date_of_birth=?, first_name=?, last_name=?, user_name=? where id=?
[DEBUG] 2019-10-04 18-59-57.931 [http-nio-8080-exec-7] AbstractEntityPersister -  Delete 0: delete from user where id=?
[DEBUG] 2019-10-04 18-59-57.931 [http-nio-8080-exec-7] AbstractEntityPersister -  Identity insert: insert into user (date_of_birth, first_name, last_name, user_name) values (?, ?, ?, ?)
[DEBUG] 2019-10-04 18-59-57.990 [http-nio-8080-exec-7] QuerySpacesImpl - Adding QuerySpace : uid = <gen:0> -> org.hibernate.loader.plan.build.internal.spaces.EntityQuerySpaceImpl@4ce142d8]
[DEBUG] 2019-10-04 18-59-57.995 [http-nio-8080-exec-7] MetamodelGraphWalker - Visiting attribute path : dateOfBirth
[DEBUG] 2019-10-04 18-59-57.995 [http-nio-8080-exec-7] MetamodelGraphWalker - Visiting attribute path : firstName
[DEBUG] 2019-10-04 18-59-57.995 [http-nio-8080-exec-7] MetamodelGraphWalker - Visiting attribute path : lastName
[DEBUG] 2019-10-04 18-59-57.995 [http-nio-8080-exec-7] MetamodelGraphWalker - Visiting attribute path : roles
[DEBUG] 2019-10-04 18-59-58.009 [http-nio-8080-exec-7] QuerySpacesImpl - Adding QuerySpace : uid = <gen:1> -> org.hibernate.loader.plan.build.internal.spaces.CollectionQuerySpaceImpl@1b2add2d]
[DEBUG] 2019-10-04 18-59-58.015 [http-nio-8080-exec-7] QuerySpacesImpl - Adding QuerySpace : uid = <gen:2> -> org.hibernate.loader.plan.build.internal.spaces.EntityQuerySpaceImpl@48567639]
[DEBUG] 2019-10-04 18-59-58.017 [http-nio-8080-exec-7] MetamodelGraphWalker - Visiting attribute path : roles.role
[DEBUG] 2019-10-04 18-59-58.017 [http-nio-8080-exec-7] MetamodelGraphWalker - Visiting attribute path : roles.user
[DEBUG] 2019-10-04 18-59-58.017 [http-nio-8080-exec-7] MetamodelGraphWalker - Property path deemed to be circular : roles.user
[DEBUG] 2019-10-04 18-59-58.018 [http-nio-8080-exec-7] MetamodelGraphWalker - Visiting attribute path : userName
[DEBUG] 2019-10-04 18-59-58.018 [http-nio-8080-exec-7] FetchStyleLoadPlanBuildingAssociationVisitationStrategy - Building LoadPlan...
[DEBUG] 2019-10-04 18-59-58.059 [http-nio-8080-exec-7] LoadQueryJoinAndFetchProcessor - processing queryspace <gen:0>
[DEBUG] 2019-10-04 18-59-58.070 [http-nio-8080-exec-7] LoadPlanTreePrinter - LoadPlan(entity=com.juliecortez.entity.User)
    - Returns
       - EntityReturnImpl(entity=com.juliecortez.entity.User, querySpaceUid=<gen:0>, path=com.juliecortez.entity.User)
          - CollectionAttributeFetchImpl(collection=com.juliecortez.entity.User.roles, querySpaceUid=<gen:1>, path=com.juliecortez.entity.User.roles)
             - (collection element) CollectionFetchableElementEntityGraph(entity=com.juliecortez.entity.Role, querySpaceUid=<gen:2>, path=com.juliecortez.entity.User.roles.<elements>)
    - QuerySpaces
       - EntityQuerySpaceImpl(uid=<gen:0>, entity=com.juliecortez.entity.User)
          - SQL table alias mapping - user0_
          - alias suffix - 0_
          - suffixed key columns - {id1_1_0_}
          - JOIN (JoinDefinedByMetadata(roles)) : <gen:0> -> <gen:1>
             - CollectionQuerySpaceImpl(uid=<gen:1>, collection=com.juliecortez.entity.User.roles)
                - SQL table alias mapping - roles1_
                - alias suffix - 1_
                - suffixed key columns - {user_id3_0_1_}
                - entity-element alias suffix - 2_
                - 2_entity-element suffixed key columns - id1_0_2_
                - JOIN (JoinDefinedByMetadata(elements)) : <gen:1> -> <gen:2>
                   - EntityQuerySpaceImpl(uid=<gen:2>, entity=com.juliecortez.entity.Role)
                      - SQL table alias mapping - roles1_
                      - alias suffix - 2_
                      - suffixed key columns - {id1_0_2_}

[DEBUG] 2019-10-04 18-59-58.073 [http-nio-8080-exec-7] EntityLoader - Static select for entity com.juliecortez.entity.User [NONE]: select user0_.id as id1_1_0_, user0_.date_of_birth as date_of_2_1_0_, user0_.first_name as first_na3_1_0_, user0_.last_name as last_nam4_1_0_, user0_.user_name as user_nam5_1_0_, roles1_.user_id as user_id3_0_1_, roles1_.id as id1_0_1_, roles1_.id as id1_0_2_, roles1_.role as role2_0_2_, roles1_.user_id as user_id3_0_2_ from user user0_ left outer join role roles1_ on user0_.id=roles1_.user_id where user0_.id=?
[DEBUG] 2019-10-04 18-59-58.073 [http-nio-8080-exec-7] QuerySpacesImpl - Adding QuerySpace : uid = <gen:0> -> org.hibernate.loader.plan.build.internal.spaces.EntityQuerySpaceImpl@4ebda44]
[DEBUG] 2019-10-04 18-59-58.074 [http-nio-8080-exec-7] MetamodelGraphWalker - Visiting attribute path : dateOfBirth
[DEBUG] 2019-10-04 18-59-58.074 [http-nio-8080-exec-7] MetamodelGraphWalker - Visiting attribute path : firstName
[DEBUG] 2019-10-04 18-59-58.074 [http-nio-8080-exec-7] MetamodelGraphWalker - Visiting attribute path : lastName
[DEBUG] 2019-10-04 18-59-58.074 [http-nio-8080-exec-7] MetamodelGraphWalker - Visiting attribute path : roles
[DEBUG] 2019-10-04 18-59-58.074 [http-nio-8080-exec-7] QuerySpacesImpl - Adding QuerySpace : uid = <gen:1> -> org.hibernate.loader.plan.build.internal.spaces.CollectionQuerySpaceImpl@3801438e]
[DEBUG] 2019-10-04 18-59-58.074 [http-nio-8080-exec-7] QuerySpacesImpl - Adding QuerySpace : uid = <gen:2> -> org.hibernate.loader.plan.build.internal.spaces.EntityQuerySpaceImpl@9812759]
[DEBUG] 2019-10-04 18-59-58.074 [http-nio-8080-exec-7] MetamodelGraphWalker - Visiting attribute path : roles.role
[DEBUG] 2019-10-04 18-59-58.074 [http-nio-8080-exec-7] MetamodelGraphWalker - Visiting attribute path : roles.user
[DEBUG] 2019-10-04 18-59-58.074 [http-nio-8080-exec-7] MetamodelGraphWalker - Property path deemed to be circular : roles.user
[DEBUG] 2019-10-04 18-59-58.074 [http-nio-8080-exec-7] MetamodelGraphWalker - Visiting attribute path : userName
[DEBUG] 2019-10-04 18-59-58.074 [http-nio-8080-exec-7] FetchStyleLoadPlanBuildingAssociationVisitationStrategy - Building LoadPlan...
[DEBUG] 2019-10-04 18-59-58.074 [http-nio-8080-exec-7] LoadQueryJoinAndFetchProcessor - processing queryspace <gen:0>
[DEBUG] 2019-10-04 18-59-58.075 [http-nio-8080-exec-7] LoadPlanTreePrinter - LoadPlan(entity=com.juliecortez.entity.User)
    - Returns
       - EntityReturnImpl(entity=com.juliecortez.entity.User, querySpaceUid=<gen:0>, path=com.juliecortez.entity.User)
          - CollectionAttributeFetchImpl(collection=com.juliecortez.entity.User.roles, querySpaceUid=<gen:1>, path=com.juliecortez.entity.User.roles)
             - (collection element) CollectionFetchableElementEntityGraph(entity=com.juliecortez.entity.Role, querySpaceUid=<gen:2>, path=com.juliecortez.entity.User.roles.<elements>)
    - QuerySpaces
       - EntityQuerySpaceImpl(uid=<gen:0>, entity=com.juliecortez.entity.User)
          - SQL table alias mapping - user0_
          - alias suffix - 0_
          - suffixed key columns - {id1_1_0_}
          - JOIN (JoinDefinedByMetadata(roles)) : <gen:0> -> <gen:1>
             - CollectionQuerySpaceImpl(uid=<gen:1>, collection=com.juliecortez.entity.User.roles)
                - SQL table alias mapping - roles1_
                - alias suffix - 1_
                - suffixed key columns - {user_id3_0_1_}
                - entity-element alias suffix - 2_
                - 2_entity-element suffixed key columns - id1_0_2_
                - JOIN (JoinDefinedByMetadata(elements)) : <gen:1> -> <gen:2>
                   - EntityQuerySpaceImpl(uid=<gen:2>, entity=com.juliecortez.entity.Role)
                      - SQL table alias mapping - roles1_
                      - alias suffix - 2_
                      - suffixed key columns - {id1_0_2_}

[DEBUG] 2019-10-04 18-59-58.075 [http-nio-8080-exec-7] EntityLoader - Static select for entity com.juliecortez.entity.User [READ]: select user0_.id as id1_1_0_, user0_.date_of_birth as date_of_2_1_0_, user0_.first_name as first_na3_1_0_, user0_.last_name as last_nam4_1_0_, user0_.user_name as user_nam5_1_0_, roles1_.user_id as user_id3_0_1_, roles1_.id as id1_0_1_, roles1_.id as id1_0_2_, roles1_.role as role2_0_2_, roles1_.user_id as user_id3_0_2_ from user user0_ left outer join role roles1_ on user0_.id=roles1_.user_id where user0_.id=?
[DEBUG] 2019-10-04 18-59-58.101 [http-nio-8080-exec-7] Loader - Static select for action ACTION_MERGE on entity com.juliecortez.entity.User: select user0_.id as id1_1_1_, user0_.date_of_birth as date_of_2_1_1_, user0_.first_name as first_na3_1_1_, user0_.last_name as last_nam4_1_1_, user0_.user_name as user_nam5_1_1_, roles1_.user_id as user_id3_0_3_, roles1_.id as id1_0_3_, roles1_.id as id1_0_0_, roles1_.role as role2_0_0_, roles1_.user_id as user_id3_0_0_ from user user0_ left outer join role roles1_ on user0_.id=roles1_.user_id where user0_.id=?
[DEBUG] 2019-10-04 18-59-58.101 [http-nio-8080-exec-7] Loader - Static select for action ACTION_REFRESH on entity com.juliecortez.entity.User: select user0_.id as id1_1_1_, user0_.date_of_birth as date_of_2_1_1_, user0_.first_name as first_na3_1_1_, user0_.last_name as last_nam4_1_1_, user0_.user_name as user_nam5_1_1_, roles1_.user_id as user_id3_0_3_, roles1_.id as id1_0_3_, roles1_.id as id1_0_0_, roles1_.role as role2_0_0_, roles1_.user_id as user_id3_0_0_ from user user0_ left outer join role roles1_ on user0_.id=roles1_.user_id where user0_.id=?
[DEBUG] 2019-10-04 18-59-58.101 [http-nio-8080-exec-7] AbstractEntityPersister - Static SQL for entity: com.juliecortez.entity.Role
[DEBUG] 2019-10-04 18-59-58.101 [http-nio-8080-exec-7] AbstractEntityPersister -  Version select: select id from role where id =?
[DEBUG] 2019-10-04 18-59-58.102 [http-nio-8080-exec-7] AbstractEntityPersister -  Snapshot select: select role_.id, role_.role as role2_0_, role_.user_id as user_id3_0_ from role role_ where role_.id=?
[DEBUG] 2019-10-04 18-59-58.102 [http-nio-8080-exec-7] AbstractEntityPersister -  Insert 0: insert into role (role, user_id, id) values (?, ?, ?)
[DEBUG] 2019-10-04 18-59-58.102 [http-nio-8080-exec-7] AbstractEntityPersister -  Update 0: update role set role=?, user_id=? where id=?
[DEBUG] 2019-10-04 18-59-58.102 [http-nio-8080-exec-7] AbstractEntityPersister -  Delete 0: delete from role where id=?
[DEBUG] 2019-10-04 18-59-58.102 [http-nio-8080-exec-7] AbstractEntityPersister -  Identity insert: insert into role (role, user_id) values (?, ?)
[DEBUG] 2019-10-04 18-59-58.102 [http-nio-8080-exec-7] QuerySpacesImpl - Adding QuerySpace : uid = <gen:0> -> org.hibernate.loader.plan.build.internal.spaces.EntityQuerySpaceImpl@341d710]
[DEBUG] 2019-10-04 18-59-58.102 [http-nio-8080-exec-7] MetamodelGraphWalker - Visiting attribute path : role
[DEBUG] 2019-10-04 18-59-58.102 [http-nio-8080-exec-7] MetamodelGraphWalker - Visiting attribute path : user
[DEBUG] 2019-10-04 18-59-58.102 [http-nio-8080-exec-7] QuerySpacesImpl - Adding QuerySpace : uid = <gen:1> -> org.hibernate.loader.plan.build.internal.spaces.EntityQuerySpaceImpl@71a24654]
[DEBUG] 2019-10-04 18-59-58.103 [http-nio-8080-exec-7] MetamodelGraphWalker - Visiting attribute path : user.dateOfBirth
[DEBUG] 2019-10-04 18-59-58.103 [http-nio-8080-exec-7] MetamodelGraphWalker - Visiting attribute path : user.firstName
[DEBUG] 2019-10-04 18-59-58.103 [http-nio-8080-exec-7] MetamodelGraphWalker - Visiting attribute path : user.lastName
[DEBUG] 2019-10-04 18-59-58.103 [http-nio-8080-exec-7] MetamodelGraphWalker - Visiting attribute path : user.roles
[DEBUG] 2019-10-04 18-59-58.103 [http-nio-8080-exec-7] MetamodelGraphWalker - Property path deemed to be circular : user.roles
[DEBUG] 2019-10-04 18-59-58.103 [http-nio-8080-exec-7] MetamodelGraphWalker - Visiting attribute path : user.userName
[DEBUG] 2019-10-04 18-59-58.103 [http-nio-8080-exec-7] FetchStyleLoadPlanBuildingAssociationVisitationStrategy - Building LoadPlan...
[DEBUG] 2019-10-04 18-59-58.103 [http-nio-8080-exec-7] LoadQueryJoinAndFetchProcessor - processing queryspace <gen:0>
[DEBUG] 2019-10-04 18-59-58.104 [http-nio-8080-exec-7] LoadPlanTreePrinter - LoadPlan(entity=com.juliecortez.entity.Role)
    - Returns
       - EntityReturnImpl(entity=com.juliecortez.entity.Role, querySpaceUid=<gen:0>, path=com.juliecortez.entity.Role)
          - EntityAttributeFetchImpl(entity=com.juliecortez.entity.User, querySpaceUid=<gen:1>, path=com.juliecortez.entity.Role.user)
    - QuerySpaces
       - EntityQuerySpaceImpl(uid=<gen:0>, entity=com.juliecortez.entity.Role)
          - SQL table alias mapping - role0_
          - alias suffix - 0_
          - suffixed key columns - {id1_0_0_}
          - JOIN (JoinDefinedByMetadata(user)) : <gen:0> -> <gen:1>
             - EntityQuerySpaceImpl(uid=<gen:1>, entity=com.juliecortez.entity.User)
                - SQL table alias mapping - user1_
                - alias suffix - 1_
                - suffixed key columns - {id1_1_1_}

[DEBUG] 2019-10-04 18-59-58.104 [http-nio-8080-exec-7] EntityLoader - Static select for entity com.juliecortez.entity.Role [NONE]: select role0_.id as id1_0_0_, role0_.role as role2_0_0_, role0_.user_id as user_id3_0_0_, user1_.id as id1_1_1_, user1_.date_of_birth as date_of_2_1_1_, user1_.first_name as first_na3_1_1_, user1_.last_name as last_nam4_1_1_, user1_.user_name as user_nam5_1_1_ from role role0_ left outer join user user1_ on role0_.user_id=user1_.id where role0_.id=?
[DEBUG] 2019-10-04 18-59-58.104 [http-nio-8080-exec-7] QuerySpacesImpl - Adding QuerySpace : uid = <gen:0> -> org.hibernate.loader.plan.build.internal.spaces.EntityQuerySpaceImpl@647b6de0]
[DEBUG] 2019-10-04 18-59-58.104 [http-nio-8080-exec-7] MetamodelGraphWalker - Visiting attribute path : role
[DEBUG] 2019-10-04 18-59-58.104 [http-nio-8080-exec-7] MetamodelGraphWalker - Visiting attribute path : user
[DEBUG] 2019-10-04 18-59-58.104 [http-nio-8080-exec-7] QuerySpacesImpl - Adding QuerySpace : uid = <gen:1> -> org.hibernate.loader.plan.build.internal.spaces.EntityQuerySpaceImpl@1c6a6352]
[DEBUG] 2019-10-04 18-59-58.104 [http-nio-8080-exec-7] MetamodelGraphWalker - Visiting attribute path : user.dateOfBirth
[DEBUG] 2019-10-04 18-59-58.104 [http-nio-8080-exec-7] MetamodelGraphWalker - Visiting attribute path : user.firstName
[DEBUG] 2019-10-04 18-59-58.104 [http-nio-8080-exec-7] MetamodelGraphWalker - Visiting attribute path : user.lastName
[DEBUG] 2019-10-04 18-59-58.104 [http-nio-8080-exec-7] MetamodelGraphWalker - Visiting attribute path : user.roles
[DEBUG] 2019-10-04 18-59-58.104 [http-nio-8080-exec-7] MetamodelGraphWalker - Property path deemed to be circular : user.roles
[DEBUG] 2019-10-04 18-59-58.104 [http-nio-8080-exec-7] MetamodelGraphWalker - Visiting attribute path : user.userName
[DEBUG] 2019-10-04 18-59-58.104 [http-nio-8080-exec-7] FetchStyleLoadPlanBuildingAssociationVisitationStrategy - Building LoadPlan...
[DEBUG] 2019-10-04 18-59-58.105 [http-nio-8080-exec-7] LoadQueryJoinAndFetchProcessor - processing queryspace <gen:0>
[DEBUG] 2019-10-04 18-59-58.105 [http-nio-8080-exec-7] LoadPlanTreePrinter - LoadPlan(entity=com.juliecortez.entity.Role)
    - Returns
       - EntityReturnImpl(entity=com.juliecortez.entity.Role, querySpaceUid=<gen:0>, path=com.juliecortez.entity.Role)
          - EntityAttributeFetchImpl(entity=com.juliecortez.entity.User, querySpaceUid=<gen:1>, path=com.juliecortez.entity.Role.user)
    - QuerySpaces
       - EntityQuerySpaceImpl(uid=<gen:0>, entity=com.juliecortez.entity.Role)
          - SQL table alias mapping - role0_
          - alias suffix - 0_
          - suffixed key columns - {id1_0_0_}
          - JOIN (JoinDefinedByMetadata(user)) : <gen:0> -> <gen:1>
             - EntityQuerySpaceImpl(uid=<gen:1>, entity=com.juliecortez.entity.User)
                - SQL table alias mapping - user1_
                - alias suffix - 1_
                - suffixed key columns - {id1_1_1_}

[DEBUG] 2019-10-04 18-59-58.105 [http-nio-8080-exec-7] EntityLoader - Static select for entity com.juliecortez.entity.Role [READ]: select role0_.id as id1_0_0_, role0_.role as role2_0_0_, role0_.user_id as user_id3_0_0_, user1_.id as id1_1_1_, user1_.date_of_birth as date_of_2_1_1_, user1_.first_name as first_na3_1_1_, user1_.last_name as last_nam4_1_1_, user1_.user_name as user_nam5_1_1_ from role role0_ left outer join user user1_ on role0_.user_id=user1_.id where role0_.id=?
[DEBUG] 2019-10-04 18-59-58.105 [http-nio-8080-exec-7] Loader - Static select for action ACTION_MERGE on entity com.juliecortez.entity.Role: select role0_.id as id1_0_0_, role0_.role as role2_0_0_, role0_.user_id as user_id3_0_0_ from role role0_ where role0_.id=?
[DEBUG] 2019-10-04 18-59-58.105 [http-nio-8080-exec-7] Loader - Static select for action ACTION_REFRESH on entity com.juliecortez.entity.Role: select role0_.id as id1_0_0_, role0_.role as role2_0_0_, role0_.user_id as user_id3_0_0_ from role role0_ where role0_.id=?
[DEBUG] 2019-10-04 18-59-58.113 [http-nio-8080-exec-7] QuerySpacesImpl - Adding QuerySpace : uid = <gen:0> -> org.hibernate.loader.plan.build.internal.spaces.CollectionQuerySpaceImpl@70f7dc73]
[DEBUG] 2019-10-04 18-59-58.114 [http-nio-8080-exec-7] QuerySpacesImpl - Adding QuerySpace : uid = <gen:1> -> org.hibernate.loader.plan.build.internal.spaces.EntityQuerySpaceImpl@15039eab]
[DEBUG] 2019-10-04 18-59-58.114 [http-nio-8080-exec-7] MetamodelGraphWalker - Visiting attribute path : role
[DEBUG] 2019-10-04 18-59-58.114 [http-nio-8080-exec-7] MetamodelGraphWalker - Visiting attribute path : user
[DEBUG] 2019-10-04 18-59-58.114 [http-nio-8080-exec-7] MetamodelGraphWalker - Property path deemed to be circular : user
[DEBUG] 2019-10-04 18-59-58.114 [http-nio-8080-exec-7] FetchStyleLoadPlanBuildingAssociationVisitationStrategy - Building LoadPlan...
[DEBUG] 2019-10-04 18-59-58.118 [http-nio-8080-exec-7] LoadQueryJoinAndFetchProcessor - processing queryspace <gen:0>
[DEBUG] 2019-10-04 18-59-58.118 [http-nio-8080-exec-7] LoadPlanTreePrinter - LoadPlan(collection=com.juliecortez.entity.User.roles)
    - Returns
       - CollectionReturnImpl(collection=com.juliecortez.entity.User.roles, querySpaceUid=<gen:0>, path=[com.juliecortez.entity.User.roles])
          - (collection element) CollectionFetchableElementEntityGraph(entity=com.juliecortez.entity.Role, querySpaceUid=<gen:1>, path=[com.juliecortez.entity.User.roles].<elements>)
    - QuerySpaces
       - CollectionQuerySpaceImpl(uid=<gen:0>, collection=com.juliecortez.entity.User.roles)
          - SQL table alias mapping - roles0_
          - alias suffix - 0_
          - suffixed key columns - {user_id3_0_0_}
          - entity-element alias suffix - 1_
          - 1_entity-element suffixed key columns - id1_0_1_
          - JOIN (JoinDefinedByMetadata(elements)) : <gen:0> -> <gen:1>
             - EntityQuerySpaceImpl(uid=<gen:1>, entity=com.juliecortez.entity.Role)
                - SQL table alias mapping - roles0_
                - alias suffix - 1_
                - suffixed key columns - {id1_0_1_}

[DEBUG] 2019-10-04 18-59-58.119 [http-nio-8080-exec-7] CollectionLoader - Static select for collection com.juliecortez.entity.User.roles: select roles0_.user_id as user_id3_0_0_, roles0_.id as id1_0_0_, roles0_.id as id1_0_1_, roles0_.role as role2_0_1_, roles0_.user_id as user_id3_0_1_ from role roles0_ where roles0_.user_id=?
[DEBUG] 2019-10-04 18-59-58.192 [http-nio-8080-exec-7] SchemaManagementToolCoordinator - No actions specified; doing nothing
[DEBUG] 2019-10-04 18-59-58.192 [http-nio-8080-exec-7] JtaPlatformInitiator - No JtaPlatform was specified, checking resolver
[DEBUG] 2019-10-04 18-59-58.193 [http-nio-8080-exec-7] JtaPlatformResolverInitiator - No JtaPlatformResolver was specified, using default [org.hibernate.engine.transaction.jta.platform.internal.StandardJtaPlatformResolver]
[DEBUG] 2019-10-04 18-59-58.208 [http-nio-8080-exec-7] StandardJtaPlatformResolver - Could not resolve JtaPlatform, using default [org.hibernate.engine.transaction.jta.platform.internal.NoJtaPlatform]
[INFO ] 2019-10-04 18-59-58.208 [http-nio-8080-exec-7] JtaPlatformInitiator - HHH000490: Using JtaPlatform implementation: [org.hibernate.engine.transaction.jta.platform.internal.NoJtaPlatform]
[DEBUG] 2019-10-04 18-59-58.209 [http-nio-8080-exec-7] NamedQueryRepository - Checking 0 named HQL queries
[DEBUG] 2019-10-04 18-59-58.209 [http-nio-8080-exec-7] NamedQueryRepository - Checking 0 named SQL queries
[DEBUG] 2019-10-04 18-59-58.213 [http-nio-8080-exec-7] SessionFactoryRegistry - Initializing SessionFactoryRegistry : org.hibernate.internal.SessionFactoryRegistry@36f5b9bf
[DEBUG] 2019-10-04 18-59-58.216 [http-nio-8080-exec-7] SessionFactoryRegistry - Registering SessionFactory: bb90d977-4184-4877-b296-6cfd69b39ac9 (<unnamed>)
[DEBUG] 2019-10-04 18-59-58.216 [http-nio-8080-exec-7] SessionFactoryRegistry - Not binding SessionFactory to JNDI, no JNDI name configured
[DEBUG] 2019-10-04 18-59-58.348 [http-nio-8080-exec-7] StatisticsInitiator - Statistics initialized [enabled=false]
[DEBUG] 2019-10-04 18-59-58.395 [http-nio-8080-exec-7] CriteriaQueryImpl - Rendered criteria query -> select generatedAlias0 from User as generatedAlias0
[DEBUG] 2019-10-04 18-59-58.423 [http-nio-8080-exec-7] QueryTranslatorFactoryInitiator - QueryTranslatorFactory: org.hibernate.hql.internal.ast.ASTQueryTranslatorFactory@2b3bc08d
[DEBUG] 2019-10-04 18-59-58.465 [http-nio-8080-exec-7] QueryTranslatorImpl - parse() - HQL: select generatedAlias0 from com.juliecortez.entity.User as generatedAlias0
[DEBUG] 2019-10-04 18-59-58.473 [http-nio-8080-exec-7] ErrorTracker - throwQueryException() : no errors
[DEBUG] 2019-10-04 18-59-58.481 [http-nio-8080-exec-7] QueryTranslatorImpl - --- HQL AST ---
 \-[QUERY] Node: 'query'
    \-[SELECT_FROM] Node: 'SELECT_FROM'
       +-[FROM] Node: 'from'
       |  \-[RANGE] Node: 'RANGE'
       |     +-[DOT] Node: '.'
       |     |  +-[DOT] Node: '.'
       |     |  |  +-[DOT] Node: '.'
       |     |  |  |  +-[IDENT] Node: 'com'
       |     |  |  |  \-[IDENT] Node: 'juliecortez'
       |     |  |  \-[IDENT] Node: 'entity'
       |     |  \-[IDENT] Node: 'User'
       |     \-[ALIAS] Node: 'generatedAlias0'
       \-[SELECT] Node: 'select'
          \-[IDENT] Node: 'generatedAlias0'

[DEBUG] 2019-10-04 18-59-58.515 [http-nio-8080-exec-7] HqlSqlBaseWalker - select << begin [level=1, statement=select]
[DEBUG] 2019-10-04 18-59-58.538 [http-nio-8080-exec-7] FromElement - FromClause{level=1} : com.juliecortez.entity.User (generatedAlias0) -> user0_
[DEBUG] 2019-10-04 18-59-58.539 [http-nio-8080-exec-7] FromReferenceNode - Resolved : generatedAlias0 -> user0_.id
[DEBUG] 2019-10-04 18-59-58.541 [http-nio-8080-exec-7] HqlSqlBaseWalker - select : finishing up [level=1, statement=select]
[DEBUG] 2019-10-04 18-59-58.541 [http-nio-8080-exec-7] HqlSqlWalker - processQuery() :  ( SELECT ( {select clause} user0_.id ) ( FromClause{level=1} user user0_ ) )
[DEBUG] 2019-10-04 18-59-58.556 [http-nio-8080-exec-7] JoinProcessor - Using FROM fragment [user user0_]
[DEBUG] 2019-10-04 18-59-58.556 [http-nio-8080-exec-7] HqlSqlBaseWalker - select >> end [level=1, statement=select]
[DEBUG] 2019-10-04 18-59-58.556 [http-nio-8080-exec-7] QueryTranslatorImpl - --- SQL AST ---
 \-[SELECT] QueryNode: 'SELECT'  querySpaces (user)
    +-[SELECT_CLAUSE] SelectClause: '{select clause}'
    |  +-[ALIAS_REF] IdentNode: 'user0_.id as id1_1_' {alias=generatedAlias0, className=com.juliecortez.entity.User, tableAlias=user0_}
    |  \-[SQL_TOKEN] SqlFragment: 'user0_.date_of_birth as date_of_2_1_, user0_.first_name as first_na3_1_, user0_.last_name as last_nam4_1_, user0_.user_name as user_nam5_1_'
    \-[FROM] FromClause: 'from' FromClause{level=1, fromElementCounter=1, fromElements=1, fromElementByClassAlias=[generatedAlias0], fromElementByTableAlias=[user0_], fromElementsByPath=[], collectionJoinFromElementsByPath=[], impliedElements=[]}
       \-[FROM_FRAGMENT] FromElement: 'user user0_' FromElement{explicit,not a collection join,not a fetch join,fetch non-lazy properties,classAlias=generatedAlias0,role=null,tableName=user,tableAlias=user0_,origin=null,columns={,className=com.juliecortez.entity.User}}

[DEBUG] 2019-10-04 18-59-58.556 [http-nio-8080-exec-7] ErrorTracker - throwQueryException() : no errors
[DEBUG] 2019-10-04 18-59-58.563 [http-nio-8080-exec-7] QueryTranslatorImpl - HQL: select generatedAlias0 from com.juliecortez.entity.User as generatedAlias0
[DEBUG] 2019-10-04 18-59-58.563 [http-nio-8080-exec-7] QueryTranslatorImpl - SQL: select user0_.id as id1_1_, user0_.date_of_birth as date_of_2_1_, user0_.first_name as first_na3_1_, user0_.last_name as last_nam4_1_, user0_.user_name as user_nam5_1_ from user user0_
[DEBUG] 2019-10-04 18-59-58.563 [http-nio-8080-exec-7] ErrorTracker - throwQueryException() : no errors
[DEBUG] 2019-10-04 18-59-58.587 [http-nio-8080-exec-7] SQL - select user0_.id as id1_1_, user0_.date_of_birth as date_of_2_1_, user0_.first_name as first_na3_1_, user0_.last_name as last_nam4_1_, user0_.user_name as user_nam5_1_ from user user0_
[DEBUG] 2019-10-04 18-59-58.632 [http-nio-8080-exec-7] SqlExceptionHelper - could not extract ResultSet [n/a]
java.sql.SQLSyntaxErrorException: Table 'mww.user' doesn't exist
	at com.mysql.cj.jdbc.exceptions.SQLError.createSQLException(SQLError.java:120) ~[mysql-connector-java-8.0.16.jar:8.0.16]
	at com.mysql.cj.jdbc.exceptions.SQLError.createSQLException(SQLError.java:97) ~[mysql-connector-java-8.0.16.jar:8.0.16]
	at com.mysql.cj.jdbc.exceptions.SQLExceptionsMapping.translateException(SQLExceptionsMapping.java:122) ~[mysql-connector-java-8.0.16.jar:8.0.16]
	at com.mysql.cj.jdbc.ClientPreparedStatement.executeInternal(ClientPreparedStatement.java:955) ~[mysql-connector-java-8.0.16.jar:8.0.16]
	at com.mysql.cj.jdbc.ClientPreparedStatement.executeQuery(ClientPreparedStatement.java:1005) ~[mysql-connector-java-8.0.16.jar:8.0.16]
	at com.mchange.v2.c3p0.impl.NewProxyPreparedStatement.executeQuery(NewProxyPreparedStatement.java:379) ~[c3p0-0.9.5.3.jar:0.9.5.3]
	at org.hibernate.engine.jdbc.internal.ResultSetReturnImpl.extract(ResultSetReturnImpl.java:60) [hibernate-core-5.4.4.Final.jar:5.4.4.Final]
	at org.hibernate.loader.Loader.getResultSet(Loader.java:2287) [hibernate-core-5.4.4.Final.jar:5.4.4.Final]
	at org.hibernate.loader.Loader.executeQueryStatement(Loader.java:2045) [hibernate-core-5.4.4.Final.jar:5.4.4.Final]
	at org.hibernate.loader.Loader.executeQueryStatement(Loader.java:2007) [hibernate-core-5.4.4.Final.jar:5.4.4.Final]
	at org.hibernate.loader.Loader.doQuery(Loader.java:953) [hibernate-core-5.4.4.Final.jar:5.4.4.Final]
	at org.hibernate.loader.Loader.doQueryAndInitializeNonLazyCollections(Loader.java:354) [hibernate-core-5.4.4.Final.jar:5.4.4.Final]
	at org.hibernate.loader.Loader.doList(Loader.java:2810) [hibernate-core-5.4.4.Final.jar:5.4.4.Final]
	at org.hibernate.loader.Loader.doList(Loader.java:2792) [hibernate-core-5.4.4.Final.jar:5.4.4.Final]
	at org.hibernate.loader.Loader.listIgnoreQueryCache(Loader.java:2624) [hibernate-core-5.4.4.Final.jar:5.4.4.Final]
	at org.hibernate.loader.Loader.list(Loader.java:2619) [hibernate-core-5.4.4.Final.jar:5.4.4.Final]
	at org.hibernate.loader.hql.QueryLoader.list(QueryLoader.java:506) [hibernate-core-5.4.4.Final.jar:5.4.4.Final]
	at org.hibernate.hql.internal.ast.QueryTranslatorImpl.list(QueryTranslatorImpl.java:396) [hibernate-core-5.4.4.Final.jar:5.4.4.Final]
	at org.hibernate.engine.query.spi.HQLQueryPlan.performList(HQLQueryPlan.java:219) [hibernate-core-5.4.4.Final.jar:5.4.4.Final]
	at org.hibernate.internal.SessionImpl.list(SessionImpl.java:1547) [hibernate-core-5.4.4.Final.jar:5.4.4.Final]
	at org.hibernate.query.internal.AbstractProducedQuery.doList(AbstractProducedQuery.java:1557) [hibernate-core-5.4.4.Final.jar:5.4.4.Final]
	at org.hibernate.query.internal.AbstractProducedQuery.list(AbstractProducedQuery.java:1525) [hibernate-core-5.4.4.Final.jar:5.4.4.Final]
	at org.hibernate.query.Query.getResultList(Query.java:165) [hibernate-core-5.4.4.Final.jar:5.4.4.Final]
	at org.hibernate.query.criteria.internal.compile.CriteriaQueryTypeQueryAdapter.getResultList(CriteriaQueryTypeQueryAdapter.java:76) [hibernate-core-5.4.4.Final.jar:5.4.4.Final]
	at com.juliecortez.persistence.UserDao.getAll(UserDao.java:85) [classes/:?]
	at com.juliecortez.controller.SearchUser.doGet(SearchUser.java:32) [classes/:?]
	at javax.servlet.http.HttpServlet.service(HttpServlet.java:635) [servlet-api.jar:?]
	at javax.servlet.http.HttpServlet.service(HttpServlet.java:742) [servlet-api.jar:?]
	at org.apache.catalina.core.ApplicationFilterChain.internalDoFilter(ApplicationFilterChain.java:231) [catalina.jar:8.5.41]
	at org.apache.catalina.core.ApplicationFilterChain.doFilter(ApplicationFilterChain.java:166) [catalina.jar:8.5.41]
	at org.apache.tomcat.websocket.server.WsFilter.doFilter(WsFilter.java:52) [tomcat-websocket.jar:8.5.41]
	at org.apache.catalina.core.ApplicationFilterChain.internalDoFilter(ApplicationFilterChain.java:193) [catalina.jar:8.5.41]
	at org.apache.catalina.core.ApplicationFilterChain.doFilter(ApplicationFilterChain.java:166) [catalina.jar:8.5.41]
	at org.apache.catalina.core.StandardWrapperValve.invoke(StandardWrapperValve.java:199) [catalina.jar:8.5.41]
	at org.apache.catalina.core.StandardContextValve.invoke(StandardContextValve.java:96) [catalina.jar:8.5.41]
	at org.apache.tomee.catalina.OpenEJBValve.invoke(OpenEJBValve.java:44) [tomee-catalina-7.1.1.jar:7.1.1]
	at org.apache.catalina.authenticator.AuthenticatorBase.invoke(AuthenticatorBase.java:493) [catalina.jar:8.5.41]
	at org.apache.catalina.core.StandardHostValve.invoke(StandardHostValve.java:137) [catalina.jar:8.5.41]
	at org.apache.catalina.valves.ErrorReportValve.invoke(ErrorReportValve.java:81) [catalina.jar:8.5.41]
	at org.apache.tomee.catalina.OpenEJBSecurityListener$RequestCapturer.invoke(OpenEJBSecurityListener.java:97) [tomee-catalina-7.1.1.jar:7.1.1]
	at org.apache.catalina.valves.AbstractAccessLogValve.invoke(AbstractAccessLogValve.java:660) [catalina.jar:8.5.41]
	at org.apache.catalina.core.StandardEngineValve.invoke(StandardEngineValve.java:87) [catalina.jar:8.5.41]
	at org.apache.catalina.connector.CoyoteAdapter.service(CoyoteAdapter.java:343) [catalina.jar:8.5.41]
	at org.apache.coyote.http11.Http11Processor.service(Http11Processor.java:798) [tomcat-coyote.jar:8.5.41]
	at org.apache.coyote.AbstractProcessorLight.process(AbstractProcessorLight.java:66) [tomcat-coyote.jar:8.5.41]
	at org.apache.coyote.AbstractProtocol$ConnectionHandler.process(AbstractProtocol.java:808) [tomcat-coyote.jar:8.5.41]
	at org.apache.tomcat.util.net.NioEndpoint$SocketProcessor.doRun(NioEndpoint.java:1498) [tomcat-coyote.jar:8.5.41]
	at org.apache.tomcat.util.net.SocketProcessorBase.run(SocketProcessorBase.java:49) [tomcat-coyote.jar:8.5.41]
	at java.util.concurrent.ThreadPoolExecutor.runWorker(ThreadPoolExecutor.java:1128) [?:?]
	at java.util.concurrent.ThreadPoolExecutor$Worker.run(ThreadPoolExecutor.java:628) [?:?]
	at org.apache.tomcat.util.threads.TaskThread$WrappingRunnable.run(TaskThread.java:61) [tomcat-util.jar:8.5.41]
	at java.lang.Thread.run(Thread.java:834) [?:?]
[WARN ] 2019-10-04 18-59-58.638 [http-nio-8080-exec-7] SqlExceptionHelper - SQL Error: 1146, SQLState: 42S02
[ERROR] 2019-10-04 18-59-58.638 [http-nio-8080-exec-7] SqlExceptionHelper - Table 'mww.user' doesn't exist
[DEBUG] 2019-10-04 18-59-58.640 [http-nio-8080-exec-7] LogicalConnectionManagedImpl - Initiating JDBC connection release from afterTransaction
[DEBUG] 2019-10-04 18-59-58.642 [http-nio-8080-exec-7] TransactionImpl - On TransactionImpl creation, JpaCompliance#isJpaTransactionComplianceEnabled == false
