[DEBUG] 2019-10-01 20-34-52.338 [main] IntegratorServiceImpl - Adding Integrator [org.hibernate.cfg.beanvalidation.BeanValidationIntegrator].
[DEBUG] 2019-10-01 20-34-52.343 [main] IntegratorServiceImpl - Adding Integrator [org.hibernate.secure.spi.JaccIntegrator].
[DEBUG] 2019-10-01 20-34-52.347 [main] IntegratorServiceImpl - Adding Integrator [org.hibernate.cache.internal.CollectionCacheInvalidator].
[INFO ] 2019-10-01 20-34-52.446 [main] Version - HHH000412: Hibernate Core {5.4.4.Final}
[DEBUG] 2019-10-01 20-34-52.448 [main] Environment - HHH000206: hibernate.properties not found
[DEBUG] 2019-10-01 20-34-52.664 [main] LocalXmlResourceResolver - Interpreting public/system identifier : [-//Hibernate/Hibernate Configuration DTD//EN] - [http://www.hibernate.org/dtd/hibernate-configuration-3.0.dtd]
[DEBUG] 2019-10-01 20-34-52.666 [main] LocalXmlResourceResolver - Recognized hibernate-configuration identifier; attempting to resolve on classpath under org/hibernate/
[DEBUG] 2019-10-01 20-34-52.676 [main] JaxbCfgProcessor - cfg.xml document did not define namespaces; wrapping in custom event reader to introduce namespace information
[DEBUG] 2019-10-01 20-34-52.929 [main] ServiceBinding - Overriding existing service binding [org.hibernate.secure.spi.JaccService]
[DEBUG] 2019-10-01 20-34-52.944 [main] RegionFactoryInitiator - Cannot default RegionFactory based on registered strategies as `[]` RegionFactory strategies were registered
[DEBUG] 2019-10-01 20-34-52.945 [main] RegionFactoryInitiator - Cache region factory : org.hibernate.cache.internal.NoCachingRegionFactory
[INFO ] 2019-10-01 20-34-52.960 [main] Version - HCANN000001: Hibernate Commons Annotations {5.1.0.Final}
[DEBUG] 2019-10-01 20-34-53.132 [main] BasicTypeRegistry - Adding type registration boolean -> org.hibernate.type.BooleanType@6a84bc3f
[DEBUG] 2019-10-01 20-34-53.133 [main] BasicTypeRegistry - Adding type registration boolean -> org.hibernate.type.BooleanType@6a84bc3f
[DEBUG] 2019-10-01 20-34-53.133 [main] BasicTypeRegistry - Adding type registration java.lang.Boolean -> org.hibernate.type.BooleanType@6a84bc3f
[DEBUG] 2019-10-01 20-34-53.133 [main] BasicTypeRegistry - Adding type registration numeric_boolean -> org.hibernate.type.NumericBooleanType@22bd2039
[DEBUG] 2019-10-01 20-34-53.133 [main] BasicTypeRegistry - Adding type registration true_false -> org.hibernate.type.TrueFalseType@256a1825
[DEBUG] 2019-10-01 20-34-53.134 [main] BasicTypeRegistry - Adding type registration yes_no -> org.hibernate.type.YesNoType@2679311f
[DEBUG] 2019-10-01 20-34-53.135 [main] BasicTypeRegistry - Adding type registration byte -> org.hibernate.type.ByteType@3051e0b2
[DEBUG] 2019-10-01 20-34-53.135 [main] BasicTypeRegistry - Adding type registration byte -> org.hibernate.type.ByteType@3051e0b2
[DEBUG] 2019-10-01 20-34-53.135 [main] BasicTypeRegistry - Adding type registration java.lang.Byte -> org.hibernate.type.ByteType@3051e0b2
[DEBUG] 2019-10-01 20-34-53.135 [main] BasicTypeRegistry - Adding type registration character -> org.hibernate.type.CharacterType@2d5f7182
[DEBUG] 2019-10-01 20-34-53.136 [main] BasicTypeRegistry - Adding type registration char -> org.hibernate.type.CharacterType@2d5f7182
[DEBUG] 2019-10-01 20-34-53.136 [main] BasicTypeRegistry - Adding type registration java.lang.Character -> org.hibernate.type.CharacterType@2d5f7182
[DEBUG] 2019-10-01 20-34-53.137 [main] BasicTypeRegistry - Adding type registration short -> org.hibernate.type.ShortType@8ed9cf
[DEBUG] 2019-10-01 20-34-53.137 [main] BasicTypeRegistry - Adding type registration short -> org.hibernate.type.ShortType@8ed9cf
[DEBUG] 2019-10-01 20-34-53.137 [main] BasicTypeRegistry - Adding type registration java.lang.Short -> org.hibernate.type.ShortType@8ed9cf
[DEBUG] 2019-10-01 20-34-53.138 [main] BasicTypeRegistry - Adding type registration integer -> org.hibernate.type.IntegerType@153d4abb
[DEBUG] 2019-10-01 20-34-53.139 [main] BasicTypeRegistry - Adding type registration int -> org.hibernate.type.IntegerType@153d4abb
[DEBUG] 2019-10-01 20-34-53.139 [main] BasicTypeRegistry - Adding type registration java.lang.Integer -> org.hibernate.type.IntegerType@153d4abb
[DEBUG] 2019-10-01 20-34-53.140 [main] BasicTypeRegistry - Adding type registration long -> org.hibernate.type.LongType@64bfd6fd
[DEBUG] 2019-10-01 20-34-53.140 [main] BasicTypeRegistry - Adding type registration long -> org.hibernate.type.LongType@64bfd6fd
[DEBUG] 2019-10-01 20-34-53.140 [main] BasicTypeRegistry - Adding type registration java.lang.Long -> org.hibernate.type.LongType@64bfd6fd
[DEBUG] 2019-10-01 20-34-53.141 [main] BasicTypeRegistry - Adding type registration float -> org.hibernate.type.FloatType@2ba33e2c
[DEBUG] 2019-10-01 20-34-53.141 [main] BasicTypeRegistry - Adding type registration float -> org.hibernate.type.FloatType@2ba33e2c
[DEBUG] 2019-10-01 20-34-53.141 [main] BasicTypeRegistry - Adding type registration java.lang.Float -> org.hibernate.type.FloatType@2ba33e2c
[DEBUG] 2019-10-01 20-34-53.141 [main] BasicTypeRegistry - Adding type registration double -> org.hibernate.type.DoubleType@629ae7e
[DEBUG] 2019-10-01 20-34-53.141 [main] BasicTypeRegistry - Adding type registration double -> org.hibernate.type.DoubleType@629ae7e
[DEBUG] 2019-10-01 20-34-53.142 [main] BasicTypeRegistry - Adding type registration java.lang.Double -> org.hibernate.type.DoubleType@629ae7e
[DEBUG] 2019-10-01 20-34-53.142 [main] BasicTypeRegistry - Adding type registration big_decimal -> org.hibernate.type.BigDecimalType@42fcc7e6
[DEBUG] 2019-10-01 20-34-53.142 [main] BasicTypeRegistry - Adding type registration java.math.BigDecimal -> org.hibernate.type.BigDecimalType@42fcc7e6
[DEBUG] 2019-10-01 20-34-53.143 [main] BasicTypeRegistry - Adding type registration big_integer -> org.hibernate.type.BigIntegerType@7c3ebc6b
[DEBUG] 2019-10-01 20-34-53.143 [main] BasicTypeRegistry - Adding type registration java.math.BigInteger -> org.hibernate.type.BigIntegerType@7c3ebc6b
[DEBUG] 2019-10-01 20-34-53.144 [main] BasicTypeRegistry - Adding type registration string -> org.hibernate.type.StringType@1a3e5f23
[DEBUG] 2019-10-01 20-34-53.144 [main] BasicTypeRegistry - Adding type registration java.lang.String -> org.hibernate.type.StringType@1a3e5f23
[DEBUG] 2019-10-01 20-34-53.144 [main] BasicTypeRegistry - Adding type registration nstring -> org.hibernate.type.StringNVarcharType@5c0f79f0
[DEBUG] 2019-10-01 20-34-53.146 [main] BasicTypeRegistry - Adding type registration ncharacter -> org.hibernate.type.CharacterNCharType@29a69a35
[DEBUG] 2019-10-01 20-34-53.146 [main] BasicTypeRegistry - Adding type registration url -> org.hibernate.type.UrlType@4e904fd5
[DEBUG] 2019-10-01 20-34-53.146 [main] BasicTypeRegistry - Adding type registration java.net.URL -> org.hibernate.type.UrlType@4e904fd5
[DEBUG] 2019-10-01 20-34-53.147 [main] BasicTypeRegistry - Adding type registration Duration -> org.hibernate.type.DurationType@58a120b0
[DEBUG] 2019-10-01 20-34-53.147 [main] BasicTypeRegistry - Adding type registration java.time.Duration -> org.hibernate.type.DurationType@58a120b0
[DEBUG] 2019-10-01 20-34-53.154 [main] BasicTypeRegistry - Adding type registration Instant -> org.hibernate.type.InstantType@6f7e336b
[DEBUG] 2019-10-01 20-34-53.155 [main] BasicTypeRegistry - Adding type registration java.time.Instant -> org.hibernate.type.InstantType@6f7e336b
[DEBUG] 2019-10-01 20-34-53.156 [main] BasicTypeRegistry - Adding type registration LocalDateTime -> org.hibernate.type.LocalDateTimeType@1f966492
[DEBUG] 2019-10-01 20-34-53.156 [main] BasicTypeRegistry - Adding type registration java.time.LocalDateTime -> org.hibernate.type.LocalDateTimeType@1f966492
[DEBUG] 2019-10-01 20-34-53.157 [main] BasicTypeRegistry - Adding type registration LocalDate -> org.hibernate.type.LocalDateType@2063c53e
[DEBUG] 2019-10-01 20-34-53.158 [main] BasicTypeRegistry - Adding type registration java.time.LocalDate -> org.hibernate.type.LocalDateType@2063c53e
[DEBUG] 2019-10-01 20-34-53.159 [main] BasicTypeRegistry - Adding type registration LocalTime -> org.hibernate.type.LocalTimeType@24e08d59
[DEBUG] 2019-10-01 20-34-53.159 [main] BasicTypeRegistry - Adding type registration java.time.LocalTime -> org.hibernate.type.LocalTimeType@24e08d59
[DEBUG] 2019-10-01 20-34-53.160 [main] BasicTypeRegistry - Adding type registration OffsetDateTime -> org.hibernate.type.OffsetDateTimeType@16ade133
[DEBUG] 2019-10-01 20-34-53.160 [main] BasicTypeRegistry - Adding type registration java.time.OffsetDateTime -> org.hibernate.type.OffsetDateTimeType@16ade133
[DEBUG] 2019-10-01 20-34-53.161 [main] BasicTypeRegistry - Adding type registration OffsetTime -> org.hibernate.type.OffsetTimeType@1a28aef1
[DEBUG] 2019-10-01 20-34-53.161 [main] BasicTypeRegistry - Adding type registration java.time.OffsetTime -> org.hibernate.type.OffsetTimeType@1a28aef1
[DEBUG] 2019-10-01 20-34-53.162 [main] BasicTypeRegistry - Adding type registration ZonedDateTime -> org.hibernate.type.ZonedDateTimeType@2a1debfa
[DEBUG] 2019-10-01 20-34-53.162 [main] BasicTypeRegistry - Adding type registration java.time.ZonedDateTime -> org.hibernate.type.ZonedDateTimeType@2a1debfa
[DEBUG] 2019-10-01 20-34-53.164 [main] BasicTypeRegistry - Adding type registration date -> org.hibernate.type.DateType@3e1624c7
[DEBUG] 2019-10-01 20-34-53.164 [main] BasicTypeRegistry - Adding type registration java.sql.Date -> org.hibernate.type.DateType@3e1624c7
[DEBUG] 2019-10-01 20-34-53.164 [main] BasicTypeRegistry - Adding type registration time -> org.hibernate.type.TimeType@79d743e6
[DEBUG] 2019-10-01 20-34-53.165 [main] BasicTypeRegistry - Adding type registration java.sql.Time -> org.hibernate.type.TimeType@79d743e6
[DEBUG] 2019-10-01 20-34-53.165 [main] BasicTypeRegistry - Adding type registration timestamp -> org.hibernate.type.TimestampType@14f3c6fc
[DEBUG] 2019-10-01 20-34-53.165 [main] BasicTypeRegistry - Adding type registration java.sql.Timestamp -> org.hibernate.type.TimestampType@14f3c6fc
[DEBUG] 2019-10-01 20-34-53.166 [main] BasicTypeRegistry - Adding type registration java.util.Date -> org.hibernate.type.TimestampType@14f3c6fc
[DEBUG] 2019-10-01 20-34-53.167 [main] BasicTypeRegistry - Adding type registration dbtimestamp -> org.hibernate.type.DbTimestampType@1cc9cfb2
[DEBUG] 2019-10-01 20-34-53.168 [main] BasicTypeRegistry - Adding type registration calendar -> org.hibernate.type.CalendarType@1c504e66
[DEBUG] 2019-10-01 20-34-53.168 [main] BasicTypeRegistry - Adding type registration java.util.Calendar -> org.hibernate.type.CalendarType@1c504e66
[DEBUG] 2019-10-01 20-34-53.168 [main] BasicTypeRegistry - Adding type registration java.util.GregorianCalendar -> org.hibernate.type.CalendarType@1c504e66
[DEBUG] 2019-10-01 20-34-53.168 [main] BasicTypeRegistry - Adding type registration calendar_date -> org.hibernate.type.CalendarDateType@7144655b
[DEBUG] 2019-10-01 20-34-53.169 [main] BasicTypeRegistry - Adding type registration locale -> org.hibernate.type.LocaleType@49cf9028
[DEBUG] 2019-10-01 20-34-53.169 [main] BasicTypeRegistry - Adding type registration java.util.Locale -> org.hibernate.type.LocaleType@49cf9028
[DEBUG] 2019-10-01 20-34-53.170 [main] BasicTypeRegistry - Adding type registration currency -> org.hibernate.type.CurrencyType@4d774249
[DEBUG] 2019-10-01 20-34-53.170 [main] BasicTypeRegistry - Adding type registration java.util.Currency -> org.hibernate.type.CurrencyType@4d774249
[DEBUG] 2019-10-01 20-34-53.171 [main] BasicTypeRegistry - Adding type registration timezone -> org.hibernate.type.TimeZoneType@5411dd90
[DEBUG] 2019-10-01 20-34-53.171 [main] BasicTypeRegistry - Adding type registration java.util.TimeZone -> org.hibernate.type.TimeZoneType@5411dd90
[DEBUG] 2019-10-01 20-34-53.172 [main] BasicTypeRegistry - Adding type registration class -> org.hibernate.type.ClassType@59496961
[DEBUG] 2019-10-01 20-34-53.172 [main] BasicTypeRegistry - Adding type registration java.lang.Class -> org.hibernate.type.ClassType@59496961
[DEBUG] 2019-10-01 20-34-53.172 [main] BasicTypeRegistry - Adding type registration uuid-binary -> org.hibernate.type.UUIDBinaryType@a52ca2e
[DEBUG] 2019-10-01 20-34-53.173 [main] BasicTypeRegistry - Adding type registration java.util.UUID -> org.hibernate.type.UUIDBinaryType@a52ca2e
[DEBUG] 2019-10-01 20-34-53.173 [main] BasicTypeRegistry - Adding type registration uuid-char -> org.hibernate.type.UUIDCharType@1f6d27cc
[DEBUG] 2019-10-01 20-34-53.174 [main] BasicTypeRegistry - Adding type registration binary -> org.hibernate.type.BinaryType@2c43eb8
[DEBUG] 2019-10-01 20-34-53.174 [main] BasicTypeRegistry - Adding type registration byte[] -> org.hibernate.type.BinaryType@2c43eb8
[DEBUG] 2019-10-01 20-34-53.174 [main] BasicTypeRegistry - Adding type registration [B -> org.hibernate.type.BinaryType@2c43eb8
[DEBUG] 2019-10-01 20-34-53.175 [main] BasicTypeRegistry - Adding type registration wrapper-binary -> org.hibernate.type.WrapperBinaryType@889d9e8
[DEBUG] 2019-10-01 20-34-53.175 [main] BasicTypeRegistry - Adding type registration Byte[] -> org.hibernate.type.WrapperBinaryType@889d9e8
[DEBUG] 2019-10-01 20-34-53.175 [main] BasicTypeRegistry - Adding type registration [Ljava.lang.Byte; -> org.hibernate.type.WrapperBinaryType@889d9e8
[DEBUG] 2019-10-01 20-34-53.176 [main] BasicTypeRegistry - Adding type registration row_version -> org.hibernate.type.RowVersionType@4a05d8ae
[DEBUG] 2019-10-01 20-34-53.176 [main] BasicTypeRegistry - Adding type registration image -> org.hibernate.type.ImageType@6972c30a
[DEBUG] 2019-10-01 20-34-53.177 [main] BasicTypeRegistry - Adding type registration characters -> org.hibernate.type.CharArrayType@5109e8cf
[DEBUG] 2019-10-01 20-34-53.177 [main] BasicTypeRegistry - Adding type registration char[] -> org.hibernate.type.CharArrayType@5109e8cf
[DEBUG] 2019-10-01 20-34-53.177 [main] BasicTypeRegistry - Adding type registration [C -> org.hibernate.type.CharArrayType@5109e8cf
[DEBUG] 2019-10-01 20-34-53.178 [main] BasicTypeRegistry - Adding type registration wrapper-characters -> org.hibernate.type.CharacterArrayType@2d000e80
[DEBUG] 2019-10-01 20-34-53.178 [main] BasicTypeRegistry - Adding type registration [Ljava.lang.Character; -> org.hibernate.type.CharacterArrayType@2d000e80
[DEBUG] 2019-10-01 20-34-53.178 [main] BasicTypeRegistry - Adding type registration Character[] -> org.hibernate.type.CharacterArrayType@2d000e80
[DEBUG] 2019-10-01 20-34-53.178 [main] BasicTypeRegistry - Adding type registration text -> org.hibernate.type.TextType@4d2a1da3
[DEBUG] 2019-10-01 20-34-53.179 [main] BasicTypeRegistry - Adding type registration ntext -> org.hibernate.type.NTextType@557286ad
[DEBUG] 2019-10-01 20-34-53.180 [main] BasicTypeRegistry - Adding type registration blob -> org.hibernate.type.BlobType@4682eba5
[DEBUG] 2019-10-01 20-34-53.180 [main] BasicTypeRegistry - Adding type registration java.sql.Blob -> org.hibernate.type.BlobType@4682eba5
[DEBUG] 2019-10-01 20-34-53.180 [main] BasicTypeRegistry - Adding type registration materialized_blob -> org.hibernate.type.MaterializedBlobType@58496dc
[DEBUG] 2019-10-01 20-34-53.181 [main] BasicTypeRegistry - Adding type registration clob -> org.hibernate.type.ClobType@7a7d1b47
[DEBUG] 2019-10-01 20-34-53.181 [main] BasicTypeRegistry - Adding type registration java.sql.Clob -> org.hibernate.type.ClobType@7a7d1b47
[DEBUG] 2019-10-01 20-34-53.182 [main] BasicTypeRegistry - Adding type registration nclob -> org.hibernate.type.NClobType@1f51431
[DEBUG] 2019-10-01 20-34-53.182 [main] BasicTypeRegistry - Adding type registration java.sql.NClob -> org.hibernate.type.NClobType@1f51431
[DEBUG] 2019-10-01 20-34-53.183 [main] BasicTypeRegistry - Adding type registration materialized_clob -> org.hibernate.type.MaterializedClobType@21422231
[DEBUG] 2019-10-01 20-34-53.183 [main] BasicTypeRegistry - Adding type registration materialized_nclob -> org.hibernate.type.MaterializedNClobType@36f1046f
[DEBUG] 2019-10-01 20-34-53.184 [main] BasicTypeRegistry - Adding type registration serializable -> org.hibernate.type.SerializableType@6f38a289
[DEBUG] 2019-10-01 20-34-53.186 [main] BasicTypeRegistry - Adding type registration object -> org.hibernate.type.ObjectType@6de0f580
[DEBUG] 2019-10-01 20-34-53.186 [main] BasicTypeRegistry - Adding type registration java.lang.Object -> org.hibernate.type.ObjectType@6de0f580
[DEBUG] 2019-10-01 20-34-53.187 [main] BasicTypeRegistry - Adding type registration imm_date -> org.hibernate.type.AdaptedImmutableType@6f9ad11c
[DEBUG] 2019-10-01 20-34-53.187 [main] BasicTypeRegistry - Adding type registration imm_time -> org.hibernate.type.AdaptedImmutableType@4b2d44bc
[DEBUG] 2019-10-01 20-34-53.187 [main] BasicTypeRegistry - Adding type registration imm_timestamp -> org.hibernate.type.AdaptedImmutableType@58e92c23
[DEBUG] 2019-10-01 20-34-53.187 [main] BasicTypeRegistry - Adding type registration imm_dbtimestamp -> org.hibernate.type.AdaptedImmutableType@3e7545e8
[DEBUG] 2019-10-01 20-34-53.187 [main] BasicTypeRegistry - Adding type registration imm_calendar -> org.hibernate.type.AdaptedImmutableType@75e710b
[DEBUG] 2019-10-01 20-34-53.187 [main] BasicTypeRegistry - Adding type registration imm_calendar_date -> org.hibernate.type.AdaptedImmutableType@26f7cdf8
[DEBUG] 2019-10-01 20-34-53.187 [main] BasicTypeRegistry - Adding type registration imm_binary -> org.hibernate.type.AdaptedImmutableType@376e7531
[DEBUG] 2019-10-01 20-34-53.187 [main] BasicTypeRegistry - Adding type registration imm_serializable -> org.hibernate.type.AdaptedImmutableType@23202c31
[DEBUG] 2019-10-01 20-34-53.213 [main] DefaultIdentifierGeneratorFactory - Registering IdentifierGenerator strategy [uuid2] -> [org.hibernate.id.UUIDGenerator]
[DEBUG] 2019-10-01 20-34-53.214 [main] DefaultIdentifierGeneratorFactory - Registering IdentifierGenerator strategy [guid] -> [org.hibernate.id.GUIDGenerator]
[DEBUG] 2019-10-01 20-34-53.214 [main] DefaultIdentifierGeneratorFactory - Registering IdentifierGenerator strategy [uuid] -> [org.hibernate.id.UUIDHexGenerator]
[DEBUG] 2019-10-01 20-34-53.215 [main] DefaultIdentifierGeneratorFactory - Registering IdentifierGenerator strategy [uuid.hex] -> [org.hibernate.id.UUIDHexGenerator]
[DEBUG] 2019-10-01 20-34-53.215 [main] DefaultIdentifierGeneratorFactory - Registering IdentifierGenerator strategy [assigned] -> [org.hibernate.id.Assigned]
[DEBUG] 2019-10-01 20-34-53.216 [main] DefaultIdentifierGeneratorFactory - Registering IdentifierGenerator strategy [identity] -> [org.hibernate.id.IdentityGenerator]
[DEBUG] 2019-10-01 20-34-53.217 [main] DefaultIdentifierGeneratorFactory - Registering IdentifierGenerator strategy [select] -> [org.hibernate.id.SelectGenerator]
[DEBUG] 2019-10-01 20-34-53.218 [main] DefaultIdentifierGeneratorFactory - Registering IdentifierGenerator strategy [sequence] -> [org.hibernate.id.enhanced.SequenceStyleGenerator]
[DEBUG] 2019-10-01 20-34-53.218 [main] DefaultIdentifierGeneratorFactory - Registering IdentifierGenerator strategy [seqhilo] -> [org.hibernate.id.SequenceHiLoGenerator]
[DEBUG] 2019-10-01 20-34-53.218 [main] DefaultIdentifierGeneratorFactory - Registering IdentifierGenerator strategy [increment] -> [org.hibernate.id.IncrementGenerator]
[DEBUG] 2019-10-01 20-34-53.219 [main] DefaultIdentifierGeneratorFactory - Registering IdentifierGenerator strategy [foreign] -> [org.hibernate.id.ForeignGenerator]
[DEBUG] 2019-10-01 20-34-53.219 [main] DefaultIdentifierGeneratorFactory - Registering IdentifierGenerator strategy [sequence-identity] -> [org.hibernate.id.SequenceIdentityGenerator]
[DEBUG] 2019-10-01 20-34-53.219 [main] DefaultIdentifierGeneratorFactory - Registering IdentifierGenerator strategy [enhanced-sequence] -> [org.hibernate.id.enhanced.SequenceStyleGenerator]
[DEBUG] 2019-10-01 20-34-53.220 [main] DefaultIdentifierGeneratorFactory - Registering IdentifierGenerator strategy [enhanced-table] -> [org.hibernate.id.enhanced.TableGenerator]
[INFO ] 2019-10-01 20-34-53.224 [main] C3P0ConnectionProvider - HHH010002: C3P0 using driver: com.mysql.cj.jdbc.Driver at URL: jdbc:mysql://localhost:3306/test_mww
[INFO ] 2019-10-01 20-34-53.225 [main] C3P0ConnectionProvider - HHH10001001: Connection properties: {password=****, user=cortezjl}
[INFO ] 2019-10-01 20-34-53.225 [main] C3P0ConnectionProvider - HHH10001003: Autocommit mode: false
[INFO ] 2019-10-01 20-34-53.318 [main] C3P0ConnectionProvider - HHH10001007: JDBC isolation level: <unknown>
[DEBUG] 2019-10-01 20-34-53.695 [main] JdbcEnvironmentInitiator - Database ->
       name : MySQL
    version : 8.0.17
      major : 8
      minor : 0
[DEBUG] 2019-10-01 20-34-53.695 [main] JdbcEnvironmentInitiator - Driver ->
       name : MySQL Connector/J
    version : mysql-connector-java-8.0.16 (Revision: 34cbc6bc61f72836e26327537a432d6db7c77de6)
      major : 8
      minor : 0
[DEBUG] 2019-10-01 20-34-53.695 [main] JdbcEnvironmentInitiator - JDBC version : 4.2
[INFO ] 2019-10-01 20-34-53.716 [main] Dialect - HHH000400: Using dialect: org.hibernate.dialect.MySQL8Dialect
[DEBUG] 2019-10-01 20-34-53.730 [main] IdentifierHelperBuilder - JDBC driver metadata reported database stores quoted identifiers in more than one case
[DEBUG] 2019-10-01 20-34-53.749 [main] IdentifierHelperBuilder - IdentifierCaseStrategy for both quoted and unquoted identifiers was set to the same strategy [LOWER]; that will likely lead to problems in schema update and validation if using quoted identifiers
[DEBUG] 2019-10-01 20-34-53.775 [main] Namespace - Created database namespace [logicalName=Name{catalog=null, schema=null}, physicalName=Name{catalog=null, schema=null}]
[DEBUG] 2019-10-01 20-34-53.778 [main] TypeConfiguration$Scope - Scoping TypeConfiguration [org.hibernate.type.spi.TypeConfiguration@623dcf2a] to MetadataBuildingContext [org.hibernate.boot.internal.MetadataBuildingContextRootImpl@2eae4349]
[DEBUG] 2019-10-01 20-34-53.825 [main] AnnotationBinder - Binding entity from annotated class: com.juliecortez.entity.Role
[DEBUG] 2019-10-01 20-34-53.844 [main] Ejb3Column - Binding column: Ejb3DiscriminatorColumn{logicalColumnName'DTYPE', discriminatorTypeName='string'}
[DEBUG] 2019-10-01 20-34-53.848 [main] EntityBinder - Import with entity name Role
[DEBUG] 2019-10-01 20-34-53.850 [main] EntityBinder - Bind entity com.juliecortez.entity.Role on table role
[DEBUG] 2019-10-01 20-34-53.867 [main] Ejb3Column - Binding column: Ejb3Column{table=org.hibernate.mapping.Table(role), mappingColumn=id, insertable=true, updatable=true, unique=false}
[DEBUG] 2019-10-01 20-34-53.869 [main] PropertyBinder - MetadataSourceProcessor property id with lazy=false
[DEBUG] 2019-10-01 20-34-53.870 [main] AbstractPropertyHolder - Attempting to locate auto-apply AttributeConverter for property [com.juliecortez.entity.Role:id]
[DEBUG] 2019-10-01 20-34-53.872 [main] SimpleValueBinder - building SimpleValue for id
[DEBUG] 2019-10-01 20-34-53.874 [main] PropertyBinder - Building property id
[DEBUG] 2019-10-01 20-34-53.877 [main] BinderHelper - #makeIdGenerator(org.hibernate.mapping.SimpleValue([org.hibernate.mapping.Column(id)]), id, org.hibernate.id.enhanced.SequenceStyleGenerator, native, ...)
[DEBUG] 2019-10-01 20-34-53.878 [main] Ejb3Column - Binding column: Ejb3Column{table=org.hibernate.mapping.Table(role), mappingColumn=role, insertable=true, updatable=true, unique=false}
[DEBUG] 2019-10-01 20-34-53.879 [main] PropertyBinder - MetadataSourceProcessor property role with lazy=false
[DEBUG] 2019-10-01 20-34-53.879 [main] AbstractPropertyHolder - Attempting to locate auto-apply AttributeConverter for property [com.juliecortez.entity.Role:role]
[DEBUG] 2019-10-01 20-34-53.879 [main] SimpleValueBinder - building SimpleValue for role
[DEBUG] 2019-10-01 20-34-53.879 [main] PropertyBinder - Building property role
[DEBUG] 2019-10-01 20-34-53.880 [main] AnnotationBinder - Binding entity from annotated class: com.juliecortez.entity.User
[DEBUG] 2019-10-01 20-34-53.880 [main] Ejb3Column - Binding column: Ejb3DiscriminatorColumn{logicalColumnName'DTYPE', discriminatorTypeName='string'}
[DEBUG] 2019-10-01 20-34-53.880 [main] EntityBinder - Import with entity name User
[DEBUG] 2019-10-01 20-34-53.880 [main] EntityBinder - Bind entity com.juliecortez.entity.User on table user
[DEBUG] 2019-10-01 20-34-53.884 [main] Ejb3Column - Binding column: Ejb3Column{table=org.hibernate.mapping.Table(user), mappingColumn=id, insertable=true, updatable=true, unique=false}
[DEBUG] 2019-10-01 20-34-53.884 [main] PropertyBinder - MetadataSourceProcessor property id with lazy=false
[DEBUG] 2019-10-01 20-34-53.884 [main] AbstractPropertyHolder - Attempting to locate auto-apply AttributeConverter for property [com.juliecortez.entity.User:id]
[DEBUG] 2019-10-01 20-34-53.884 [main] SimpleValueBinder - building SimpleValue for id
[DEBUG] 2019-10-01 20-34-53.884 [main] PropertyBinder - Building property id
[DEBUG] 2019-10-01 20-34-53.885 [main] BinderHelper - #makeIdGenerator(org.hibernate.mapping.SimpleValue([org.hibernate.mapping.Column(id)]), id, org.hibernate.id.enhanced.SequenceStyleGenerator, native, ...)
[DEBUG] 2019-10-01 20-34-53.885 [main] Ejb3Column - Binding column: Ejb3Column{table=org.hibernate.mapping.Table(user), mappingColumn=date_of_birth, insertable=true, updatable=true, unique=false}
[DEBUG] 2019-10-01 20-34-53.885 [main] PropertyBinder - MetadataSourceProcessor property dateOfBirth with lazy=false
[DEBUG] 2019-10-01 20-34-53.885 [main] AbstractPropertyHolder - Attempting to locate auto-apply AttributeConverter for property [com.juliecortez.entity.User:dateOfBirth]
[DEBUG] 2019-10-01 20-34-53.885 [main] SimpleValueBinder - building SimpleValue for dateOfBirth
[DEBUG] 2019-10-01 20-34-53.885 [main] PropertyBinder - Building property dateOfBirth
[DEBUG] 2019-10-01 20-34-53.885 [main] Ejb3Column - Binding column: Ejb3Column{table=org.hibernate.mapping.Table(user), mappingColumn=first_name, insertable=true, updatable=true, unique=false}
[DEBUG] 2019-10-01 20-34-53.885 [main] PropertyBinder - MetadataSourceProcessor property firstName with lazy=false
[DEBUG] 2019-10-01 20-34-53.885 [main] AbstractPropertyHolder - Attempting to locate auto-apply AttributeConverter for property [com.juliecortez.entity.User:firstName]
[DEBUG] 2019-10-01 20-34-53.885 [main] SimpleValueBinder - building SimpleValue for firstName
[DEBUG] 2019-10-01 20-34-53.885 [main] PropertyBinder - Building property firstName
[DEBUG] 2019-10-01 20-34-53.886 [main] Ejb3Column - Binding column: Ejb3Column{table=org.hibernate.mapping.Table(user), mappingColumn=last_name, insertable=true, updatable=true, unique=false}
[DEBUG] 2019-10-01 20-34-53.886 [main] PropertyBinder - MetadataSourceProcessor property lastName with lazy=false
[DEBUG] 2019-10-01 20-34-53.886 [main] AbstractPropertyHolder - Attempting to locate auto-apply AttributeConverter for property [com.juliecortez.entity.User:lastName]
[DEBUG] 2019-10-01 20-34-53.886 [main] SimpleValueBinder - building SimpleValue for lastName
[DEBUG] 2019-10-01 20-34-53.886 [main] PropertyBinder - Building property lastName
[DEBUG] 2019-10-01 20-34-53.886 [main] Ejb3Column - Binding column: Ejb3Column{table=org.hibernate.mapping.Table(user), mappingColumn=user_name, insertable=true, updatable=true, unique=false}
[DEBUG] 2019-10-01 20-34-53.886 [main] PropertyBinder - MetadataSourceProcessor property userName with lazy=false
[DEBUG] 2019-10-01 20-34-53.886 [main] AbstractPropertyHolder - Attempting to locate auto-apply AttributeConverter for property [com.juliecortez.entity.User:userName]
[DEBUG] 2019-10-01 20-34-53.886 [main] SimpleValueBinder - building SimpleValue for userName
[DEBUG] 2019-10-01 20-34-53.886 [main] PropertyBinder - Building property userName
[DEBUG] 2019-10-01 20-34-53.887 [main] Ejb3Column - Binding column: Ejb3JoinColumn{logicalColumnName='null', referencedColumn='null', mappedBy='user'}
[DEBUG] 2019-10-01 20-34-53.887 [main] Ejb3Column - Binding column: Ejb3Column{table=org.hibernate.mapping.Table(user), mappingColumn=userRoles, insertable=true, updatable=true, unique=false}
[DEBUG] 2019-10-01 20-34-53.889 [main] Ejb3Column - Binding column: Ejb3Column{table=org.hibernate.mapping.Table(user), mappingColumn=null, insertable=true, updatable=true, unique=false}
[DEBUG] 2019-10-01 20-34-53.896 [main] Ejb3Column - Binding column: Ejb3Column{table=org.hibernate.mapping.Table(user), mappingColumn=element, insertable=true, updatable=true, unique=false}
[DEBUG] 2019-10-01 20-34-53.896 [main] Ejb3Column - Binding column: Ejb3Column{table=org.hibernate.mapping.Table(user), mappingColumn=userRoles_KEY, insertable=true, updatable=true, unique=false}
[DEBUG] 2019-10-01 20-34-53.897 [main] Ejb3Column - Binding column: Ejb3JoinColumn{logicalColumnName='userRoles_KEY', referencedColumn='null', mappedBy='null'}
[DEBUG] 2019-10-01 20-34-53.898 [main] Ejb3Column - Binding column: Ejb3JoinColumn{logicalColumnName='null', referencedColumn='null', mappedBy='user'}
[DEBUG] 2019-10-01 20-34-53.898 [main] Ejb3Column - Binding column: Ejb3JoinColumn{logicalColumnName='null', referencedColumn='null', mappedBy='user'}
[DEBUG] 2019-10-01 20-34-53.898 [main] CollectionBinder - Collection role: com.juliecortez.entity.User.userRoles
[DEBUG] 2019-10-01 20-34-53.900 [main] PropertyBinder - Building property userRoles
[DEBUG] 2019-10-01 20-34-53.901 [main] AnnotationBinder - Binding entity from annotated class: com.juliecortez.entity.UserRole
[DEBUG] 2019-10-01 20-34-53.901 [main] Ejb3Column - Binding column: Ejb3DiscriminatorColumn{logicalColumnName'DTYPE', discriminatorTypeName='string'}
[DEBUG] 2019-10-01 20-34-53.901 [main] EntityBinder - Import with entity name UserRole
[DEBUG] 2019-10-01 20-34-53.901 [main] EntityBinder - Bind entity com.juliecortez.entity.UserRole on table user_role
[DEBUG] 2019-10-01 20-34-53.902 [main] Ejb3Column - Binding column: Ejb3Column{table=org.hibernate.mapping.Table(user_role), mappingColumn=id, insertable=true, updatable=true, unique=false}
[DEBUG] 2019-10-01 20-34-53.903 [main] PropertyBinder - MetadataSourceProcessor property id with lazy=false
[DEBUG] 2019-10-01 20-34-53.903 [main] AbstractPropertyHolder - Attempting to locate auto-apply AttributeConverter for property [com.juliecortez.entity.UserRole:id]
[DEBUG] 2019-10-01 20-34-53.903 [main] SimpleValueBinder - building SimpleValue for id
[DEBUG] 2019-10-01 20-34-53.903 [main] PropertyBinder - Building property id
[DEBUG] 2019-10-01 20-34-53.903 [main] BinderHelper - #makeIdGenerator(org.hibernate.mapping.SimpleValue([org.hibernate.mapping.Column(id)]), id, org.hibernate.id.enhanced.SequenceStyleGenerator, native, ...)
[DEBUG] 2019-10-01 20-34-53.903 [main] Ejb3Column - Binding column: Ejb3Column{table=org.hibernate.mapping.Table(user_role), mappingColumn=description, insertable=true, updatable=true, unique=false}
[DEBUG] 2019-10-01 20-34-53.903 [main] PropertyBinder - MetadataSourceProcessor property description with lazy=false
[DEBUG] 2019-10-01 20-34-53.903 [main] AbstractPropertyHolder - Attempting to locate auto-apply AttributeConverter for property [com.juliecortez.entity.UserRole:description]
[DEBUG] 2019-10-01 20-34-53.903 [main] SimpleValueBinder - building SimpleValue for description
[DEBUG] 2019-10-01 20-34-53.903 [main] PropertyBinder - Building property description
[DEBUG] 2019-10-01 20-34-53.903 [main] Ejb3Column - Binding column: Ejb3JoinColumn{logicalColumnName='null', referencedColumn='null', mappedBy='null'}
[DEBUG] 2019-10-01 20-34-53.903 [main] Ejb3Column - Binding column: Ejb3Column{table=org.hibernate.mapping.Table(user_role), mappingColumn=user, insertable=true, updatable=true, unique=false}
[DEBUG] 2019-10-01 20-34-53.905 [main] PropertyBinder - Building property user
[DEBUG] 2019-10-01 20-34-53.906 [main] SimpleValueBinder - Starting fillSimpleValue for id
[DEBUG] 2019-10-01 20-34-53.906 [main] SimpleValueBinder - Starting fillSimpleValue for role
[DEBUG] 2019-10-01 20-34-53.907 [main] SimpleValueBinder - Starting fillSimpleValue for id
[DEBUG] 2019-10-01 20-34-53.907 [main] SimpleValueBinder - Starting fillSimpleValue for dateOfBirth
[DEBUG] 2019-10-01 20-34-53.907 [main] SimpleValueBinder - Starting fillSimpleValue for firstName
[DEBUG] 2019-10-01 20-34-53.907 [main] SimpleValueBinder - Starting fillSimpleValue for lastName
[DEBUG] 2019-10-01 20-34-53.907 [main] SimpleValueBinder - Starting fillSimpleValue for userName
[DEBUG] 2019-10-01 20-34-53.907 [main] SimpleValueBinder - Starting fillSimpleValue for id
[DEBUG] 2019-10-01 20-34-53.907 [main] SimpleValueBinder - Starting fillSimpleValue for description
[DEBUG] 2019-10-01 20-34-53.911 [main] PrimaryKey - Forcing column [id] to be non-null as it is part of the primary key for table [role]
[DEBUG] 2019-10-01 20-34-53.911 [main] PrimaryKey - Forcing column [id] to be non-null as it is part of the primary key for table [user]
[DEBUG] 2019-10-01 20-34-53.911 [main] PrimaryKey - Forcing column [id] to be non-null as it is part of the primary key for table [user_role]
[DEBUG] 2019-10-01 20-34-53.911 [main] CollectionSecondPass - Second pass for collection: com.juliecortez.entity.User.userRoles
[DEBUG] 2019-10-01 20-34-53.912 [main] CollectionBinder - Binding a OneToMany: com.juliecortez.entity.User.userRoles through a foreign key
[DEBUG] 2019-10-01 20-34-53.912 [main] CollectionBinder - Mapping collection: com.juliecortez.entity.User.userRoles -> user_role
[DEBUG] 2019-10-01 20-34-53.913 [main] TableBinder - Retrieving property com.juliecortez.entity.UserRole.user
[DEBUG] 2019-10-01 20-34-53.913 [main] CollectionSecondPass - Mapped collection key: user_id, one-to-many: com.juliecortez.entity.UserRole
[DEBUG] 2019-10-01 20-34-53.913 [main] InFlightMetadataCollectorImpl - Resolving reference to class: com.juliecortez.entity.User
[DEBUG] 2019-10-01 20-34-53.916 [main] InFlightMetadataCollectorImpl - Resolving reference to class: com.juliecortez.entity.User
[DEBUG] 2019-10-01 20-34-53.943 [main] SessionFactoryImpl - Building session factory
[DEBUG] 2019-10-01 20-34-53.944 [main] Settings - SessionFactory name : null
[DEBUG] 2019-10-01 20-34-53.944 [main] Settings - Automatic flush during beforeCompletion(): enabled
[DEBUG] 2019-10-01 20-34-53.944 [main] Settings - Automatic session close at end of transaction: disabled
[DEBUG] 2019-10-01 20-34-53.944 [main] Settings - Statistics: disabled
[DEBUG] 2019-10-01 20-34-53.944 [main] Settings - Deleted entity synthetic identifier rollback: disabled
[DEBUG] 2019-10-01 20-34-53.944 [main] Settings - Default entity-mode: pojo
[DEBUG] 2019-10-01 20-34-53.944 [main] Settings - Check Nullability in Core (should be disabled when Bean Validation is on): enabled
[DEBUG] 2019-10-01 20-34-53.944 [main] Settings - Allow initialization of lazy state outside session : disabled
[DEBUG] 2019-10-01 20-34-53.944 [main] Settings - Using BatchFetchStyle : LEGACY
[DEBUG] 2019-10-01 20-34-53.944 [main] Settings - Default batch fetch size: -1
[DEBUG] 2019-10-01 20-34-53.944 [main] Settings - Maximum outer join fetch depth: 2
[DEBUG] 2019-10-01 20-34-53.944 [main] Settings - Default null ordering: NONE
[DEBUG] 2019-10-01 20-34-53.944 [main] Settings - Order SQL updates by primary key: disabled
[DEBUG] 2019-10-01 20-34-53.944 [main] Settings - Order SQL inserts for batching: disabled
[DEBUG] 2019-10-01 20-34-53.944 [main] Settings - multi-tenancy strategy : NONE
[DEBUG] 2019-10-01 20-34-53.944 [main] Settings - JTA Track by Thread: enabled
[DEBUG] 2019-10-01 20-34-53.944 [main] Settings - Query language substitutions: {}
[DEBUG] 2019-10-01 20-34-53.944 [main] Settings - Named query checking : enabled
[DEBUG] 2019-10-01 20-34-53.944 [main] Settings - Second-level cache: disabled
[DEBUG] 2019-10-01 20-34-53.945 [main] Settings - Second-level query cache: disabled
[DEBUG] 2019-10-01 20-34-53.945 [main] Settings - Second-level query cache factory: null
[DEBUG] 2019-10-01 20-34-53.945 [main] Settings - Second-level cache region prefix: null
[DEBUG] 2019-10-01 20-34-53.945 [main] Settings - Optimize second-level cache for minimal puts: disabled
[DEBUG] 2019-10-01 20-34-53.945 [main] Settings - Structured second-level cache entries: disabled
[DEBUG] 2019-10-01 20-34-53.945 [main] Settings - Second-level cache direct-reference entries: disabled
[DEBUG] 2019-10-01 20-34-53.945 [main] Settings - Automatic eviction of collection cache: disabled
[DEBUG] 2019-10-01 20-34-53.945 [main] Settings - JDBC batch size: 15
[DEBUG] 2019-10-01 20-34-53.945 [main] Settings - JDBC batch updates for versioned data: enabled
[DEBUG] 2019-10-01 20-34-53.945 [main] Settings - Scrollable result sets: enabled
[DEBUG] 2019-10-01 20-34-53.945 [main] Settings - Wrap result sets: disabled
[DEBUG] 2019-10-01 20-34-53.945 [main] Settings - JDBC3 getGeneratedKeys(): enabled
[DEBUG] 2019-10-01 20-34-53.945 [main] Settings - JDBC result set fetch size: null
[DEBUG] 2019-10-01 20-34-53.945 [main] Settings - Connection release mode: AFTER_TRANSACTION
[DEBUG] 2019-10-01 20-34-53.945 [main] Settings - Generate SQL with comments: disabled
[DEBUG] 2019-10-01 20-34-53.945 [main] Settings - JPA compliance - query : 
[DEBUG] 2019-10-01 20-34-53.945 [main] Settings - JPA compliance - closed-handling : 
[DEBUG] 2019-10-01 20-34-53.945 [main] Settings - JPA compliance - lists : 
[DEBUG] 2019-10-01 20-34-53.945 [main] Settings - JPA compliance - transactions : 
[INFO ] 2019-10-01 20-34-53.995 [main] beans - HHH10005002: No explicit CDI BeanManager reference was passed to Hibernate, but CDI is available on the Hibernate ClassLoader.
[DEBUG] 2019-10-01 20-34-54.011 [main] SessionFactoryImpl - Session factory constructed with filter configurations : {}
[DEBUG] 2019-10-01 20-34-54.012 [main] SessionFactoryImpl - Instantiating session factory with properties: {sun.desktop=windows, awt.toolkit=sun.awt.windows.WToolkit, java.specification.version=11, sun.cpu.isalist=amd64, hibernate.c3p0.idle_test_period=3000, sun.jnu.encoding=Cp1252, hibernate.c3p0.min_size=5, java.class.path=C:\Program Files\JetBrains\IntelliJ IDEA 2019.2.1\lib\idea_rt.jar;C:\Program Files\JetBrains\IntelliJ IDEA 2019.2.1\plugins\junit\lib\junit-rt.jar;C:\Program Files\JetBrains\IntelliJ IDEA 2019.2.1\plugins\junit\lib\junit5-rt.jar;C:\Users\15635\IdeaProjects\myworkweek\target\test-classes;C:\Users\15635\IdeaProjects\myworkweek\target\classes;C:\Users\15635\.m2\repository\org\junit\platform\junit-platform-runner\1.0.0\junit-platform-runner-1.0.0.jar;C:\Users\15635\.m2\repository\org\apiguardian\apiguardian-api\1.0.0\apiguardian-api-1.0.0.jar;C:\Users\15635\.m2\repository\org\junit\platform\junit-platform-launcher\1.0.0\junit-platform-launcher-1.0.0.jar;C:\Users\15635\.m2\repository\org\junit\platform\junit-platform-suite-api\1.0.0\junit-platform-suite-api-1.0.0.jar;C:\Users\15635\.m2\repository\org\junit\platform\junit-platform-commons\1.0.0\junit-platform-commons-1.0.0.jar;C:\Users\15635\.m2\repository\org\junit\vintage\junit-vintage-engine\4.12.0\junit-vintage-engine-4.12.0.jar;C:\Users\15635\.m2\repository\org\junit\platform\junit-platform-engine\1.0.0\junit-platform-engine-1.0.0.jar;C:\Users\15635\.m2\repository\org\opentest4j\opentest4j\1.0.0\opentest4j-1.0.0.jar;C:\Users\15635\.m2\repository\org\junit\jupiter\junit-jupiter-engine\5.0.0\junit-jupiter-engine-5.0.0.jar;C:\Users\15635\.m2\repository\org\junit\jupiter\junit-jupiter-api\5.0.0\junit-jupiter-api-5.0.0.jar;C:\Users\15635\.m2\repository\junit\junit\4.12\junit-4.12.jar;C:\Users\15635\.m2\repository\org\hamcrest\hamcrest-core\1.3\hamcrest-core-1.3.jar;C:\Users\15635\.m2\repository\javax\javaee-web-api\7.0\javaee-web-api-7.0.jar;C:\Users\15635\.m2\repository\mysql\mysql-connector-java\8.0.16\mysql-connector-java-8.0.16.jar;C:\Users\15635\.m2\repository\com\google\protobuf\protobuf-java\3.6.1\protobuf-java-3.6.1.jar;C:\Users\15635\.m2\repository\jstl\jstl\1.2\jstl-1.2.jar;C:\Users\15635\.m2\repository\org\apache\logging\log4j\log4j-api\2.10.0\log4j-api-2.10.0.jar;C:\Users\15635\.m2\repository\org\apache\logging\log4j\log4j-core\2.10.0\log4j-core-2.10.0.jar;C:\Users\15635\.m2\repository\org\hibernate\hibernate-core\5.4.4.Final\hibernate-core-5.4.4.Final.jar;C:\Users\15635\.m2\repository\org\jboss\logging\jboss-logging\3.3.2.Final\jboss-logging-3.3.2.Final.jar;C:\Users\15635\.m2\repository\javax\persistence\javax.persistence-api\2.2\javax.persistence-api-2.2.jar;C:\Users\15635\.m2\repository\org\javassist\javassist\3.24.0-GA\javassist-3.24.0-GA.jar;C:\Users\15635\.m2\repository\net\bytebuddy\byte-buddy\1.9.11\byte-buddy-1.9.11.jar;C:\Users\15635\.m2\repository\antlr\antlr\2.7.7\antlr-2.7.7.jar;C:\Users\15635\.m2\repository\org\jboss\spec\javax\transaction\jboss-transaction-api_1.2_spec\1.1.1.Final\jboss-transaction-api_1.2_spec-1.1.1.Final.jar;C:\Users\15635\.m2\repository\org\jboss\jandex\2.0.5.Final\jandex-2.0.5.Final.jar;C:\Users\15635\.m2\repository\com\fasterxml\classmate\1.3.4\classmate-1.3.4.jar;C:\Users\15635\.m2\repository\javax\activation\javax.activation-api\1.2.0\javax.activation-api-1.2.0.jar;C:\Users\15635\.m2\repository\org\dom4j\dom4j\2.1.1\dom4j-2.1.1.jar;C:\Users\15635\.m2\repository\org\hibernate\common\hibernate-commons-annotations\5.1.0.Final\hibernate-commons-annotations-5.1.0.Final.jar;C:\Users\15635\.m2\repository\javax\xml\bind\jaxb-api\2.3.1\jaxb-api-2.3.1.jar;C:\Users\15635\.m2\repository\org\glassfish\jaxb\jaxb-runtime\2.3.1\jaxb-runtime-2.3.1.jar;C:\Users\15635\.m2\repository\org\glassfish\jaxb\txw2\2.3.1\txw2-2.3.1.jar;C:\Users\15635\.m2\repository\com\sun\istack\istack-commons-runtime\3.0.7\istack-commons-runtime-3.0.7.jar;C:\Users\15635\.m2\repository\org\jvnet\staxex\stax-ex\1.8\stax-ex-1.8.jar;C:\Users\15635\.m2\repository\com\sun\xml\fastinfoset\FastInfoset\1.2.15\FastInfoset-1.2.15.jar;C:\Users\15635\.m2\repository\org\hibernate\hibernate-c3p0\5.4.4.Final\hibernate-c3p0-5.4.4.Final.jar;C:\Users\15635\.m2\repository\com\mchange\c3p0\0.9.5.3\c3p0-0.9.5.3.jar;C:\Users\15635\.m2\repository\com\mchange\mchange-commons-java\0.2.15\mchange-commons-java-0.2.15.jar, java.vm.vendor=Oracle Corporation, sun.arch.data.model=64, idea.test.cyclic.buffer.size=1048576, user.variant=, java.vendor.url=http://java.oracle.com/, user.timezone=America/Chicago, os.name=Windows 10, java.vm.specification.version=11, sun.java.launcher=SUN_STANDARD, user.country=US, sun.boot.library.path=C:\Program Files\Java\jdk-11.0.4\bin, sun.java.command=com.intellij.rt.execution.junit.JUnitStarter -ideVersion5 -junit5 com.juliecortez.persistence.UserDaoTest,getByIdSuccess, jdk.debug=release, sun.cpu.endian=little, user.home=C:\Users\15635, hibernate.c3p0.max_statements=50, user.language=en, java.specification.vendor=Oracle Corporation, java.version.date=2019-07-16, java.home=C:\Program Files\Java\jdk-11.0.4, file.separator=\, java.vm.compressedOopsMode=32-bit, line.separator=
, hibernate.c3p0.timeout=300, java.specification.name=Java Platform API Specification, java.vm.specification.vendor=Oracle Corporation, java.awt.graphicsenv=sun.awt.Win32GraphicsEnvironment, user.script=, connection.password=Security1!, sun.management.compiler=HotSpot 64-Bit Tiered Compilers, hibernate.c3p0.max_size=20, java.runtime.version=11.0.4+10-LTS, user.name=15635, path.separator=;, hibernate.connection.username=****, os.version=10.0, java.runtime.name=Java(TM) SE Runtime Environment, hibernate.connection.url=jdbc:mysql://localhost:3306/test_mww, file.encoding=UTF-8, java.vm.name=Java HotSpot(TM) 64-Bit Server VM, java.vendor.version=18.9, hibernate.connection.driver_class=com.mysql.cj.jdbc.Driver, java.vendor.url.bug=http://bugreport.java.com/bugreport/, java.io.tmpdir=C:\Users\15635\AppData\Local\Temp\, java.version=11.0.4, user.dir=C:\Users\15635\IdeaProjects\myworkweek, os.arch=amd64, connection.username=cortezjl, java.vm.specification.name=Java Virtual Machine Specification, java.awt.printerjob=sun.awt.windows.WPrinterJob, hibernate.connection.password=****, sun.os.patch.level=, connection.driver_class=com.mysql.cj.jdbc.Driver, hibernate.boot.CfgXmlAccessService.key=org.hibernate.boot.cfgxml.spi.LoadedConfig@5b5ac798, java.library.path=C:\Program Files\Java\jdk-11.0.4\bin;C:\Windows\Sun\Java\bin;C:\Windows\system32;C:\Windows;C:\Windows\system32;C:\Windows;C:\Windows\System32\Wbem;C:\Windows\System32\WindowsPowerShell\v1.0\;C:\Windows\System32\OpenSSH\;C:\Program Files\Git\cmd;C:\Program Files (x86)\Intel\Intel(R) Management Engine Components\DAL;C:\Program Files\Intel\Intel(R) Management Engine Components\DAL;C:\Program Files\MySQL\MySQL Shell 8.0\bin\;., java.vendor=Oracle Corporation, java.vm.info=mixed mode, java.vm.version=11.0.4+10-LTS, hibernate.bytecode.use_reflection_optimizer=false, sun.io.unicode.encoding=UnicodeLittle, connection.url=jdbc:mysql://localhost:3306/test_mww, java.class.version=55.0}
[DEBUG] 2019-10-01 20-34-54.028 [main] TypeSafeActivator - Unable to acquire Bean Validation ValidatorFactory, skipping activation
[DEBUG] 2019-10-01 20-34-54.028 [main] JaccIntegrator - Skipping JACC integration as it was not enabled
[DEBUG] 2019-10-01 20-34-54.029 [main] SessionFactoryImpl - Instantiated session factory
[DEBUG] 2019-10-01 20-34-54.029 [main] TypeConfiguration$Scope - Scoping TypeConfiguration [org.hibernate.type.spi.TypeConfiguration@623dcf2a] to SessionFactoryImpl [org.hibernate.internal.SessionFactoryImpl@2b4b96a4]
[DEBUG] 2019-10-01 20-34-54.068 [main] ClassLoaderAccessImpl - Not known whether passed class name [com.juliecortez.entity.User] is safe
[DEBUG] 2019-10-01 20-34-54.068 [main] ClassLoaderAccessImpl - No temp ClassLoader provided; using live ClassLoader for loading potentially unsafe class : com.juliecortez.entity.User
[DEBUG] 2019-10-01 20-34-54.083 [main] ClassLoaderAccessImpl - Not known whether passed class name [com.juliecortez.entity.User] is safe
[DEBUG] 2019-10-01 20-34-54.084 [main] ClassLoaderAccessImpl - No temp ClassLoader provided; using live ClassLoader for loading potentially unsafe class : com.juliecortez.entity.User
[DEBUG] 2019-10-01 20-34-54.245 [main] ClassLoaderAccessImpl - Not known whether passed class name [com.juliecortez.entity.UserRole] is safe
[DEBUG] 2019-10-01 20-34-54.245 [main] ClassLoaderAccessImpl - No temp ClassLoader provided; using live ClassLoader for loading potentially unsafe class : com.juliecortez.entity.UserRole
[DEBUG] 2019-10-01 20-34-54.245 [main] ClassLoaderAccessImpl - Not known whether passed class name [com.juliecortez.entity.UserRole] is safe
[DEBUG] 2019-10-01 20-34-54.245 [main] ClassLoaderAccessImpl - No temp ClassLoader provided; using live ClassLoader for loading potentially unsafe class : com.juliecortez.entity.UserRole
[DEBUG] 2019-10-01 20-34-54.257 [main] ClassLoaderAccessImpl - Not known whether passed class name [com.juliecortez.entity.Role] is safe
[DEBUG] 2019-10-01 20-34-54.257 [main] ClassLoaderAccessImpl - No temp ClassLoader provided; using live ClassLoader for loading potentially unsafe class : com.juliecortez.entity.Role
[DEBUG] 2019-10-01 20-34-54.257 [main] ClassLoaderAccessImpl - Not known whether passed class name [com.juliecortez.entity.Role] is safe
[DEBUG] 2019-10-01 20-34-54.257 [main] ClassLoaderAccessImpl - No temp ClassLoader provided; using live ClassLoader for loading potentially unsafe class : com.juliecortez.entity.Role
[DEBUG] 2019-10-01 20-34-54.271 [main] AbstractCollectionPersister - Static SQL for collection: com.juliecortez.entity.User.userRoles
[DEBUG] 2019-10-01 20-34-54.271 [main] AbstractCollectionPersister -  Row insert: update user_role set user_id=? where id=?
[DEBUG] 2019-10-01 20-34-54.271 [main] AbstractCollectionPersister -  Row update: update user_role set  where id=?
[DEBUG] 2019-10-01 20-34-54.271 [main] AbstractCollectionPersister -  Row delete: update user_role set user_id=null where user_id=? and id=?
[DEBUG] 2019-10-01 20-34-54.271 [main] AbstractCollectionPersister -  One-shot delete: update user_role set user_id=null where user_id=?
[DEBUG] 2019-10-01 20-34-54.274 [main] AbstractEntityPersister - Static SQL for entity: com.juliecortez.entity.User
[DEBUG] 2019-10-01 20-34-54.274 [main] AbstractEntityPersister -  Version select: select id from user where id =?
[DEBUG] 2019-10-01 20-34-54.274 [main] AbstractEntityPersister -  Snapshot select: select user_.id, user_.date_of_birth as date_of_2_1_, user_.first_name as first_na3_1_, user_.last_name as last_nam4_1_, user_.user_name as user_nam5_1_ from user user_ where user_.id=?
[DEBUG] 2019-10-01 20-34-54.274 [main] AbstractEntityPersister -  Insert 0: insert into user (date_of_birth, first_name, last_name, user_name, id) values (?, ?, ?, ?, ?)
[DEBUG] 2019-10-01 20-34-54.274 [main] AbstractEntityPersister -  Update 0: update user set date_of_birth=?, first_name=?, last_name=?, user_name=? where id=?
[DEBUG] 2019-10-01 20-34-54.274 [main] AbstractEntityPersister -  Delete 0: delete from user where id=?
[DEBUG] 2019-10-01 20-34-54.274 [main] AbstractEntityPersister -  Identity insert: insert into user (date_of_birth, first_name, last_name, user_name) values (?, ?, ?, ?)
[DEBUG] 2019-10-01 20-34-54.290 [main] QuerySpacesImpl - Adding QuerySpace : uid = <gen:0> -> org.hibernate.loader.plan.build.internal.spaces.EntityQuerySpaceImpl@4a70d302]
[DEBUG] 2019-10-01 20-34-54.291 [main] MetamodelGraphWalker - Visiting attribute path : dateOfBirth
[DEBUG] 2019-10-01 20-34-54.292 [main] MetamodelGraphWalker - Visiting attribute path : firstName
[DEBUG] 2019-10-01 20-34-54.292 [main] MetamodelGraphWalker - Visiting attribute path : lastName
[DEBUG] 2019-10-01 20-34-54.292 [main] MetamodelGraphWalker - Visiting attribute path : userName
[DEBUG] 2019-10-01 20-34-54.292 [main] MetamodelGraphWalker - Visiting attribute path : userRoles
[DEBUG] 2019-10-01 20-34-54.296 [main] QuerySpacesImpl - Adding QuerySpace : uid = <gen:1> -> org.hibernate.loader.plan.build.internal.spaces.CollectionQuerySpaceImpl@3a1b36a1]
[DEBUG] 2019-10-01 20-34-54.297 [main] QuerySpacesImpl - Adding QuerySpace : uid = <gen:2> -> org.hibernate.loader.plan.build.internal.spaces.EntityQuerySpaceImpl@626e0c86]
[DEBUG] 2019-10-01 20-34-54.298 [main] MetamodelGraphWalker - Visiting attribute path : userRoles.description
[DEBUG] 2019-10-01 20-34-54.298 [main] MetamodelGraphWalker - Visiting attribute path : userRoles.user
[DEBUG] 2019-10-01 20-34-54.299 [main] MetamodelGraphWalker - Property path deemed to be circular : userRoles.user
[DEBUG] 2019-10-01 20-34-54.299 [main] FetchStyleLoadPlanBuildingAssociationVisitationStrategy - Building LoadPlan...
[DEBUG] 2019-10-01 20-34-54.308 [main] LoadQueryJoinAndFetchProcessor - processing queryspace <gen:0>
[DEBUG] 2019-10-01 20-34-54.313 [main] LoadPlanTreePrinter - LoadPlan(entity=com.juliecortez.entity.User)
    - Returns
       - EntityReturnImpl(entity=com.juliecortez.entity.User, querySpaceUid=<gen:0>, path=com.juliecortez.entity.User)
          - CollectionAttributeFetchImpl(collection=com.juliecortez.entity.User.userRoles, querySpaceUid=<gen:1>, path=com.juliecortez.entity.User.userRoles)
             - (collection element) CollectionFetchableElementEntityGraph(entity=com.juliecortez.entity.UserRole, querySpaceUid=<gen:2>, path=com.juliecortez.entity.User.userRoles.<elements>)
    - QuerySpaces
       - EntityQuerySpaceImpl(uid=<gen:0>, entity=com.juliecortez.entity.User)
          - SQL table alias mapping - user0_
          - alias suffix - 0_
          - suffixed key columns - {id1_1_0_}
          - JOIN (JoinDefinedByMetadata(userRoles)) : <gen:0> -> <gen:1>
             - CollectionQuerySpaceImpl(uid=<gen:1>, collection=com.juliecortez.entity.User.userRoles)
                - SQL table alias mapping - userroles1_
                - alias suffix - 1_
                - suffixed key columns - {user_id3_2_1_}
                - entity-element alias suffix - 2_
                - 2_entity-element suffixed key columns - id1_2_2_
                - JOIN (JoinDefinedByMetadata(elements)) : <gen:1> -> <gen:2>
                   - EntityQuerySpaceImpl(uid=<gen:2>, entity=com.juliecortez.entity.UserRole)
                      - SQL table alias mapping - userroles1_
                      - alias suffix - 2_
                      - suffixed key columns - {id1_2_2_}

[DEBUG] 2019-10-01 20-34-54.315 [main] EntityLoader - Static select for entity com.juliecortez.entity.User [NONE]: select user0_.id as id1_1_0_, user0_.date_of_birth as date_of_2_1_0_, user0_.first_name as first_na3_1_0_, user0_.last_name as last_nam4_1_0_, user0_.user_name as user_nam5_1_0_, userroles1_.user_id as user_id3_2_1_, userroles1_.id as id1_2_1_, userroles1_.id as id1_2_2_, userroles1_.description as descript2_2_2_, userroles1_.user_id as user_id3_2_2_ from user user0_ left outer join user_role userroles1_ on user0_.id=userroles1_.user_id where user0_.id=?
[DEBUG] 2019-10-01 20-34-54.315 [main] QuerySpacesImpl - Adding QuerySpace : uid = <gen:0> -> org.hibernate.loader.plan.build.internal.spaces.EntityQuerySpaceImpl@60dc1a4e]
[DEBUG] 2019-10-01 20-34-54.315 [main] MetamodelGraphWalker - Visiting attribute path : dateOfBirth
[DEBUG] 2019-10-01 20-34-54.315 [main] MetamodelGraphWalker - Visiting attribute path : firstName
[DEBUG] 2019-10-01 20-34-54.315 [main] MetamodelGraphWalker - Visiting attribute path : lastName
[DEBUG] 2019-10-01 20-34-54.315 [main] MetamodelGraphWalker - Visiting attribute path : userName
[DEBUG] 2019-10-01 20-34-54.316 [main] MetamodelGraphWalker - Visiting attribute path : userRoles
[DEBUG] 2019-10-01 20-34-54.316 [main] QuerySpacesImpl - Adding QuerySpace : uid = <gen:1> -> org.hibernate.loader.plan.build.internal.spaces.CollectionQuerySpaceImpl@31efacad]
[DEBUG] 2019-10-01 20-34-54.316 [main] QuerySpacesImpl - Adding QuerySpace : uid = <gen:2> -> org.hibernate.loader.plan.build.internal.spaces.EntityQuerySpaceImpl@380ce5a3]
[DEBUG] 2019-10-01 20-34-54.316 [main] MetamodelGraphWalker - Visiting attribute path : userRoles.description
[DEBUG] 2019-10-01 20-34-54.316 [main] MetamodelGraphWalker - Visiting attribute path : userRoles.user
[DEBUG] 2019-10-01 20-34-54.316 [main] MetamodelGraphWalker - Property path deemed to be circular : userRoles.user
[DEBUG] 2019-10-01 20-34-54.316 [main] FetchStyleLoadPlanBuildingAssociationVisitationStrategy - Building LoadPlan...
[DEBUG] 2019-10-01 20-34-54.316 [main] LoadQueryJoinAndFetchProcessor - processing queryspace <gen:0>
[DEBUG] 2019-10-01 20-34-54.317 [main] LoadPlanTreePrinter - LoadPlan(entity=com.juliecortez.entity.User)
    - Returns
       - EntityReturnImpl(entity=com.juliecortez.entity.User, querySpaceUid=<gen:0>, path=com.juliecortez.entity.User)
          - CollectionAttributeFetchImpl(collection=com.juliecortez.entity.User.userRoles, querySpaceUid=<gen:1>, path=com.juliecortez.entity.User.userRoles)
             - (collection element) CollectionFetchableElementEntityGraph(entity=com.juliecortez.entity.UserRole, querySpaceUid=<gen:2>, path=com.juliecortez.entity.User.userRoles.<elements>)
    - QuerySpaces
       - EntityQuerySpaceImpl(uid=<gen:0>, entity=com.juliecortez.entity.User)
          - SQL table alias mapping - user0_
          - alias suffix - 0_
          - suffixed key columns - {id1_1_0_}
          - JOIN (JoinDefinedByMetadata(userRoles)) : <gen:0> -> <gen:1>
             - CollectionQuerySpaceImpl(uid=<gen:1>, collection=com.juliecortez.entity.User.userRoles)
                - SQL table alias mapping - userroles1_
                - alias suffix - 1_
                - suffixed key columns - {user_id3_2_1_}
                - entity-element alias suffix - 2_
                - 2_entity-element suffixed key columns - id1_2_2_
                - JOIN (JoinDefinedByMetadata(elements)) : <gen:1> -> <gen:2>
                   - EntityQuerySpaceImpl(uid=<gen:2>, entity=com.juliecortez.entity.UserRole)
                      - SQL table alias mapping - userroles1_
                      - alias suffix - 2_
                      - suffixed key columns - {id1_2_2_}

[DEBUG] 2019-10-01 20-34-54.317 [main] EntityLoader - Static select for entity com.juliecortez.entity.User [READ]: select user0_.id as id1_1_0_, user0_.date_of_birth as date_of_2_1_0_, user0_.first_name as first_na3_1_0_, user0_.last_name as last_nam4_1_0_, user0_.user_name as user_nam5_1_0_, userroles1_.user_id as user_id3_2_1_, userroles1_.id as id1_2_1_, userroles1_.id as id1_2_2_, userroles1_.description as descript2_2_2_, userroles1_.user_id as user_id3_2_2_ from user user0_ left outer join user_role userroles1_ on user0_.id=userroles1_.user_id where user0_.id=?
[DEBUG] 2019-10-01 20-34-54.326 [main] Loader - Static select for action ACTION_MERGE on entity com.juliecortez.entity.User: select user0_.id as id1_1_1_, user0_.date_of_birth as date_of_2_1_1_, user0_.first_name as first_na3_1_1_, user0_.last_name as last_nam4_1_1_, user0_.user_name as user_nam5_1_1_, userroles1_.user_id as user_id3_2_3_, userroles1_.id as id1_2_3_, userroles1_.id as id1_2_0_, userroles1_.description as descript2_2_0_, userroles1_.user_id as user_id3_2_0_ from user user0_ left outer join user_role userroles1_ on user0_.id=userroles1_.user_id where user0_.id=?
[DEBUG] 2019-10-01 20-34-54.326 [main] Loader - Static select for action ACTION_REFRESH on entity com.juliecortez.entity.User: select user0_.id as id1_1_1_, user0_.date_of_birth as date_of_2_1_1_, user0_.first_name as first_na3_1_1_, user0_.last_name as last_nam4_1_1_, user0_.user_name as user_nam5_1_1_, userroles1_.user_id as user_id3_2_3_, userroles1_.id as id1_2_3_, userroles1_.id as id1_2_0_, userroles1_.description as descript2_2_0_, userroles1_.user_id as user_id3_2_0_ from user user0_ left outer join user_role userroles1_ on user0_.id=userroles1_.user_id where user0_.id=?
[DEBUG] 2019-10-01 20-34-54.326 [main] AbstractEntityPersister - Static SQL for entity: com.juliecortez.entity.UserRole
[DEBUG] 2019-10-01 20-34-54.326 [main] AbstractEntityPersister -  Version select: select id from user_role where id =?
[DEBUG] 2019-10-01 20-34-54.326 [main] AbstractEntityPersister -  Snapshot select: select userrole_.id, userrole_.description as descript2_2_, userrole_.user_id as user_id3_2_ from user_role userrole_ where userrole_.id=?
[DEBUG] 2019-10-01 20-34-54.326 [main] AbstractEntityPersister -  Insert 0: insert into user_role (description, user_id, id) values (?, ?, ?)
[DEBUG] 2019-10-01 20-34-54.326 [main] AbstractEntityPersister -  Update 0: update user_role set description=?, user_id=? where id=?
[DEBUG] 2019-10-01 20-34-54.326 [main] AbstractEntityPersister -  Delete 0: delete from user_role where id=?
[DEBUG] 2019-10-01 20-34-54.326 [main] AbstractEntityPersister -  Identity insert: insert into user_role (description, user_id) values (?, ?)
[DEBUG] 2019-10-01 20-34-54.326 [main] QuerySpacesImpl - Adding QuerySpace : uid = <gen:0> -> org.hibernate.loader.plan.build.internal.spaces.EntityQuerySpaceImpl@805e72e]
[DEBUG] 2019-10-01 20-34-54.326 [main] MetamodelGraphWalker - Visiting attribute path : description
[DEBUG] 2019-10-01 20-34-54.326 [main] MetamodelGraphWalker - Visiting attribute path : user
[DEBUG] 2019-10-01 20-34-54.326 [main] QuerySpacesImpl - Adding QuerySpace : uid = <gen:1> -> org.hibernate.loader.plan.build.internal.spaces.EntityQuerySpaceImpl@168142da]
[DEBUG] 2019-10-01 20-34-54.327 [main] MetamodelGraphWalker - Visiting attribute path : user.dateOfBirth
[DEBUG] 2019-10-01 20-34-54.327 [main] MetamodelGraphWalker - Visiting attribute path : user.firstName
[DEBUG] 2019-10-01 20-34-54.327 [main] MetamodelGraphWalker - Visiting attribute path : user.lastName
[DEBUG] 2019-10-01 20-34-54.327 [main] MetamodelGraphWalker - Visiting attribute path : user.userName
[DEBUG] 2019-10-01 20-34-54.327 [main] MetamodelGraphWalker - Visiting attribute path : user.userRoles
[DEBUG] 2019-10-01 20-34-54.327 [main] MetamodelGraphWalker - Property path deemed to be circular : user.userRoles
[DEBUG] 2019-10-01 20-34-54.327 [main] FetchStyleLoadPlanBuildingAssociationVisitationStrategy - Building LoadPlan...
[DEBUG] 2019-10-01 20-34-54.327 [main] LoadQueryJoinAndFetchProcessor - processing queryspace <gen:0>
[DEBUG] 2019-10-01 20-34-54.327 [main] LoadPlanTreePrinter - LoadPlan(entity=com.juliecortez.entity.UserRole)
    - Returns
       - EntityReturnImpl(entity=com.juliecortez.entity.UserRole, querySpaceUid=<gen:0>, path=com.juliecortez.entity.UserRole)
          - EntityAttributeFetchImpl(entity=com.juliecortez.entity.User, querySpaceUid=<gen:1>, path=com.juliecortez.entity.UserRole.user)
    - QuerySpaces
       - EntityQuerySpaceImpl(uid=<gen:0>, entity=com.juliecortez.entity.UserRole)
          - SQL table alias mapping - userrole0_
          - alias suffix - 0_
          - suffixed key columns - {id1_2_0_}
          - JOIN (JoinDefinedByMetadata(user)) : <gen:0> -> <gen:1>
             - EntityQuerySpaceImpl(uid=<gen:1>, entity=com.juliecortez.entity.User)
                - SQL table alias mapping - user1_
                - alias suffix - 1_
                - suffixed key columns - {id1_1_1_}

[DEBUG] 2019-10-01 20-34-54.327 [main] EntityLoader - Static select for entity com.juliecortez.entity.UserRole [NONE]: select userrole0_.id as id1_2_0_, userrole0_.description as descript2_2_0_, userrole0_.user_id as user_id3_2_0_, user1_.id as id1_1_1_, user1_.date_of_birth as date_of_2_1_1_, user1_.first_name as first_na3_1_1_, user1_.last_name as last_nam4_1_1_, user1_.user_name as user_nam5_1_1_ from user_role userrole0_ left outer join user user1_ on userrole0_.user_id=user1_.id where userrole0_.id=?
[DEBUG] 2019-10-01 20-34-54.328 [main] QuerySpacesImpl - Adding QuerySpace : uid = <gen:0> -> org.hibernate.loader.plan.build.internal.spaces.EntityQuerySpaceImpl@50211483]
[DEBUG] 2019-10-01 20-34-54.328 [main] MetamodelGraphWalker - Visiting attribute path : description
[DEBUG] 2019-10-01 20-34-54.328 [main] MetamodelGraphWalker - Visiting attribute path : user
[DEBUG] 2019-10-01 20-34-54.328 [main] QuerySpacesImpl - Adding QuerySpace : uid = <gen:1> -> org.hibernate.loader.plan.build.internal.spaces.EntityQuerySpaceImpl@1472208d]
[DEBUG] 2019-10-01 20-34-54.328 [main] MetamodelGraphWalker - Visiting attribute path : user.dateOfBirth
[DEBUG] 2019-10-01 20-34-54.328 [main] MetamodelGraphWalker - Visiting attribute path : user.firstName
[DEBUG] 2019-10-01 20-34-54.328 [main] MetamodelGraphWalker - Visiting attribute path : user.lastName
[DEBUG] 2019-10-01 20-34-54.328 [main] MetamodelGraphWalker - Visiting attribute path : user.userName
[DEBUG] 2019-10-01 20-34-54.328 [main] MetamodelGraphWalker - Visiting attribute path : user.userRoles
[DEBUG] 2019-10-01 20-34-54.328 [main] MetamodelGraphWalker - Property path deemed to be circular : user.userRoles
[DEBUG] 2019-10-01 20-34-54.328 [main] FetchStyleLoadPlanBuildingAssociationVisitationStrategy - Building LoadPlan...
[DEBUG] 2019-10-01 20-34-54.328 [main] LoadQueryJoinAndFetchProcessor - processing queryspace <gen:0>
[DEBUG] 2019-10-01 20-34-54.329 [main] LoadPlanTreePrinter - LoadPlan(entity=com.juliecortez.entity.UserRole)
    - Returns
       - EntityReturnImpl(entity=com.juliecortez.entity.UserRole, querySpaceUid=<gen:0>, path=com.juliecortez.entity.UserRole)
          - EntityAttributeFetchImpl(entity=com.juliecortez.entity.User, querySpaceUid=<gen:1>, path=com.juliecortez.entity.UserRole.user)
    - QuerySpaces
       - EntityQuerySpaceImpl(uid=<gen:0>, entity=com.juliecortez.entity.UserRole)
          - SQL table alias mapping - userrole0_
          - alias suffix - 0_
          - suffixed key columns - {id1_2_0_}
          - JOIN (JoinDefinedByMetadata(user)) : <gen:0> -> <gen:1>
             - EntityQuerySpaceImpl(uid=<gen:1>, entity=com.juliecortez.entity.User)
                - SQL table alias mapping - user1_
                - alias suffix - 1_
                - suffixed key columns - {id1_1_1_}

[DEBUG] 2019-10-01 20-34-54.329 [main] EntityLoader - Static select for entity com.juliecortez.entity.UserRole [READ]: select userrole0_.id as id1_2_0_, userrole0_.description as descript2_2_0_, userrole0_.user_id as user_id3_2_0_, user1_.id as id1_1_1_, user1_.date_of_birth as date_of_2_1_1_, user1_.first_name as first_na3_1_1_, user1_.last_name as last_nam4_1_1_, user1_.user_name as user_nam5_1_1_ from user_role userrole0_ left outer join user user1_ on userrole0_.user_id=user1_.id where userrole0_.id=?
[DEBUG] 2019-10-01 20-34-54.329 [main] Loader - Static select for action ACTION_MERGE on entity com.juliecortez.entity.UserRole: select userrole0_.id as id1_2_0_, userrole0_.description as descript2_2_0_, userrole0_.user_id as user_id3_2_0_ from user_role userrole0_ where userrole0_.id=?
[DEBUG] 2019-10-01 20-34-54.329 [main] Loader - Static select for action ACTION_REFRESH on entity com.juliecortez.entity.UserRole: select userrole0_.id as id1_2_0_, userrole0_.description as descript2_2_0_, userrole0_.user_id as user_id3_2_0_ from user_role userrole0_ where userrole0_.id=?
[DEBUG] 2019-10-01 20-34-54.329 [main] AbstractEntityPersister - Static SQL for entity: com.juliecortez.entity.Role
[DEBUG] 2019-10-01 20-34-54.329 [main] AbstractEntityPersister -  Version select: select id from role where id =?
[DEBUG] 2019-10-01 20-34-54.329 [main] AbstractEntityPersister -  Snapshot select: select role_.id, role_.role as role2_0_ from role role_ where role_.id=?
[DEBUG] 2019-10-01 20-34-54.329 [main] AbstractEntityPersister -  Insert 0: insert into role (role, id) values (?, ?)
[DEBUG] 2019-10-01 20-34-54.329 [main] AbstractEntityPersister -  Update 0: update role set role=? where id=?
[DEBUG] 2019-10-01 20-34-54.329 [main] AbstractEntityPersister -  Delete 0: delete from role where id=?
[DEBUG] 2019-10-01 20-34-54.329 [main] AbstractEntityPersister -  Identity insert: insert into role (role) values (?)
[DEBUG] 2019-10-01 20-34-54.329 [main] QuerySpacesImpl - Adding QuerySpace : uid = <gen:0> -> org.hibernate.loader.plan.build.internal.spaces.EntityQuerySpaceImpl@6de004f1]
[DEBUG] 2019-10-01 20-34-54.329 [main] MetamodelGraphWalker - Visiting attribute path : role
[DEBUG] 2019-10-01 20-34-54.329 [main] FetchStyleLoadPlanBuildingAssociationVisitationStrategy - Building LoadPlan...
[DEBUG] 2019-10-01 20-34-54.330 [main] LoadQueryJoinAndFetchProcessor - processing queryspace <gen:0>
[DEBUG] 2019-10-01 20-34-54.330 [main] LoadPlanTreePrinter - LoadPlan(entity=com.juliecortez.entity.Role)
    - Returns
       - EntityReturnImpl(entity=com.juliecortez.entity.Role, querySpaceUid=<gen:0>, path=com.juliecortez.entity.Role)
    - QuerySpaces
       - EntityQuerySpaceImpl(uid=<gen:0>, entity=com.juliecortez.entity.Role)
          - SQL table alias mapping - role0_
          - alias suffix - 0_
          - suffixed key columns - {id1_0_0_}

[DEBUG] 2019-10-01 20-34-54.330 [main] EntityLoader - Static select for entity com.juliecortez.entity.Role [NONE]: select role0_.id as id1_0_0_, role0_.role as role2_0_0_ from role role0_ where role0_.id=?
[DEBUG] 2019-10-01 20-34-54.330 [main] QuerySpacesImpl - Adding QuerySpace : uid = <gen:0> -> org.hibernate.loader.plan.build.internal.spaces.EntityQuerySpaceImpl@4026461d]
[DEBUG] 2019-10-01 20-34-54.330 [main] MetamodelGraphWalker - Visiting attribute path : role
[DEBUG] 2019-10-01 20-34-54.330 [main] FetchStyleLoadPlanBuildingAssociationVisitationStrategy - Building LoadPlan...
[DEBUG] 2019-10-01 20-34-54.330 [main] LoadQueryJoinAndFetchProcessor - processing queryspace <gen:0>
[DEBUG] 2019-10-01 20-34-54.330 [main] LoadPlanTreePrinter - LoadPlan(entity=com.juliecortez.entity.Role)
    - Returns
       - EntityReturnImpl(entity=com.juliecortez.entity.Role, querySpaceUid=<gen:0>, path=com.juliecortez.entity.Role)
    - QuerySpaces
       - EntityQuerySpaceImpl(uid=<gen:0>, entity=com.juliecortez.entity.Role)
          - SQL table alias mapping - role0_
          - alias suffix - 0_
          - suffixed key columns - {id1_0_0_}

[DEBUG] 2019-10-01 20-34-54.330 [main] EntityLoader - Static select for entity com.juliecortez.entity.Role [READ]: select role0_.id as id1_0_0_, role0_.role as role2_0_0_ from role role0_ where role0_.id=?
[DEBUG] 2019-10-01 20-34-54.330 [main] Loader - Static select for action ACTION_MERGE on entity com.juliecortez.entity.Role: select role0_.id as id1_0_0_, role0_.role as role2_0_0_ from role role0_ where role0_.id=?
[DEBUG] 2019-10-01 20-34-54.330 [main] Loader - Static select for action ACTION_REFRESH on entity com.juliecortez.entity.Role: select role0_.id as id1_0_0_, role0_.role as role2_0_0_ from role role0_ where role0_.id=?
[DEBUG] 2019-10-01 20-34-54.333 [main] QuerySpacesImpl - Adding QuerySpace : uid = <gen:0> -> org.hibernate.loader.plan.build.internal.spaces.CollectionQuerySpaceImpl@c412556]
[DEBUG] 2019-10-01 20-34-54.334 [main] QuerySpacesImpl - Adding QuerySpace : uid = <gen:1> -> org.hibernate.loader.plan.build.internal.spaces.EntityQuerySpaceImpl@6f930e0]
[DEBUG] 2019-10-01 20-34-54.334 [main] MetamodelGraphWalker - Visiting attribute path : description
[DEBUG] 2019-10-01 20-34-54.334 [main] MetamodelGraphWalker - Visiting attribute path : user
[DEBUG] 2019-10-01 20-34-54.334 [main] MetamodelGraphWalker - Property path deemed to be circular : user
[DEBUG] 2019-10-01 20-34-54.334 [main] FetchStyleLoadPlanBuildingAssociationVisitationStrategy - Building LoadPlan...
[DEBUG] 2019-10-01 20-34-54.335 [main] LoadQueryJoinAndFetchProcessor - processing queryspace <gen:0>
[DEBUG] 2019-10-01 20-34-54.336 [main] LoadPlanTreePrinter - LoadPlan(collection=com.juliecortez.entity.User.userRoles)
    - Returns
       - CollectionReturnImpl(collection=com.juliecortez.entity.User.userRoles, querySpaceUid=<gen:0>, path=[com.juliecortez.entity.User.userRoles])
          - (collection element) CollectionFetchableElementEntityGraph(entity=com.juliecortez.entity.UserRole, querySpaceUid=<gen:1>, path=[com.juliecortez.entity.User.userRoles].<elements>)
    - QuerySpaces
       - CollectionQuerySpaceImpl(uid=<gen:0>, collection=com.juliecortez.entity.User.userRoles)
          - SQL table alias mapping - userroles0_
          - alias suffix - 0_
          - suffixed key columns - {user_id3_2_0_}
          - entity-element alias suffix - 1_
          - 1_entity-element suffixed key columns - id1_2_1_
          - JOIN (JoinDefinedByMetadata(elements)) : <gen:0> -> <gen:1>
             - EntityQuerySpaceImpl(uid=<gen:1>, entity=com.juliecortez.entity.UserRole)
                - SQL table alias mapping - userroles0_
                - alias suffix - 1_
                - suffixed key columns - {id1_2_1_}

[DEBUG] 2019-10-01 20-34-54.336 [main] CollectionLoader - Static select for collection com.juliecortez.entity.User.userRoles: select userroles0_.user_id as user_id3_2_0_, userroles0_.id as id1_2_0_, userroles0_.id as id1_2_1_, userroles0_.description as descript2_2_1_, userroles0_.user_id as user_id3_2_1_ from user_role userroles0_ where userroles0_.user_id=?
[DEBUG] 2019-10-01 20-34-54.359 [main] SchemaManagementToolCoordinator - No actions specified; doing nothing
[DEBUG] 2019-10-01 20-34-54.359 [main] JtaPlatformInitiator - No JtaPlatform was specified, checking resolver
[DEBUG] 2019-10-01 20-34-54.360 [main] JtaPlatformResolverInitiator - No JtaPlatformResolver was specified, using default [org.hibernate.engine.transaction.jta.platform.internal.StandardJtaPlatformResolver]
[DEBUG] 2019-10-01 20-34-54.364 [main] StandardJtaPlatformResolver - Could not resolve JtaPlatform, using default [org.hibernate.engine.transaction.jta.platform.internal.NoJtaPlatform]
[INFO ] 2019-10-01 20-34-54.364 [main] JtaPlatformInitiator - HHH000490: Using JtaPlatform implementation: [org.hibernate.engine.transaction.jta.platform.internal.NoJtaPlatform]
[DEBUG] 2019-10-01 20-34-54.365 [main] NamedQueryRepository - Checking 0 named HQL queries
[DEBUG] 2019-10-01 20-34-54.365 [main] NamedQueryRepository - Checking 0 named SQL queries
[DEBUG] 2019-10-01 20-34-54.366 [main] SessionFactoryRegistry - Initializing SessionFactoryRegistry : org.hibernate.internal.SessionFactoryRegistry@5b1c32e4
[DEBUG] 2019-10-01 20-34-54.368 [main] SessionFactoryRegistry - Registering SessionFactory: 22fde345-e895-4caf-ad24-550126493a00 (<unnamed>)
[DEBUG] 2019-10-01 20-34-54.368 [main] SessionFactoryRegistry - Not binding SessionFactory to JNDI, no JNDI name configured
[DEBUG] 2019-10-01 20-34-54.465 [main] StatisticsInitiator - Statistics initialized [enabled=false]
[DEBUG] 2019-10-01 20-34-54.481 [main] SQL - select user0_.id as id1_1_0_, user0_.date_of_birth as date_of_2_1_0_, user0_.first_name as first_na3_1_0_, user0_.last_name as last_nam4_1_0_, user0_.user_name as user_nam5_1_0_, userroles1_.user_id as user_id3_2_1_, userroles1_.id as id1_2_1_, userroles1_.id as id1_2_2_, userroles1_.description as descript2_2_2_, userroles1_.user_id as user_id3_2_2_ from user user0_ left outer join user_role userroles1_ on user0_.id=userroles1_.user_id where user0_.id=?
[DEBUG] 2019-10-01 20-34-54.500 [main] ResultSetProcessorImpl - Starting ResultSet row #0
[DEBUG] 2019-10-01 20-34-54.502 [main] EntityReferenceInitializerImpl - On call to EntityIdentifierReaderImpl#resolve, EntityKey was already known; should only happen on root returns with an optional identifier specified
[DEBUG] 2019-10-01 20-34-54.514 [main] CollectionReferenceInitializerImpl - Found row of collection: [com.juliecortez.entity.User.userRoles#1]
[DEBUG] 2019-10-01 20-34-54.521 [main] TwoPhaseLoad - Resolving attributes for [com.juliecortez.entity.User#1]
[DEBUG] 2019-10-01 20-34-54.522 [main] TwoPhaseLoad - Processing attribute `dateOfBirth` : value = 1988-05-08
[DEBUG] 2019-10-01 20-34-54.522 [main] TwoPhaseLoad - Attribute (`dateOfBirth`)  - enhanced for lazy-loading? - false
[DEBUG] 2019-10-01 20-34-54.522 [main] TwoPhaseLoad - Processing attribute `firstName` : value = System
[DEBUG] 2019-10-01 20-34-54.522 [main] TwoPhaseLoad - Attribute (`firstName`)  - enhanced for lazy-loading? - false
[DEBUG] 2019-10-01 20-34-54.522 [main] TwoPhaseLoad - Processing attribute `lastName` : value = Administrator
[DEBUG] 2019-10-01 20-34-54.522 [main] TwoPhaseLoad - Attribute (`lastName`)  - enhanced for lazy-loading? - false
[DEBUG] 2019-10-01 20-34-54.522 [main] TwoPhaseLoad - Processing attribute `userName` : value = Admin
[DEBUG] 2019-10-01 20-34-54.522 [main] TwoPhaseLoad - Attribute (`userName`)  - enhanced for lazy-loading? - false
[DEBUG] 2019-10-01 20-34-54.522 [main] TwoPhaseLoad - Processing attribute `userRoles` : value = NOT NULL COLLECTION
[DEBUG] 2019-10-01 20-34-54.522 [main] TwoPhaseLoad - Attribute (`userRoles`)  - enhanced for lazy-loading? - false
[DEBUG] 2019-10-01 20-34-54.523 [main] TwoPhaseLoad - Done materializing entity [com.juliecortez.entity.User#1]
[DEBUG] 2019-10-01 20-34-54.523 [main] TwoPhaseLoad - Resolving attributes for [com.juliecortez.entity.UserRole#1]
[DEBUG] 2019-10-01 20-34-54.523 [main] TwoPhaseLoad - Processing attribute `description` : value = System Administrator
[DEBUG] 2019-10-01 20-34-54.523 [main] TwoPhaseLoad - Attribute (`description`)  - enhanced for lazy-loading? - false
[DEBUG] 2019-10-01 20-34-54.523 [main] TwoPhaseLoad - Processing attribute `user` : value = 1
[DEBUG] 2019-10-01 20-34-54.523 [main] TwoPhaseLoad - Attribute (`user`)  - enhanced for lazy-loading? - false
[DEBUG] 2019-10-01 20-34-54.523 [main] TwoPhaseLoad - Done materializing entity [com.juliecortez.entity.UserRole#1]
[DEBUG] 2019-10-01 20-34-54.524 [main] CollectionLoadContext - 1 collections were found in result set for role: com.juliecortez.entity.User.userRoles
[DEBUG] 2019-10-01 20-34-54.526 [main] CollectionLoadContext - Collection fully initialized: [com.juliecortez.entity.User.userRoles#1]
[DEBUG] 2019-10-01 20-34-54.526 [main] CollectionLoadContext - 1 collections initialized for role: com.juliecortez.entity.User.userRoles
[DEBUG] 2019-10-01 20-34-54.527 [main] ResourceRegistryStandardImpl - HHH000387: ResultSet's statement was not registered
[DEBUG] 2019-10-01 20-34-54.527 [main] AbstractLoadPlanBasedEntityLoader - Done entity load : com.juliecortez.entity.User#1
[DEBUG] 2019-10-01 20-34-54.527 [main] LogicalConnectionManagedImpl - Initiating JDBC connection release from afterTransaction
