[DEBUG] 2019-10-02 19-23-19.662 [main] IntegratorServiceImpl - Adding Integrator [org.hibernate.cfg.beanvalidation.BeanValidationIntegrator].
[DEBUG] 2019-10-02 19-23-19.667 [main] IntegratorServiceImpl - Adding Integrator [org.hibernate.secure.spi.JaccIntegrator].
[DEBUG] 2019-10-02 19-23-19.671 [main] IntegratorServiceImpl - Adding Integrator [org.hibernate.cache.internal.CollectionCacheInvalidator].
[INFO ] 2019-10-02 19-23-19.765 [main] Version - HHH000412: Hibernate Core {5.4.4.Final}
[DEBUG] 2019-10-02 19-23-19.768 [main] Environment - HHH000206: hibernate.properties not found
[DEBUG] 2019-10-02 19-23-19.993 [main] LocalXmlResourceResolver - Interpreting public/system identifier : [-//Hibernate/Hibernate Configuration DTD//EN] - [http://www.hibernate.org/dtd/hibernate-configuration-3.0.dtd]
[DEBUG] 2019-10-02 19-23-19.995 [main] LocalXmlResourceResolver - Recognized hibernate-configuration identifier; attempting to resolve on classpath under org/hibernate/
[DEBUG] 2019-10-02 19-23-20.000 [main] JaxbCfgProcessor - cfg.xml document did not define namespaces; wrapping in custom event reader to introduce namespace information
[DEBUG] 2019-10-02 19-23-20.260 [main] ServiceBinding - Overriding existing service binding [org.hibernate.secure.spi.JaccService]
[DEBUG] 2019-10-02 19-23-20.278 [main] RegionFactoryInitiator - Cannot default RegionFactory based on registered strategies as `[]` RegionFactory strategies were registered
[DEBUG] 2019-10-02 19-23-20.278 [main] RegionFactoryInitiator - Cache region factory : org.hibernate.cache.internal.NoCachingRegionFactory
[INFO ] 2019-10-02 19-23-20.294 [main] Version - HCANN000001: Hibernate Commons Annotations {5.1.0.Final}
[DEBUG] 2019-10-02 19-23-20.478 [main] BasicTypeRegistry - Adding type registration boolean -> org.hibernate.type.BooleanType@546621c4
[DEBUG] 2019-10-02 19-23-20.479 [main] BasicTypeRegistry - Adding type registration boolean -> org.hibernate.type.BooleanType@546621c4
[DEBUG] 2019-10-02 19-23-20.479 [main] BasicTypeRegistry - Adding type registration java.lang.Boolean -> org.hibernate.type.BooleanType@546621c4
[DEBUG] 2019-10-02 19-23-20.479 [main] BasicTypeRegistry - Adding type registration numeric_boolean -> org.hibernate.type.NumericBooleanType@4dafba3e
[DEBUG] 2019-10-02 19-23-20.480 [main] BasicTypeRegistry - Adding type registration true_false -> org.hibernate.type.TrueFalseType@4ed38226
[DEBUG] 2019-10-02 19-23-20.480 [main] BasicTypeRegistry - Adding type registration yes_no -> org.hibernate.type.YesNoType@35ff8fc9
[DEBUG] 2019-10-02 19-23-20.481 [main] BasicTypeRegistry - Adding type registration byte -> org.hibernate.type.ByteType@6e106680
[DEBUG] 2019-10-02 19-23-20.481 [main] BasicTypeRegistry - Adding type registration byte -> org.hibernate.type.ByteType@6e106680
[DEBUG] 2019-10-02 19-23-20.481 [main] BasicTypeRegistry - Adding type registration java.lang.Byte -> org.hibernate.type.ByteType@6e106680
[DEBUG] 2019-10-02 19-23-20.482 [main] BasicTypeRegistry - Adding type registration character -> org.hibernate.type.CharacterType@352e787a
[DEBUG] 2019-10-02 19-23-20.482 [main] BasicTypeRegistry - Adding type registration char -> org.hibernate.type.CharacterType@352e787a
[DEBUG] 2019-10-02 19-23-20.482 [main] BasicTypeRegistry - Adding type registration java.lang.Character -> org.hibernate.type.CharacterType@352e787a
[DEBUG] 2019-10-02 19-23-20.484 [main] BasicTypeRegistry - Adding type registration short -> org.hibernate.type.ShortType@73044cdf
[DEBUG] 2019-10-02 19-23-20.484 [main] BasicTypeRegistry - Adding type registration short -> org.hibernate.type.ShortType@73044cdf
[DEBUG] 2019-10-02 19-23-20.484 [main] BasicTypeRegistry - Adding type registration java.lang.Short -> org.hibernate.type.ShortType@73044cdf
[DEBUG] 2019-10-02 19-23-20.484 [main] BasicTypeRegistry - Adding type registration integer -> org.hibernate.type.IntegerType@2f5c1332
[DEBUG] 2019-10-02 19-23-20.484 [main] BasicTypeRegistry - Adding type registration int -> org.hibernate.type.IntegerType@2f5c1332
[DEBUG] 2019-10-02 19-23-20.484 [main] BasicTypeRegistry - Adding type registration java.lang.Integer -> org.hibernate.type.IntegerType@2f5c1332
[DEBUG] 2019-10-02 19-23-20.485 [main] BasicTypeRegistry - Adding type registration long -> org.hibernate.type.LongType@22bd2039
[DEBUG] 2019-10-02 19-23-20.485 [main] BasicTypeRegistry - Adding type registration long -> org.hibernate.type.LongType@22bd2039
[DEBUG] 2019-10-02 19-23-20.486 [main] BasicTypeRegistry - Adding type registration java.lang.Long -> org.hibernate.type.LongType@22bd2039
[DEBUG] 2019-10-02 19-23-20.486 [main] BasicTypeRegistry - Adding type registration float -> org.hibernate.type.FloatType@5327a06e
[DEBUG] 2019-10-02 19-23-20.486 [main] BasicTypeRegistry - Adding type registration float -> org.hibernate.type.FloatType@5327a06e
[DEBUG] 2019-10-02 19-23-20.486 [main] BasicTypeRegistry - Adding type registration java.lang.Float -> org.hibernate.type.FloatType@5327a06e
[DEBUG] 2019-10-02 19-23-20.488 [main] BasicTypeRegistry - Adding type registration double -> org.hibernate.type.DoubleType@2e3cdec2
[DEBUG] 2019-10-02 19-23-20.488 [main] BasicTypeRegistry - Adding type registration double -> org.hibernate.type.DoubleType@2e3cdec2
[DEBUG] 2019-10-02 19-23-20.488 [main] BasicTypeRegistry - Adding type registration java.lang.Double -> org.hibernate.type.DoubleType@2e3cdec2
[DEBUG] 2019-10-02 19-23-20.489 [main] BasicTypeRegistry - Adding type registration big_decimal -> org.hibernate.type.BigDecimalType@6fc3e1a4
[DEBUG] 2019-10-02 19-23-20.489 [main] BasicTypeRegistry - Adding type registration java.math.BigDecimal -> org.hibernate.type.BigDecimalType@6fc3e1a4
[DEBUG] 2019-10-02 19-23-20.490 [main] BasicTypeRegistry - Adding type registration big_integer -> org.hibernate.type.BigIntegerType@1e6dad8
[DEBUG] 2019-10-02 19-23-20.490 [main] BasicTypeRegistry - Adding type registration java.math.BigInteger -> org.hibernate.type.BigIntegerType@1e6dad8
[DEBUG] 2019-10-02 19-23-20.490 [main] BasicTypeRegistry - Adding type registration string -> org.hibernate.type.StringType@1be59f28
[DEBUG] 2019-10-02 19-23-20.490 [main] BasicTypeRegistry - Adding type registration java.lang.String -> org.hibernate.type.StringType@1be59f28
[DEBUG] 2019-10-02 19-23-20.490 [main] BasicTypeRegistry - Adding type registration nstring -> org.hibernate.type.StringNVarcharType@5a67e962
[DEBUG] 2019-10-02 19-23-20.491 [main] BasicTypeRegistry - Adding type registration ncharacter -> org.hibernate.type.CharacterNCharType@42f9c19a
[DEBUG] 2019-10-02 19-23-20.491 [main] BasicTypeRegistry - Adding type registration url -> org.hibernate.type.UrlType@149f5761
[DEBUG] 2019-10-02 19-23-20.494 [main] BasicTypeRegistry - Adding type registration java.net.URL -> org.hibernate.type.UrlType@149f5761
[DEBUG] 2019-10-02 19-23-20.495 [main] BasicTypeRegistry - Adding type registration Duration -> org.hibernate.type.DurationType@333cb916
[DEBUG] 2019-10-02 19-23-20.495 [main] BasicTypeRegistry - Adding type registration java.time.Duration -> org.hibernate.type.DurationType@333cb916
[DEBUG] 2019-10-02 19-23-20.501 [main] BasicTypeRegistry - Adding type registration Instant -> org.hibernate.type.InstantType@59532566
[DEBUG] 2019-10-02 19-23-20.501 [main] BasicTypeRegistry - Adding type registration java.time.Instant -> org.hibernate.type.InstantType@59532566
[DEBUG] 2019-10-02 19-23-20.503 [main] BasicTypeRegistry - Adding type registration LocalDateTime -> org.hibernate.type.LocalDateTimeType@33cbfa57
[DEBUG] 2019-10-02 19-23-20.503 [main] BasicTypeRegistry - Adding type registration java.time.LocalDateTime -> org.hibernate.type.LocalDateTimeType@33cbfa57
[DEBUG] 2019-10-02 19-23-20.504 [main] BasicTypeRegistry - Adding type registration LocalDate -> org.hibernate.type.LocalDateType@31c2affc
[DEBUG] 2019-10-02 19-23-20.505 [main] BasicTypeRegistry - Adding type registration java.time.LocalDate -> org.hibernate.type.LocalDateType@31c2affc
[DEBUG] 2019-10-02 19-23-20.506 [main] BasicTypeRegistry - Adding type registration LocalTime -> org.hibernate.type.LocalTimeType@46866946
[DEBUG] 2019-10-02 19-23-20.506 [main] BasicTypeRegistry - Adding type registration java.time.LocalTime -> org.hibernate.type.LocalTimeType@46866946
[DEBUG] 2019-10-02 19-23-20.507 [main] BasicTypeRegistry - Adding type registration OffsetDateTime -> org.hibernate.type.OffsetDateTimeType@25b5c5e3
[DEBUG] 2019-10-02 19-23-20.507 [main] BasicTypeRegistry - Adding type registration java.time.OffsetDateTime -> org.hibernate.type.OffsetDateTimeType@25b5c5e3
[DEBUG] 2019-10-02 19-23-20.508 [main] BasicTypeRegistry - Adding type registration OffsetTime -> org.hibernate.type.OffsetTimeType@2c708440
[DEBUG] 2019-10-02 19-23-20.509 [main] BasicTypeRegistry - Adding type registration java.time.OffsetTime -> org.hibernate.type.OffsetTimeType@2c708440
[DEBUG] 2019-10-02 19-23-20.510 [main] BasicTypeRegistry - Adding type registration ZonedDateTime -> org.hibernate.type.ZonedDateTimeType@21a66d45
[DEBUG] 2019-10-02 19-23-20.511 [main] BasicTypeRegistry - Adding type registration java.time.ZonedDateTime -> org.hibernate.type.ZonedDateTimeType@21a66d45
[DEBUG] 2019-10-02 19-23-20.512 [main] BasicTypeRegistry - Adding type registration date -> org.hibernate.type.DateType@50a3d0f6
[DEBUG] 2019-10-02 19-23-20.513 [main] BasicTypeRegistry - Adding type registration java.sql.Date -> org.hibernate.type.DateType@50a3d0f6
[DEBUG] 2019-10-02 19-23-20.513 [main] BasicTypeRegistry - Adding type registration time -> org.hibernate.type.TimeType@1549bba7
[DEBUG] 2019-10-02 19-23-20.514 [main] BasicTypeRegistry - Adding type registration java.sql.Time -> org.hibernate.type.TimeType@1549bba7
[DEBUG] 2019-10-02 19-23-20.514 [main] BasicTypeRegistry - Adding type registration timestamp -> org.hibernate.type.TimestampType@e04ccf8
[DEBUG] 2019-10-02 19-23-20.515 [main] BasicTypeRegistry - Adding type registration java.sql.Timestamp -> org.hibernate.type.TimestampType@e04ccf8
[DEBUG] 2019-10-02 19-23-20.515 [main] BasicTypeRegistry - Adding type registration java.util.Date -> org.hibernate.type.TimestampType@e04ccf8
[DEBUG] 2019-10-02 19-23-20.516 [main] BasicTypeRegistry - Adding type registration dbtimestamp -> org.hibernate.type.DbTimestampType@6e0cff20
[DEBUG] 2019-10-02 19-23-20.517 [main] BasicTypeRegistry - Adding type registration calendar -> org.hibernate.type.CalendarType@2c6ee758
[DEBUG] 2019-10-02 19-23-20.517 [main] BasicTypeRegistry - Adding type registration java.util.Calendar -> org.hibernate.type.CalendarType@2c6ee758
[DEBUG] 2019-10-02 19-23-20.517 [main] BasicTypeRegistry - Adding type registration java.util.GregorianCalendar -> org.hibernate.type.CalendarType@2c6ee758
[DEBUG] 2019-10-02 19-23-20.518 [main] BasicTypeRegistry - Adding type registration calendar_date -> org.hibernate.type.CalendarDateType@2a1debfa
[DEBUG] 2019-10-02 19-23-20.519 [main] BasicTypeRegistry - Adding type registration locale -> org.hibernate.type.LocaleType@b8e246c
[DEBUG] 2019-10-02 19-23-20.519 [main] BasicTypeRegistry - Adding type registration java.util.Locale -> org.hibernate.type.LocaleType@b8e246c
[DEBUG] 2019-10-02 19-23-20.520 [main] BasicTypeRegistry - Adding type registration currency -> org.hibernate.type.CurrencyType@47ec7422
[DEBUG] 2019-10-02 19-23-20.520 [main] BasicTypeRegistry - Adding type registration java.util.Currency -> org.hibernate.type.CurrencyType@47ec7422
[DEBUG] 2019-10-02 19-23-20.521 [main] BasicTypeRegistry - Adding type registration timezone -> org.hibernate.type.TimeZoneType@64c4c01
[DEBUG] 2019-10-02 19-23-20.521 [main] BasicTypeRegistry - Adding type registration java.util.TimeZone -> org.hibernate.type.TimeZoneType@64c4c01
[DEBUG] 2019-10-02 19-23-20.521 [main] BasicTypeRegistry - Adding type registration class -> org.hibernate.type.ClassType@3cd59ef5
[DEBUG] 2019-10-02 19-23-20.521 [main] BasicTypeRegistry - Adding type registration java.lang.Class -> org.hibernate.type.ClassType@3cd59ef5
[DEBUG] 2019-10-02 19-23-20.522 [main] BasicTypeRegistry - Adding type registration uuid-binary -> org.hibernate.type.UUIDBinaryType@46d9aec8
[DEBUG] 2019-10-02 19-23-20.522 [main] BasicTypeRegistry - Adding type registration java.util.UUID -> org.hibernate.type.UUIDBinaryType@46d9aec8
[DEBUG] 2019-10-02 19-23-20.523 [main] BasicTypeRegistry - Adding type registration uuid-char -> org.hibernate.type.UUIDCharType@1c504e66
[DEBUG] 2019-10-02 19-23-20.523 [main] BasicTypeRegistry - Adding type registration binary -> org.hibernate.type.BinaryType@289fdb08
[DEBUG] 2019-10-02 19-23-20.523 [main] BasicTypeRegistry - Adding type registration byte[] -> org.hibernate.type.BinaryType@289fdb08
[DEBUG] 2019-10-02 19-23-20.524 [main] BasicTypeRegistry - Adding type registration [B -> org.hibernate.type.BinaryType@289fdb08
[DEBUG] 2019-10-02 19-23-20.524 [main] BasicTypeRegistry - Adding type registration wrapper-binary -> org.hibernate.type.WrapperBinaryType@7ce9e05a
[DEBUG] 2019-10-02 19-23-20.524 [main] BasicTypeRegistry - Adding type registration Byte[] -> org.hibernate.type.WrapperBinaryType@7ce9e05a
[DEBUG] 2019-10-02 19-23-20.525 [main] BasicTypeRegistry - Adding type registration [Ljava.lang.Byte; -> org.hibernate.type.WrapperBinaryType@7ce9e05a
[DEBUG] 2019-10-02 19-23-20.525 [main] BasicTypeRegistry - Adding type registration row_version -> org.hibernate.type.RowVersionType@5136207f
[DEBUG] 2019-10-02 19-23-20.526 [main] BasicTypeRegistry - Adding type registration image -> org.hibernate.type.ImageType@5411dd90
[DEBUG] 2019-10-02 19-23-20.527 [main] BasicTypeRegistry - Adding type registration characters -> org.hibernate.type.CharArrayType@59496961
[DEBUG] 2019-10-02 19-23-20.527 [main] BasicTypeRegistry - Adding type registration char[] -> org.hibernate.type.CharArrayType@59496961
[DEBUG] 2019-10-02 19-23-20.527 [main] BasicTypeRegistry - Adding type registration [C -> org.hibernate.type.CharArrayType@59496961
[DEBUG] 2019-10-02 19-23-20.528 [main] BasicTypeRegistry - Adding type registration wrapper-characters -> org.hibernate.type.CharacterArrayType@a52ca2e
[DEBUG] 2019-10-02 19-23-20.528 [main] BasicTypeRegistry - Adding type registration [Ljava.lang.Character; -> org.hibernate.type.CharacterArrayType@a52ca2e
[DEBUG] 2019-10-02 19-23-20.528 [main] BasicTypeRegistry - Adding type registration Character[] -> org.hibernate.type.CharacterArrayType@a52ca2e
[DEBUG] 2019-10-02 19-23-20.529 [main] BasicTypeRegistry - Adding type registration text -> org.hibernate.type.TextType@1f6d27cc
[DEBUG] 2019-10-02 19-23-20.529 [main] BasicTypeRegistry - Adding type registration ntext -> org.hibernate.type.NTextType@507d20bb
[DEBUG] 2019-10-02 19-23-20.530 [main] BasicTypeRegistry - Adding type registration blob -> org.hibernate.type.BlobType@67440de6
[DEBUG] 2019-10-02 19-23-20.530 [main] BasicTypeRegistry - Adding type registration java.sql.Blob -> org.hibernate.type.BlobType@67440de6
[DEBUG] 2019-10-02 19-23-20.530 [main] BasicTypeRegistry - Adding type registration materialized_blob -> org.hibernate.type.MaterializedBlobType@4c4f4365
[DEBUG] 2019-10-02 19-23-20.532 [main] BasicTypeRegistry - Adding type registration clob -> org.hibernate.type.ClobType@1ab6718
[DEBUG] 2019-10-02 19-23-20.532 [main] BasicTypeRegistry - Adding type registration java.sql.Clob -> org.hibernate.type.ClobType@1ab6718
[DEBUG] 2019-10-02 19-23-20.533 [main] BasicTypeRegistry - Adding type registration nclob -> org.hibernate.type.NClobType@348d18a3
[DEBUG] 2019-10-02 19-23-20.533 [main] BasicTypeRegistry - Adding type registration java.sql.NClob -> org.hibernate.type.NClobType@348d18a3
[DEBUG] 2019-10-02 19-23-20.534 [main] BasicTypeRegistry - Adding type registration materialized_clob -> org.hibernate.type.MaterializedClobType@20e6c4dc
[DEBUG] 2019-10-02 19-23-20.534 [main] BasicTypeRegistry - Adding type registration materialized_nclob -> org.hibernate.type.MaterializedNClobType@33f98231
[DEBUG] 2019-10-02 19-23-20.535 [main] BasicTypeRegistry - Adding type registration serializable -> org.hibernate.type.SerializableType@bc0f53b
[DEBUG] 2019-10-02 19-23-20.538 [main] BasicTypeRegistry - Adding type registration object -> org.hibernate.type.ObjectType@2f2d52ef
[DEBUG] 2019-10-02 19-23-20.538 [main] BasicTypeRegistry - Adding type registration java.lang.Object -> org.hibernate.type.ObjectType@2f2d52ef
[DEBUG] 2019-10-02 19-23-20.538 [main] BasicTypeRegistry - Adding type registration imm_date -> org.hibernate.type.AdaptedImmutableType@1bd0b0e5
[DEBUG] 2019-10-02 19-23-20.539 [main] BasicTypeRegistry - Adding type registration imm_time -> org.hibernate.type.AdaptedImmutableType@dc7b462
[DEBUG] 2019-10-02 19-23-20.539 [main] BasicTypeRegistry - Adding type registration imm_timestamp -> org.hibernate.type.AdaptedImmutableType@1f51431
[DEBUG] 2019-10-02 19-23-20.539 [main] BasicTypeRegistry - Adding type registration imm_dbtimestamp -> org.hibernate.type.AdaptedImmutableType@26a2f7f9
[DEBUG] 2019-10-02 19-23-20.539 [main] BasicTypeRegistry - Adding type registration imm_calendar -> org.hibernate.type.AdaptedImmutableType@38eb2c50
[DEBUG] 2019-10-02 19-23-20.539 [main] BasicTypeRegistry - Adding type registration imm_calendar_date -> org.hibernate.type.AdaptedImmutableType@8bffb8b
[DEBUG] 2019-10-02 19-23-20.539 [main] BasicTypeRegistry - Adding type registration imm_binary -> org.hibernate.type.AdaptedImmutableType@21422231
[DEBUG] 2019-10-02 19-23-20.539 [main] BasicTypeRegistry - Adding type registration imm_serializable -> org.hibernate.type.AdaptedImmutableType@10ee04df
[DEBUG] 2019-10-02 19-23-20.564 [main] DefaultIdentifierGeneratorFactory - Registering IdentifierGenerator strategy [uuid2] -> [org.hibernate.id.UUIDGenerator]
[DEBUG] 2019-10-02 19-23-20.564 [main] DefaultIdentifierGeneratorFactory - Registering IdentifierGenerator strategy [guid] -> [org.hibernate.id.GUIDGenerator]
[DEBUG] 2019-10-02 19-23-20.565 [main] DefaultIdentifierGeneratorFactory - Registering IdentifierGenerator strategy [uuid] -> [org.hibernate.id.UUIDHexGenerator]
[DEBUG] 2019-10-02 19-23-20.565 [main] DefaultIdentifierGeneratorFactory - Registering IdentifierGenerator strategy [uuid.hex] -> [org.hibernate.id.UUIDHexGenerator]
[DEBUG] 2019-10-02 19-23-20.566 [main] DefaultIdentifierGeneratorFactory - Registering IdentifierGenerator strategy [assigned] -> [org.hibernate.id.Assigned]
[DEBUG] 2019-10-02 19-23-20.566 [main] DefaultIdentifierGeneratorFactory - Registering IdentifierGenerator strategy [identity] -> [org.hibernate.id.IdentityGenerator]
[DEBUG] 2019-10-02 19-23-20.567 [main] DefaultIdentifierGeneratorFactory - Registering IdentifierGenerator strategy [select] -> [org.hibernate.id.SelectGenerator]
[DEBUG] 2019-10-02 19-23-20.568 [main] DefaultIdentifierGeneratorFactory - Registering IdentifierGenerator strategy [sequence] -> [org.hibernate.id.enhanced.SequenceStyleGenerator]
[DEBUG] 2019-10-02 19-23-20.569 [main] DefaultIdentifierGeneratorFactory - Registering IdentifierGenerator strategy [seqhilo] -> [org.hibernate.id.SequenceHiLoGenerator]
[DEBUG] 2019-10-02 19-23-20.569 [main] DefaultIdentifierGeneratorFactory - Registering IdentifierGenerator strategy [increment] -> [org.hibernate.id.IncrementGenerator]
[DEBUG] 2019-10-02 19-23-20.570 [main] DefaultIdentifierGeneratorFactory - Registering IdentifierGenerator strategy [foreign] -> [org.hibernate.id.ForeignGenerator]
[DEBUG] 2019-10-02 19-23-20.570 [main] DefaultIdentifierGeneratorFactory - Registering IdentifierGenerator strategy [sequence-identity] -> [org.hibernate.id.SequenceIdentityGenerator]
[DEBUG] 2019-10-02 19-23-20.571 [main] DefaultIdentifierGeneratorFactory - Registering IdentifierGenerator strategy [enhanced-sequence] -> [org.hibernate.id.enhanced.SequenceStyleGenerator]
[DEBUG] 2019-10-02 19-23-20.572 [main] DefaultIdentifierGeneratorFactory - Registering IdentifierGenerator strategy [enhanced-table] -> [org.hibernate.id.enhanced.TableGenerator]
[INFO ] 2019-10-02 19-23-20.576 [main] C3P0ConnectionProvider - HHH010002: C3P0 using driver: com.mysql.cj.jdbc.Driver at URL: jdbc:mysql://localhost:3306/test_mww
[INFO ] 2019-10-02 19-23-20.576 [main] C3P0ConnectionProvider - HHH10001001: Connection properties: {password=****, user=cortezjl}
[INFO ] 2019-10-02 19-23-20.577 [main] C3P0ConnectionProvider - HHH10001003: Autocommit mode: false
[INFO ] 2019-10-02 19-23-20.678 [main] C3P0ConnectionProvider - HHH10001007: JDBC isolation level: <unknown>
[DEBUG] 2019-10-02 19-23-21.081 [main] JdbcEnvironmentInitiator - Database ->
       name : MySQL
    version : 8.0.17
      major : 8
      minor : 0
[DEBUG] 2019-10-02 19-23-21.082 [main] JdbcEnvironmentInitiator - Driver ->
       name : MySQL Connector/J
    version : mysql-connector-java-8.0.16 (Revision: 34cbc6bc61f72836e26327537a432d6db7c77de6)
      major : 8
      minor : 0
[DEBUG] 2019-10-02 19-23-21.082 [main] JdbcEnvironmentInitiator - JDBC version : 4.2
[INFO ] 2019-10-02 19-23-21.106 [main] Dialect - HHH000400: Using dialect: org.hibernate.dialect.MySQL8Dialect
[DEBUG] 2019-10-02 19-23-21.120 [main] IdentifierHelperBuilder - JDBC driver metadata reported database stores quoted identifiers in more than one case
[DEBUG] 2019-10-02 19-23-21.140 [main] IdentifierHelperBuilder - IdentifierCaseStrategy for both quoted and unquoted identifiers was set to the same strategy [LOWER]; that will likely lead to problems in schema update and validation if using quoted identifiers
[DEBUG] 2019-10-02 19-23-21.170 [main] Namespace - Created database namespace [logicalName=Name{catalog=null, schema=null}, physicalName=Name{catalog=null, schema=null}]
[DEBUG] 2019-10-02 19-23-21.174 [main] TypeConfiguration$Scope - Scoping TypeConfiguration [org.hibernate.type.spi.TypeConfiguration@26dc9bd5] to MetadataBuildingContext [org.hibernate.boot.internal.MetadataBuildingContextRootImpl@252dc8c4]
[DEBUG] 2019-10-02 19-23-21.227 [main] AnnotationBinder - Binding entity from annotated class: com.juliecortez.entity.Role
[DEBUG] 2019-10-02 19-23-21.249 [main] Ejb3Column - Binding column: Ejb3DiscriminatorColumn{logicalColumnName'DTYPE', discriminatorTypeName='string'}
[DEBUG] 2019-10-02 19-23-21.254 [main] EntityBinder - Import with entity name Role
[DEBUG] 2019-10-02 19-23-21.256 [main] EntityBinder - Bind entity com.juliecortez.entity.Role on table role
[DEBUG] 2019-10-02 19-23-21.277 [main] Ejb3Column - Binding column: Ejb3Column{table=org.hibernate.mapping.Table(role), mappingColumn=id, insertable=true, updatable=true, unique=false}
[DEBUG] 2019-10-02 19-23-21.279 [main] PropertyBinder - MetadataSourceProcessor property id with lazy=false
[DEBUG] 2019-10-02 19-23-21.281 [main] AbstractPropertyHolder - Attempting to locate auto-apply AttributeConverter for property [com.juliecortez.entity.Role:id]
[DEBUG] 2019-10-02 19-23-21.283 [main] SimpleValueBinder - building SimpleValue for id
[DEBUG] 2019-10-02 19-23-21.285 [main] PropertyBinder - Building property id
[DEBUG] 2019-10-02 19-23-21.288 [main] BinderHelper - #makeIdGenerator(org.hibernate.mapping.SimpleValue([org.hibernate.mapping.Column(id)]), id, org.hibernate.id.enhanced.SequenceStyleGenerator, native, ...)
[DEBUG] 2019-10-02 19-23-21.290 [main] Ejb3Column - Binding column: Ejb3Column{table=org.hibernate.mapping.Table(role), mappingColumn=description, insertable=true, updatable=true, unique=false}
[DEBUG] 2019-10-02 19-23-21.290 [main] PropertyBinder - MetadataSourceProcessor property description with lazy=false
[DEBUG] 2019-10-02 19-23-21.290 [main] AbstractPropertyHolder - Attempting to locate auto-apply AttributeConverter for property [com.juliecortez.entity.Role:description]
[DEBUG] 2019-10-02 19-23-21.290 [main] SimpleValueBinder - building SimpleValue for description
[DEBUG] 2019-10-02 19-23-21.290 [main] PropertyBinder - Building property description
[DEBUG] 2019-10-02 19-23-21.292 [main] Ejb3Column - Binding column: Ejb3JoinColumn{logicalColumnName='null', referencedColumn='null', mappedBy='null'}
[DEBUG] 2019-10-02 19-23-21.292 [main] Ejb3Column - Binding column: Ejb3Column{table=org.hibernate.mapping.Table(role), mappingColumn=user, insertable=true, updatable=true, unique=false}
[DEBUG] 2019-10-02 19-23-21.296 [main] PropertyBinder - Building property user
[DEBUG] 2019-10-02 19-23-21.297 [main] AnnotationBinder - Binding entity from annotated class: com.juliecortez.entity.User
[DEBUG] 2019-10-02 19-23-21.298 [main] Ejb3Column - Binding column: Ejb3DiscriminatorColumn{logicalColumnName'DTYPE', discriminatorTypeName='string'}
[DEBUG] 2019-10-02 19-23-21.298 [main] EntityBinder - Import with entity name User
[DEBUG] 2019-10-02 19-23-21.298 [main] EntityBinder - Bind entity com.juliecortez.entity.User on table user
[DEBUG] 2019-10-02 19-23-21.302 [main] Ejb3Column - Binding column: Ejb3Column{table=org.hibernate.mapping.Table(user), mappingColumn=id, insertable=true, updatable=true, unique=false}
[DEBUG] 2019-10-02 19-23-21.302 [main] PropertyBinder - MetadataSourceProcessor property id with lazy=false
[DEBUG] 2019-10-02 19-23-21.302 [main] AbstractPropertyHolder - Attempting to locate auto-apply AttributeConverter for property [com.juliecortez.entity.User:id]
[DEBUG] 2019-10-02 19-23-21.302 [main] SimpleValueBinder - building SimpleValue for id
[DEBUG] 2019-10-02 19-23-21.303 [main] PropertyBinder - Building property id
[DEBUG] 2019-10-02 19-23-21.303 [main] BinderHelper - #makeIdGenerator(org.hibernate.mapping.SimpleValue([org.hibernate.mapping.Column(id)]), id, org.hibernate.id.enhanced.SequenceStyleGenerator, native, ...)
[DEBUG] 2019-10-02 19-23-21.303 [main] Ejb3Column - Binding column: Ejb3Column{table=org.hibernate.mapping.Table(user), mappingColumn=date_of_birth, insertable=true, updatable=true, unique=false}
[DEBUG] 2019-10-02 19-23-21.303 [main] PropertyBinder - MetadataSourceProcessor property dateOfBirth with lazy=false
[DEBUG] 2019-10-02 19-23-21.303 [main] AbstractPropertyHolder - Attempting to locate auto-apply AttributeConverter for property [com.juliecortez.entity.User:dateOfBirth]
[DEBUG] 2019-10-02 19-23-21.303 [main] SimpleValueBinder - building SimpleValue for dateOfBirth
[DEBUG] 2019-10-02 19-23-21.303 [main] PropertyBinder - Building property dateOfBirth
[DEBUG] 2019-10-02 19-23-21.303 [main] Ejb3Column - Binding column: Ejb3Column{table=org.hibernate.mapping.Table(user), mappingColumn=first_name, insertable=true, updatable=true, unique=false}
[DEBUG] 2019-10-02 19-23-21.303 [main] PropertyBinder - MetadataSourceProcessor property firstName with lazy=false
[DEBUG] 2019-10-02 19-23-21.303 [main] AbstractPropertyHolder - Attempting to locate auto-apply AttributeConverter for property [com.juliecortez.entity.User:firstName]
[DEBUG] 2019-10-02 19-23-21.304 [main] SimpleValueBinder - building SimpleValue for firstName
[DEBUG] 2019-10-02 19-23-21.304 [main] PropertyBinder - Building property firstName
[DEBUG] 2019-10-02 19-23-21.304 [main] Ejb3Column - Binding column: Ejb3Column{table=org.hibernate.mapping.Table(user), mappingColumn=last_name, insertable=true, updatable=true, unique=false}
[DEBUG] 2019-10-02 19-23-21.304 [main] PropertyBinder - MetadataSourceProcessor property lastName with lazy=false
[DEBUG] 2019-10-02 19-23-21.304 [main] AbstractPropertyHolder - Attempting to locate auto-apply AttributeConverter for property [com.juliecortez.entity.User:lastName]
[DEBUG] 2019-10-02 19-23-21.304 [main] SimpleValueBinder - building SimpleValue for lastName
[DEBUG] 2019-10-02 19-23-21.304 [main] PropertyBinder - Building property lastName
[DEBUG] 2019-10-02 19-23-21.304 [main] Ejb3Column - Binding column: Ejb3JoinColumn{logicalColumnName='null', referencedColumn='null', mappedBy='user'}
[DEBUG] 2019-10-02 19-23-21.304 [main] Ejb3Column - Binding column: Ejb3Column{table=org.hibernate.mapping.Table(user), mappingColumn=roles, insertable=true, updatable=true, unique=false}
[DEBUG] 2019-10-02 19-23-21.306 [main] Ejb3Column - Binding column: Ejb3Column{table=org.hibernate.mapping.Table(user), mappingColumn=null, insertable=true, updatable=true, unique=false}
[DEBUG] 2019-10-02 19-23-21.314 [main] Ejb3Column - Binding column: Ejb3Column{table=org.hibernate.mapping.Table(user), mappingColumn=element, insertable=true, updatable=true, unique=false}
[DEBUG] 2019-10-02 19-23-21.315 [main] Ejb3Column - Binding column: Ejb3Column{table=org.hibernate.mapping.Table(user), mappingColumn=roles_KEY, insertable=true, updatable=true, unique=false}
[DEBUG] 2019-10-02 19-23-21.315 [main] Ejb3Column - Binding column: Ejb3JoinColumn{logicalColumnName='roles_KEY', referencedColumn='null', mappedBy='null'}
[DEBUG] 2019-10-02 19-23-21.316 [main] Ejb3Column - Binding column: Ejb3JoinColumn{logicalColumnName='null', referencedColumn='null', mappedBy='user'}
[DEBUG] 2019-10-02 19-23-21.316 [main] Ejb3Column - Binding column: Ejb3JoinColumn{logicalColumnName='null', referencedColumn='null', mappedBy='user'}
[DEBUG] 2019-10-02 19-23-21.316 [main] CollectionBinder - Collection role: com.juliecortez.entity.User.roles
[DEBUG] 2019-10-02 19-23-21.318 [main] PropertyBinder - Building property roles
[DEBUG] 2019-10-02 19-23-21.318 [main] Ejb3Column - Binding column: Ejb3Column{table=org.hibernate.mapping.Table(user), mappingColumn=user_name, insertable=true, updatable=true, unique=false}
[DEBUG] 2019-10-02 19-23-21.318 [main] PropertyBinder - MetadataSourceProcessor property userName with lazy=false
[DEBUG] 2019-10-02 19-23-21.318 [main] AbstractPropertyHolder - Attempting to locate auto-apply AttributeConverter for property [com.juliecortez.entity.User:userName]
[DEBUG] 2019-10-02 19-23-21.318 [main] SimpleValueBinder - building SimpleValue for userName
[DEBUG] 2019-10-02 19-23-21.318 [main] PropertyBinder - Building property userName
[DEBUG] 2019-10-02 19-23-21.320 [main] SimpleValueBinder - Starting fillSimpleValue for id
[DEBUG] 2019-10-02 19-23-21.320 [main] SimpleValueBinder - Starting fillSimpleValue for description
[DEBUG] 2019-10-02 19-23-21.320 [main] SimpleValueBinder - Starting fillSimpleValue for id
[DEBUG] 2019-10-02 19-23-21.320 [main] SimpleValueBinder - Starting fillSimpleValue for dateOfBirth
[DEBUG] 2019-10-02 19-23-21.320 [main] SimpleValueBinder - Starting fillSimpleValue for firstName
[DEBUG] 2019-10-02 19-23-21.320 [main] SimpleValueBinder - Starting fillSimpleValue for lastName
[DEBUG] 2019-10-02 19-23-21.320 [main] SimpleValueBinder - Starting fillSimpleValue for userName
[DEBUG] 2019-10-02 19-23-21.324 [main] PrimaryKey - Forcing column [id] to be non-null as it is part of the primary key for table [role]
[DEBUG] 2019-10-02 19-23-21.324 [main] PrimaryKey - Forcing column [id] to be non-null as it is part of the primary key for table [user]
[DEBUG] 2019-10-02 19-23-21.324 [main] CollectionSecondPass - Second pass for collection: com.juliecortez.entity.User.roles
[DEBUG] 2019-10-02 19-23-21.325 [main] CollectionBinder - Binding a OneToMany: com.juliecortez.entity.User.roles through a foreign key
[DEBUG] 2019-10-02 19-23-21.325 [main] CollectionBinder - Mapping collection: com.juliecortez.entity.User.roles -> role
[DEBUG] 2019-10-02 19-23-21.326 [main] TableBinder - Retrieving property com.juliecortez.entity.Role.user
[DEBUG] 2019-10-02 19-23-21.327 [main] CollectionSecondPass - Mapped collection key: user_id, one-to-many: com.juliecortez.entity.Role
[DEBUG] 2019-10-02 19-23-21.327 [main] InFlightMetadataCollectorImpl - Resolving reference to class: com.juliecortez.entity.User
[DEBUG] 2019-10-02 19-23-21.330 [main] InFlightMetadataCollectorImpl - Resolving reference to class: com.juliecortez.entity.User
[DEBUG] 2019-10-02 19-23-21.360 [main] SessionFactoryImpl - Building session factory
[DEBUG] 2019-10-02 19-23-21.361 [main] Settings - SessionFactory name : null
[DEBUG] 2019-10-02 19-23-21.362 [main] Settings - Automatic flush during beforeCompletion(): enabled
[DEBUG] 2019-10-02 19-23-21.362 [main] Settings - Automatic session close at end of transaction: disabled
[DEBUG] 2019-10-02 19-23-21.362 [main] Settings - Statistics: disabled
[DEBUG] 2019-10-02 19-23-21.362 [main] Settings - Deleted entity synthetic identifier rollback: disabled
[DEBUG] 2019-10-02 19-23-21.362 [main] Settings - Default entity-mode: pojo
[DEBUG] 2019-10-02 19-23-21.362 [main] Settings - Check Nullability in Core (should be disabled when Bean Validation is on): enabled
[DEBUG] 2019-10-02 19-23-21.362 [main] Settings - Allow initialization of lazy state outside session : disabled
[DEBUG] 2019-10-02 19-23-21.362 [main] Settings - Using BatchFetchStyle : LEGACY
[DEBUG] 2019-10-02 19-23-21.362 [main] Settings - Default batch fetch size: -1
[DEBUG] 2019-10-02 19-23-21.362 [main] Settings - Maximum outer join fetch depth: 2
[DEBUG] 2019-10-02 19-23-21.362 [main] Settings - Default null ordering: NONE
[DEBUG] 2019-10-02 19-23-21.362 [main] Settings - Order SQL updates by primary key: disabled
[DEBUG] 2019-10-02 19-23-21.362 [main] Settings - Order SQL inserts for batching: disabled
[DEBUG] 2019-10-02 19-23-21.362 [main] Settings - multi-tenancy strategy : NONE
[DEBUG] 2019-10-02 19-23-21.362 [main] Settings - JTA Track by Thread: enabled
[DEBUG] 2019-10-02 19-23-21.362 [main] Settings - Query language substitutions: {}
[DEBUG] 2019-10-02 19-23-21.362 [main] Settings - Named query checking : enabled
[DEBUG] 2019-10-02 19-23-21.363 [main] Settings - Second-level cache: disabled
[DEBUG] 2019-10-02 19-23-21.363 [main] Settings - Second-level query cache: disabled
[DEBUG] 2019-10-02 19-23-21.363 [main] Settings - Second-level query cache factory: null
[DEBUG] 2019-10-02 19-23-21.363 [main] Settings - Second-level cache region prefix: null
[DEBUG] 2019-10-02 19-23-21.363 [main] Settings - Optimize second-level cache for minimal puts: disabled
[DEBUG] 2019-10-02 19-23-21.363 [main] Settings - Structured second-level cache entries: disabled
[DEBUG] 2019-10-02 19-23-21.363 [main] Settings - Second-level cache direct-reference entries: disabled
[DEBUG] 2019-10-02 19-23-21.363 [main] Settings - Automatic eviction of collection cache: disabled
[DEBUG] 2019-10-02 19-23-21.363 [main] Settings - JDBC batch size: 15
[DEBUG] 2019-10-02 19-23-21.363 [main] Settings - JDBC batch updates for versioned data: enabled
[DEBUG] 2019-10-02 19-23-21.363 [main] Settings - Scrollable result sets: enabled
[DEBUG] 2019-10-02 19-23-21.363 [main] Settings - Wrap result sets: disabled
[DEBUG] 2019-10-02 19-23-21.363 [main] Settings - JDBC3 getGeneratedKeys(): enabled
[DEBUG] 2019-10-02 19-23-21.363 [main] Settings - JDBC result set fetch size: null
[DEBUG] 2019-10-02 19-23-21.363 [main] Settings - Connection release mode: AFTER_TRANSACTION
[DEBUG] 2019-10-02 19-23-21.363 [main] Settings - Generate SQL with comments: disabled
[DEBUG] 2019-10-02 19-23-21.363 [main] Settings - JPA compliance - query : 
[DEBUG] 2019-10-02 19-23-21.363 [main] Settings - JPA compliance - closed-handling : 
[DEBUG] 2019-10-02 19-23-21.363 [main] Settings - JPA compliance - lists : 
[DEBUG] 2019-10-02 19-23-21.363 [main] Settings - JPA compliance - transactions : 
[INFO ] 2019-10-02 19-23-21.419 [main] beans - HHH10005002: No explicit CDI BeanManager reference was passed to Hibernate, but CDI is available on the Hibernate ClassLoader.
[DEBUG] 2019-10-02 19-23-21.438 [main] SessionFactoryImpl - Session factory constructed with filter configurations : {}
[DEBUG] 2019-10-02 19-23-21.438 [main] SessionFactoryImpl - Instantiating session factory with properties: {sun.desktop=windows, awt.toolkit=sun.awt.windows.WToolkit, java.specification.version=11, sun.cpu.isalist=amd64, hibernate.c3p0.idle_test_period=3000, sun.jnu.encoding=Cp1252, hibernate.c3p0.min_size=5, java.class.path=C:\Program Files\JetBrains\IntelliJ IDEA 2019.2.1\lib\idea_rt.jar;C:\Program Files\JetBrains\IntelliJ IDEA 2019.2.1\plugins\junit\lib\junit-rt.jar;C:\Program Files\JetBrains\IntelliJ IDEA 2019.2.1\plugins\junit\lib\junit5-rt.jar;C:\Users\15635\IdeaProjects\myworkweek\target\test-classes;C:\Users\15635\IdeaProjects\myworkweek\target\classes;C:\Users\15635\.m2\repository\org\junit\platform\junit-platform-runner\1.0.0\junit-platform-runner-1.0.0.jar;C:\Users\15635\.m2\repository\org\apiguardian\apiguardian-api\1.0.0\apiguardian-api-1.0.0.jar;C:\Users\15635\.m2\repository\org\junit\platform\junit-platform-launcher\1.0.0\junit-platform-launcher-1.0.0.jar;C:\Users\15635\.m2\repository\org\junit\platform\junit-platform-suite-api\1.0.0\junit-platform-suite-api-1.0.0.jar;C:\Users\15635\.m2\repository\org\junit\platform\junit-platform-commons\1.0.0\junit-platform-commons-1.0.0.jar;C:\Users\15635\.m2\repository\org\junit\vintage\junit-vintage-engine\4.12.0\junit-vintage-engine-4.12.0.jar;C:\Users\15635\.m2\repository\org\junit\platform\junit-platform-engine\1.0.0\junit-platform-engine-1.0.0.jar;C:\Users\15635\.m2\repository\org\opentest4j\opentest4j\1.0.0\opentest4j-1.0.0.jar;C:\Users\15635\.m2\repository\org\junit\jupiter\junit-jupiter-engine\5.0.0\junit-jupiter-engine-5.0.0.jar;C:\Users\15635\.m2\repository\org\junit\jupiter\junit-jupiter-api\5.0.0\junit-jupiter-api-5.0.0.jar;C:\Users\15635\.m2\repository\junit\junit\4.12\junit-4.12.jar;C:\Users\15635\.m2\repository\org\hamcrest\hamcrest-core\1.3\hamcrest-core-1.3.jar;C:\Users\15635\.m2\repository\javax\javaee-web-api\7.0\javaee-web-api-7.0.jar;C:\Users\15635\.m2\repository\mysql\mysql-connector-java\8.0.16\mysql-connector-java-8.0.16.jar;C:\Users\15635\.m2\repository\com\google\protobuf\protobuf-java\3.6.1\protobuf-java-3.6.1.jar;C:\Users\15635\.m2\repository\jstl\jstl\1.2\jstl-1.2.jar;C:\Users\15635\.m2\repository\org\apache\logging\log4j\log4j-api\2.10.0\log4j-api-2.10.0.jar;C:\Users\15635\.m2\repository\org\apache\logging\log4j\log4j-core\2.10.0\log4j-core-2.10.0.jar;C:\Users\15635\.m2\repository\org\hibernate\hibernate-core\5.4.4.Final\hibernate-core-5.4.4.Final.jar;C:\Users\15635\.m2\repository\org\jboss\logging\jboss-logging\3.3.2.Final\jboss-logging-3.3.2.Final.jar;C:\Users\15635\.m2\repository\javax\persistence\javax.persistence-api\2.2\javax.persistence-api-2.2.jar;C:\Users\15635\.m2\repository\org\javassist\javassist\3.24.0-GA\javassist-3.24.0-GA.jar;C:\Users\15635\.m2\repository\net\bytebuddy\byte-buddy\1.9.11\byte-buddy-1.9.11.jar;C:\Users\15635\.m2\repository\antlr\antlr\2.7.7\antlr-2.7.7.jar;C:\Users\15635\.m2\repository\org\jboss\spec\javax\transaction\jboss-transaction-api_1.2_spec\1.1.1.Final\jboss-transaction-api_1.2_spec-1.1.1.Final.jar;C:\Users\15635\.m2\repository\org\jboss\jandex\2.0.5.Final\jandex-2.0.5.Final.jar;C:\Users\15635\.m2\repository\com\fasterxml\classmate\1.3.4\classmate-1.3.4.jar;C:\Users\15635\.m2\repository\javax\activation\javax.activation-api\1.2.0\javax.activation-api-1.2.0.jar;C:\Users\15635\.m2\repository\org\dom4j\dom4j\2.1.1\dom4j-2.1.1.jar;C:\Users\15635\.m2\repository\org\hibernate\common\hibernate-commons-annotations\5.1.0.Final\hibernate-commons-annotations-5.1.0.Final.jar;C:\Users\15635\.m2\repository\javax\xml\bind\jaxb-api\2.3.1\jaxb-api-2.3.1.jar;C:\Users\15635\.m2\repository\org\glassfish\jaxb\jaxb-runtime\2.3.1\jaxb-runtime-2.3.1.jar;C:\Users\15635\.m2\repository\org\glassfish\jaxb\txw2\2.3.1\txw2-2.3.1.jar;C:\Users\15635\.m2\repository\com\sun\istack\istack-commons-runtime\3.0.7\istack-commons-runtime-3.0.7.jar;C:\Users\15635\.m2\repository\org\jvnet\staxex\stax-ex\1.8\stax-ex-1.8.jar;C:\Users\15635\.m2\repository\com\sun\xml\fastinfoset\FastInfoset\1.2.15\FastInfoset-1.2.15.jar;C:\Users\15635\.m2\repository\org\hibernate\hibernate-c3p0\5.4.4.Final\hibernate-c3p0-5.4.4.Final.jar;C:\Users\15635\.m2\repository\com\mchange\c3p0\0.9.5.3\c3p0-0.9.5.3.jar;C:\Users\15635\.m2\repository\com\mchange\mchange-commons-java\0.2.15\mchange-commons-java-0.2.15.jar, java.vm.vendor=Oracle Corporation, sun.arch.data.model=64, idea.test.cyclic.buffer.size=1048576, user.variant=, java.vendor.url=http://java.oracle.com/, user.timezone=America/Chicago, os.name=Windows 10, java.vm.specification.version=11, sun.java.launcher=SUN_STANDARD, user.country=US, sun.boot.library.path=C:\Program Files\Java\jdk-11.0.4\bin, sun.java.command=com.intellij.rt.execution.junit.JUnitStarter -ideVersion5 -junit5 com.juliecortez.persistence.RoleDaoTest,getAllSuccess, jdk.debug=release, sun.cpu.endian=little, user.home=C:\Users\15635, hibernate.c3p0.max_statements=50, user.language=en, java.specification.vendor=Oracle Corporation, java.version.date=2019-07-16, java.home=C:\Program Files\Java\jdk-11.0.4, file.separator=\, java.vm.compressedOopsMode=32-bit, line.separator=
, hibernate.c3p0.timeout=300, java.specification.name=Java Platform API Specification, java.vm.specification.vendor=Oracle Corporation, java.awt.graphicsenv=sun.awt.Win32GraphicsEnvironment, user.script=, connection.password=Security1!, sun.management.compiler=HotSpot 64-Bit Tiered Compilers, hibernate.c3p0.max_size=20, java.runtime.version=11.0.4+10-LTS, user.name=15635, path.separator=;, hibernate.connection.username=****, os.version=10.0, java.runtime.name=Java(TM) SE Runtime Environment, hibernate.connection.url=jdbc:mysql://localhost:3306/test_mww, file.encoding=UTF-8, java.vm.name=Java HotSpot(TM) 64-Bit Server VM, java.vendor.version=18.9, hibernate.connection.driver_class=com.mysql.cj.jdbc.Driver, java.vendor.url.bug=http://bugreport.java.com/bugreport/, java.io.tmpdir=C:\Users\15635\AppData\Local\Temp\, java.version=11.0.4, user.dir=C:\Users\15635\IdeaProjects\myworkweek, os.arch=amd64, connection.username=cortezjl, java.vm.specification.name=Java Virtual Machine Specification, java.awt.printerjob=sun.awt.windows.WPrinterJob, hibernate.connection.password=****, sun.os.patch.level=, connection.driver_class=com.mysql.cj.jdbc.Driver, hibernate.boot.CfgXmlAccessService.key=org.hibernate.boot.cfgxml.spi.LoadedConfig@777d0bc3, java.library.path=C:\Program Files\Java\jdk-11.0.4\bin;C:\Windows\Sun\Java\bin;C:\Windows\system32;C:\Windows;C:\Windows\system32;C:\Windows;C:\Windows\System32\Wbem;C:\Windows\System32\WindowsPowerShell\v1.0\;C:\Windows\System32\OpenSSH\;C:\Program Files\Git\cmd;C:\Program Files (x86)\Intel\Intel(R) Management Engine Components\DAL;C:\Program Files\Intel\Intel(R) Management Engine Components\DAL;C:\Program Files\MySQL\MySQL Shell 8.0\bin\;., java.vendor=Oracle Corporation, java.vm.info=mixed mode, java.vm.version=11.0.4+10-LTS, hibernate.bytecode.use_reflection_optimizer=false, sun.io.unicode.encoding=UnicodeLittle, connection.url=jdbc:mysql://localhost:3306/test_mww, java.class.version=55.0}
[DEBUG] 2019-10-02 19-23-21.455 [main] TypeSafeActivator - Unable to acquire Bean Validation ValidatorFactory, skipping activation
[DEBUG] 2019-10-02 19-23-21.455 [main] JaccIntegrator - Skipping JACC integration as it was not enabled
[DEBUG] 2019-10-02 19-23-21.456 [main] SessionFactoryImpl - Instantiated session factory
[DEBUG] 2019-10-02 19-23-21.456 [main] TypeConfiguration$Scope - Scoping TypeConfiguration [org.hibernate.type.spi.TypeConfiguration@26dc9bd5] to SessionFactoryImpl [org.hibernate.internal.SessionFactoryImpl@273a5a8a]
[DEBUG] 2019-10-02 19-23-21.508 [main] ClassLoaderAccessImpl - Not known whether passed class name [com.juliecortez.entity.User] is safe
[DEBUG] 2019-10-02 19-23-21.508 [main] ClassLoaderAccessImpl - No temp ClassLoader provided; using live ClassLoader for loading potentially unsafe class : com.juliecortez.entity.User
[DEBUG] 2019-10-02 19-23-21.528 [main] ClassLoaderAccessImpl - Not known whether passed class name [com.juliecortez.entity.User] is safe
[DEBUG] 2019-10-02 19-23-21.528 [main] ClassLoaderAccessImpl - No temp ClassLoader provided; using live ClassLoader for loading potentially unsafe class : com.juliecortez.entity.User
[DEBUG] 2019-10-02 19-23-21.701 [main] ClassLoaderAccessImpl - Not known whether passed class name [com.juliecortez.entity.Role] is safe
[DEBUG] 2019-10-02 19-23-21.702 [main] ClassLoaderAccessImpl - No temp ClassLoader provided; using live ClassLoader for loading potentially unsafe class : com.juliecortez.entity.Role
[DEBUG] 2019-10-02 19-23-21.702 [main] ClassLoaderAccessImpl - Not known whether passed class name [com.juliecortez.entity.Role] is safe
[DEBUG] 2019-10-02 19-23-21.702 [main] ClassLoaderAccessImpl - No temp ClassLoader provided; using live ClassLoader for loading potentially unsafe class : com.juliecortez.entity.Role
[DEBUG] 2019-10-02 19-23-21.716 [main] AbstractCollectionPersister - Static SQL for collection: com.juliecortez.entity.User.roles
[DEBUG] 2019-10-02 19-23-21.717 [main] AbstractCollectionPersister -  Row insert: update role set user_id=? where id=?
[DEBUG] 2019-10-02 19-23-21.717 [main] AbstractCollectionPersister -  Row update: update role set  where id=?
[DEBUG] 2019-10-02 19-23-21.717 [main] AbstractCollectionPersister -  Row delete: update role set user_id=null where user_id=? and id=?
[DEBUG] 2019-10-02 19-23-21.717 [main] AbstractCollectionPersister -  One-shot delete: update role set user_id=null where user_id=?
[DEBUG] 2019-10-02 19-23-21.720 [main] AbstractEntityPersister - Static SQL for entity: com.juliecortez.entity.User
[DEBUG] 2019-10-02 19-23-21.720 [main] AbstractEntityPersister -  Version select: select id from user where id =?
[DEBUG] 2019-10-02 19-23-21.720 [main] AbstractEntityPersister -  Snapshot select: select user_.id, user_.date_of_birth as date_of_2_1_, user_.first_name as first_na3_1_, user_.last_name as last_nam4_1_, user_.user_name as user_nam5_1_ from user user_ where user_.id=?
[DEBUG] 2019-10-02 19-23-21.720 [main] AbstractEntityPersister -  Insert 0: insert into user (date_of_birth, first_name, last_name, user_name, id) values (?, ?, ?, ?, ?)
[DEBUG] 2019-10-02 19-23-21.720 [main] AbstractEntityPersister -  Update 0: update user set date_of_birth=?, first_name=?, last_name=?, user_name=? where id=?
[DEBUG] 2019-10-02 19-23-21.720 [main] AbstractEntityPersister -  Delete 0: delete from user where id=?
[DEBUG] 2019-10-02 19-23-21.720 [main] AbstractEntityPersister -  Identity insert: insert into user (date_of_birth, first_name, last_name, user_name) values (?, ?, ?, ?)
[DEBUG] 2019-10-02 19-23-21.737 [main] QuerySpacesImpl - Adding QuerySpace : uid = <gen:0> -> org.hibernate.loader.plan.build.internal.spaces.EntityQuerySpaceImpl@6371cf2f]
[DEBUG] 2019-10-02 19-23-21.738 [main] MetamodelGraphWalker - Visiting attribute path : dateOfBirth
[DEBUG] 2019-10-02 19-23-21.738 [main] MetamodelGraphWalker - Visiting attribute path : firstName
[DEBUG] 2019-10-02 19-23-21.738 [main] MetamodelGraphWalker - Visiting attribute path : lastName
[DEBUG] 2019-10-02 19-23-21.738 [main] MetamodelGraphWalker - Visiting attribute path : roles
[DEBUG] 2019-10-02 19-23-21.742 [main] QuerySpacesImpl - Adding QuerySpace : uid = <gen:1> -> org.hibernate.loader.plan.build.internal.spaces.CollectionQuerySpaceImpl@7c46c9c3]
[DEBUG] 2019-10-02 19-23-21.743 [main] QuerySpacesImpl - Adding QuerySpace : uid = <gen:2> -> org.hibernate.loader.plan.build.internal.spaces.EntityQuerySpaceImpl@6b37df8e]
[DEBUG] 2019-10-02 19-23-21.744 [main] MetamodelGraphWalker - Visiting attribute path : roles.description
[DEBUG] 2019-10-02 19-23-21.745 [main] MetamodelGraphWalker - Visiting attribute path : roles.user
[DEBUG] 2019-10-02 19-23-21.745 [main] MetamodelGraphWalker - Property path deemed to be circular : roles.user
[DEBUG] 2019-10-02 19-23-21.745 [main] MetamodelGraphWalker - Visiting attribute path : userName
[DEBUG] 2019-10-02 19-23-21.745 [main] FetchStyleLoadPlanBuildingAssociationVisitationStrategy - Building LoadPlan...
[DEBUG] 2019-10-02 19-23-21.755 [main] LoadQueryJoinAndFetchProcessor - processing queryspace <gen:0>
[DEBUG] 2019-10-02 19-23-21.761 [main] LoadPlanTreePrinter - LoadPlan(entity=com.juliecortez.entity.User)
    - Returns
       - EntityReturnImpl(entity=com.juliecortez.entity.User, querySpaceUid=<gen:0>, path=com.juliecortez.entity.User)
          - CollectionAttributeFetchImpl(collection=com.juliecortez.entity.User.roles, querySpaceUid=<gen:1>, path=com.juliecortez.entity.User.roles)
             - (collection element) CollectionFetchableElementEntityGraph(entity=com.juliecortez.entity.Role, querySpaceUid=<gen:2>, path=com.juliecortez.entity.User.roles.<elements>)
    - QuerySpaces
       - EntityQuerySpaceImpl(uid=<gen:0>, entity=com.juliecortez.entity.User)
          - SQL table alias mapping - user0_
          - alias suffix - 0_
          - suffixed key columns - {id1_1_0_}
          - JOIN (JoinDefinedByMetadata(roles)) : <gen:0> -> <gen:1>
             - CollectionQuerySpaceImpl(uid=<gen:1>, collection=com.juliecortez.entity.User.roles)
                - SQL table alias mapping - roles1_
                - alias suffix - 1_
                - suffixed key columns - {user_id3_0_1_}
                - entity-element alias suffix - 2_
                - 2_entity-element suffixed key columns - id1_0_2_
                - JOIN (JoinDefinedByMetadata(elements)) : <gen:1> -> <gen:2>
                   - EntityQuerySpaceImpl(uid=<gen:2>, entity=com.juliecortez.entity.Role)
                      - SQL table alias mapping - roles1_
                      - alias suffix - 2_
                      - suffixed key columns - {id1_0_2_}

[DEBUG] 2019-10-02 19-23-21.763 [main] EntityLoader - Static select for entity com.juliecortez.entity.User [NONE]: select user0_.id as id1_1_0_, user0_.date_of_birth as date_of_2_1_0_, user0_.first_name as first_na3_1_0_, user0_.last_name as last_nam4_1_0_, user0_.user_name as user_nam5_1_0_, roles1_.user_id as user_id3_0_1_, roles1_.id as id1_0_1_, roles1_.id as id1_0_2_, roles1_.description as descript2_0_2_, roles1_.user_id as user_id3_0_2_ from user user0_ left outer join role roles1_ on user0_.id=roles1_.user_id where user0_.id=?
[DEBUG] 2019-10-02 19-23-21.763 [main] QuerySpacesImpl - Adding QuerySpace : uid = <gen:0> -> org.hibernate.loader.plan.build.internal.spaces.EntityQuerySpaceImpl@20cdb152]
[DEBUG] 2019-10-02 19-23-21.764 [main] MetamodelGraphWalker - Visiting attribute path : dateOfBirth
[DEBUG] 2019-10-02 19-23-21.764 [main] MetamodelGraphWalker - Visiting attribute path : firstName
[DEBUG] 2019-10-02 19-23-21.764 [main] MetamodelGraphWalker - Visiting attribute path : lastName
[DEBUG] 2019-10-02 19-23-21.764 [main] MetamodelGraphWalker - Visiting attribute path : roles
[DEBUG] 2019-10-02 19-23-21.764 [main] QuerySpacesImpl - Adding QuerySpace : uid = <gen:1> -> org.hibernate.loader.plan.build.internal.spaces.CollectionQuerySpaceImpl@14b31e37]
[DEBUG] 2019-10-02 19-23-21.764 [main] QuerySpacesImpl - Adding QuerySpace : uid = <gen:2> -> org.hibernate.loader.plan.build.internal.spaces.EntityQuerySpaceImpl@1142d377]
[DEBUG] 2019-10-02 19-23-21.764 [main] MetamodelGraphWalker - Visiting attribute path : roles.description
[DEBUG] 2019-10-02 19-23-21.764 [main] MetamodelGraphWalker - Visiting attribute path : roles.user
[DEBUG] 2019-10-02 19-23-21.764 [main] MetamodelGraphWalker - Property path deemed to be circular : roles.user
[DEBUG] 2019-10-02 19-23-21.764 [main] MetamodelGraphWalker - Visiting attribute path : userName
[DEBUG] 2019-10-02 19-23-21.764 [main] FetchStyleLoadPlanBuildingAssociationVisitationStrategy - Building LoadPlan...
[DEBUG] 2019-10-02 19-23-21.764 [main] LoadQueryJoinAndFetchProcessor - processing queryspace <gen:0>
[DEBUG] 2019-10-02 19-23-21.765 [main] LoadPlanTreePrinter - LoadPlan(entity=com.juliecortez.entity.User)
    - Returns
       - EntityReturnImpl(entity=com.juliecortez.entity.User, querySpaceUid=<gen:0>, path=com.juliecortez.entity.User)
          - CollectionAttributeFetchImpl(collection=com.juliecortez.entity.User.roles, querySpaceUid=<gen:1>, path=com.juliecortez.entity.User.roles)
             - (collection element) CollectionFetchableElementEntityGraph(entity=com.juliecortez.entity.Role, querySpaceUid=<gen:2>, path=com.juliecortez.entity.User.roles.<elements>)
    - QuerySpaces
       - EntityQuerySpaceImpl(uid=<gen:0>, entity=com.juliecortez.entity.User)
          - SQL table alias mapping - user0_
          - alias suffix - 0_
          - suffixed key columns - {id1_1_0_}
          - JOIN (JoinDefinedByMetadata(roles)) : <gen:0> -> <gen:1>
             - CollectionQuerySpaceImpl(uid=<gen:1>, collection=com.juliecortez.entity.User.roles)
                - SQL table alias mapping - roles1_
                - alias suffix - 1_
                - suffixed key columns - {user_id3_0_1_}
                - entity-element alias suffix - 2_
                - 2_entity-element suffixed key columns - id1_0_2_
                - JOIN (JoinDefinedByMetadata(elements)) : <gen:1> -> <gen:2>
                   - EntityQuerySpaceImpl(uid=<gen:2>, entity=com.juliecortez.entity.Role)
                      - SQL table alias mapping - roles1_
                      - alias suffix - 2_
                      - suffixed key columns - {id1_0_2_}

[DEBUG] 2019-10-02 19-23-21.765 [main] EntityLoader - Static select for entity com.juliecortez.entity.User [READ]: select user0_.id as id1_1_0_, user0_.date_of_birth as date_of_2_1_0_, user0_.first_name as first_na3_1_0_, user0_.last_name as last_nam4_1_0_, user0_.user_name as user_nam5_1_0_, roles1_.user_id as user_id3_0_1_, roles1_.id as id1_0_1_, roles1_.id as id1_0_2_, roles1_.description as descript2_0_2_, roles1_.user_id as user_id3_0_2_ from user user0_ left outer join role roles1_ on user0_.id=roles1_.user_id where user0_.id=?
[DEBUG] 2019-10-02 19-23-21.775 [main] Loader - Static select for action ACTION_MERGE on entity com.juliecortez.entity.User: select user0_.id as id1_1_1_, user0_.date_of_birth as date_of_2_1_1_, user0_.first_name as first_na3_1_1_, user0_.last_name as last_nam4_1_1_, user0_.user_name as user_nam5_1_1_, roles1_.user_id as user_id3_0_3_, roles1_.id as id1_0_3_, roles1_.id as id1_0_0_, roles1_.description as descript2_0_0_, roles1_.user_id as user_id3_0_0_ from user user0_ left outer join role roles1_ on user0_.id=roles1_.user_id where user0_.id=?
[DEBUG] 2019-10-02 19-23-21.775 [main] Loader - Static select for action ACTION_REFRESH on entity com.juliecortez.entity.User: select user0_.id as id1_1_1_, user0_.date_of_birth as date_of_2_1_1_, user0_.first_name as first_na3_1_1_, user0_.last_name as last_nam4_1_1_, user0_.user_name as user_nam5_1_1_, roles1_.user_id as user_id3_0_3_, roles1_.id as id1_0_3_, roles1_.id as id1_0_0_, roles1_.description as descript2_0_0_, roles1_.user_id as user_id3_0_0_ from user user0_ left outer join role roles1_ on user0_.id=roles1_.user_id where user0_.id=?
[DEBUG] 2019-10-02 19-23-21.775 [main] AbstractEntityPersister - Static SQL for entity: com.juliecortez.entity.Role
[DEBUG] 2019-10-02 19-23-21.775 [main] AbstractEntityPersister -  Version select: select id from role where id =?
[DEBUG] 2019-10-02 19-23-21.775 [main] AbstractEntityPersister -  Snapshot select: select role_.id, role_.description as descript2_0_, role_.user_id as user_id3_0_ from role role_ where role_.id=?
[DEBUG] 2019-10-02 19-23-21.775 [main] AbstractEntityPersister -  Insert 0: insert into role (description, user_id, id) values (?, ?, ?)
[DEBUG] 2019-10-02 19-23-21.775 [main] AbstractEntityPersister -  Update 0: update role set description=?, user_id=? where id=?
[DEBUG] 2019-10-02 19-23-21.775 [main] AbstractEntityPersister -  Delete 0: delete from role where id=?
[DEBUG] 2019-10-02 19-23-21.775 [main] AbstractEntityPersister -  Identity insert: insert into role (description, user_id) values (?, ?)
[DEBUG] 2019-10-02 19-23-21.776 [main] QuerySpacesImpl - Adding QuerySpace : uid = <gen:0> -> org.hibernate.loader.plan.build.internal.spaces.EntityQuerySpaceImpl@e91af20]
[DEBUG] 2019-10-02 19-23-21.776 [main] MetamodelGraphWalker - Visiting attribute path : description
[DEBUG] 2019-10-02 19-23-21.776 [main] MetamodelGraphWalker - Visiting attribute path : user
[DEBUG] 2019-10-02 19-23-21.776 [main] QuerySpacesImpl - Adding QuerySpace : uid = <gen:1> -> org.hibernate.loader.plan.build.internal.spaces.EntityQuerySpaceImpl@62c3f556]
[DEBUG] 2019-10-02 19-23-21.776 [main] MetamodelGraphWalker - Visiting attribute path : user.dateOfBirth
[DEBUG] 2019-10-02 19-23-21.776 [main] MetamodelGraphWalker - Visiting attribute path : user.firstName
[DEBUG] 2019-10-02 19-23-21.776 [main] MetamodelGraphWalker - Visiting attribute path : user.lastName
[DEBUG] 2019-10-02 19-23-21.776 [main] MetamodelGraphWalker - Visiting attribute path : user.roles
[DEBUG] 2019-10-02 19-23-21.776 [main] MetamodelGraphWalker - Property path deemed to be circular : user.roles
[DEBUG] 2019-10-02 19-23-21.776 [main] MetamodelGraphWalker - Visiting attribute path : user.userName
[DEBUG] 2019-10-02 19-23-21.776 [main] FetchStyleLoadPlanBuildingAssociationVisitationStrategy - Building LoadPlan...
[DEBUG] 2019-10-02 19-23-21.777 [main] LoadQueryJoinAndFetchProcessor - processing queryspace <gen:0>
[DEBUG] 2019-10-02 19-23-21.777 [main] LoadPlanTreePrinter - LoadPlan(entity=com.juliecortez.entity.Role)
    - Returns
       - EntityReturnImpl(entity=com.juliecortez.entity.Role, querySpaceUid=<gen:0>, path=com.juliecortez.entity.Role)
          - EntityAttributeFetchImpl(entity=com.juliecortez.entity.User, querySpaceUid=<gen:1>, path=com.juliecortez.entity.Role.user)
    - QuerySpaces
       - EntityQuerySpaceImpl(uid=<gen:0>, entity=com.juliecortez.entity.Role)
          - SQL table alias mapping - role0_
          - alias suffix - 0_
          - suffixed key columns - {id1_0_0_}
          - JOIN (JoinDefinedByMetadata(user)) : <gen:0> -> <gen:1>
             - EntityQuerySpaceImpl(uid=<gen:1>, entity=com.juliecortez.entity.User)
                - SQL table alias mapping - user1_
                - alias suffix - 1_
                - suffixed key columns - {id1_1_1_}

[DEBUG] 2019-10-02 19-23-21.777 [main] EntityLoader - Static select for entity com.juliecortez.entity.Role [NONE]: select role0_.id as id1_0_0_, role0_.description as descript2_0_0_, role0_.user_id as user_id3_0_0_, user1_.id as id1_1_1_, user1_.date_of_birth as date_of_2_1_1_, user1_.first_name as first_na3_1_1_, user1_.last_name as last_nam4_1_1_, user1_.user_name as user_nam5_1_1_ from role role0_ left outer join user user1_ on role0_.user_id=user1_.id where role0_.id=?
[DEBUG] 2019-10-02 19-23-21.777 [main] QuerySpacesImpl - Adding QuerySpace : uid = <gen:0> -> org.hibernate.loader.plan.build.internal.spaces.EntityQuerySpaceImpl@646427f7]
[DEBUG] 2019-10-02 19-23-21.777 [main] MetamodelGraphWalker - Visiting attribute path : description
[DEBUG] 2019-10-02 19-23-21.777 [main] MetamodelGraphWalker - Visiting attribute path : user
[DEBUG] 2019-10-02 19-23-21.777 [main] QuerySpacesImpl - Adding QuerySpace : uid = <gen:1> -> org.hibernate.loader.plan.build.internal.spaces.EntityQuerySpaceImpl@380ce5a3]
[DEBUG] 2019-10-02 19-23-21.777 [main] MetamodelGraphWalker - Visiting attribute path : user.dateOfBirth
[DEBUG] 2019-10-02 19-23-21.777 [main] MetamodelGraphWalker - Visiting attribute path : user.firstName
[DEBUG] 2019-10-02 19-23-21.777 [main] MetamodelGraphWalker - Visiting attribute path : user.lastName
[DEBUG] 2019-10-02 19-23-21.777 [main] MetamodelGraphWalker - Visiting attribute path : user.roles
[DEBUG] 2019-10-02 19-23-21.777 [main] MetamodelGraphWalker - Property path deemed to be circular : user.roles
[DEBUG] 2019-10-02 19-23-21.777 [main] MetamodelGraphWalker - Visiting attribute path : user.userName
[DEBUG] 2019-10-02 19-23-21.778 [main] FetchStyleLoadPlanBuildingAssociationVisitationStrategy - Building LoadPlan...
[DEBUG] 2019-10-02 19-23-21.778 [main] LoadQueryJoinAndFetchProcessor - processing queryspace <gen:0>
[DEBUG] 2019-10-02 19-23-21.778 [main] LoadPlanTreePrinter - LoadPlan(entity=com.juliecortez.entity.Role)
    - Returns
       - EntityReturnImpl(entity=com.juliecortez.entity.Role, querySpaceUid=<gen:0>, path=com.juliecortez.entity.Role)
          - EntityAttributeFetchImpl(entity=com.juliecortez.entity.User, querySpaceUid=<gen:1>, path=com.juliecortez.entity.Role.user)
    - QuerySpaces
       - EntityQuerySpaceImpl(uid=<gen:0>, entity=com.juliecortez.entity.Role)
          - SQL table alias mapping - role0_
          - alias suffix - 0_
          - suffixed key columns - {id1_0_0_}
          - JOIN (JoinDefinedByMetadata(user)) : <gen:0> -> <gen:1>
             - EntityQuerySpaceImpl(uid=<gen:1>, entity=com.juliecortez.entity.User)
                - SQL table alias mapping - user1_
                - alias suffix - 1_
                - suffixed key columns - {id1_1_1_}

[DEBUG] 2019-10-02 19-23-21.778 [main] EntityLoader - Static select for entity com.juliecortez.entity.Role [READ]: select role0_.id as id1_0_0_, role0_.description as descript2_0_0_, role0_.user_id as user_id3_0_0_, user1_.id as id1_1_1_, user1_.date_of_birth as date_of_2_1_1_, user1_.first_name as first_na3_1_1_, user1_.last_name as last_nam4_1_1_, user1_.user_name as user_nam5_1_1_ from role role0_ left outer join user user1_ on role0_.user_id=user1_.id where role0_.id=?
[DEBUG] 2019-10-02 19-23-21.778 [main] Loader - Static select for action ACTION_MERGE on entity com.juliecortez.entity.Role: select role0_.id as id1_0_0_, role0_.description as descript2_0_0_, role0_.user_id as user_id3_0_0_ from role role0_ where role0_.id=?
[DEBUG] 2019-10-02 19-23-21.778 [main] Loader - Static select for action ACTION_REFRESH on entity com.juliecortez.entity.Role: select role0_.id as id1_0_0_, role0_.description as descript2_0_0_, role0_.user_id as user_id3_0_0_ from role role0_ where role0_.id=?
[DEBUG] 2019-10-02 19-23-21.782 [main] QuerySpacesImpl - Adding QuerySpace : uid = <gen:0> -> org.hibernate.loader.plan.build.internal.spaces.CollectionQuerySpaceImpl@1129829c]
[DEBUG] 2019-10-02 19-23-21.782 [main] QuerySpacesImpl - Adding QuerySpace : uid = <gen:1> -> org.hibernate.loader.plan.build.internal.spaces.EntityQuerySpaceImpl@1a531422]
[DEBUG] 2019-10-02 19-23-21.783 [main] MetamodelGraphWalker - Visiting attribute path : description
[DEBUG] 2019-10-02 19-23-21.783 [main] MetamodelGraphWalker - Visiting attribute path : user
[DEBUG] 2019-10-02 19-23-21.783 [main] MetamodelGraphWalker - Property path deemed to be circular : user
[DEBUG] 2019-10-02 19-23-21.783 [main] FetchStyleLoadPlanBuildingAssociationVisitationStrategy - Building LoadPlan...
[DEBUG] 2019-10-02 19-23-21.784 [main] LoadQueryJoinAndFetchProcessor - processing queryspace <gen:0>
[DEBUG] 2019-10-02 19-23-21.784 [main] LoadPlanTreePrinter - LoadPlan(collection=com.juliecortez.entity.User.roles)
    - Returns
       - CollectionReturnImpl(collection=com.juliecortez.entity.User.roles, querySpaceUid=<gen:0>, path=[com.juliecortez.entity.User.roles])
          - (collection element) CollectionFetchableElementEntityGraph(entity=com.juliecortez.entity.Role, querySpaceUid=<gen:1>, path=[com.juliecortez.entity.User.roles].<elements>)
    - QuerySpaces
       - CollectionQuerySpaceImpl(uid=<gen:0>, collection=com.juliecortez.entity.User.roles)
          - SQL table alias mapping - roles0_
          - alias suffix - 0_
          - suffixed key columns - {user_id3_0_0_}
          - entity-element alias suffix - 1_
          - 1_entity-element suffixed key columns - id1_0_1_
          - JOIN (JoinDefinedByMetadata(elements)) : <gen:0> -> <gen:1>
             - EntityQuerySpaceImpl(uid=<gen:1>, entity=com.juliecortez.entity.Role)
                - SQL table alias mapping - roles0_
                - alias suffix - 1_
                - suffixed key columns - {id1_0_1_}

[DEBUG] 2019-10-02 19-23-21.785 [main] CollectionLoader - Static select for collection com.juliecortez.entity.User.roles: select roles0_.user_id as user_id3_0_0_, roles0_.id as id1_0_0_, roles0_.id as id1_0_1_, roles0_.description as descript2_0_1_, roles0_.user_id as user_id3_0_1_ from role roles0_ where roles0_.user_id=?
[DEBUG] 2019-10-02 19-23-21.810 [main] SchemaManagementToolCoordinator - No actions specified; doing nothing
[DEBUG] 2019-10-02 19-23-21.810 [main] JtaPlatformInitiator - No JtaPlatform was specified, checking resolver
[DEBUG] 2019-10-02 19-23-21.811 [main] JtaPlatformResolverInitiator - No JtaPlatformResolver was specified, using default [org.hibernate.engine.transaction.jta.platform.internal.StandardJtaPlatformResolver]
[DEBUG] 2019-10-02 19-23-21.816 [main] StandardJtaPlatformResolver - Could not resolve JtaPlatform, using default [org.hibernate.engine.transaction.jta.platform.internal.NoJtaPlatform]
[INFO ] 2019-10-02 19-23-21.816 [main] JtaPlatformInitiator - HHH000490: Using JtaPlatform implementation: [org.hibernate.engine.transaction.jta.platform.internal.NoJtaPlatform]
[DEBUG] 2019-10-02 19-23-21.817 [main] NamedQueryRepository - Checking 0 named HQL queries
[DEBUG] 2019-10-02 19-23-21.817 [main] NamedQueryRepository - Checking 0 named SQL queries
[DEBUG] 2019-10-02 19-23-21.818 [main] SessionFactoryRegistry - Initializing SessionFactoryRegistry : org.hibernate.internal.SessionFactoryRegistry@391515c7
[DEBUG] 2019-10-02 19-23-21.820 [main] SessionFactoryRegistry - Registering SessionFactory: b2d75f5f-1aba-4df6-ab05-9b9c8c72abb5 (<unnamed>)
[DEBUG] 2019-10-02 19-23-21.820 [main] SessionFactoryRegistry - Not binding SessionFactory to JNDI, no JNDI name configured
[DEBUG] 2019-10-02 19-23-21.915 [main] StatisticsInitiator - Statistics initialized [enabled=false]
[DEBUG] 2019-10-02 19-23-21.934 [main] CriteriaQueryImpl - Rendered criteria query -> select generatedAlias0 from Role as generatedAlias0
[DEBUG] 2019-10-02 19-23-21.946 [main] QueryTranslatorFactoryInitiator - QueryTranslatorFactory: org.hibernate.hql.internal.ast.ASTQueryTranslatorFactory@6238d5e0
[DEBUG] 2019-10-02 19-23-21.966 [main] QueryTranslatorImpl - parse() - HQL: select generatedAlias0 from com.juliecortez.entity.Role as generatedAlias0
[DEBUG] 2019-10-02 19-23-21.971 [main] ErrorTracker - throwQueryException() : no errors
[DEBUG] 2019-10-02 19-23-21.975 [main] QueryTranslatorImpl - --- HQL AST ---
 \-[QUERY] Node: 'query'
    \-[SELECT_FROM] Node: 'SELECT_FROM'
       +-[FROM] Node: 'from'
       |  \-[RANGE] Node: 'RANGE'
       |     +-[DOT] Node: '.'
       |     |  +-[DOT] Node: '.'
       |     |  |  +-[DOT] Node: '.'
       |     |  |  |  +-[IDENT] Node: 'com'
       |     |  |  |  \-[IDENT] Node: 'juliecortez'
       |     |  |  \-[IDENT] Node: 'entity'
       |     |  \-[IDENT] Node: 'Role'
       |     \-[ALIAS] Node: 'generatedAlias0'
       \-[SELECT] Node: 'select'
          \-[IDENT] Node: 'generatedAlias0'

[DEBUG] 2019-10-02 19-23-21.991 [main] HqlSqlBaseWalker - select << begin [level=1, statement=select]
[DEBUG] 2019-10-02 19-23-22.004 [main] FromElement - FromClause{level=1} : com.juliecortez.entity.Role (generatedAlias0) -> role0_
[DEBUG] 2019-10-02 19-23-22.005 [main] FromReferenceNode - Resolved : generatedAlias0 -> role0_.id
[DEBUG] 2019-10-02 19-23-22.006 [main] HqlSqlBaseWalker - select : finishing up [level=1, statement=select]
[DEBUG] 2019-10-02 19-23-22.006 [main] HqlSqlWalker - processQuery() :  ( SELECT ( {select clause} role0_.id ) ( FromClause{level=1} role role0_ ) )
[DEBUG] 2019-10-02 19-23-22.012 [main] JoinProcessor - Using FROM fragment [role role0_]
[DEBUG] 2019-10-02 19-23-22.013 [main] HqlSqlBaseWalker - select >> end [level=1, statement=select]
[DEBUG] 2019-10-02 19-23-22.013 [main] QueryTranslatorImpl - --- SQL AST ---
 \-[SELECT] QueryNode: 'SELECT'  querySpaces (role)
    +-[SELECT_CLAUSE] SelectClause: '{select clause}'
    |  +-[ALIAS_REF] IdentNode: 'role0_.id as id1_0_' {alias=generatedAlias0, className=com.juliecortez.entity.Role, tableAlias=role0_}
    |  \-[SQL_TOKEN] SqlFragment: 'role0_.description as descript2_0_, role0_.user_id as user_id3_0_'
    \-[FROM] FromClause: 'from' FromClause{level=1, fromElementCounter=1, fromElements=1, fromElementByClassAlias=[generatedAlias0], fromElementByTableAlias=[role0_], fromElementsByPath=[], collectionJoinFromElementsByPath=[], impliedElements=[]}
       \-[FROM_FRAGMENT] FromElement: 'role role0_' FromElement{explicit,not a collection join,not a fetch join,fetch non-lazy properties,classAlias=generatedAlias0,role=null,tableName=role,tableAlias=role0_,origin=null,columns={,className=com.juliecortez.entity.Role}}

[DEBUG] 2019-10-02 19-23-22.013 [main] ErrorTracker - throwQueryException() : no errors
[DEBUG] 2019-10-02 19-23-22.018 [main] QueryTranslatorImpl - HQL: select generatedAlias0 from com.juliecortez.entity.Role as generatedAlias0
[DEBUG] 2019-10-02 19-23-22.018 [main] QueryTranslatorImpl - SQL: select role0_.id as id1_0_, role0_.description as descript2_0_, role0_.user_id as user_id3_0_ from role role0_
[DEBUG] 2019-10-02 19-23-22.018 [main] ErrorTracker - throwQueryException() : no errors
[DEBUG] 2019-10-02 19-23-22.030 [main] SQL - select role0_.id as id1_0_, role0_.description as descript2_0_, role0_.user_id as user_id3_0_ from role role0_
[DEBUG] 2019-10-02 19-23-22.054 [main] SqlExceptionHelper - could not extract ResultSet [n/a]
java.sql.SQLSyntaxErrorException: Unknown column 'role0_.user_id' in 'field list'
	at com.mysql.cj.jdbc.exceptions.SQLError.createSQLException(SQLError.java:120) ~[mysql-connector-java-8.0.16.jar:8.0.16]
	at com.mysql.cj.jdbc.exceptions.SQLError.createSQLException(SQLError.java:97) ~[mysql-connector-java-8.0.16.jar:8.0.16]
	at com.mysql.cj.jdbc.exceptions.SQLExceptionsMapping.translateException(SQLExceptionsMapping.java:122) ~[mysql-connector-java-8.0.16.jar:8.0.16]
	at com.mysql.cj.jdbc.ClientPreparedStatement.executeInternal(ClientPreparedStatement.java:955) ~[mysql-connector-java-8.0.16.jar:8.0.16]
	at com.mysql.cj.jdbc.ClientPreparedStatement.executeQuery(ClientPreparedStatement.java:1005) ~[mysql-connector-java-8.0.16.jar:8.0.16]
	at com.mchange.v2.c3p0.impl.NewProxyPreparedStatement.executeQuery(NewProxyPreparedStatement.java:379) ~[c3p0-0.9.5.3.jar:0.9.5.3]
	at org.hibernate.engine.jdbc.internal.ResultSetReturnImpl.extract(ResultSetReturnImpl.java:60) [hibernate-core-5.4.4.Final.jar:5.4.4.Final]
	at org.hibernate.loader.Loader.getResultSet(Loader.java:2287) [hibernate-core-5.4.4.Final.jar:5.4.4.Final]
	at org.hibernate.loader.Loader.executeQueryStatement(Loader.java:2045) [hibernate-core-5.4.4.Final.jar:5.4.4.Final]
	at org.hibernate.loader.Loader.executeQueryStatement(Loader.java:2007) [hibernate-core-5.4.4.Final.jar:5.4.4.Final]
	at org.hibernate.loader.Loader.doQuery(Loader.java:953) [hibernate-core-5.4.4.Final.jar:5.4.4.Final]
	at org.hibernate.loader.Loader.doQueryAndInitializeNonLazyCollections(Loader.java:354) [hibernate-core-5.4.4.Final.jar:5.4.4.Final]
	at org.hibernate.loader.Loader.doList(Loader.java:2810) [hibernate-core-5.4.4.Final.jar:5.4.4.Final]
	at org.hibernate.loader.Loader.doList(Loader.java:2792) [hibernate-core-5.4.4.Final.jar:5.4.4.Final]
	at org.hibernate.loader.Loader.listIgnoreQueryCache(Loader.java:2624) [hibernate-core-5.4.4.Final.jar:5.4.4.Final]
	at org.hibernate.loader.Loader.list(Loader.java:2619) [hibernate-core-5.4.4.Final.jar:5.4.4.Final]
	at org.hibernate.loader.hql.QueryLoader.list(QueryLoader.java:506) [hibernate-core-5.4.4.Final.jar:5.4.4.Final]
	at org.hibernate.hql.internal.ast.QueryTranslatorImpl.list(QueryTranslatorImpl.java:396) [hibernate-core-5.4.4.Final.jar:5.4.4.Final]
	at org.hibernate.engine.query.spi.HQLQueryPlan.performList(HQLQueryPlan.java:219) [hibernate-core-5.4.4.Final.jar:5.4.4.Final]
	at org.hibernate.internal.SessionImpl.list(SessionImpl.java:1547) [hibernate-core-5.4.4.Final.jar:5.4.4.Final]
	at org.hibernate.query.internal.AbstractProducedQuery.doList(AbstractProducedQuery.java:1557) [hibernate-core-5.4.4.Final.jar:5.4.4.Final]
	at org.hibernate.query.internal.AbstractProducedQuery.list(AbstractProducedQuery.java:1525) [hibernate-core-5.4.4.Final.jar:5.4.4.Final]
	at org.hibernate.query.Query.getResultList(Query.java:165) [hibernate-core-5.4.4.Final.jar:5.4.4.Final]
	at org.hibernate.query.criteria.internal.compile.CriteriaQueryTypeQueryAdapter.getResultList(CriteriaQueryTypeQueryAdapter.java:76) [hibernate-core-5.4.4.Final.jar:5.4.4.Final]
	at com.juliecortez.persistence.RoleDao.getAll(RoleDao.java:32) [classes/:?]
	at com.juliecortez.persistence.RoleDaoTest.getAllSuccess(RoleDaoTest.java:41) [test-classes/:?]
	at jdk.internal.reflect.NativeMethodAccessorImpl.invoke0(Native Method) ~[?:?]
	at jdk.internal.reflect.NativeMethodAccessorImpl.invoke(NativeMethodAccessorImpl.java:62) ~[?:?]
	at jdk.internal.reflect.DelegatingMethodAccessorImpl.invoke(DelegatingMethodAccessorImpl.java:43) ~[?:?]
	at java.lang.reflect.Method.invoke(Method.java:566) ~[?:?]
	at org.junit.platform.commons.util.ReflectionUtils.invokeMethod(ReflectionUtils.java:389) [junit-platform-commons-1.0.0.jar:1.0.0]
	at org.junit.jupiter.engine.execution.ExecutableInvoker.invoke(ExecutableInvoker.java:115) [junit-jupiter-engine-5.0.0.jar:5.0.0]
	at org.junit.jupiter.engine.descriptor.TestMethodTestDescriptor.lambda$invokeTestMethod$6(TestMethodTestDescriptor.java:167) [junit-jupiter-engine-5.0.0.jar:5.0.0]
	at org.junit.jupiter.engine.execution.ThrowableCollector.execute(ThrowableCollector.java:40) [junit-jupiter-engine-5.0.0.jar:5.0.0]
	at org.junit.jupiter.engine.descriptor.TestMethodTestDescriptor.invokeTestMethod(TestMethodTestDescriptor.java:163) [junit-jupiter-engine-5.0.0.jar:5.0.0]
	at org.junit.jupiter.engine.descriptor.TestMethodTestDescriptor.execute(TestMethodTestDescriptor.java:110) [junit-jupiter-engine-5.0.0.jar:5.0.0]
	at org.junit.jupiter.engine.descriptor.TestMethodTestDescriptor.execute(TestMethodTestDescriptor.java:57) [junit-jupiter-engine-5.0.0.jar:5.0.0]
	at org.junit.platform.engine.support.hierarchical.HierarchicalTestExecutor.lambda$execute$3(HierarchicalTestExecutor.java:83) [junit-platform-engine-1.0.0.jar:1.0.0]
	at org.junit.platform.engine.support.hierarchical.SingleTestExecutor.executeSafely(SingleTestExecutor.java:66) [junit-platform-engine-1.0.0.jar:1.0.0]
	at org.junit.platform.engine.support.hierarchical.HierarchicalTestExecutor.execute(HierarchicalTestExecutor.java:77) [junit-platform-engine-1.0.0.jar:1.0.0]
	at org.junit.platform.engine.support.hierarchical.HierarchicalTestExecutor.lambda$null$2(HierarchicalTestExecutor.java:92) [junit-platform-engine-1.0.0.jar:1.0.0]
	at java.util.stream.ForEachOps$ForEachOp$OfRef.accept(ForEachOps.java:183) [?:?]
	at java.util.stream.ReferencePipeline$2$1.accept(ReferencePipeline.java:177) [?:?]
	at java.util.Iterator.forEachRemaining(Iterator.java:133) [?:?]
	at java.util.Spliterators$IteratorSpliterator.forEachRemaining(Spliterators.java:1801) [?:?]
	at java.util.stream.AbstractPipeline.copyInto(AbstractPipeline.java:484) [?:?]
	at java.util.stream.AbstractPipeline.wrapAndCopyInto(AbstractPipeline.java:474) [?:?]
	at java.util.stream.ForEachOps$ForEachOp.evaluateSequential(ForEachOps.java:150) [?:?]
	at java.util.stream.ForEachOps$ForEachOp$OfRef.evaluateSequential(ForEachOps.java:173) [?:?]
	at java.util.stream.AbstractPipeline.evaluate(AbstractPipeline.java:234) [?:?]
	at java.util.stream.ReferencePipeline.forEach(ReferencePipeline.java:497) [?:?]
	at org.junit.platform.engine.support.hierarchical.HierarchicalTestExecutor.lambda$execute$3(HierarchicalTestExecutor.java:92) [junit-platform-engine-1.0.0.jar:1.0.0]
	at org.junit.platform.engine.support.hierarchical.SingleTestExecutor.executeSafely(SingleTestExecutor.java:66) [junit-platform-engine-1.0.0.jar:1.0.0]
	at org.junit.platform.engine.support.hierarchical.HierarchicalTestExecutor.execute(HierarchicalTestExecutor.java:77) [junit-platform-engine-1.0.0.jar:1.0.0]
	at org.junit.platform.engine.support.hierarchical.HierarchicalTestExecutor.lambda$null$2(HierarchicalTestExecutor.java:92) [junit-platform-engine-1.0.0.jar:1.0.0]
	at java.util.stream.ForEachOps$ForEachOp$OfRef.accept(ForEachOps.java:183) [?:?]
	at java.util.stream.ReferencePipeline$2$1.accept(ReferencePipeline.java:177) [?:?]
	at java.util.Iterator.forEachRemaining(Iterator.java:133) [?:?]
	at java.util.Spliterators$IteratorSpliterator.forEachRemaining(Spliterators.java:1801) [?:?]
	at java.util.stream.AbstractPipeline.copyInto(AbstractPipeline.java:484) [?:?]
	at java.util.stream.AbstractPipeline.wrapAndCopyInto(AbstractPipeline.java:474) [?:?]
	at java.util.stream.ForEachOps$ForEachOp.evaluateSequential(ForEachOps.java:150) [?:?]
	at java.util.stream.ForEachOps$ForEachOp$OfRef.evaluateSequential(ForEachOps.java:173) [?:?]
	at java.util.stream.AbstractPipeline.evaluate(AbstractPipeline.java:234) [?:?]
	at java.util.stream.ReferencePipeline.forEach(ReferencePipeline.java:497) [?:?]
	at org.junit.platform.engine.support.hierarchical.HierarchicalTestExecutor.lambda$execute$3(HierarchicalTestExecutor.java:92) [junit-platform-engine-1.0.0.jar:1.0.0]
	at org.junit.platform.engine.support.hierarchical.SingleTestExecutor.executeSafely(SingleTestExecutor.java:66) [junit-platform-engine-1.0.0.jar:1.0.0]
	at org.junit.platform.engine.support.hierarchical.HierarchicalTestExecutor.execute(HierarchicalTestExecutor.java:77) [junit-platform-engine-1.0.0.jar:1.0.0]
	at org.junit.platform.engine.support.hierarchical.HierarchicalTestExecutor.execute(HierarchicalTestExecutor.java:51) [junit-platform-engine-1.0.0.jar:1.0.0]
	at org.junit.platform.engine.support.hierarchical.HierarchicalTestEngine.execute(HierarchicalTestEngine.java:43) [junit-platform-engine-1.0.0.jar:1.0.0]
	at org.junit.platform.launcher.core.DefaultLauncher.execute(DefaultLauncher.java:170) [junit-platform-launcher-1.0.0.jar:1.0.0]
	at org.junit.platform.launcher.core.DefaultLauncher.execute(DefaultLauncher.java:154) [junit-platform-launcher-1.0.0.jar:1.0.0]
	at org.junit.platform.launcher.core.DefaultLauncher.execute(DefaultLauncher.java:90) [junit-platform-launcher-1.0.0.jar:1.0.0]
	at com.intellij.junit5.JUnit5IdeaTestRunner.startRunnerWithArgs(JUnit5IdeaTestRunner.java:69) [junit5-rt.jar:?]
	at com.intellij.rt.execution.junit.IdeaTestRunner$Repeater.startRunnerWithArgs(IdeaTestRunner.java:47) [junit-rt.jar:?]
	at com.intellij.rt.execution.junit.JUnitStarter.prepareStreamsAndStart(JUnitStarter.java:242) [junit-rt.jar:?]
	at com.intellij.rt.execution.junit.JUnitStarter.main(JUnitStarter.java:70) [junit-rt.jar:?]
[WARN ] 2019-10-02 19-23-22.059 [main] SqlExceptionHelper - SQL Error: 1054, SQLState: 42S22
[ERROR] 2019-10-02 19-23-22.059 [main] SqlExceptionHelper - Unknown column 'role0_.user_id' in 'field list'
[DEBUG] 2019-10-02 19-23-22.060 [main] LogicalConnectionManagedImpl - Initiating JDBC connection release from afterTransaction
[DEBUG] 2019-10-02 19-23-22.063 [main] TransactionImpl - On TransactionImpl creation, JpaCompliance#isJpaTransactionComplianceEnabled == false
