[DEBUG] 2019-09-23 18-56-21.392 [main] IntegratorServiceImpl - Adding Integrator [org.hibernate.cfg.beanvalidation.BeanValidationIntegrator].
[DEBUG] 2019-09-23 18-56-21.400 [main] IntegratorServiceImpl - Adding Integrator [org.hibernate.secure.spi.JaccIntegrator].
[DEBUG] 2019-09-23 18-56-21.409 [main] IntegratorServiceImpl - Adding Integrator [org.hibernate.cache.internal.CollectionCacheInvalidator].
[INFO ] 2019-09-23 18-56-21.551 [main] Version - HHH000412: Hibernate Core {5.4.4.Final}
[DEBUG] 2019-09-23 18-56-21.554 [main] Environment - HHH000206: hibernate.properties not found
[DEBUG] 2019-09-23 18-56-21.809 [main] LocalXmlResourceResolver - Interpreting public/system identifier : [-//Hibernate/Hibernate Configuration DTD//EN] - [http://www.hibernate.org/dtd/hibernate-configuration-3.0.dtd]
[DEBUG] 2019-09-23 18-56-21.810 [main] LocalXmlResourceResolver - Recognized hibernate-configuration identifier; attempting to resolve on classpath under org/hibernate/
[DEBUG] 2019-09-23 18-56-21.814 [main] JaxbCfgProcessor - cfg.xml document did not define namespaces; wrapping in custom event reader to introduce namespace information
[DEBUG] 2019-09-23 18-56-22.067 [main] ServiceBinding - Overriding existing service binding [org.hibernate.secure.spi.JaccService]
[DEBUG] 2019-09-23 18-56-22.089 [main] RegionFactoryInitiator - Cannot default RegionFactory based on registered strategies as `[]` RegionFactory strategies were registered
[DEBUG] 2019-09-23 18-56-22.090 [main] RegionFactoryInitiator - Cache region factory : org.hibernate.cache.internal.NoCachingRegionFactory
[INFO ] 2019-09-23 18-56-22.108 [main] Version - HCANN000001: Hibernate Commons Annotations {5.1.0.Final}
[DEBUG] 2019-09-23 18-56-22.300 [main] BasicTypeRegistry - Adding type registration boolean -> org.hibernate.type.BooleanType@5e8604bf
[DEBUG] 2019-09-23 18-56-22.301 [main] BasicTypeRegistry - Adding type registration boolean -> org.hibernate.type.BooleanType@5e8604bf
[DEBUG] 2019-09-23 18-56-22.301 [main] BasicTypeRegistry - Adding type registration java.lang.Boolean -> org.hibernate.type.BooleanType@5e8604bf
[DEBUG] 2019-09-23 18-56-22.301 [main] BasicTypeRegistry - Adding type registration numeric_boolean -> org.hibernate.type.NumericBooleanType@ae7950d
[DEBUG] 2019-09-23 18-56-22.302 [main] BasicTypeRegistry - Adding type registration true_false -> org.hibernate.type.TrueFalseType@621f89b8
[DEBUG] 2019-09-23 18-56-22.302 [main] BasicTypeRegistry - Adding type registration yes_no -> org.hibernate.type.YesNoType@53e3a87a
[DEBUG] 2019-09-23 18-56-22.303 [main] BasicTypeRegistry - Adding type registration byte -> org.hibernate.type.ByteType@5fb7183b
[DEBUG] 2019-09-23 18-56-22.303 [main] BasicTypeRegistry - Adding type registration byte -> org.hibernate.type.ByteType@5fb7183b
[DEBUG] 2019-09-23 18-56-22.303 [main] BasicTypeRegistry - Adding type registration java.lang.Byte -> org.hibernate.type.ByteType@5fb7183b
[DEBUG] 2019-09-23 18-56-22.305 [main] BasicTypeRegistry - Adding type registration character -> org.hibernate.type.CharacterType@6e106680
[DEBUG] 2019-09-23 18-56-22.305 [main] BasicTypeRegistry - Adding type registration char -> org.hibernate.type.CharacterType@6e106680
[DEBUG] 2019-09-23 18-56-22.305 [main] BasicTypeRegistry - Adding type registration java.lang.Character -> org.hibernate.type.CharacterType@6e106680
[DEBUG] 2019-09-23 18-56-22.306 [main] BasicTypeRegistry - Adding type registration short -> org.hibernate.type.ShortType@352e787a
[DEBUG] 2019-09-23 18-56-22.306 [main] BasicTypeRegistry - Adding type registration short -> org.hibernate.type.ShortType@352e787a
[DEBUG] 2019-09-23 18-56-22.307 [main] BasicTypeRegistry - Adding type registration java.lang.Short -> org.hibernate.type.ShortType@352e787a
[DEBUG] 2019-09-23 18-56-22.307 [main] BasicTypeRegistry - Adding type registration integer -> org.hibernate.type.IntegerType@73044cdf
[DEBUG] 2019-09-23 18-56-22.308 [main] BasicTypeRegistry - Adding type registration int -> org.hibernate.type.IntegerType@73044cdf
[DEBUG] 2019-09-23 18-56-22.308 [main] BasicTypeRegistry - Adding type registration java.lang.Integer -> org.hibernate.type.IntegerType@73044cdf
[DEBUG] 2019-09-23 18-56-22.309 [main] BasicTypeRegistry - Adding type registration long -> org.hibernate.type.LongType@2f5c1332
[DEBUG] 2019-09-23 18-56-22.309 [main] BasicTypeRegistry - Adding type registration long -> org.hibernate.type.LongType@2f5c1332
[DEBUG] 2019-09-23 18-56-22.309 [main] BasicTypeRegistry - Adding type registration java.lang.Long -> org.hibernate.type.LongType@2f5c1332
[DEBUG] 2019-09-23 18-56-22.310 [main] BasicTypeRegistry - Adding type registration float -> org.hibernate.type.FloatType@22bd2039
[DEBUG] 2019-09-23 18-56-22.310 [main] BasicTypeRegistry - Adding type registration float -> org.hibernate.type.FloatType@22bd2039
[DEBUG] 2019-09-23 18-56-22.310 [main] BasicTypeRegistry - Adding type registration java.lang.Float -> org.hibernate.type.FloatType@22bd2039
[DEBUG] 2019-09-23 18-56-22.311 [main] BasicTypeRegistry - Adding type registration double -> org.hibernate.type.DoubleType@5327a06e
[DEBUG] 2019-09-23 18-56-22.311 [main] BasicTypeRegistry - Adding type registration double -> org.hibernate.type.DoubleType@5327a06e
[DEBUG] 2019-09-23 18-56-22.311 [main] BasicTypeRegistry - Adding type registration java.lang.Double -> org.hibernate.type.DoubleType@5327a06e
[DEBUG] 2019-09-23 18-56-22.312 [main] BasicTypeRegistry - Adding type registration big_decimal -> org.hibernate.type.BigDecimalType@2e3cdec2
[DEBUG] 2019-09-23 18-56-22.312 [main] BasicTypeRegistry - Adding type registration java.math.BigDecimal -> org.hibernate.type.BigDecimalType@2e3cdec2
[DEBUG] 2019-09-23 18-56-22.312 [main] BasicTypeRegistry - Adding type registration big_integer -> org.hibernate.type.BigIntegerType@6fc3e1a4
[DEBUG] 2019-09-23 18-56-22.312 [main] BasicTypeRegistry - Adding type registration java.math.BigInteger -> org.hibernate.type.BigIntegerType@6fc3e1a4
[DEBUG] 2019-09-23 18-56-22.313 [main] BasicTypeRegistry - Adding type registration string -> org.hibernate.type.StringType@1e6dad8
[DEBUG] 2019-09-23 18-56-22.313 [main] BasicTypeRegistry - Adding type registration java.lang.String -> org.hibernate.type.StringType@1e6dad8
[DEBUG] 2019-09-23 18-56-22.314 [main] BasicTypeRegistry - Adding type registration nstring -> org.hibernate.type.StringNVarcharType@377008df
[DEBUG] 2019-09-23 18-56-22.314 [main] BasicTypeRegistry - Adding type registration ncharacter -> org.hibernate.type.CharacterNCharType@2ce45a7b
[DEBUG] 2019-09-23 18-56-22.316 [main] BasicTypeRegistry - Adding type registration url -> org.hibernate.type.UrlType@42f9c19a
[DEBUG] 2019-09-23 18-56-22.316 [main] BasicTypeRegistry - Adding type registration java.net.URL -> org.hibernate.type.UrlType@42f9c19a
[DEBUG] 2019-09-23 18-56-22.316 [main] BasicTypeRegistry - Adding type registration Duration -> org.hibernate.type.DurationType@149f5761
[DEBUG] 2019-09-23 18-56-22.317 [main] BasicTypeRegistry - Adding type registration java.time.Duration -> org.hibernate.type.DurationType@149f5761
[DEBUG] 2019-09-23 18-56-22.327 [main] BasicTypeRegistry - Adding type registration Instant -> org.hibernate.type.InstantType@54aca26f
[DEBUG] 2019-09-23 18-56-22.327 [main] BasicTypeRegistry - Adding type registration java.time.Instant -> org.hibernate.type.InstantType@54aca26f
[DEBUG] 2019-09-23 18-56-22.329 [main] BasicTypeRegistry - Adding type registration LocalDateTime -> org.hibernate.type.LocalDateTimeType@59532566
[DEBUG] 2019-09-23 18-56-22.329 [main] BasicTypeRegistry - Adding type registration java.time.LocalDateTime -> org.hibernate.type.LocalDateTimeType@59532566
[DEBUG] 2019-09-23 18-56-22.331 [main] BasicTypeRegistry - Adding type registration LocalDate -> org.hibernate.type.LocalDateType@33cbfa57
[DEBUG] 2019-09-23 18-56-22.332 [main] BasicTypeRegistry - Adding type registration java.time.LocalDate -> org.hibernate.type.LocalDateType@33cbfa57
[DEBUG] 2019-09-23 18-56-22.333 [main] BasicTypeRegistry - Adding type registration LocalTime -> org.hibernate.type.LocalTimeType@31c2affc
[DEBUG] 2019-09-23 18-56-22.333 [main] BasicTypeRegistry - Adding type registration java.time.LocalTime -> org.hibernate.type.LocalTimeType@31c2affc
[DEBUG] 2019-09-23 18-56-22.334 [main] BasicTypeRegistry - Adding type registration OffsetDateTime -> org.hibernate.type.OffsetDateTimeType@46866946
[DEBUG] 2019-09-23 18-56-22.334 [main] BasicTypeRegistry - Adding type registration java.time.OffsetDateTime -> org.hibernate.type.OffsetDateTimeType@46866946
[DEBUG] 2019-09-23 18-56-22.335 [main] BasicTypeRegistry - Adding type registration OffsetTime -> org.hibernate.type.OffsetTimeType@25b5c5e3
[DEBUG] 2019-09-23 18-56-22.336 [main] BasicTypeRegistry - Adding type registration java.time.OffsetTime -> org.hibernate.type.OffsetTimeType@25b5c5e3
[DEBUG] 2019-09-23 18-56-22.337 [main] BasicTypeRegistry - Adding type registration ZonedDateTime -> org.hibernate.type.ZonedDateTimeType@655523dd
[DEBUG] 2019-09-23 18-56-22.337 [main] BasicTypeRegistry - Adding type registration java.time.ZonedDateTime -> org.hibernate.type.ZonedDateTimeType@655523dd
[DEBUG] 2019-09-23 18-56-22.338 [main] BasicTypeRegistry - Adding type registration date -> org.hibernate.type.DateType@66f659e6
[DEBUG] 2019-09-23 18-56-22.338 [main] BasicTypeRegistry - Adding type registration java.sql.Date -> org.hibernate.type.DateType@66f659e6
[DEBUG] 2019-09-23 18-56-22.340 [main] BasicTypeRegistry - Adding type registration time -> org.hibernate.type.TimeType@6e57b5e9
[DEBUG] 2019-09-23 18-56-22.340 [main] BasicTypeRegistry - Adding type registration java.sql.Time -> org.hibernate.type.TimeType@6e57b5e9
[DEBUG] 2019-09-23 18-56-22.341 [main] BasicTypeRegistry - Adding type registration timestamp -> org.hibernate.type.TimestampType@3e4f80cb
[DEBUG] 2019-09-23 18-56-22.341 [main] BasicTypeRegistry - Adding type registration java.sql.Timestamp -> org.hibernate.type.TimestampType@3e4f80cb
[DEBUG] 2019-09-23 18-56-22.341 [main] BasicTypeRegistry - Adding type registration java.util.Date -> org.hibernate.type.TimestampType@3e4f80cb
[DEBUG] 2019-09-23 18-56-22.342 [main] BasicTypeRegistry - Adding type registration dbtimestamp -> org.hibernate.type.DbTimestampType@c6a6c1d
[DEBUG] 2019-09-23 18-56-22.344 [main] BasicTypeRegistry - Adding type registration calendar -> org.hibernate.type.CalendarType@359b650b
[DEBUG] 2019-09-23 18-56-22.344 [main] BasicTypeRegistry - Adding type registration java.util.Calendar -> org.hibernate.type.CalendarType@359b650b
[DEBUG] 2019-09-23 18-56-22.344 [main] BasicTypeRegistry - Adding type registration java.util.GregorianCalendar -> org.hibernate.type.CalendarType@359b650b
[DEBUG] 2019-09-23 18-56-22.344 [main] BasicTypeRegistry - Adding type registration calendar_date -> org.hibernate.type.CalendarDateType@453d496b
[DEBUG] 2019-09-23 18-56-22.344 [main] BasicTypeRegistry - Adding type registration locale -> org.hibernate.type.LocaleType@2a1debfa
[DEBUG] 2019-09-23 18-56-22.344 [main] BasicTypeRegistry - Adding type registration java.util.Locale -> org.hibernate.type.LocaleType@2a1debfa
[DEBUG] 2019-09-23 18-56-22.352 [main] BasicTypeRegistry - Adding type registration currency -> org.hibernate.type.CurrencyType@b8e246c
[DEBUG] 2019-09-23 18-56-22.353 [main] BasicTypeRegistry - Adding type registration java.util.Currency -> org.hibernate.type.CurrencyType@b8e246c
[DEBUG] 2019-09-23 18-56-22.355 [main] BasicTypeRegistry - Adding type registration timezone -> org.hibernate.type.TimeZoneType@47ec7422
[DEBUG] 2019-09-23 18-56-22.356 [main] BasicTypeRegistry - Adding type registration java.util.TimeZone -> org.hibernate.type.TimeZoneType@47ec7422
[DEBUG] 2019-09-23 18-56-22.357 [main] BasicTypeRegistry - Adding type registration class -> org.hibernate.type.ClassType@64c4c01
[DEBUG] 2019-09-23 18-56-22.357 [main] BasicTypeRegistry - Adding type registration java.lang.Class -> org.hibernate.type.ClassType@64c4c01
[DEBUG] 2019-09-23 18-56-22.359 [main] BasicTypeRegistry - Adding type registration uuid-binary -> org.hibernate.type.UUIDBinaryType@3cd59ef5
[DEBUG] 2019-09-23 18-56-22.359 [main] BasicTypeRegistry - Adding type registration java.util.UUID -> org.hibernate.type.UUIDBinaryType@3cd59ef5
[DEBUG] 2019-09-23 18-56-22.360 [main] BasicTypeRegistry - Adding type registration uuid-char -> org.hibernate.type.UUIDCharType@cfbc8e8
[DEBUG] 2019-09-23 18-56-22.362 [main] BasicTypeRegistry - Adding type registration binary -> org.hibernate.type.BinaryType@345cf395
[DEBUG] 2019-09-23 18-56-22.362 [main] BasicTypeRegistry - Adding type registration byte[] -> org.hibernate.type.BinaryType@345cf395
[DEBUG] 2019-09-23 18-56-22.362 [main] BasicTypeRegistry - Adding type registration [B -> org.hibernate.type.BinaryType@345cf395
[DEBUG] 2019-09-23 18-56-22.363 [main] BasicTypeRegistry - Adding type registration wrapper-binary -> org.hibernate.type.WrapperBinaryType@289fdb08
[DEBUG] 2019-09-23 18-56-22.364 [main] BasicTypeRegistry - Adding type registration Byte[] -> org.hibernate.type.WrapperBinaryType@289fdb08
[DEBUG] 2019-09-23 18-56-22.364 [main] BasicTypeRegistry - Adding type registration [Ljava.lang.Byte; -> org.hibernate.type.WrapperBinaryType@289fdb08
[DEBUG] 2019-09-23 18-56-22.365 [main] BasicTypeRegistry - Adding type registration row_version -> org.hibernate.type.RowVersionType@7ce9e05a
[DEBUG] 2019-09-23 18-56-22.366 [main] BasicTypeRegistry - Adding type registration image -> org.hibernate.type.ImageType@4d774249
[DEBUG] 2019-09-23 18-56-22.367 [main] BasicTypeRegistry - Adding type registration characters -> org.hibernate.type.CharArrayType@5411dd90
[DEBUG] 2019-09-23 18-56-22.367 [main] BasicTypeRegistry - Adding type registration char[] -> org.hibernate.type.CharArrayType@5411dd90
[DEBUG] 2019-09-23 18-56-22.367 [main] BasicTypeRegistry - Adding type registration [C -> org.hibernate.type.CharArrayType@5411dd90
[DEBUG] 2019-09-23 18-56-22.369 [main] BasicTypeRegistry - Adding type registration wrapper-characters -> org.hibernate.type.CharacterArrayType@59496961
[DEBUG] 2019-09-23 18-56-22.369 [main] BasicTypeRegistry - Adding type registration [Ljava.lang.Character; -> org.hibernate.type.CharacterArrayType@59496961
[DEBUG] 2019-09-23 18-56-22.369 [main] BasicTypeRegistry - Adding type registration Character[] -> org.hibernate.type.CharacterArrayType@59496961
[DEBUG] 2019-09-23 18-56-22.369 [main] BasicTypeRegistry - Adding type registration text -> org.hibernate.type.TextType@6aef4eb8
[DEBUG] 2019-09-23 18-56-22.370 [main] BasicTypeRegistry - Adding type registration ntext -> org.hibernate.type.NTextType@1ad8df52
[DEBUG] 2019-09-23 18-56-22.372 [main] BasicTypeRegistry - Adding type registration blob -> org.hibernate.type.BlobType@3b05a99b
[DEBUG] 2019-09-23 18-56-22.372 [main] BasicTypeRegistry - Adding type registration java.sql.Blob -> org.hibernate.type.BlobType@3b05a99b
[DEBUG] 2019-09-23 18-56-22.373 [main] BasicTypeRegistry - Adding type registration materialized_blob -> org.hibernate.type.MaterializedBlobType@5ff60a8c
[DEBUG] 2019-09-23 18-56-22.374 [main] BasicTypeRegistry - Adding type registration clob -> org.hibernate.type.ClobType@7ce7e83c
[DEBUG] 2019-09-23 18-56-22.374 [main] BasicTypeRegistry - Adding type registration java.sql.Clob -> org.hibernate.type.ClobType@7ce7e83c
[DEBUG] 2019-09-23 18-56-22.376 [main] BasicTypeRegistry - Adding type registration nclob -> org.hibernate.type.NClobType@351e414e
[DEBUG] 2019-09-23 18-56-22.376 [main] BasicTypeRegistry - Adding type registration java.sql.NClob -> org.hibernate.type.NClobType@351e414e
[DEBUG] 2019-09-23 18-56-22.376 [main] BasicTypeRegistry - Adding type registration materialized_clob -> org.hibernate.type.MaterializedClobType@78b41097
[DEBUG] 2019-09-23 18-56-22.377 [main] BasicTypeRegistry - Adding type registration materialized_nclob -> org.hibernate.type.MaterializedNClobType@6c65860d
[DEBUG] 2019-09-23 18-56-22.378 [main] BasicTypeRegistry - Adding type registration serializable -> org.hibernate.type.SerializableType@b10a26d
[DEBUG] 2019-09-23 18-56-22.382 [main] BasicTypeRegistry - Adding type registration object -> org.hibernate.type.ObjectType@24361cfc
[DEBUG] 2019-09-23 18-56-22.382 [main] BasicTypeRegistry - Adding type registration java.lang.Object -> org.hibernate.type.ObjectType@24361cfc
[DEBUG] 2019-09-23 18-56-22.382 [main] BasicTypeRegistry - Adding type registration imm_date -> org.hibernate.type.AdaptedImmutableType@6eb82908
[DEBUG] 2019-09-23 18-56-22.382 [main] BasicTypeRegistry - Adding type registration imm_time -> org.hibernate.type.AdaptedImmutableType@4a8df3e2
[DEBUG] 2019-09-23 18-56-22.383 [main] BasicTypeRegistry - Adding type registration imm_timestamp -> org.hibernate.type.AdaptedImmutableType@3d98d138
[DEBUG] 2019-09-23 18-56-22.383 [main] BasicTypeRegistry - Adding type registration imm_dbtimestamp -> org.hibernate.type.AdaptedImmutableType@2f2d52ef
[DEBUG] 2019-09-23 18-56-22.383 [main] BasicTypeRegistry - Adding type registration imm_calendar -> org.hibernate.type.AdaptedImmutableType@f2ce6b
[DEBUG] 2019-09-23 18-56-22.383 [main] BasicTypeRegistry - Adding type registration imm_calendar_date -> org.hibernate.type.AdaptedImmutableType@25c53f74
[DEBUG] 2019-09-23 18-56-22.383 [main] BasicTypeRegistry - Adding type registration imm_binary -> org.hibernate.type.AdaptedImmutableType@5e2f3be5
[DEBUG] 2019-09-23 18-56-22.383 [main] BasicTypeRegistry - Adding type registration imm_serializable -> org.hibernate.type.AdaptedImmutableType@1bd0b0e5
[DEBUG] 2019-09-23 18-56-22.408 [main] DefaultIdentifierGeneratorFactory - Registering IdentifierGenerator strategy [uuid2] -> [org.hibernate.id.UUIDGenerator]
[DEBUG] 2019-09-23 18-56-22.409 [main] DefaultIdentifierGeneratorFactory - Registering IdentifierGenerator strategy [guid] -> [org.hibernate.id.GUIDGenerator]
[DEBUG] 2019-09-23 18-56-22.410 [main] DefaultIdentifierGeneratorFactory - Registering IdentifierGenerator strategy [uuid] -> [org.hibernate.id.UUIDHexGenerator]
[DEBUG] 2019-09-23 18-56-22.410 [main] DefaultIdentifierGeneratorFactory - Registering IdentifierGenerator strategy [uuid.hex] -> [org.hibernate.id.UUIDHexGenerator]
[DEBUG] 2019-09-23 18-56-22.411 [main] DefaultIdentifierGeneratorFactory - Registering IdentifierGenerator strategy [assigned] -> [org.hibernate.id.Assigned]
[DEBUG] 2019-09-23 18-56-22.411 [main] DefaultIdentifierGeneratorFactory - Registering IdentifierGenerator strategy [identity] -> [org.hibernate.id.IdentityGenerator]
[DEBUG] 2019-09-23 18-56-22.412 [main] DefaultIdentifierGeneratorFactory - Registering IdentifierGenerator strategy [select] -> [org.hibernate.id.SelectGenerator]
[DEBUG] 2019-09-23 18-56-22.413 [main] DefaultIdentifierGeneratorFactory - Registering IdentifierGenerator strategy [sequence] -> [org.hibernate.id.enhanced.SequenceStyleGenerator]
[DEBUG] 2019-09-23 18-56-22.414 [main] DefaultIdentifierGeneratorFactory - Registering IdentifierGenerator strategy [seqhilo] -> [org.hibernate.id.SequenceHiLoGenerator]
[DEBUG] 2019-09-23 18-56-22.414 [main] DefaultIdentifierGeneratorFactory - Registering IdentifierGenerator strategy [increment] -> [org.hibernate.id.IncrementGenerator]
[DEBUG] 2019-09-23 18-56-22.415 [main] DefaultIdentifierGeneratorFactory - Registering IdentifierGenerator strategy [foreign] -> [org.hibernate.id.ForeignGenerator]
[DEBUG] 2019-09-23 18-56-22.415 [main] DefaultIdentifierGeneratorFactory - Registering IdentifierGenerator strategy [sequence-identity] -> [org.hibernate.id.SequenceIdentityGenerator]
[DEBUG] 2019-09-23 18-56-22.415 [main] DefaultIdentifierGeneratorFactory - Registering IdentifierGenerator strategy [enhanced-sequence] -> [org.hibernate.id.enhanced.SequenceStyleGenerator]
[DEBUG] 2019-09-23 18-56-22.416 [main] DefaultIdentifierGeneratorFactory - Registering IdentifierGenerator strategy [enhanced-table] -> [org.hibernate.id.enhanced.TableGenerator]
[INFO ] 2019-09-23 18-56-22.420 [main] C3P0ConnectionProvider - HHH010002: C3P0 using driver: com.mysql.cj.jdbc.Driver at URL: jdbc:mysql://localhost:3306/mww
[INFO ] 2019-09-23 18-56-22.420 [main] C3P0ConnectionProvider - HHH10001001: Connection properties: {password=****, user=cortezjl}
[INFO ] 2019-09-23 18-56-22.420 [main] C3P0ConnectionProvider - HHH10001003: Autocommit mode: false
[INFO ] 2019-09-23 18-56-22.531 [main] C3P0ConnectionProvider - HHH10001007: JDBC isolation level: <unknown>
[DEBUG] 2019-09-23 18-56-23.002 [main] JdbcEnvironmentInitiator - Database ->
       name : MySQL
    version : 8.0.17
      major : 8
      minor : 0
[DEBUG] 2019-09-23 18-56-23.003 [main] JdbcEnvironmentInitiator - Driver ->
       name : MySQL Connector/J
    version : mysql-connector-java-8.0.16 (Revision: 34cbc6bc61f72836e26327537a432d6db7c77de6)
      major : 8
      minor : 0
[DEBUG] 2019-09-23 18-56-23.003 [main] JdbcEnvironmentInitiator - JDBC version : 4.2
[INFO ] 2019-09-23 18-56-23.030 [main] Dialect - HHH000400: Using dialect: org.hibernate.dialect.MySQL8Dialect
[DEBUG] 2019-09-23 18-56-23.049 [main] IdentifierHelperBuilder - JDBC driver metadata reported database stores quoted identifiers in more than one case
[DEBUG] 2019-09-23 18-56-23.082 [main] IdentifierHelperBuilder - IdentifierCaseStrategy for both quoted and unquoted identifiers was set to the same strategy [LOWER]; that will likely lead to problems in schema update and validation if using quoted identifiers
[DEBUG] 2019-09-23 18-56-23.120 [main] Namespace - Created database namespace [logicalName=Name{catalog=null, schema=null}, physicalName=Name{catalog=null, schema=null}]
[DEBUG] 2019-09-23 18-56-23.123 [main] TypeConfiguration$Scope - Scoping TypeConfiguration [org.hibernate.type.spi.TypeConfiguration@6069dd38] to MetadataBuildingContext [org.hibernate.boot.internal.MetadataBuildingContextRootImpl@5fa23c]
[DEBUG] 2019-09-23 18-56-23.188 [main] AnnotationBinder - Binding entity from annotated class: com.juliecortez.entity.Role
[DEBUG] 2019-09-23 18-56-23.215 [main] Ejb3Column - Binding column: Ejb3DiscriminatorColumn{logicalColumnName'DTYPE', discriminatorTypeName='string'}
[DEBUG] 2019-09-23 18-56-23.220 [main] EntityBinder - Import with entity name Role
[DEBUG] 2019-09-23 18-56-23.223 [main] EntityBinder - Bind entity com.juliecortez.entity.Role on table Role
[DEBUG] 2019-09-23 18-56-23.240 [main] Ejb3Column - Binding column: Ejb3Column{table=org.hibernate.mapping.Table(Role), mappingColumn=id, insertable=true, updatable=true, unique=false}
[DEBUG] 2019-09-23 18-56-23.242 [main] PropertyBinder - MetadataSourceProcessor property id with lazy=false
[DEBUG] 2019-09-23 18-56-23.244 [main] AbstractPropertyHolder - Attempting to locate auto-apply AttributeConverter for property [com.juliecortez.entity.Role:id]
[DEBUG] 2019-09-23 18-56-23.246 [main] SimpleValueBinder - building SimpleValue for id
[DEBUG] 2019-09-23 18-56-23.248 [main] PropertyBinder - Building property id
[DEBUG] 2019-09-23 18-56-23.251 [main] BinderHelper - #makeIdGenerator(org.hibernate.mapping.SimpleValue([org.hibernate.mapping.Column(id)]), id, org.hibernate.id.enhanced.SequenceStyleGenerator, native, ...)
[DEBUG] 2019-09-23 18-56-23.252 [main] Ejb3Column - Binding column: Ejb3Column{table=org.hibernate.mapping.Table(Role), mappingColumn=name, insertable=true, updatable=true, unique=false}
[DEBUG] 2019-09-23 18-56-23.252 [main] PropertyBinder - MetadataSourceProcessor property name with lazy=false
[DEBUG] 2019-09-23 18-56-23.252 [main] AbstractPropertyHolder - Attempting to locate auto-apply AttributeConverter for property [com.juliecortez.entity.Role:name]
[DEBUG] 2019-09-23 18-56-23.252 [main] SimpleValueBinder - building SimpleValue for name
[DEBUG] 2019-09-23 18-56-23.252 [main] PropertyBinder - Building property name
[DEBUG] 2019-09-23 18-56-23.254 [main] SimpleValueBinder - Starting fillSimpleValue for id
[DEBUG] 2019-09-23 18-56-23.254 [main] SimpleValueBinder - Starting fillSimpleValue for name
[DEBUG] 2019-09-23 18-56-23.255 [main] PrimaryKey - Forcing column [id] to be non-null as it is part of the primary key for table [role]
[DEBUG] 2019-09-23 18-56-23.285 [main] SessionFactoryImpl - Building session factory
[DEBUG] 2019-09-23 18-56-23.286 [main] Settings - SessionFactory name : null
[DEBUG] 2019-09-23 18-56-23.286 [main] Settings - Automatic flush during beforeCompletion(): enabled
[DEBUG] 2019-09-23 18-56-23.286 [main] Settings - Automatic session close at end of transaction: disabled
[DEBUG] 2019-09-23 18-56-23.286 [main] Settings - Statistics: disabled
[DEBUG] 2019-09-23 18-56-23.286 [main] Settings - Deleted entity synthetic identifier rollback: disabled
[DEBUG] 2019-09-23 18-56-23.286 [main] Settings - Default entity-mode: pojo
[DEBUG] 2019-09-23 18-56-23.286 [main] Settings - Check Nullability in Core (should be disabled when Bean Validation is on): enabled
[DEBUG] 2019-09-23 18-56-23.286 [main] Settings - Allow initialization of lazy state outside session : disabled
[DEBUG] 2019-09-23 18-56-23.286 [main] Settings - Using BatchFetchStyle : LEGACY
[DEBUG] 2019-09-23 18-56-23.286 [main] Settings - Default batch fetch size: -1
[DEBUG] 2019-09-23 18-56-23.286 [main] Settings - Maximum outer join fetch depth: 2
[DEBUG] 2019-09-23 18-56-23.286 [main] Settings - Default null ordering: NONE
[DEBUG] 2019-09-23 18-56-23.287 [main] Settings - Order SQL updates by primary key: disabled
[DEBUG] 2019-09-23 18-56-23.287 [main] Settings - Order SQL inserts for batching: disabled
[DEBUG] 2019-09-23 18-56-23.287 [main] Settings - multi-tenancy strategy : NONE
[DEBUG] 2019-09-23 18-56-23.287 [main] Settings - JTA Track by Thread: enabled
[DEBUG] 2019-09-23 18-56-23.287 [main] Settings - Query language substitutions: {}
[DEBUG] 2019-09-23 18-56-23.287 [main] Settings - Named query checking : enabled
[DEBUG] 2019-09-23 18-56-23.287 [main] Settings - Second-level cache: disabled
[DEBUG] 2019-09-23 18-56-23.287 [main] Settings - Second-level query cache: disabled
[DEBUG] 2019-09-23 18-56-23.287 [main] Settings - Second-level query cache factory: null
[DEBUG] 2019-09-23 18-56-23.287 [main] Settings - Second-level cache region prefix: null
[DEBUG] 2019-09-23 18-56-23.287 [main] Settings - Optimize second-level cache for minimal puts: disabled
[DEBUG] 2019-09-23 18-56-23.287 [main] Settings - Structured second-level cache entries: disabled
[DEBUG] 2019-09-23 18-56-23.287 [main] Settings - Second-level cache direct-reference entries: disabled
[DEBUG] 2019-09-23 18-56-23.287 [main] Settings - Automatic eviction of collection cache: disabled
[DEBUG] 2019-09-23 18-56-23.287 [main] Settings - JDBC batch size: 15
[DEBUG] 2019-09-23 18-56-23.287 [main] Settings - JDBC batch updates for versioned data: enabled
[DEBUG] 2019-09-23 18-56-23.287 [main] Settings - Scrollable result sets: enabled
[DEBUG] 2019-09-23 18-56-23.287 [main] Settings - Wrap result sets: disabled
[DEBUG] 2019-09-23 18-56-23.287 [main] Settings - JDBC3 getGeneratedKeys(): enabled
[DEBUG] 2019-09-23 18-56-23.287 [main] Settings - JDBC result set fetch size: null
[DEBUG] 2019-09-23 18-56-23.287 [main] Settings - Connection release mode: AFTER_TRANSACTION
[DEBUG] 2019-09-23 18-56-23.287 [main] Settings - Generate SQL with comments: disabled
[DEBUG] 2019-09-23 18-56-23.287 [main] Settings - JPA compliance - query : 
[DEBUG] 2019-09-23 18-56-23.288 [main] Settings - JPA compliance - closed-handling : 
[DEBUG] 2019-09-23 18-56-23.288 [main] Settings - JPA compliance - lists : 
[DEBUG] 2019-09-23 18-56-23.288 [main] Settings - JPA compliance - transactions : 
[INFO ] 2019-09-23 18-56-23.335 [main] beans - HHH10005002: No explicit CDI BeanManager reference was passed to Hibernate, but CDI is available on the Hibernate ClassLoader.
[DEBUG] 2019-09-23 18-56-23.352 [main] SessionFactoryImpl - Session factory constructed with filter configurations : {}
[DEBUG] 2019-09-23 18-56-23.353 [main] SessionFactoryImpl - Instantiating session factory with properties: {sun.desktop=windows, awt.toolkit=sun.awt.windows.WToolkit, java.specification.version=11, sun.cpu.isalist=amd64, hibernate.c3p0.idle_test_period=3000, sun.jnu.encoding=Cp1252, hibernate.c3p0.min_size=5, java.class.path=C:\Program Files\JetBrains\IntelliJ IDEA 2019.2.1\lib\idea_rt.jar;C:\Program Files\JetBrains\IntelliJ IDEA 2019.2.1\plugins\junit\lib\junit-rt.jar;C:\Program Files\JetBrains\IntelliJ IDEA 2019.2.1\plugins\junit\lib\junit5-rt.jar;C:\Users\15635\IdeaProjects\myworkweek\target\test-classes;C:\Users\15635\IdeaProjects\myworkweek\target\classes;C:\Users\15635\.m2\repository\org\junit\platform\junit-platform-runner\1.0.0\junit-platform-runner-1.0.0.jar;C:\Users\15635\.m2\repository\org\apiguardian\apiguardian-api\1.0.0\apiguardian-api-1.0.0.jar;C:\Users\15635\.m2\repository\org\junit\platform\junit-platform-launcher\1.0.0\junit-platform-launcher-1.0.0.jar;C:\Users\15635\.m2\repository\org\junit\platform\junit-platform-suite-api\1.0.0\junit-platform-suite-api-1.0.0.jar;C:\Users\15635\.m2\repository\org\junit\platform\junit-platform-commons\1.0.0\junit-platform-commons-1.0.0.jar;C:\Users\15635\.m2\repository\org\junit\vintage\junit-vintage-engine\4.12.0\junit-vintage-engine-4.12.0.jar;C:\Users\15635\.m2\repository\org\junit\platform\junit-platform-engine\1.0.0\junit-platform-engine-1.0.0.jar;C:\Users\15635\.m2\repository\org\opentest4j\opentest4j\1.0.0\opentest4j-1.0.0.jar;C:\Users\15635\.m2\repository\org\junit\jupiter\junit-jupiter-engine\5.0.0\junit-jupiter-engine-5.0.0.jar;C:\Users\15635\.m2\repository\org\junit\jupiter\junit-jupiter-api\5.0.0\junit-jupiter-api-5.0.0.jar;C:\Users\15635\.m2\repository\junit\junit\4.12\junit-4.12.jar;C:\Users\15635\.m2\repository\org\hamcrest\hamcrest-core\1.3\hamcrest-core-1.3.jar;C:\Users\15635\.m2\repository\javax\javaee-web-api\7.0\javaee-web-api-7.0.jar;C:\Users\15635\.m2\repository\mysql\mysql-connector-java\8.0.16\mysql-connector-java-8.0.16.jar;C:\Users\15635\.m2\repository\com\google\protobuf\protobuf-java\3.6.1\protobuf-java-3.6.1.jar;C:\Users\15635\.m2\repository\jstl\jstl\1.2\jstl-1.2.jar;C:\Users\15635\.m2\repository\org\apache\logging\log4j\log4j-api\2.10.0\log4j-api-2.10.0.jar;C:\Users\15635\.m2\repository\org\apache\logging\log4j\log4j-core\2.10.0\log4j-core-2.10.0.jar;C:\Users\15635\.m2\repository\org\hibernate\hibernate-core\5.4.4.Final\hibernate-core-5.4.4.Final.jar;C:\Users\15635\.m2\repository\org\jboss\logging\jboss-logging\3.3.2.Final\jboss-logging-3.3.2.Final.jar;C:\Users\15635\.m2\repository\javax\persistence\javax.persistence-api\2.2\javax.persistence-api-2.2.jar;C:\Users\15635\.m2\repository\org\javassist\javassist\3.24.0-GA\javassist-3.24.0-GA.jar;C:\Users\15635\.m2\repository\net\bytebuddy\byte-buddy\1.9.11\byte-buddy-1.9.11.jar;C:\Users\15635\.m2\repository\antlr\antlr\2.7.7\antlr-2.7.7.jar;C:\Users\15635\.m2\repository\org\jboss\spec\javax\transaction\jboss-transaction-api_1.2_spec\1.1.1.Final\jboss-transaction-api_1.2_spec-1.1.1.Final.jar;C:\Users\15635\.m2\repository\org\jboss\jandex\2.0.5.Final\jandex-2.0.5.Final.jar;C:\Users\15635\.m2\repository\com\fasterxml\classmate\1.3.4\classmate-1.3.4.jar;C:\Users\15635\.m2\repository\javax\activation\javax.activation-api\1.2.0\javax.activation-api-1.2.0.jar;C:\Users\15635\.m2\repository\org\dom4j\dom4j\2.1.1\dom4j-2.1.1.jar;C:\Users\15635\.m2\repository\org\hibernate\common\hibernate-commons-annotations\5.1.0.Final\hibernate-commons-annotations-5.1.0.Final.jar;C:\Users\15635\.m2\repository\javax\xml\bind\jaxb-api\2.3.1\jaxb-api-2.3.1.jar;C:\Users\15635\.m2\repository\org\glassfish\jaxb\jaxb-runtime\2.3.1\jaxb-runtime-2.3.1.jar;C:\Users\15635\.m2\repository\org\glassfish\jaxb\txw2\2.3.1\txw2-2.3.1.jar;C:\Users\15635\.m2\repository\com\sun\istack\istack-commons-runtime\3.0.7\istack-commons-runtime-3.0.7.jar;C:\Users\15635\.m2\repository\org\jvnet\staxex\stax-ex\1.8\stax-ex-1.8.jar;C:\Users\15635\.m2\repository\com\sun\xml\fastinfoset\FastInfoset\1.2.15\FastInfoset-1.2.15.jar;C:\Users\15635\.m2\repository\org\hibernate\hibernate-c3p0\5.4.4.Final\hibernate-c3p0-5.4.4.Final.jar;C:\Users\15635\.m2\repository\com\mchange\c3p0\0.9.5.3\c3p0-0.9.5.3.jar;C:\Users\15635\.m2\repository\com\mchange\mchange-commons-java\0.2.15\mchange-commons-java-0.2.15.jar, java.vm.vendor=Oracle Corporation, sun.arch.data.model=64, idea.test.cyclic.buffer.size=1048576, user.variant=, java.vendor.url=http://java.oracle.com/, user.timezone=America/Chicago, os.name=Windows 10, java.vm.specification.version=11, sun.java.launcher=SUN_STANDARD, user.country=US, sun.boot.library.path=C:\Program Files\Java\jdk-11.0.4\bin, sun.java.command=com.intellij.rt.execution.junit.JUnitStarter -ideVersion5 -junit5 com.juliecortez.persistence.RoleDaoTest,getByIdSuccess, jdk.debug=release, sun.cpu.endian=little, user.home=C:\Users\15635, hibernate.c3p0.max_statements=50, user.language=en, java.specification.vendor=Oracle Corporation, java.version.date=2019-07-16, java.home=C:\Program Files\Java\jdk-11.0.4, file.separator=\, java.vm.compressedOopsMode=32-bit, line.separator=
, hibernate.c3p0.timeout=300, java.specification.name=Java Platform API Specification, java.vm.specification.vendor=Oracle Corporation, java.awt.graphicsenv=sun.awt.Win32GraphicsEnvironment, user.script=, connection.password=Security1!, sun.management.compiler=HotSpot 64-Bit Tiered Compilers, hibernate.c3p0.max_size=20, java.runtime.version=11.0.4+10-LTS, user.name=15635, path.separator=;, hibernate.connection.username=****, os.version=10.0, java.runtime.name=Java(TM) SE Runtime Environment, hibernate.connection.url=jdbc:mysql://localhost:3306/mww, file.encoding=UTF-8, java.vm.name=Java HotSpot(TM) 64-Bit Server VM, java.vendor.version=18.9, hibernate.connection.driver_class=com.mysql.cj.jdbc.Driver, java.vendor.url.bug=http://bugreport.java.com/bugreport/, java.io.tmpdir=C:\Users\15635\AppData\Local\Temp\, java.version=11.0.4, user.dir=C:\Users\15635\IdeaProjects\myworkweek, os.arch=amd64, connection.username=cortezjl, java.vm.specification.name=Java Virtual Machine Specification, java.awt.printerjob=sun.awt.windows.WPrinterJob, hibernate.connection.password=****, sun.os.patch.level=, connection.driver_class=com.mysql.cj.jdbc.Driver, hibernate.boot.CfgXmlAccessService.key=org.hibernate.boot.cfgxml.spi.LoadedConfig@751ae8a4, java.library.path=C:\Program Files\Java\jdk-11.0.4\bin;C:\Windows\Sun\Java\bin;C:\Windows\system32;C:\Windows;C:\Windows\system32;C:\Windows;C:\Windows\System32\Wbem;C:\Windows\System32\WindowsPowerShell\v1.0\;C:\Windows\System32\OpenSSH\;C:\Program Files\Git\cmd;C:\Program Files (x86)\Intel\Intel(R) Management Engine Components\DAL;C:\Program Files\Intel\Intel(R) Management Engine Components\DAL;C:\Program Files\MySQL\MySQL Shell 8.0\bin\;., java.vendor=Oracle Corporation, java.vm.info=mixed mode, java.vm.version=11.0.4+10-LTS, hibernate.bytecode.use_reflection_optimizer=false, sun.io.unicode.encoding=UnicodeLittle, connection.url=jdbc:mysql://localhost:3306/mww, java.class.version=55.0}
[DEBUG] 2019-09-23 18-56-23.374 [main] TypeSafeActivator - Unable to acquire Bean Validation ValidatorFactory, skipping activation
[DEBUG] 2019-09-23 18-56-23.375 [main] JaccIntegrator - Skipping JACC integration as it was not enabled
[DEBUG] 2019-09-23 18-56-23.375 [main] SessionFactoryImpl - Instantiated session factory
[DEBUG] 2019-09-23 18-56-23.375 [main] TypeConfiguration$Scope - Scoping TypeConfiguration [org.hibernate.type.spi.TypeConfiguration@6069dd38] to SessionFactoryImpl [org.hibernate.internal.SessionFactoryImpl@39c96e48]
[DEBUG] 2019-09-23 18-56-23.432 [main] ClassLoaderAccessImpl - Not known whether passed class name [com.juliecortez.entity.Role] is safe
[DEBUG] 2019-09-23 18-56-23.432 [main] ClassLoaderAccessImpl - No temp ClassLoader provided; using live ClassLoader for loading potentially unsafe class : com.juliecortez.entity.Role
[DEBUG] 2019-09-23 18-56-23.453 [main] ClassLoaderAccessImpl - Not known whether passed class name [com.juliecortez.entity.Role] is safe
[DEBUG] 2019-09-23 18-56-23.454 [main] ClassLoaderAccessImpl - No temp ClassLoader provided; using live ClassLoader for loading potentially unsafe class : com.juliecortez.entity.Role
[DEBUG] 2019-09-23 18-56-23.647 [main] AbstractEntityPersister - Static SQL for entity: com.juliecortez.entity.Role
[DEBUG] 2019-09-23 18-56-23.647 [main] AbstractEntityPersister -  Version select: select id from Role where id =?
[DEBUG] 2019-09-23 18-56-23.647 [main] AbstractEntityPersister -  Snapshot select: select role_.id, role_.name as name2_0_ from Role role_ where role_.id=?
[DEBUG] 2019-09-23 18-56-23.647 [main] AbstractEntityPersister -  Insert 0: insert into Role (name, id) values (?, ?)
[DEBUG] 2019-09-23 18-56-23.647 [main] AbstractEntityPersister -  Update 0: update Role set name=? where id=?
[DEBUG] 2019-09-23 18-56-23.648 [main] AbstractEntityPersister -  Delete 0: delete from Role where id=?
[DEBUG] 2019-09-23 18-56-23.648 [main] AbstractEntityPersister -  Identity insert: insert into Role (name) values (?)
[DEBUG] 2019-09-23 18-56-23.670 [main] QuerySpacesImpl - Adding QuerySpace : uid = <gen:0> -> org.hibernate.loader.plan.build.internal.spaces.EntityQuerySpaceImpl@5fdfe8cf]
[DEBUG] 2019-09-23 18-56-23.671 [main] MetamodelGraphWalker - Visiting attribute path : name
[DEBUG] 2019-09-23 18-56-23.671 [main] FetchStyleLoadPlanBuildingAssociationVisitationStrategy - Building LoadPlan...
[DEBUG] 2019-09-23 18-56-23.680 [main] LoadQueryJoinAndFetchProcessor - processing queryspace <gen:0>
[DEBUG] 2019-09-23 18-56-23.683 [main] LoadPlanTreePrinter - LoadPlan(entity=com.juliecortez.entity.Role)
    - Returns
       - EntityReturnImpl(entity=com.juliecortez.entity.Role, querySpaceUid=<gen:0>, path=com.juliecortez.entity.Role)
    - QuerySpaces
       - EntityQuerySpaceImpl(uid=<gen:0>, entity=com.juliecortez.entity.Role)
          - SQL table alias mapping - role0_
          - alias suffix - 0_
          - suffixed key columns - {id1_0_0_}

[DEBUG] 2019-09-23 18-56-23.685 [main] EntityLoader - Static select for entity com.juliecortez.entity.Role [NONE]: select role0_.id as id1_0_0_, role0_.name as name2_0_0_ from Role role0_ where role0_.id=?
[DEBUG] 2019-09-23 18-56-23.685 [main] QuerySpacesImpl - Adding QuerySpace : uid = <gen:0> -> org.hibernate.loader.plan.build.internal.spaces.EntityQuerySpaceImpl@51c65a43]
[DEBUG] 2019-09-23 18-56-23.685 [main] MetamodelGraphWalker - Visiting attribute path : name
[DEBUG] 2019-09-23 18-56-23.685 [main] FetchStyleLoadPlanBuildingAssociationVisitationStrategy - Building LoadPlan...
[DEBUG] 2019-09-23 18-56-23.685 [main] LoadQueryJoinAndFetchProcessor - processing queryspace <gen:0>
[DEBUG] 2019-09-23 18-56-23.685 [main] LoadPlanTreePrinter - LoadPlan(entity=com.juliecortez.entity.Role)
    - Returns
       - EntityReturnImpl(entity=com.juliecortez.entity.Role, querySpaceUid=<gen:0>, path=com.juliecortez.entity.Role)
    - QuerySpaces
       - EntityQuerySpaceImpl(uid=<gen:0>, entity=com.juliecortez.entity.Role)
          - SQL table alias mapping - role0_
          - alias suffix - 0_
          - suffixed key columns - {id1_0_0_}

[DEBUG] 2019-09-23 18-56-23.685 [main] EntityLoader - Static select for entity com.juliecortez.entity.Role [READ]: select role0_.id as id1_0_0_, role0_.name as name2_0_0_ from Role role0_ where role0_.id=?
[DEBUG] 2019-09-23 18-56-23.697 [main] Loader - Static select for action ACTION_MERGE on entity com.juliecortez.entity.Role: select role0_.id as id1_0_0_, role0_.name as name2_0_0_ from Role role0_ where role0_.id=?
[DEBUG] 2019-09-23 18-56-23.697 [main] Loader - Static select for action ACTION_REFRESH on entity com.juliecortez.entity.Role: select role0_.id as id1_0_0_, role0_.name as name2_0_0_ from Role role0_ where role0_.id=?
[DEBUG] 2019-09-23 18-56-23.720 [main] SchemaManagementToolCoordinator - No actions specified; doing nothing
[DEBUG] 2019-09-23 18-56-23.720 [main] JtaPlatformInitiator - No JtaPlatform was specified, checking resolver
[DEBUG] 2019-09-23 18-56-23.721 [main] JtaPlatformResolverInitiator - No JtaPlatformResolver was specified, using default [org.hibernate.engine.transaction.jta.platform.internal.StandardJtaPlatformResolver]
[DEBUG] 2019-09-23 18-56-23.725 [main] StandardJtaPlatformResolver - Could not resolve JtaPlatform, using default [org.hibernate.engine.transaction.jta.platform.internal.NoJtaPlatform]
[INFO ] 2019-09-23 18-56-23.726 [main] JtaPlatformInitiator - HHH000490: Using JtaPlatform implementation: [org.hibernate.engine.transaction.jta.platform.internal.NoJtaPlatform]
[DEBUG] 2019-09-23 18-56-23.727 [main] NamedQueryRepository - Checking 0 named HQL queries
[DEBUG] 2019-09-23 18-56-23.727 [main] NamedQueryRepository - Checking 0 named SQL queries
[DEBUG] 2019-09-23 18-56-23.728 [main] SessionFactoryRegistry - Initializing SessionFactoryRegistry : org.hibernate.internal.SessionFactoryRegistry@a1691c0
[DEBUG] 2019-09-23 18-56-23.729 [main] SessionFactoryRegistry - Registering SessionFactory: 92ce5de7-74c1-4672-9753-69b800f2ec64 (<unnamed>)
[DEBUG] 2019-09-23 18-56-23.729 [main] SessionFactoryRegistry - Not binding SessionFactory to JNDI, no JNDI name configured
[DEBUG] 2019-09-23 18-56-23.793 [main] StatisticsInitiator - Statistics initialized [enabled=false]
[DEBUG] 2019-09-23 18-56-23.807 [main] SQL - select role0_.id as id1_0_0_, role0_.name as name2_0_0_ from Role role0_ where role0_.id=?
[DEBUG] 2019-09-23 18-56-23.828 [main] ResultSetProcessorImpl - Starting ResultSet row #0
[DEBUG] 2019-09-23 18-56-23.829 [main] EntityReferenceInitializerImpl - On call to EntityIdentifierReaderImpl#resolve, EntityKey was already known; should only happen on root returns with an optional identifier specified
[DEBUG] 2019-09-23 18-56-23.837 [main] TwoPhaseLoad - Resolving attributes for [com.juliecortez.entity.Role#2]
[DEBUG] 2019-09-23 18-56-23.837 [main] TwoPhaseLoad - Processing attribute `name` : value = Manager
[DEBUG] 2019-09-23 18-56-23.838 [main] TwoPhaseLoad - Attribute (`name`)  - enhanced for lazy-loading? - false
[DEBUG] 2019-09-23 18-56-23.838 [main] TwoPhaseLoad - Done materializing entity [com.juliecortez.entity.Role#2]
[DEBUG] 2019-09-23 18-56-23.839 [main] ResourceRegistryStandardImpl - HHH000387: ResultSet's statement was not registered
[DEBUG] 2019-09-23 18-56-23.839 [main] AbstractLoadPlanBasedEntityLoader - Done entity load : com.juliecortez.entity.Role#2
[DEBUG] 2019-09-23 18-56-23.839 [main] LogicalConnectionManagedImpl - Initiating JDBC connection release from afterTransaction
