[DEBUG] 2019-10-08 19-56-54.318 [http-nio-8080-exec-5] IntegratorServiceImpl - Adding Integrator [org.hibernate.cfg.beanvalidation.BeanValidationIntegrator].
[DEBUG] 2019-10-08 19-56-54.335 [http-nio-8080-exec-5] IntegratorServiceImpl - Adding Integrator [org.hibernate.secure.spi.JaccIntegrator].
[DEBUG] 2019-10-08 19-56-54.346 [http-nio-8080-exec-5] IntegratorServiceImpl - Adding Integrator [org.hibernate.cache.internal.CollectionCacheInvalidator].
[INFO ] 2019-10-08 19-56-54.528 [http-nio-8080-exec-5] Version - HHH000412: Hibernate Core {5.4.4.Final}
[DEBUG] 2019-10-08 19-56-54.532 [http-nio-8080-exec-5] Environment - HHH000206: hibernate.properties not found
[DEBUG] 2019-10-08 19-56-54.837 [http-nio-8080-exec-5] LocalXmlResourceResolver - Interpreting public/system identifier : [-//Hibernate/Hibernate Configuration DTD//EN] - [http://www.hibernate.org/dtd/hibernate-configuration-3.0.dtd]
[DEBUG] 2019-10-08 19-56-54.838 [http-nio-8080-exec-5] LocalXmlResourceResolver - Recognized hibernate-configuration identifier; attempting to resolve on classpath under org/hibernate/
[DEBUG] 2019-10-08 19-56-54.866 [http-nio-8080-exec-5] JaxbCfgProcessor - cfg.xml document did not define namespaces; wrapping in custom event reader to introduce namespace information
[DEBUG] 2019-10-08 19-56-55.439 [http-nio-8080-exec-5] ServiceBinding - Overriding existing service binding [org.hibernate.secure.spi.JaccService]
[DEBUG] 2019-10-08 19-56-55.483 [http-nio-8080-exec-5] RegionFactoryInitiator - Cannot default RegionFactory based on registered strategies as `[]` RegionFactory strategies were registered
[DEBUG] 2019-10-08 19-56-55.487 [http-nio-8080-exec-5] RegionFactoryInitiator - Cache region factory : org.hibernate.cache.internal.NoCachingRegionFactory
[INFO ] 2019-10-08 19-56-55.539 [http-nio-8080-exec-5] Version - HCANN000001: Hibernate Commons Annotations {5.1.0.Final}
[DEBUG] 2019-10-08 19-56-55.654 [http-nio-8080-exec-5] BasicTypeRegistry - Adding type registration boolean -> org.hibernate.type.BooleanType@2132ab27
[DEBUG] 2019-10-08 19-56-55.654 [http-nio-8080-exec-5] BasicTypeRegistry - Adding type registration boolean -> org.hibernate.type.BooleanType@2132ab27
[DEBUG] 2019-10-08 19-56-55.654 [http-nio-8080-exec-5] BasicTypeRegistry - Adding type registration java.lang.Boolean -> org.hibernate.type.BooleanType@2132ab27
[DEBUG] 2019-10-08 19-56-55.655 [http-nio-8080-exec-5] BasicTypeRegistry - Adding type registration numeric_boolean -> org.hibernate.type.NumericBooleanType@1fb03784
[DEBUG] 2019-10-08 19-56-55.657 [http-nio-8080-exec-5] BasicTypeRegistry - Adding type registration true_false -> org.hibernate.type.TrueFalseType@493cbf7a
[DEBUG] 2019-10-08 19-56-55.658 [http-nio-8080-exec-5] BasicTypeRegistry - Adding type registration yes_no -> org.hibernate.type.YesNoType@20e88b18
[DEBUG] 2019-10-08 19-56-55.662 [http-nio-8080-exec-5] BasicTypeRegistry - Adding type registration byte -> org.hibernate.type.ByteType@14511d23
[DEBUG] 2019-10-08 19-56-55.662 [http-nio-8080-exec-5] BasicTypeRegistry - Adding type registration byte -> org.hibernate.type.ByteType@14511d23
[DEBUG] 2019-10-08 19-56-55.663 [http-nio-8080-exec-5] BasicTypeRegistry - Adding type registration java.lang.Byte -> org.hibernate.type.ByteType@14511d23
[DEBUG] 2019-10-08 19-56-55.665 [http-nio-8080-exec-5] BasicTypeRegistry - Adding type registration character -> org.hibernate.type.CharacterType@298109b1
[DEBUG] 2019-10-08 19-56-55.665 [http-nio-8080-exec-5] BasicTypeRegistry - Adding type registration char -> org.hibernate.type.CharacterType@298109b1
[DEBUG] 2019-10-08 19-56-55.666 [http-nio-8080-exec-5] BasicTypeRegistry - Adding type registration java.lang.Character -> org.hibernate.type.CharacterType@298109b1
[DEBUG] 2019-10-08 19-56-55.670 [http-nio-8080-exec-5] BasicTypeRegistry - Adding type registration short -> org.hibernate.type.ShortType@6feb41c9
[DEBUG] 2019-10-08 19-56-55.671 [http-nio-8080-exec-5] BasicTypeRegistry - Adding type registration short -> org.hibernate.type.ShortType@6feb41c9
[DEBUG] 2019-10-08 19-56-55.671 [http-nio-8080-exec-5] BasicTypeRegistry - Adding type registration java.lang.Short -> org.hibernate.type.ShortType@6feb41c9
[DEBUG] 2019-10-08 19-56-55.674 [http-nio-8080-exec-5] BasicTypeRegistry - Adding type registration integer -> org.hibernate.type.IntegerType@41ec1209
[DEBUG] 2019-10-08 19-56-55.674 [http-nio-8080-exec-5] BasicTypeRegistry - Adding type registration int -> org.hibernate.type.IntegerType@41ec1209
[DEBUG] 2019-10-08 19-56-55.674 [http-nio-8080-exec-5] BasicTypeRegistry - Adding type registration java.lang.Integer -> org.hibernate.type.IntegerType@41ec1209
[DEBUG] 2019-10-08 19-56-55.676 [http-nio-8080-exec-5] BasicTypeRegistry - Adding type registration long -> org.hibernate.type.LongType@20792c2e
[DEBUG] 2019-10-08 19-56-55.676 [http-nio-8080-exec-5] BasicTypeRegistry - Adding type registration long -> org.hibernate.type.LongType@20792c2e
[DEBUG] 2019-10-08 19-56-55.677 [http-nio-8080-exec-5] BasicTypeRegistry - Adding type registration java.lang.Long -> org.hibernate.type.LongType@20792c2e
[DEBUG] 2019-10-08 19-56-55.681 [http-nio-8080-exec-5] BasicTypeRegistry - Adding type registration float -> org.hibernate.type.FloatType@5001343f
[DEBUG] 2019-10-08 19-56-55.681 [http-nio-8080-exec-5] BasicTypeRegistry - Adding type registration float -> org.hibernate.type.FloatType@5001343f
[DEBUG] 2019-10-08 19-56-55.681 [http-nio-8080-exec-5] BasicTypeRegistry - Adding type registration java.lang.Float -> org.hibernate.type.FloatType@5001343f
[DEBUG] 2019-10-08 19-56-55.683 [http-nio-8080-exec-5] BasicTypeRegistry - Adding type registration double -> org.hibernate.type.DoubleType@3a0ed62
[DEBUG] 2019-10-08 19-56-55.683 [http-nio-8080-exec-5] BasicTypeRegistry - Adding type registration double -> org.hibernate.type.DoubleType@3a0ed62
[DEBUG] 2019-10-08 19-56-55.683 [http-nio-8080-exec-5] BasicTypeRegistry - Adding type registration java.lang.Double -> org.hibernate.type.DoubleType@3a0ed62
[DEBUG] 2019-10-08 19-56-55.685 [http-nio-8080-exec-5] BasicTypeRegistry - Adding type registration big_decimal -> org.hibernate.type.BigDecimalType@68bb48ea
[DEBUG] 2019-10-08 19-56-55.686 [http-nio-8080-exec-5] BasicTypeRegistry - Adding type registration java.math.BigDecimal -> org.hibernate.type.BigDecimalType@68bb48ea
[DEBUG] 2019-10-08 19-56-55.688 [http-nio-8080-exec-5] BasicTypeRegistry - Adding type registration big_integer -> org.hibernate.type.BigIntegerType@6e3275bf
[DEBUG] 2019-10-08 19-56-55.688 [http-nio-8080-exec-5] BasicTypeRegistry - Adding type registration java.math.BigInteger -> org.hibernate.type.BigIntegerType@6e3275bf
[DEBUG] 2019-10-08 19-56-55.690 [http-nio-8080-exec-5] BasicTypeRegistry - Adding type registration string -> org.hibernate.type.StringType@1d91c487
[DEBUG] 2019-10-08 19-56-55.690 [http-nio-8080-exec-5] BasicTypeRegistry - Adding type registration java.lang.String -> org.hibernate.type.StringType@1d91c487
[DEBUG] 2019-10-08 19-56-55.691 [http-nio-8080-exec-5] BasicTypeRegistry - Adding type registration nstring -> org.hibernate.type.StringNVarcharType@28d0eca4
[DEBUG] 2019-10-08 19-56-55.692 [http-nio-8080-exec-5] BasicTypeRegistry - Adding type registration ncharacter -> org.hibernate.type.CharacterNCharType@b169e4e
[DEBUG] 2019-10-08 19-56-55.694 [http-nio-8080-exec-5] BasicTypeRegistry - Adding type registration url -> org.hibernate.type.UrlType@3b33a149
[DEBUG] 2019-10-08 19-56-55.694 [http-nio-8080-exec-5] BasicTypeRegistry - Adding type registration java.net.URL -> org.hibernate.type.UrlType@3b33a149
[DEBUG] 2019-10-08 19-56-55.697 [http-nio-8080-exec-5] BasicTypeRegistry - Adding type registration Duration -> org.hibernate.type.DurationType@2670dc8a
[DEBUG] 2019-10-08 19-56-55.697 [http-nio-8080-exec-5] BasicTypeRegistry - Adding type registration java.time.Duration -> org.hibernate.type.DurationType@2670dc8a
[DEBUG] 2019-10-08 19-56-55.708 [http-nio-8080-exec-5] BasicTypeRegistry - Adding type registration Instant -> org.hibernate.type.InstantType@74ffc790
[DEBUG] 2019-10-08 19-56-55.708 [http-nio-8080-exec-5] BasicTypeRegistry - Adding type registration java.time.Instant -> org.hibernate.type.InstantType@74ffc790
[DEBUG] 2019-10-08 19-56-55.712 [http-nio-8080-exec-5] BasicTypeRegistry - Adding type registration LocalDateTime -> org.hibernate.type.LocalDateTimeType@45a13882
[DEBUG] 2019-10-08 19-56-55.712 [http-nio-8080-exec-5] BasicTypeRegistry - Adding type registration java.time.LocalDateTime -> org.hibernate.type.LocalDateTimeType@45a13882
[DEBUG] 2019-10-08 19-56-55.715 [http-nio-8080-exec-5] BasicTypeRegistry - Adding type registration LocalDate -> org.hibernate.type.LocalDateType@556f44b8
[DEBUG] 2019-10-08 19-56-55.715 [http-nio-8080-exec-5] BasicTypeRegistry - Adding type registration java.time.LocalDate -> org.hibernate.type.LocalDateType@556f44b8
[DEBUG] 2019-10-08 19-56-55.717 [http-nio-8080-exec-5] BasicTypeRegistry - Adding type registration LocalTime -> org.hibernate.type.LocalTimeType@2ca0add1
[DEBUG] 2019-10-08 19-56-55.717 [http-nio-8080-exec-5] BasicTypeRegistry - Adding type registration java.time.LocalTime -> org.hibernate.type.LocalTimeType@2ca0add1
[DEBUG] 2019-10-08 19-56-55.720 [http-nio-8080-exec-5] BasicTypeRegistry - Adding type registration OffsetDateTime -> org.hibernate.type.OffsetDateTimeType@2501e1ba
[DEBUG] 2019-10-08 19-56-55.720 [http-nio-8080-exec-5] BasicTypeRegistry - Adding type registration java.time.OffsetDateTime -> org.hibernate.type.OffsetDateTimeType@2501e1ba
[DEBUG] 2019-10-08 19-56-55.723 [http-nio-8080-exec-5] BasicTypeRegistry - Adding type registration OffsetTime -> org.hibernate.type.OffsetTimeType@6ae5e2b
[DEBUG] 2019-10-08 19-56-55.723 [http-nio-8080-exec-5] BasicTypeRegistry - Adding type registration java.time.OffsetTime -> org.hibernate.type.OffsetTimeType@6ae5e2b
[DEBUG] 2019-10-08 19-56-55.727 [http-nio-8080-exec-5] BasicTypeRegistry - Adding type registration ZonedDateTime -> org.hibernate.type.ZonedDateTimeType@6a09c34c
[DEBUG] 2019-10-08 19-56-55.728 [http-nio-8080-exec-5] BasicTypeRegistry - Adding type registration java.time.ZonedDateTime -> org.hibernate.type.ZonedDateTimeType@6a09c34c
[DEBUG] 2019-10-08 19-56-55.734 [http-nio-8080-exec-5] BasicTypeRegistry - Adding type registration date -> org.hibernate.type.DateType@3bb0981a
[DEBUG] 2019-10-08 19-56-55.734 [http-nio-8080-exec-5] BasicTypeRegistry - Adding type registration java.sql.Date -> org.hibernate.type.DateType@3bb0981a
[DEBUG] 2019-10-08 19-56-55.737 [http-nio-8080-exec-5] BasicTypeRegistry - Adding type registration time -> org.hibernate.type.TimeType@29cd4102
[DEBUG] 2019-10-08 19-56-55.737 [http-nio-8080-exec-5] BasicTypeRegistry - Adding type registration java.sql.Time -> org.hibernate.type.TimeType@29cd4102
[DEBUG] 2019-10-08 19-56-55.739 [http-nio-8080-exec-5] BasicTypeRegistry - Adding type registration timestamp -> org.hibernate.type.TimestampType@64b0b98c
[DEBUG] 2019-10-08 19-56-55.739 [http-nio-8080-exec-5] BasicTypeRegistry - Adding type registration java.sql.Timestamp -> org.hibernate.type.TimestampType@64b0b98c
[DEBUG] 2019-10-08 19-56-55.740 [http-nio-8080-exec-5] BasicTypeRegistry - Adding type registration java.util.Date -> org.hibernate.type.TimestampType@64b0b98c
[DEBUG] 2019-10-08 19-56-55.742 [http-nio-8080-exec-5] BasicTypeRegistry - Adding type registration dbtimestamp -> org.hibernate.type.DbTimestampType@182890b3
[DEBUG] 2019-10-08 19-56-55.746 [http-nio-8080-exec-5] BasicTypeRegistry - Adding type registration calendar -> org.hibernate.type.CalendarType@4860fb3a
[DEBUG] 2019-10-08 19-56-55.747 [http-nio-8080-exec-5] BasicTypeRegistry - Adding type registration java.util.Calendar -> org.hibernate.type.CalendarType@4860fb3a
[DEBUG] 2019-10-08 19-56-55.747 [http-nio-8080-exec-5] BasicTypeRegistry - Adding type registration java.util.GregorianCalendar -> org.hibernate.type.CalendarType@4860fb3a
[DEBUG] 2019-10-08 19-56-55.748 [http-nio-8080-exec-5] BasicTypeRegistry - Adding type registration calendar_date -> org.hibernate.type.CalendarDateType@39c6108a
[DEBUG] 2019-10-08 19-56-55.750 [http-nio-8080-exec-5] BasicTypeRegistry - Adding type registration locale -> org.hibernate.type.LocaleType@138cdf0c
[DEBUG] 2019-10-08 19-56-55.750 [http-nio-8080-exec-5] BasicTypeRegistry - Adding type registration java.util.Locale -> org.hibernate.type.LocaleType@138cdf0c
[DEBUG] 2019-10-08 19-56-55.753 [http-nio-8080-exec-5] BasicTypeRegistry - Adding type registration currency -> org.hibernate.type.CurrencyType@5abdfcc3
[DEBUG] 2019-10-08 19-56-55.753 [http-nio-8080-exec-5] BasicTypeRegistry - Adding type registration java.util.Currency -> org.hibernate.type.CurrencyType@5abdfcc3
[DEBUG] 2019-10-08 19-56-55.755 [http-nio-8080-exec-5] BasicTypeRegistry - Adding type registration timezone -> org.hibernate.type.TimeZoneType@2e550e6a
[DEBUG] 2019-10-08 19-56-55.755 [http-nio-8080-exec-5] BasicTypeRegistry - Adding type registration java.util.TimeZone -> org.hibernate.type.TimeZoneType@2e550e6a
[DEBUG] 2019-10-08 19-56-55.757 [http-nio-8080-exec-5] BasicTypeRegistry - Adding type registration class -> org.hibernate.type.ClassType@35cb4f36
[DEBUG] 2019-10-08 19-56-55.758 [http-nio-8080-exec-5] BasicTypeRegistry - Adding type registration java.lang.Class -> org.hibernate.type.ClassType@35cb4f36
[DEBUG] 2019-10-08 19-56-55.761 [http-nio-8080-exec-5] BasicTypeRegistry - Adding type registration uuid-binary -> org.hibernate.type.UUIDBinaryType@7adb7217
[DEBUG] 2019-10-08 19-56-55.761 [http-nio-8080-exec-5] BasicTypeRegistry - Adding type registration java.util.UUID -> org.hibernate.type.UUIDBinaryType@7adb7217
[DEBUG] 2019-10-08 19-56-55.763 [http-nio-8080-exec-5] BasicTypeRegistry - Adding type registration uuid-char -> org.hibernate.type.UUIDCharType@62237bb0
[DEBUG] 2019-10-08 19-56-55.767 [http-nio-8080-exec-5] BasicTypeRegistry - Adding type registration binary -> org.hibernate.type.BinaryType@13e6d1d8
[DEBUG] 2019-10-08 19-56-55.767 [http-nio-8080-exec-5] BasicTypeRegistry - Adding type registration byte[] -> org.hibernate.type.BinaryType@13e6d1d8
[DEBUG] 2019-10-08 19-56-55.767 [http-nio-8080-exec-5] BasicTypeRegistry - Adding type registration [B -> org.hibernate.type.BinaryType@13e6d1d8
[DEBUG] 2019-10-08 19-56-55.769 [http-nio-8080-exec-5] BasicTypeRegistry - Adding type registration wrapper-binary -> org.hibernate.type.WrapperBinaryType@5bd3ed68
[DEBUG] 2019-10-08 19-56-55.770 [http-nio-8080-exec-5] BasicTypeRegistry - Adding type registration Byte[] -> org.hibernate.type.WrapperBinaryType@5bd3ed68
[DEBUG] 2019-10-08 19-56-55.770 [http-nio-8080-exec-5] BasicTypeRegistry - Adding type registration [Ljava.lang.Byte; -> org.hibernate.type.WrapperBinaryType@5bd3ed68
[DEBUG] 2019-10-08 19-56-55.772 [http-nio-8080-exec-5] BasicTypeRegistry - Adding type registration row_version -> org.hibernate.type.RowVersionType@75314b5b
[DEBUG] 2019-10-08 19-56-55.774 [http-nio-8080-exec-5] BasicTypeRegistry - Adding type registration image -> org.hibernate.type.ImageType@21e1cb36
[DEBUG] 2019-10-08 19-56-55.776 [http-nio-8080-exec-5] BasicTypeRegistry - Adding type registration characters -> org.hibernate.type.CharArrayType@431bc143
[DEBUG] 2019-10-08 19-56-55.776 [http-nio-8080-exec-5] BasicTypeRegistry - Adding type registration char[] -> org.hibernate.type.CharArrayType@431bc143
[DEBUG] 2019-10-08 19-56-55.776 [http-nio-8080-exec-5] BasicTypeRegistry - Adding type registration [C -> org.hibernate.type.CharArrayType@431bc143
[DEBUG] 2019-10-08 19-56-55.780 [http-nio-8080-exec-5] BasicTypeRegistry - Adding type registration wrapper-characters -> org.hibernate.type.CharacterArrayType@5d047376
[DEBUG] 2019-10-08 19-56-55.780 [http-nio-8080-exec-5] BasicTypeRegistry - Adding type registration [Ljava.lang.Character; -> org.hibernate.type.CharacterArrayType@5d047376
[DEBUG] 2019-10-08 19-56-55.780 [http-nio-8080-exec-5] BasicTypeRegistry - Adding type registration Character[] -> org.hibernate.type.CharacterArrayType@5d047376
[DEBUG] 2019-10-08 19-56-55.781 [http-nio-8080-exec-5] BasicTypeRegistry - Adding type registration text -> org.hibernate.type.TextType@6cd15680
[DEBUG] 2019-10-08 19-56-55.782 [http-nio-8080-exec-5] BasicTypeRegistry - Adding type registration ntext -> org.hibernate.type.NTextType@46234e97
[DEBUG] 2019-10-08 19-56-55.785 [http-nio-8080-exec-5] BasicTypeRegistry - Adding type registration blob -> org.hibernate.type.BlobType@5962bde6
[DEBUG] 2019-10-08 19-56-55.785 [http-nio-8080-exec-5] BasicTypeRegistry - Adding type registration java.sql.Blob -> org.hibernate.type.BlobType@5962bde6
[DEBUG] 2019-10-08 19-56-55.786 [http-nio-8080-exec-5] BasicTypeRegistry - Adding type registration materialized_blob -> org.hibernate.type.MaterializedBlobType@60e17013
[DEBUG] 2019-10-08 19-56-55.789 [http-nio-8080-exec-5] BasicTypeRegistry - Adding type registration clob -> org.hibernate.type.ClobType@73c88638
[DEBUG] 2019-10-08 19-56-55.790 [http-nio-8080-exec-5] BasicTypeRegistry - Adding type registration java.sql.Clob -> org.hibernate.type.ClobType@73c88638
[DEBUG] 2019-10-08 19-56-55.796 [http-nio-8080-exec-5] BasicTypeRegistry - Adding type registration nclob -> org.hibernate.type.NClobType@27f4d69e
[DEBUG] 2019-10-08 19-56-55.796 [http-nio-8080-exec-5] BasicTypeRegistry - Adding type registration java.sql.NClob -> org.hibernate.type.NClobType@27f4d69e
[DEBUG] 2019-10-08 19-56-55.797 [http-nio-8080-exec-5] BasicTypeRegistry - Adding type registration materialized_clob -> org.hibernate.type.MaterializedClobType@4bf3c831
[DEBUG] 2019-10-08 19-56-55.798 [http-nio-8080-exec-5] BasicTypeRegistry - Adding type registration materialized_nclob -> org.hibernate.type.MaterializedNClobType@14920772
[DEBUG] 2019-10-08 19-56-55.800 [http-nio-8080-exec-5] BasicTypeRegistry - Adding type registration serializable -> org.hibernate.type.SerializableType@255f359c
[DEBUG] 2019-10-08 19-56-55.808 [http-nio-8080-exec-5] BasicTypeRegistry - Adding type registration object -> org.hibernate.type.ObjectType@1d424341
[DEBUG] 2019-10-08 19-56-55.808 [http-nio-8080-exec-5] BasicTypeRegistry - Adding type registration java.lang.Object -> org.hibernate.type.ObjectType@1d424341
[DEBUG] 2019-10-08 19-56-55.809 [http-nio-8080-exec-5] BasicTypeRegistry - Adding type registration imm_date -> org.hibernate.type.AdaptedImmutableType@58ee814a
[DEBUG] 2019-10-08 19-56-55.809 [http-nio-8080-exec-5] BasicTypeRegistry - Adding type registration imm_time -> org.hibernate.type.AdaptedImmutableType@139fe0ba
[DEBUG] 2019-10-08 19-56-55.809 [http-nio-8080-exec-5] BasicTypeRegistry - Adding type registration imm_timestamp -> org.hibernate.type.AdaptedImmutableType@262135ad
[DEBUG] 2019-10-08 19-56-55.809 [http-nio-8080-exec-5] BasicTypeRegistry - Adding type registration imm_dbtimestamp -> org.hibernate.type.AdaptedImmutableType@3d46ed7e
[DEBUG] 2019-10-08 19-56-55.809 [http-nio-8080-exec-5] BasicTypeRegistry - Adding type registration imm_calendar -> org.hibernate.type.AdaptedImmutableType@118ecf4d
[DEBUG] 2019-10-08 19-56-55.810 [http-nio-8080-exec-5] BasicTypeRegistry - Adding type registration imm_calendar_date -> org.hibernate.type.AdaptedImmutableType@7d7877f6
[DEBUG] 2019-10-08 19-56-55.810 [http-nio-8080-exec-5] BasicTypeRegistry - Adding type registration imm_binary -> org.hibernate.type.AdaptedImmutableType@525bb9a9
[DEBUG] 2019-10-08 19-56-55.810 [http-nio-8080-exec-5] BasicTypeRegistry - Adding type registration imm_serializable -> org.hibernate.type.AdaptedImmutableType@58fc8381
[DEBUG] 2019-10-08 19-56-55.881 [http-nio-8080-exec-5] DefaultIdentifierGeneratorFactory - Registering IdentifierGenerator strategy [uuid2] -> [org.hibernate.id.UUIDGenerator]
[DEBUG] 2019-10-08 19-56-55.882 [http-nio-8080-exec-5] DefaultIdentifierGeneratorFactory - Registering IdentifierGenerator strategy [guid] -> [org.hibernate.id.GUIDGenerator]
[DEBUG] 2019-10-08 19-56-55.884 [http-nio-8080-exec-5] DefaultIdentifierGeneratorFactory - Registering IdentifierGenerator strategy [uuid] -> [org.hibernate.id.UUIDHexGenerator]
[DEBUG] 2019-10-08 19-56-55.884 [http-nio-8080-exec-5] DefaultIdentifierGeneratorFactory - Registering IdentifierGenerator strategy [uuid.hex] -> [org.hibernate.id.UUIDHexGenerator]
[DEBUG] 2019-10-08 19-56-55.885 [http-nio-8080-exec-5] DefaultIdentifierGeneratorFactory - Registering IdentifierGenerator strategy [assigned] -> [org.hibernate.id.Assigned]
[DEBUG] 2019-10-08 19-56-55.887 [http-nio-8080-exec-5] DefaultIdentifierGeneratorFactory - Registering IdentifierGenerator strategy [identity] -> [org.hibernate.id.IdentityGenerator]
[DEBUG] 2019-10-08 19-56-55.888 [http-nio-8080-exec-5] DefaultIdentifierGeneratorFactory - Registering IdentifierGenerator strategy [select] -> [org.hibernate.id.SelectGenerator]
[DEBUG] 2019-10-08 19-56-55.891 [http-nio-8080-exec-5] DefaultIdentifierGeneratorFactory - Registering IdentifierGenerator strategy [sequence] -> [org.hibernate.id.enhanced.SequenceStyleGenerator]
[DEBUG] 2019-10-08 19-56-55.892 [http-nio-8080-exec-5] DefaultIdentifierGeneratorFactory - Registering IdentifierGenerator strategy [seqhilo] -> [org.hibernate.id.SequenceHiLoGenerator]
[DEBUG] 2019-10-08 19-56-55.893 [http-nio-8080-exec-5] DefaultIdentifierGeneratorFactory - Registering IdentifierGenerator strategy [increment] -> [org.hibernate.id.IncrementGenerator]
[DEBUG] 2019-10-08 19-56-55.894 [http-nio-8080-exec-5] DefaultIdentifierGeneratorFactory - Registering IdentifierGenerator strategy [foreign] -> [org.hibernate.id.ForeignGenerator]
[DEBUG] 2019-10-08 19-56-55.895 [http-nio-8080-exec-5] DefaultIdentifierGeneratorFactory - Registering IdentifierGenerator strategy [sequence-identity] -> [org.hibernate.id.SequenceIdentityGenerator]
[DEBUG] 2019-10-08 19-56-55.895 [http-nio-8080-exec-5] DefaultIdentifierGeneratorFactory - Registering IdentifierGenerator strategy [enhanced-sequence] -> [org.hibernate.id.enhanced.SequenceStyleGenerator]
[DEBUG] 2019-10-08 19-56-55.897 [http-nio-8080-exec-5] DefaultIdentifierGeneratorFactory - Registering IdentifierGenerator strategy [enhanced-table] -> [org.hibernate.id.enhanced.TableGenerator]
[INFO ] 2019-10-08 19-56-55.909 [http-nio-8080-exec-5] C3P0ConnectionProvider - HHH010002: C3P0 using driver: com.mysql.cj.jdbc.Driver at URL: jdbc:mysql://localhost:3306/test_mww
[INFO ] 2019-10-08 19-56-55.909 [http-nio-8080-exec-5] C3P0ConnectionProvider - HHH10001001: Connection properties: {password=****, user=cortezjl}
[INFO ] 2019-10-08 19-56-55.909 [http-nio-8080-exec-5] C3P0ConnectionProvider - HHH10001003: Autocommit mode: false
[INFO ] 2019-10-08 19-56-56.131 [http-nio-8080-exec-5] C3P0ConnectionProvider - HHH10001007: JDBC isolation level: <unknown>
[DEBUG] 2019-10-08 19-56-56.708 [http-nio-8080-exec-5] JdbcEnvironmentInitiator - Database ->
       name : MySQL
    version : 8.0.17
      major : 8
      minor : 0
[DEBUG] 2019-10-08 19-56-56.708 [http-nio-8080-exec-5] JdbcEnvironmentInitiator - Driver ->
       name : MySQL Connector/J
    version : mysql-connector-java-8.0.16 (Revision: 34cbc6bc61f72836e26327537a432d6db7c77de6)
      major : 8
      minor : 0
[DEBUG] 2019-10-08 19-56-56.709 [http-nio-8080-exec-5] JdbcEnvironmentInitiator - JDBC version : 4.2
[INFO ] 2019-10-08 19-56-56.784 [http-nio-8080-exec-5] Dialect - HHH000400: Using dialect: org.hibernate.dialect.MySQL8Dialect
[DEBUG] 2019-10-08 19-56-56.831 [http-nio-8080-exec-5] IdentifierHelperBuilder - JDBC driver metadata reported database stores quoted identifiers in more than one case
[DEBUG] 2019-10-08 19-56-56.874 [http-nio-8080-exec-5] IdentifierHelperBuilder - IdentifierCaseStrategy for both quoted and unquoted identifiers was set to the same strategy [LOWER]; that will likely lead to problems in schema update and validation if using quoted identifiers
[DEBUG] 2019-10-08 19-56-56.937 [http-nio-8080-exec-5] Namespace - Created database namespace [logicalName=Name{catalog=null, schema=null}, physicalName=Name{catalog=null, schema=null}]
[DEBUG] 2019-10-08 19-56-56.945 [http-nio-8080-exec-5] TypeConfiguration$Scope - Scoping TypeConfiguration [org.hibernate.type.spi.TypeConfiguration@7dc65cc8] to MetadataBuildingContext [org.hibernate.boot.internal.MetadataBuildingContextRootImpl@2787c947]
[DEBUG] 2019-10-08 19-56-57.060 [http-nio-8080-exec-5] AnnotationBinder - Binding entity from annotated class: com.juliecortez.entity.Role
[DEBUG] 2019-10-08 19-56-57.128 [http-nio-8080-exec-5] Ejb3Column - Binding column: Ejb3DiscriminatorColumn{logicalColumnName'DTYPE', discriminatorTypeName='string'}
[DEBUG] 2019-10-08 19-56-57.154 [http-nio-8080-exec-5] EntityBinder - Import with entity name Role
[DEBUG] 2019-10-08 19-56-57.159 [http-nio-8080-exec-5] EntityBinder - Bind entity com.juliecortez.entity.Role on table role
[DEBUG] 2019-10-08 19-56-57.212 [http-nio-8080-exec-5] Ejb3Column - Binding column: Ejb3Column{table=org.hibernate.mapping.Table(role), mappingColumn=id, insertable=true, updatable=true, unique=false}
[DEBUG] 2019-10-08 19-56-57.217 [http-nio-8080-exec-5] PropertyBinder - MetadataSourceProcessor property id with lazy=false
[DEBUG] 2019-10-08 19-56-57.220 [http-nio-8080-exec-5] AbstractPropertyHolder - Attempting to locate auto-apply AttributeConverter for property [com.juliecortez.entity.Role:id]
[DEBUG] 2019-10-08 19-56-57.228 [http-nio-8080-exec-5] SimpleValueBinder - building SimpleValue for id
[DEBUG] 2019-10-08 19-56-57.233 [http-nio-8080-exec-5] PropertyBinder - Building property id
[DEBUG] 2019-10-08 19-56-57.244 [http-nio-8080-exec-5] BinderHelper - #makeIdGenerator(org.hibernate.mapping.SimpleValue([org.hibernate.mapping.Column(id)]), id, org.hibernate.id.enhanced.SequenceStyleGenerator, native, ...)
[DEBUG] 2019-10-08 19-56-57.248 [http-nio-8080-exec-5] Ejb3Column - Binding column: Ejb3Column{table=org.hibernate.mapping.Table(role), mappingColumn=role, insertable=true, updatable=true, unique=false}
[DEBUG] 2019-10-08 19-56-57.248 [http-nio-8080-exec-5] PropertyBinder - MetadataSourceProcessor property role with lazy=false
[DEBUG] 2019-10-08 19-56-57.248 [http-nio-8080-exec-5] AbstractPropertyHolder - Attempting to locate auto-apply AttributeConverter for property [com.juliecortez.entity.Role:role]
[DEBUG] 2019-10-08 19-56-57.248 [http-nio-8080-exec-5] SimpleValueBinder - building SimpleValue for role
[DEBUG] 2019-10-08 19-56-57.248 [http-nio-8080-exec-5] PropertyBinder - Building property role
[DEBUG] 2019-10-08 19-56-57.251 [http-nio-8080-exec-5] Ejb3Column - Binding column: Ejb3JoinColumn{logicalColumnName='null', referencedColumn='null', mappedBy='null'}
[DEBUG] 2019-10-08 19-56-57.251 [http-nio-8080-exec-5] Ejb3Column - Binding column: Ejb3Column{table=org.hibernate.mapping.Table(role), mappingColumn=user, insertable=true, updatable=true, unique=false}
[DEBUG] 2019-10-08 19-56-57.259 [http-nio-8080-exec-5] PropertyBinder - Building property user
[DEBUG] 2019-10-08 19-56-57.262 [http-nio-8080-exec-5] AnnotationBinder - Binding entity from annotated class: com.juliecortez.entity.User
[DEBUG] 2019-10-08 19-56-57.262 [http-nio-8080-exec-5] Ejb3Column - Binding column: Ejb3DiscriminatorColumn{logicalColumnName'DTYPE', discriminatorTypeName='string'}
[DEBUG] 2019-10-08 19-56-57.262 [http-nio-8080-exec-5] EntityBinder - Import with entity name User
[DEBUG] 2019-10-08 19-56-57.262 [http-nio-8080-exec-5] EntityBinder - Bind entity com.juliecortez.entity.User on table user
[DEBUG] 2019-10-08 19-56-57.271 [http-nio-8080-exec-5] Ejb3Column - Binding column: Ejb3Column{table=org.hibernate.mapping.Table(user), mappingColumn=id, insertable=true, updatable=true, unique=false}
[DEBUG] 2019-10-08 19-56-57.272 [http-nio-8080-exec-5] PropertyBinder - MetadataSourceProcessor property id with lazy=false
[DEBUG] 2019-10-08 19-56-57.272 [http-nio-8080-exec-5] AbstractPropertyHolder - Attempting to locate auto-apply AttributeConverter for property [com.juliecortez.entity.User:id]
[DEBUG] 2019-10-08 19-56-57.272 [http-nio-8080-exec-5] SimpleValueBinder - building SimpleValue for id
[DEBUG] 2019-10-08 19-56-57.272 [http-nio-8080-exec-5] PropertyBinder - Building property id
[DEBUG] 2019-10-08 19-56-57.272 [http-nio-8080-exec-5] BinderHelper - #makeIdGenerator(org.hibernate.mapping.SimpleValue([org.hibernate.mapping.Column(id)]), id, org.hibernate.id.enhanced.SequenceStyleGenerator, native, ...)
[DEBUG] 2019-10-08 19-56-57.272 [http-nio-8080-exec-5] Ejb3Column - Binding column: Ejb3Column{table=org.hibernate.mapping.Table(user), mappingColumn=date_of_birth, insertable=true, updatable=true, unique=false}
[DEBUG] 2019-10-08 19-56-57.272 [http-nio-8080-exec-5] PropertyBinder - MetadataSourceProcessor property dateOfBirth with lazy=false
[DEBUG] 2019-10-08 19-56-57.273 [http-nio-8080-exec-5] AbstractPropertyHolder - Attempting to locate auto-apply AttributeConverter for property [com.juliecortez.entity.User:dateOfBirth]
[DEBUG] 2019-10-08 19-56-57.273 [http-nio-8080-exec-5] SimpleValueBinder - building SimpleValue for dateOfBirth
[DEBUG] 2019-10-08 19-56-57.273 [http-nio-8080-exec-5] PropertyBinder - Building property dateOfBirth
[DEBUG] 2019-10-08 19-56-57.273 [http-nio-8080-exec-5] Ejb3Column - Binding column: Ejb3Column{table=org.hibernate.mapping.Table(user), mappingColumn=first_name, insertable=true, updatable=true, unique=false}
[DEBUG] 2019-10-08 19-56-57.273 [http-nio-8080-exec-5] PropertyBinder - MetadataSourceProcessor property firstName with lazy=false
[DEBUG] 2019-10-08 19-56-57.273 [http-nio-8080-exec-5] AbstractPropertyHolder - Attempting to locate auto-apply AttributeConverter for property [com.juliecortez.entity.User:firstName]
[DEBUG] 2019-10-08 19-56-57.273 [http-nio-8080-exec-5] SimpleValueBinder - building SimpleValue for firstName
[DEBUG] 2019-10-08 19-56-57.273 [http-nio-8080-exec-5] PropertyBinder - Building property firstName
[DEBUG] 2019-10-08 19-56-57.274 [http-nio-8080-exec-5] Ejb3Column - Binding column: Ejb3Column{table=org.hibernate.mapping.Table(user), mappingColumn=last_name, insertable=true, updatable=true, unique=false}
[DEBUG] 2019-10-08 19-56-57.274 [http-nio-8080-exec-5] PropertyBinder - MetadataSourceProcessor property lastName with lazy=false
[DEBUG] 2019-10-08 19-56-57.274 [http-nio-8080-exec-5] AbstractPropertyHolder - Attempting to locate auto-apply AttributeConverter for property [com.juliecortez.entity.User:lastName]
[DEBUG] 2019-10-08 19-56-57.274 [http-nio-8080-exec-5] SimpleValueBinder - building SimpleValue for lastName
[DEBUG] 2019-10-08 19-56-57.274 [http-nio-8080-exec-5] PropertyBinder - Building property lastName
[DEBUG] 2019-10-08 19-56-57.274 [http-nio-8080-exec-5] Ejb3Column - Binding column: Ejb3JoinColumn{logicalColumnName='null', referencedColumn='null', mappedBy='user'}
[DEBUG] 2019-10-08 19-56-57.274 [http-nio-8080-exec-5] Ejb3Column - Binding column: Ejb3Column{table=org.hibernate.mapping.Table(user), mappingColumn=roles, insertable=true, updatable=true, unique=false}
[DEBUG] 2019-10-08 19-56-57.280 [http-nio-8080-exec-5] Ejb3Column - Binding column: Ejb3Column{table=org.hibernate.mapping.Table(user), mappingColumn=null, insertable=true, updatable=true, unique=false}
[DEBUG] 2019-10-08 19-56-57.304 [http-nio-8080-exec-5] Ejb3Column - Binding column: Ejb3Column{table=org.hibernate.mapping.Table(user), mappingColumn=element, insertable=true, updatable=true, unique=false}
[DEBUG] 2019-10-08 19-56-57.305 [http-nio-8080-exec-5] Ejb3Column - Binding column: Ejb3Column{table=org.hibernate.mapping.Table(user), mappingColumn=roles_KEY, insertable=true, updatable=true, unique=false}
[DEBUG] 2019-10-08 19-56-57.306 [http-nio-8080-exec-5] Ejb3Column - Binding column: Ejb3JoinColumn{logicalColumnName='roles_KEY', referencedColumn='null', mappedBy='null'}
[DEBUG] 2019-10-08 19-56-57.307 [http-nio-8080-exec-5] Ejb3Column - Binding column: Ejb3JoinColumn{logicalColumnName='null', referencedColumn='null', mappedBy='user'}
[DEBUG] 2019-10-08 19-56-57.307 [http-nio-8080-exec-5] Ejb3Column - Binding column: Ejb3JoinColumn{logicalColumnName='null', referencedColumn='null', mappedBy='user'}
[DEBUG] 2019-10-08 19-56-57.308 [http-nio-8080-exec-5] CollectionBinder - Collection role: com.juliecortez.entity.User.roles
[DEBUG] 2019-10-08 19-56-57.312 [http-nio-8080-exec-5] PropertyBinder - Building property roles
[DEBUG] 2019-10-08 19-56-57.313 [http-nio-8080-exec-5] Ejb3Column - Binding column: Ejb3Column{table=org.hibernate.mapping.Table(user), mappingColumn=user_name, insertable=true, updatable=true, unique=false}
[DEBUG] 2019-10-08 19-56-57.313 [http-nio-8080-exec-5] PropertyBinder - MetadataSourceProcessor property userName with lazy=false
[DEBUG] 2019-10-08 19-56-57.313 [http-nio-8080-exec-5] AbstractPropertyHolder - Attempting to locate auto-apply AttributeConverter for property [com.juliecortez.entity.User:userName]
[DEBUG] 2019-10-08 19-56-57.313 [http-nio-8080-exec-5] SimpleValueBinder - building SimpleValue for userName
[DEBUG] 2019-10-08 19-56-57.313 [http-nio-8080-exec-5] PropertyBinder - Building property userName
[DEBUG] 2019-10-08 19-56-57.315 [http-nio-8080-exec-5] SimpleValueBinder - Starting fillSimpleValue for id
[DEBUG] 2019-10-08 19-56-57.316 [http-nio-8080-exec-5] SimpleValueBinder - Starting fillSimpleValue for role
[DEBUG] 2019-10-08 19-56-57.316 [http-nio-8080-exec-5] SimpleValueBinder - Starting fillSimpleValue for id
[DEBUG] 2019-10-08 19-56-57.316 [http-nio-8080-exec-5] SimpleValueBinder - Starting fillSimpleValue for dateOfBirth
[DEBUG] 2019-10-08 19-56-57.316 [http-nio-8080-exec-5] SimpleValueBinder - Starting fillSimpleValue for firstName
[DEBUG] 2019-10-08 19-56-57.316 [http-nio-8080-exec-5] SimpleValueBinder - Starting fillSimpleValue for lastName
[DEBUG] 2019-10-08 19-56-57.316 [http-nio-8080-exec-5] SimpleValueBinder - Starting fillSimpleValue for userName
[DEBUG] 2019-10-08 19-56-57.328 [http-nio-8080-exec-5] PrimaryKey - Forcing column [id] to be non-null as it is part of the primary key for table [role]
[DEBUG] 2019-10-08 19-56-57.329 [http-nio-8080-exec-5] PrimaryKey - Forcing column [id] to be non-null as it is part of the primary key for table [user]
[DEBUG] 2019-10-08 19-56-57.329 [http-nio-8080-exec-5] CollectionSecondPass - Second pass for collection: com.juliecortez.entity.User.roles
[DEBUG] 2019-10-08 19-56-57.331 [http-nio-8080-exec-5] CollectionBinder - Binding a OneToMany: com.juliecortez.entity.User.roles through a foreign key
[DEBUG] 2019-10-08 19-56-57.333 [http-nio-8080-exec-5] CollectionBinder - Mapping collection: com.juliecortez.entity.User.roles -> role
[DEBUG] 2019-10-08 19-56-57.336 [http-nio-8080-exec-5] TableBinder - Retrieving property com.juliecortez.entity.Role.user
[DEBUG] 2019-10-08 19-56-57.336 [http-nio-8080-exec-5] CollectionSecondPass - Mapped collection key: user_id, one-to-many: com.juliecortez.entity.Role
[DEBUG] 2019-10-08 19-56-57.336 [http-nio-8080-exec-5] InFlightMetadataCollectorImpl - Resolving reference to class: com.juliecortez.entity.User
[DEBUG] 2019-10-08 19-56-57.342 [http-nio-8080-exec-5] InFlightMetadataCollectorImpl - Resolving reference to class: com.juliecortez.entity.User
[DEBUG] 2019-10-08 19-56-57.415 [http-nio-8080-exec-5] SessionFactoryImpl - Building session factory
[DEBUG] 2019-10-08 19-56-57.416 [http-nio-8080-exec-5] Settings - SessionFactory name : null
[DEBUG] 2019-10-08 19-56-57.416 [http-nio-8080-exec-5] Settings - Automatic flush during beforeCompletion(): enabled
[DEBUG] 2019-10-08 19-56-57.416 [http-nio-8080-exec-5] Settings - Automatic session close at end of transaction: disabled
[DEBUG] 2019-10-08 19-56-57.416 [http-nio-8080-exec-5] Settings - Statistics: disabled
[DEBUG] 2019-10-08 19-56-57.416 [http-nio-8080-exec-5] Settings - Deleted entity synthetic identifier rollback: disabled
[DEBUG] 2019-10-08 19-56-57.417 [http-nio-8080-exec-5] Settings - Default entity-mode: pojo
[DEBUG] 2019-10-08 19-56-57.417 [http-nio-8080-exec-5] Settings - Check Nullability in Core (should be disabled when Bean Validation is on): enabled
[DEBUG] 2019-10-08 19-56-57.417 [http-nio-8080-exec-5] Settings - Allow initialization of lazy state outside session : disabled
[DEBUG] 2019-10-08 19-56-57.417 [http-nio-8080-exec-5] Settings - Using BatchFetchStyle : LEGACY
[DEBUG] 2019-10-08 19-56-57.417 [http-nio-8080-exec-5] Settings - Default batch fetch size: -1
[DEBUG] 2019-10-08 19-56-57.417 [http-nio-8080-exec-5] Settings - Maximum outer join fetch depth: 2
[DEBUG] 2019-10-08 19-56-57.417 [http-nio-8080-exec-5] Settings - Default null ordering: NONE
[DEBUG] 2019-10-08 19-56-57.417 [http-nio-8080-exec-5] Settings - Order SQL updates by primary key: disabled
[DEBUG] 2019-10-08 19-56-57.417 [http-nio-8080-exec-5] Settings - Order SQL inserts for batching: disabled
[DEBUG] 2019-10-08 19-56-57.417 [http-nio-8080-exec-5] Settings - multi-tenancy strategy : NONE
[DEBUG] 2019-10-08 19-56-57.417 [http-nio-8080-exec-5] Settings - JTA Track by Thread: enabled
[DEBUG] 2019-10-08 19-56-57.417 [http-nio-8080-exec-5] Settings - Query language substitutions: {}
[DEBUG] 2019-10-08 19-56-57.417 [http-nio-8080-exec-5] Settings - Named query checking : enabled
[DEBUG] 2019-10-08 19-56-57.417 [http-nio-8080-exec-5] Settings - Second-level cache: disabled
[DEBUG] 2019-10-08 19-56-57.417 [http-nio-8080-exec-5] Settings - Second-level query cache: disabled
[DEBUG] 2019-10-08 19-56-57.417 [http-nio-8080-exec-5] Settings - Second-level query cache factory: null
[DEBUG] 2019-10-08 19-56-57.417 [http-nio-8080-exec-5] Settings - Second-level cache region prefix: null
[DEBUG] 2019-10-08 19-56-57.417 [http-nio-8080-exec-5] Settings - Optimize second-level cache for minimal puts: disabled
[DEBUG] 2019-10-08 19-56-57.417 [http-nio-8080-exec-5] Settings - Structured second-level cache entries: disabled
[DEBUG] 2019-10-08 19-56-57.417 [http-nio-8080-exec-5] Settings - Second-level cache direct-reference entries: disabled
[DEBUG] 2019-10-08 19-56-57.417 [http-nio-8080-exec-5] Settings - Automatic eviction of collection cache: disabled
[DEBUG] 2019-10-08 19-56-57.417 [http-nio-8080-exec-5] Settings - JDBC batch size: 15
[DEBUG] 2019-10-08 19-56-57.417 [http-nio-8080-exec-5] Settings - JDBC batch updates for versioned data: enabled
[DEBUG] 2019-10-08 19-56-57.417 [http-nio-8080-exec-5] Settings - Scrollable result sets: enabled
[DEBUG] 2019-10-08 19-56-57.417 [http-nio-8080-exec-5] Settings - Wrap result sets: disabled
[DEBUG] 2019-10-08 19-56-57.418 [http-nio-8080-exec-5] Settings - JDBC3 getGeneratedKeys(): enabled
[DEBUG] 2019-10-08 19-56-57.418 [http-nio-8080-exec-5] Settings - JDBC result set fetch size: null
[DEBUG] 2019-10-08 19-56-57.418 [http-nio-8080-exec-5] Settings - Connection release mode: AFTER_TRANSACTION
[DEBUG] 2019-10-08 19-56-57.418 [http-nio-8080-exec-5] Settings - Generate SQL with comments: disabled
[DEBUG] 2019-10-08 19-56-57.418 [http-nio-8080-exec-5] Settings - JPA compliance - query : 
[DEBUG] 2019-10-08 19-56-57.418 [http-nio-8080-exec-5] Settings - JPA compliance - closed-handling : 
[DEBUG] 2019-10-08 19-56-57.418 [http-nio-8080-exec-5] Settings - JPA compliance - lists : 
[DEBUG] 2019-10-08 19-56-57.418 [http-nio-8080-exec-5] Settings - JPA compliance - transactions : 
[INFO ] 2019-10-08 19-56-57.541 [http-nio-8080-exec-5] beans - HHH10005002: No explicit CDI BeanManager reference was passed to Hibernate, but CDI is available on the Hibernate ClassLoader.
[DEBUG] 2019-10-08 19-56-57.576 [http-nio-8080-exec-5] SessionFactoryImpl - Session factory constructed with filter configurations : {}
[DEBUG] 2019-10-08 19-56-57.576 [http-nio-8080-exec-5] SessionFactoryImpl - Instantiating session factory with properties: {awt.toolkit=sun.awt.windows.WToolkit, java.specification.version=11, sun.cpu.isalist=amd64, hibernate.c3p0.idle_test_period=3000, sun.jnu.encoding=Cp1252, hibernate.c3p0.min_size=5, sun.arch.data.model=64, java.vendor.url=http://java.oracle.com/, catalina.useNaming=true, openejb.provider.default=org.apache.tomee, sun.boot.library.path=C:\Program Files\Java\jdk-11.0.4\bin, com.sun.management.jmxremote.ssl=false, sun.java.command=org.apache.catalina.startup.Bootstrap start, jdk.debug=release, java.specification.vendor=Oracle Corporation, java.naming.factory.url.pkgs=org.apache.naming:org.apache.openejb.core.ivm.naming, openejb.embedder.source=ServerListener, java.version.date=2019-07-16, java.home=C:\Program Files\Java\jdk-11.0.4, ignore.endorsed.dirs=, file.separator=\, java.vm.compressedOopsMode=32-bit, line.separator=
, hibernate.c3p0.timeout=300, java.specification.name=Java Platform API Specification, java.vm.specification.vendor=Oracle Corporation, openejb.scan.webapp.container=true, com.sun.management.jmxremote.password.file=C:\Users\15635\.IntelliJIdea2019.2\system\tomcat\Unnamed_myworkweek\jmxremote.password, package.definition=sun.,java.,org.apache.catalina.,org.apache.coyote.,org.apache.jasper.,org.apache.naming.,org.apache.tomcat., openejb.deployments.classpath.filter.systemapps=false, jdk.tls.ephemeralDHKeySize=2048, user.script=, java.util.logging.config.file=C:\Users\15635\.IntelliJIdea2019.2\system\tomcat\Unnamed_myworkweek\conf\logging.properties, java.protocol.handler.pkgs=org.apache.catalina.webresources, connection.password=Security1!, sun.management.compiler=HotSpot 64-Bit Tiered Compilers, openejb.scan.webapp.container.excludes=, java.runtime.version=11.0.4+10-LTS, user.name=15635, org.apache.johnzon.max-string-length=8192, file.encoding=Cp1252, java.vendor.version=18.9, derby.system.home=C:\tomcat\bin, hibernate.connection.driver_class=com.mysql.cj.jdbc.Driver, java.io.tmpdir=C:\tomcat\temp, tomcat.util.scan.StandardJarScanFilter.jarsToScan=log4j-taglib*.jar,log4j-web*.jar,log4javascript*.jar,slf4j-taglib*.jar, java.version=11.0.4, com.sun.management.jmxremote.port=1099, tomcat.util.scan.StandardJarScanFilter.jarsToSkip=annotations-api.jar,ant-junit*.jar,ant-launcher.jar,ant.jar,asm-*.jar,aspectj*.jar,bootstrap.jar,catalina-ant.jar,catalina-ha.jar,catalina-jmx-remote.jar,catalina-storeconfig.jar,catalina-tribes.jar,catalina-ws.jar,catalina.jar,cglib-*.jar,cobertura-*.jar,commons-beanutils*.jar,commons-codec*.jar,commons-collections*.jar,commons-daemon.jar,commons-dbcp*.jar,commons-digester*.jar,commons-fileupload*.jar,commons-httpclient*.jar,commons-io*.jar,commons-lang*.jar,commons-logging*.jar,commons-math*.jar,commons-pool*.jar,dom4j-*.jar,easymock-*.jar,ecj-*.jar,el-api.jar,geronimo-spec-jaxrpc*.jar,h2*.jar,hamcrest-*.jar,hibernate*.jar,httpclient*.jar,icu4j-*.jar,jasper-el.jar,jasper.jar,jaspic-api.jar,jaxb-*.jar,jaxen-*.jar,jdom-*.jar,jetty-*.jar,jmx-tools.jar,jmx.jar,jsp-api.jar,jstl.jar,jta*.jar,junit-*.jar,junit.jar,log4j*.jar,mail*.jar,objenesis-*.jar,oraclepki.jar,oro-*.jar,servlet-api-*.jar,servlet-api.jar,slf4j*.jar,taglibs-standard-spec-*.jar,tagsoup-*.jar,tomcat-api.jar,tomcat-coyote.jar,tomcat-dbcp.jar,tomcat-i18n-*.jar,tomcat-jdbc.jar,tomcat-jni.jar,tomcat-juli-adapters.jar,tomcat-juli.jar,tomcat-util-scan.jar,tomcat-util.jar,tomcat-websocket.jar,tools.jar,websocket-api.jar,wsdl4j*.jar,xercesImpl.jar,xml-apis.jar,xmlParserAPIs-*.jar,xmlParserAPIs.jar,xom-*.jar, connection.username=cortezjl, java.vm.specification.name=Java Virtual Machine Specification, java.awt.printerjob=sun.awt.windows.WPrinterJob, sun.os.patch.level=, connection.driver_class=com.mysql.cj.jdbc.Driver, tomcat.built=May 4 2019 09:17:16 UTC, java.library.path=C:\Program Files\Java\jdk-11.0.4\bin;C:\Windows\Sun\Java\bin;C:\Windows\system32;C:\Windows;C:\Windows\system32;C:\Windows;C:\Windows\System32\Wbem;C:\Windows\System32\WindowsPowerShell\v1.0\;C:\Windows\System32\OpenSSH\;C:\Program Files\Git\cmd;C:\Program Files (x86)\Intel\Intel(R) Management Engine Components\DAL;C:\Program Files\Intel\Intel(R) Management Engine Components\DAL;C:\Program Files\MySQL\MySQL Shell 8.0\bin\;., java.vendor=Oracle Corporation, tomee.version=7.1.1, java.rmi.server.randomIDs=true, sun.io.unicode.encoding=UnicodeLittle, tomcat.util.buf.StringCache.byte.enabled=true, sun.desktop=windows, java.class.path=C:\tomcat\bin\bootstrap.jar;C:\tomcat\bin\tomcat-juli.jar, tomcat.version=8.5.41.0, java.vm.vendor=Oracle Corporation, openejb.home=C:\tomcat, user.variant=, openejb.system.apps=true, user.timezone=America/Chicago, os.name=Windows 10, java.vm.specification.version=11, sun.java.launcher=SUN_STANDARD, user.country=US, openejb.base=C:\Users\15635\.IntelliJIdea2019.2\system\tomcat\Unnamed_myworkweek, com.sun.management.jmxremote=, sun.cpu.endian=little, user.home=C:\Users\15635, hibernate.c3p0.max_statements=50, user.language=en, openejb.deployments.classpath=false, java.awt.graphicsenv=sun.awt.Win32GraphicsEnvironment, package.access=sun.,org.apache.catalina.,org.apache.coyote.,org.apache.jasper.,org.apache.tomcat., openejb.loader=tomcat-system, server.loader=, com.sun.management.jmxremote.access.file=C:\Users\15635\.IntelliJIdea2019.2\system\tomcat\Unnamed_myworkweek\jmxremote.access, hibernate.c3p0.max_size=20, java.naming.factory.initial=org.apache.naming.java.javaURLContextFactory, path.separator=;, org.apache.openejb.core.security.JaccProvider=org.apache.openejb.core.security.jacc.BasicJaccProvider, common.loader="C:/tomcat/lib","C:/tomcat/lib/*.jar","C:\tomcat/lib","C:\tomcat/lib/*.jar", hibernate.connection.username=****, os.version=10.0, openejb.version=7.1.1, org.apache.security.jacc.EJBMethodPermission.methodInterfaces=BusinessLocalHome,BusinessRemoteHome,BusinessRemote,BusinessLocal, java.runtime.name=Java(TM) SE Runtime Environment, hibernate.connection.url=jdbc:mysql://localhost:3306/test_mww, java.vm.name=Java HotSpot(TM) 64-Bit Server VM, openejb.scan.webapp.container.includes=.*(geronimo|mp-jwt|failsafe).*, java.vendor.url.bug=http://bugreport.java.com/bugreport/, tomee.remote.support=true, catalina.home=C:\tomcat, user.dir=C:\tomcat\bin, bval.in-container=true, os.arch=amd64, openjpa.Log=org.apache.openejb.openjpa.JULOpenJPALogFactory, hibernate.connection.password=****, tomee.serialization.class.blacklist=-, tomee.serialization.class.whitelist=, shared.loader=, catalina.base=C:\Users\15635\.IntelliJIdea2019.2\system\tomcat\Unnamed_myworkweek, hibernate.boot.CfgXmlAccessService.key=org.hibernate.boot.cfgxml.spi.LoadedConfig@37826d8c, noBanner=true, java.util.logging.manager=org.apache.juli.ClassLoaderLogManager, org.apache.webbeans.logger.WebBeansLoggerFacade=org.apache.openejb.cdi.logging.ContainerJULLoggerFactory, java.vm.info=mixed mode, java.vm.version=11.0.4+10-LTS, hibernate.bytecode.use_reflection_optimizer=false, java.rmi.server.hostname=127.0.0.1, javax.security.jacc.PolicyConfigurationFactory.provider=org.apache.openejb.core.security.JaccProvider$Factory, connection.url=jdbc:mysql://localhost:3306/test_mww, java.class.version=55.0, authconfigprovider.factory=false}
[DEBUG] 2019-10-08 19-56-57.615 [http-nio-8080-exec-5] ClassLoaderAccessImpl - Not known whether passed class name [com.juliecortez.entity.User] is safe
[DEBUG] 2019-10-08 19-56-57.615 [http-nio-8080-exec-5] ClassLoaderAccessImpl - No temp ClassLoader provided; using live ClassLoader for loading potentially unsafe class : com.juliecortez.entity.User
[DEBUG] 2019-10-08 19-56-57.625 [http-nio-8080-exec-5] ClassLoaderAccessImpl - Not known whether passed class name [com.juliecortez.entity.Role] is safe
[DEBUG] 2019-10-08 19-56-57.625 [http-nio-8080-exec-5] ClassLoaderAccessImpl - No temp ClassLoader provided; using live ClassLoader for loading potentially unsafe class : com.juliecortez.entity.Role
[DEBUG] 2019-10-08 19-56-57.630 [http-nio-8080-exec-5] JaccIntegrator - Skipping JACC integration as it was not enabled
[DEBUG] 2019-10-08 19-56-57.633 [http-nio-8080-exec-5] SessionFactoryImpl - Instantiated session factory
[DEBUG] 2019-10-08 19-56-57.633 [http-nio-8080-exec-5] TypeConfiguration$Scope - Scoping TypeConfiguration [org.hibernate.type.spi.TypeConfiguration@7dc65cc8] to SessionFactoryImpl [org.hibernate.internal.SessionFactoryImpl@5e254267]
[DEBUG] 2019-10-08 19-56-57.723 [http-nio-8080-exec-5] ClassLoaderAccessImpl - Not known whether passed class name [com.juliecortez.entity.User] is safe
[DEBUG] 2019-10-08 19-56-57.723 [http-nio-8080-exec-5] ClassLoaderAccessImpl - No temp ClassLoader provided; using live ClassLoader for loading potentially unsafe class : com.juliecortez.entity.User
[DEBUG] 2019-10-08 19-56-57.770 [http-nio-8080-exec-5] ClassLoaderAccessImpl - Not known whether passed class name [com.juliecortez.entity.User] is safe
[DEBUG] 2019-10-08 19-56-57.770 [http-nio-8080-exec-5] ClassLoaderAccessImpl - No temp ClassLoader provided; using live ClassLoader for loading potentially unsafe class : com.juliecortez.entity.User
[DEBUG] 2019-10-08 19-56-58.218 [http-nio-8080-exec-5] ClassLoaderAccessImpl - Not known whether passed class name [com.juliecortez.entity.Role] is safe
[DEBUG] 2019-10-08 19-56-58.219 [http-nio-8080-exec-5] ClassLoaderAccessImpl - No temp ClassLoader provided; using live ClassLoader for loading potentially unsafe class : com.juliecortez.entity.Role
[DEBUG] 2019-10-08 19-56-58.219 [http-nio-8080-exec-5] ClassLoaderAccessImpl - Not known whether passed class name [com.juliecortez.entity.Role] is safe
[DEBUG] 2019-10-08 19-56-58.219 [http-nio-8080-exec-5] ClassLoaderAccessImpl - No temp ClassLoader provided; using live ClassLoader for loading potentially unsafe class : com.juliecortez.entity.Role
[DEBUG] 2019-10-08 19-56-58.242 [http-nio-8080-exec-5] AbstractCollectionPersister - Static SQL for collection: com.juliecortez.entity.User.roles
[DEBUG] 2019-10-08 19-56-58.242 [http-nio-8080-exec-5] AbstractCollectionPersister -  Row insert: update role set user_id=? where id=?
[DEBUG] 2019-10-08 19-56-58.242 [http-nio-8080-exec-5] AbstractCollectionPersister -  Row update: update role set  where id=?
[DEBUG] 2019-10-08 19-56-58.242 [http-nio-8080-exec-5] AbstractCollectionPersister -  Row delete: update role set user_id=null where user_id=? and id=?
[DEBUG] 2019-10-08 19-56-58.242 [http-nio-8080-exec-5] AbstractCollectionPersister -  One-shot delete: update role set user_id=null where user_id=?
[DEBUG] 2019-10-08 19-56-58.251 [http-nio-8080-exec-5] AbstractEntityPersister - Static SQL for entity: com.juliecortez.entity.User
[DEBUG] 2019-10-08 19-56-58.252 [http-nio-8080-exec-5] AbstractEntityPersister -  Version select: select id from user where id =?
[DEBUG] 2019-10-08 19-56-58.252 [http-nio-8080-exec-5] AbstractEntityPersister -  Snapshot select: select user_.id, user_.date_of_birth as date_of_2_1_, user_.first_name as first_na3_1_, user_.last_name as last_nam4_1_, user_.user_name as user_nam5_1_ from user user_ where user_.id=?
[DEBUG] 2019-10-08 19-56-58.252 [http-nio-8080-exec-5] AbstractEntityPersister -  Insert 0: insert into user (date_of_birth, first_name, last_name, user_name, id) values (?, ?, ?, ?, ?)
[DEBUG] 2019-10-08 19-56-58.252 [http-nio-8080-exec-5] AbstractEntityPersister -  Update 0: update user set date_of_birth=?, first_name=?, last_name=?, user_name=? where id=?
[DEBUG] 2019-10-08 19-56-58.252 [http-nio-8080-exec-5] AbstractEntityPersister -  Delete 0: delete from user where id=?
[DEBUG] 2019-10-08 19-56-58.252 [http-nio-8080-exec-5] AbstractEntityPersister -  Identity insert: insert into user (date_of_birth, first_name, last_name, user_name) values (?, ?, ?, ?)
[DEBUG] 2019-10-08 19-56-58.306 [http-nio-8080-exec-5] QuerySpacesImpl - Adding QuerySpace : uid = <gen:0> -> org.hibernate.loader.plan.build.internal.spaces.EntityQuerySpaceImpl@36048fd2]
[DEBUG] 2019-10-08 19-56-58.309 [http-nio-8080-exec-5] MetamodelGraphWalker - Visiting attribute path : dateOfBirth
[DEBUG] 2019-10-08 19-56-58.309 [http-nio-8080-exec-5] MetamodelGraphWalker - Visiting attribute path : firstName
[DEBUG] 2019-10-08 19-56-58.309 [http-nio-8080-exec-5] MetamodelGraphWalker - Visiting attribute path : lastName
[DEBUG] 2019-10-08 19-56-58.309 [http-nio-8080-exec-5] MetamodelGraphWalker - Visiting attribute path : roles
[DEBUG] 2019-10-08 19-56-58.322 [http-nio-8080-exec-5] QuerySpacesImpl - Adding QuerySpace : uid = <gen:1> -> org.hibernate.loader.plan.build.internal.spaces.CollectionQuerySpaceImpl@70d0af45]
[DEBUG] 2019-10-08 19-56-58.327 [http-nio-8080-exec-5] QuerySpacesImpl - Adding QuerySpace : uid = <gen:2> -> org.hibernate.loader.plan.build.internal.spaces.EntityQuerySpaceImpl@4c3afce1]
[DEBUG] 2019-10-08 19-56-58.331 [http-nio-8080-exec-5] MetamodelGraphWalker - Visiting attribute path : roles.role
[DEBUG] 2019-10-08 19-56-58.331 [http-nio-8080-exec-5] MetamodelGraphWalker - Visiting attribute path : roles.user
[DEBUG] 2019-10-08 19-56-58.331 [http-nio-8080-exec-5] MetamodelGraphWalker - Property path deemed to be circular : roles.user
[DEBUG] 2019-10-08 19-56-58.332 [http-nio-8080-exec-5] MetamodelGraphWalker - Visiting attribute path : userName
[DEBUG] 2019-10-08 19-56-58.332 [http-nio-8080-exec-5] FetchStyleLoadPlanBuildingAssociationVisitationStrategy - Building LoadPlan...
[DEBUG] 2019-10-08 19-56-58.360 [http-nio-8080-exec-5] LoadQueryJoinAndFetchProcessor - processing queryspace <gen:0>
[DEBUG] 2019-10-08 19-56-58.374 [http-nio-8080-exec-5] LoadPlanTreePrinter - LoadPlan(entity=com.juliecortez.entity.User)
    - Returns
       - EntityReturnImpl(entity=com.juliecortez.entity.User, querySpaceUid=<gen:0>, path=com.juliecortez.entity.User)
          - CollectionAttributeFetchImpl(collection=com.juliecortez.entity.User.roles, querySpaceUid=<gen:1>, path=com.juliecortez.entity.User.roles)
             - (collection element) CollectionFetchableElementEntityGraph(entity=com.juliecortez.entity.Role, querySpaceUid=<gen:2>, path=com.juliecortez.entity.User.roles.<elements>)
    - QuerySpaces
       - EntityQuerySpaceImpl(uid=<gen:0>, entity=com.juliecortez.entity.User)
          - SQL table alias mapping - user0_
          - alias suffix - 0_
          - suffixed key columns - {id1_1_0_}
          - JOIN (JoinDefinedByMetadata(roles)) : <gen:0> -> <gen:1>
             - CollectionQuerySpaceImpl(uid=<gen:1>, collection=com.juliecortez.entity.User.roles)
                - SQL table alias mapping - roles1_
                - alias suffix - 1_
                - suffixed key columns - {user_id3_0_1_}
                - entity-element alias suffix - 2_
                - 2_entity-element suffixed key columns - id1_0_2_
                - JOIN (JoinDefinedByMetadata(elements)) : <gen:1> -> <gen:2>
                   - EntityQuerySpaceImpl(uid=<gen:2>, entity=com.juliecortez.entity.Role)
                      - SQL table alias mapping - roles1_
                      - alias suffix - 2_
                      - suffixed key columns - {id1_0_2_}

[DEBUG] 2019-10-08 19-56-58.381 [http-nio-8080-exec-5] EntityLoader - Static select for entity com.juliecortez.entity.User [NONE]: select user0_.id as id1_1_0_, user0_.date_of_birth as date_of_2_1_0_, user0_.first_name as first_na3_1_0_, user0_.last_name as last_nam4_1_0_, user0_.user_name as user_nam5_1_0_, roles1_.user_id as user_id3_0_1_, roles1_.id as id1_0_1_, roles1_.id as id1_0_2_, roles1_.role as role2_0_2_, roles1_.user_id as user_id3_0_2_ from user user0_ left outer join role roles1_ on user0_.id=roles1_.user_id where user0_.id=?
[DEBUG] 2019-10-08 19-56-58.382 [http-nio-8080-exec-5] QuerySpacesImpl - Adding QuerySpace : uid = <gen:0> -> org.hibernate.loader.plan.build.internal.spaces.EntityQuerySpaceImpl@44ba3ecb]
[DEBUG] 2019-10-08 19-56-58.382 [http-nio-8080-exec-5] MetamodelGraphWalker - Visiting attribute path : dateOfBirth
[DEBUG] 2019-10-08 19-56-58.382 [http-nio-8080-exec-5] MetamodelGraphWalker - Visiting attribute path : firstName
[DEBUG] 2019-10-08 19-56-58.382 [http-nio-8080-exec-5] MetamodelGraphWalker - Visiting attribute path : lastName
[DEBUG] 2019-10-08 19-56-58.382 [http-nio-8080-exec-5] MetamodelGraphWalker - Visiting attribute path : roles
[DEBUG] 2019-10-08 19-56-58.382 [http-nio-8080-exec-5] QuerySpacesImpl - Adding QuerySpace : uid = <gen:1> -> org.hibernate.loader.plan.build.internal.spaces.CollectionQuerySpaceImpl@3a0d56b4]
[DEBUG] 2019-10-08 19-56-58.382 [http-nio-8080-exec-5] QuerySpacesImpl - Adding QuerySpace : uid = <gen:2> -> org.hibernate.loader.plan.build.internal.spaces.EntityQuerySpaceImpl@5def2fa0]
[DEBUG] 2019-10-08 19-56-58.382 [http-nio-8080-exec-5] MetamodelGraphWalker - Visiting attribute path : roles.role
[DEBUG] 2019-10-08 19-56-58.382 [http-nio-8080-exec-5] MetamodelGraphWalker - Visiting attribute path : roles.user
[DEBUG] 2019-10-08 19-56-58.382 [http-nio-8080-exec-5] MetamodelGraphWalker - Property path deemed to be circular : roles.user
[DEBUG] 2019-10-08 19-56-58.382 [http-nio-8080-exec-5] MetamodelGraphWalker - Visiting attribute path : userName
[DEBUG] 2019-10-08 19-56-58.382 [http-nio-8080-exec-5] FetchStyleLoadPlanBuildingAssociationVisitationStrategy - Building LoadPlan...
[DEBUG] 2019-10-08 19-56-58.382 [http-nio-8080-exec-5] LoadQueryJoinAndFetchProcessor - processing queryspace <gen:0>
[DEBUG] 2019-10-08 19-56-58.383 [http-nio-8080-exec-5] LoadPlanTreePrinter - LoadPlan(entity=com.juliecortez.entity.User)
    - Returns
       - EntityReturnImpl(entity=com.juliecortez.entity.User, querySpaceUid=<gen:0>, path=com.juliecortez.entity.User)
          - CollectionAttributeFetchImpl(collection=com.juliecortez.entity.User.roles, querySpaceUid=<gen:1>, path=com.juliecortez.entity.User.roles)
             - (collection element) CollectionFetchableElementEntityGraph(entity=com.juliecortez.entity.Role, querySpaceUid=<gen:2>, path=com.juliecortez.entity.User.roles.<elements>)
    - QuerySpaces
       - EntityQuerySpaceImpl(uid=<gen:0>, entity=com.juliecortez.entity.User)
          - SQL table alias mapping - user0_
          - alias suffix - 0_
          - suffixed key columns - {id1_1_0_}
          - JOIN (JoinDefinedByMetadata(roles)) : <gen:0> -> <gen:1>
             - CollectionQuerySpaceImpl(uid=<gen:1>, collection=com.juliecortez.entity.User.roles)
                - SQL table alias mapping - roles1_
                - alias suffix - 1_
                - suffixed key columns - {user_id3_0_1_}
                - entity-element alias suffix - 2_
                - 2_entity-element suffixed key columns - id1_0_2_
                - JOIN (JoinDefinedByMetadata(elements)) : <gen:1> -> <gen:2>
                   - EntityQuerySpaceImpl(uid=<gen:2>, entity=com.juliecortez.entity.Role)
                      - SQL table alias mapping - roles1_
                      - alias suffix - 2_
                      - suffixed key columns - {id1_0_2_}

[DEBUG] 2019-10-08 19-56-58.383 [http-nio-8080-exec-5] EntityLoader - Static select for entity com.juliecortez.entity.User [READ]: select user0_.id as id1_1_0_, user0_.date_of_birth as date_of_2_1_0_, user0_.first_name as first_na3_1_0_, user0_.last_name as last_nam4_1_0_, user0_.user_name as user_nam5_1_0_, roles1_.user_id as user_id3_0_1_, roles1_.id as id1_0_1_, roles1_.id as id1_0_2_, roles1_.role as role2_0_2_, roles1_.user_id as user_id3_0_2_ from user user0_ left outer join role roles1_ on user0_.id=roles1_.user_id where user0_.id=?
[DEBUG] 2019-10-08 19-56-58.412 [http-nio-8080-exec-5] Loader - Static select for action ACTION_MERGE on entity com.juliecortez.entity.User: select user0_.id as id1_1_1_, user0_.date_of_birth as date_of_2_1_1_, user0_.first_name as first_na3_1_1_, user0_.last_name as last_nam4_1_1_, user0_.user_name as user_nam5_1_1_, roles1_.user_id as user_id3_0_3_, roles1_.id as id1_0_3_, roles1_.id as id1_0_0_, roles1_.role as role2_0_0_, roles1_.user_id as user_id3_0_0_ from user user0_ left outer join role roles1_ on user0_.id=roles1_.user_id where user0_.id=?
[DEBUG] 2019-10-08 19-56-58.413 [http-nio-8080-exec-5] Loader - Static select for action ACTION_REFRESH on entity com.juliecortez.entity.User: select user0_.id as id1_1_1_, user0_.date_of_birth as date_of_2_1_1_, user0_.first_name as first_na3_1_1_, user0_.last_name as last_nam4_1_1_, user0_.user_name as user_nam5_1_1_, roles1_.user_id as user_id3_0_3_, roles1_.id as id1_0_3_, roles1_.id as id1_0_0_, roles1_.role as role2_0_0_, roles1_.user_id as user_id3_0_0_ from user user0_ left outer join role roles1_ on user0_.id=roles1_.user_id where user0_.id=?
[DEBUG] 2019-10-08 19-56-58.413 [http-nio-8080-exec-5] AbstractEntityPersister - Static SQL for entity: com.juliecortez.entity.Role
[DEBUG] 2019-10-08 19-56-58.413 [http-nio-8080-exec-5] AbstractEntityPersister -  Version select: select id from role where id =?
[DEBUG] 2019-10-08 19-56-58.413 [http-nio-8080-exec-5] AbstractEntityPersister -  Snapshot select: select role_.id, role_.role as role2_0_, role_.user_id as user_id3_0_ from role role_ where role_.id=?
[DEBUG] 2019-10-08 19-56-58.413 [http-nio-8080-exec-5] AbstractEntityPersister -  Insert 0: insert into role (role, user_id, id) values (?, ?, ?)
[DEBUG] 2019-10-08 19-56-58.413 [http-nio-8080-exec-5] AbstractEntityPersister -  Update 0: update role set role=?, user_id=? where id=?
[DEBUG] 2019-10-08 19-56-58.413 [http-nio-8080-exec-5] AbstractEntityPersister -  Delete 0: delete from role where id=?
[DEBUG] 2019-10-08 19-56-58.413 [http-nio-8080-exec-5] AbstractEntityPersister -  Identity insert: insert into role (role, user_id) values (?, ?)
[DEBUG] 2019-10-08 19-56-58.414 [http-nio-8080-exec-5] QuerySpacesImpl - Adding QuerySpace : uid = <gen:0> -> org.hibernate.loader.plan.build.internal.spaces.EntityQuerySpaceImpl@6f1f731f]
[DEBUG] 2019-10-08 19-56-58.414 [http-nio-8080-exec-5] MetamodelGraphWalker - Visiting attribute path : role
[DEBUG] 2019-10-08 19-56-58.414 [http-nio-8080-exec-5] MetamodelGraphWalker - Visiting attribute path : user
[DEBUG] 2019-10-08 19-56-58.414 [http-nio-8080-exec-5] QuerySpacesImpl - Adding QuerySpace : uid = <gen:1> -> org.hibernate.loader.plan.build.internal.spaces.EntityQuerySpaceImpl@390638c1]
[DEBUG] 2019-10-08 19-56-58.416 [http-nio-8080-exec-5] MetamodelGraphWalker - Visiting attribute path : user.dateOfBirth
[DEBUG] 2019-10-08 19-56-58.416 [http-nio-8080-exec-5] MetamodelGraphWalker - Visiting attribute path : user.firstName
[DEBUG] 2019-10-08 19-56-58.416 [http-nio-8080-exec-5] MetamodelGraphWalker - Visiting attribute path : user.lastName
[DEBUG] 2019-10-08 19-56-58.416 [http-nio-8080-exec-5] MetamodelGraphWalker - Visiting attribute path : user.roles
[DEBUG] 2019-10-08 19-56-58.416 [http-nio-8080-exec-5] MetamodelGraphWalker - Property path deemed to be circular : user.roles
[DEBUG] 2019-10-08 19-56-58.416 [http-nio-8080-exec-5] MetamodelGraphWalker - Visiting attribute path : user.userName
[DEBUG] 2019-10-08 19-56-58.417 [http-nio-8080-exec-5] FetchStyleLoadPlanBuildingAssociationVisitationStrategy - Building LoadPlan...
[DEBUG] 2019-10-08 19-56-58.417 [http-nio-8080-exec-5] LoadQueryJoinAndFetchProcessor - processing queryspace <gen:0>
[DEBUG] 2019-10-08 19-56-58.418 [http-nio-8080-exec-5] LoadPlanTreePrinter - LoadPlan(entity=com.juliecortez.entity.Role)
    - Returns
       - EntityReturnImpl(entity=com.juliecortez.entity.Role, querySpaceUid=<gen:0>, path=com.juliecortez.entity.Role)
          - EntityAttributeFetchImpl(entity=com.juliecortez.entity.User, querySpaceUid=<gen:1>, path=com.juliecortez.entity.Role.user)
    - QuerySpaces
       - EntityQuerySpaceImpl(uid=<gen:0>, entity=com.juliecortez.entity.Role)
          - SQL table alias mapping - role0_
          - alias suffix - 0_
          - suffixed key columns - {id1_0_0_}
          - JOIN (JoinDefinedByMetadata(user)) : <gen:0> -> <gen:1>
             - EntityQuerySpaceImpl(uid=<gen:1>, entity=com.juliecortez.entity.User)
                - SQL table alias mapping - user1_
                - alias suffix - 1_
                - suffixed key columns - {id1_1_1_}

[DEBUG] 2019-10-08 19-56-58.418 [http-nio-8080-exec-5] EntityLoader - Static select for entity com.juliecortez.entity.Role [NONE]: select role0_.id as id1_0_0_, role0_.role as role2_0_0_, role0_.user_id as user_id3_0_0_, user1_.id as id1_1_1_, user1_.date_of_birth as date_of_2_1_1_, user1_.first_name as first_na3_1_1_, user1_.last_name as last_nam4_1_1_, user1_.user_name as user_nam5_1_1_ from role role0_ left outer join user user1_ on role0_.user_id=user1_.id where role0_.id=?
[DEBUG] 2019-10-08 19-56-58.418 [http-nio-8080-exec-5] QuerySpacesImpl - Adding QuerySpace : uid = <gen:0> -> org.hibernate.loader.plan.build.internal.spaces.EntityQuerySpaceImpl@443eefbf]
[DEBUG] 2019-10-08 19-56-58.418 [http-nio-8080-exec-5] MetamodelGraphWalker - Visiting attribute path : role
[DEBUG] 2019-10-08 19-56-58.418 [http-nio-8080-exec-5] MetamodelGraphWalker - Visiting attribute path : user
[DEBUG] 2019-10-08 19-56-58.418 [http-nio-8080-exec-5] QuerySpacesImpl - Adding QuerySpace : uid = <gen:1> -> org.hibernate.loader.plan.build.internal.spaces.EntityQuerySpaceImpl@bfedc2c]
[DEBUG] 2019-10-08 19-56-58.418 [http-nio-8080-exec-5] MetamodelGraphWalker - Visiting attribute path : user.dateOfBirth
[DEBUG] 2019-10-08 19-56-58.418 [http-nio-8080-exec-5] MetamodelGraphWalker - Visiting attribute path : user.firstName
[DEBUG] 2019-10-08 19-56-58.418 [http-nio-8080-exec-5] MetamodelGraphWalker - Visiting attribute path : user.lastName
[DEBUG] 2019-10-08 19-56-58.418 [http-nio-8080-exec-5] MetamodelGraphWalker - Visiting attribute path : user.roles
[DEBUG] 2019-10-08 19-56-58.419 [http-nio-8080-exec-5] MetamodelGraphWalker - Property path deemed to be circular : user.roles
[DEBUG] 2019-10-08 19-56-58.419 [http-nio-8080-exec-5] MetamodelGraphWalker - Visiting attribute path : user.userName
[DEBUG] 2019-10-08 19-56-58.419 [http-nio-8080-exec-5] FetchStyleLoadPlanBuildingAssociationVisitationStrategy - Building LoadPlan...
[DEBUG] 2019-10-08 19-56-58.419 [http-nio-8080-exec-5] LoadQueryJoinAndFetchProcessor - processing queryspace <gen:0>
[DEBUG] 2019-10-08 19-56-58.419 [http-nio-8080-exec-5] LoadPlanTreePrinter - LoadPlan(entity=com.juliecortez.entity.Role)
    - Returns
       - EntityReturnImpl(entity=com.juliecortez.entity.Role, querySpaceUid=<gen:0>, path=com.juliecortez.entity.Role)
          - EntityAttributeFetchImpl(entity=com.juliecortez.entity.User, querySpaceUid=<gen:1>, path=com.juliecortez.entity.Role.user)
    - QuerySpaces
       - EntityQuerySpaceImpl(uid=<gen:0>, entity=com.juliecortez.entity.Role)
          - SQL table alias mapping - role0_
          - alias suffix - 0_
          - suffixed key columns - {id1_0_0_}
          - JOIN (JoinDefinedByMetadata(user)) : <gen:0> -> <gen:1>
             - EntityQuerySpaceImpl(uid=<gen:1>, entity=com.juliecortez.entity.User)
                - SQL table alias mapping - user1_
                - alias suffix - 1_
                - suffixed key columns - {id1_1_1_}

[DEBUG] 2019-10-08 19-56-58.419 [http-nio-8080-exec-5] EntityLoader - Static select for entity com.juliecortez.entity.Role [READ]: select role0_.id as id1_0_0_, role0_.role as role2_0_0_, role0_.user_id as user_id3_0_0_, user1_.id as id1_1_1_, user1_.date_of_birth as date_of_2_1_1_, user1_.first_name as first_na3_1_1_, user1_.last_name as last_nam4_1_1_, user1_.user_name as user_nam5_1_1_ from role role0_ left outer join user user1_ on role0_.user_id=user1_.id where role0_.id=?
[DEBUG] 2019-10-08 19-56-58.420 [http-nio-8080-exec-5] Loader - Static select for action ACTION_MERGE on entity com.juliecortez.entity.Role: select role0_.id as id1_0_0_, role0_.role as role2_0_0_, role0_.user_id as user_id3_0_0_ from role role0_ where role0_.id=?
[DEBUG] 2019-10-08 19-56-58.420 [http-nio-8080-exec-5] Loader - Static select for action ACTION_REFRESH on entity com.juliecortez.entity.Role: select role0_.id as id1_0_0_, role0_.role as role2_0_0_, role0_.user_id as user_id3_0_0_ from role role0_ where role0_.id=?
[DEBUG] 2019-10-08 19-56-58.434 [http-nio-8080-exec-5] QuerySpacesImpl - Adding QuerySpace : uid = <gen:0> -> org.hibernate.loader.plan.build.internal.spaces.CollectionQuerySpaceImpl@133f4aec]
[DEBUG] 2019-10-08 19-56-58.434 [http-nio-8080-exec-5] QuerySpacesImpl - Adding QuerySpace : uid = <gen:1> -> org.hibernate.loader.plan.build.internal.spaces.EntityQuerySpaceImpl@24b6db8a]
[DEBUG] 2019-10-08 19-56-58.434 [http-nio-8080-exec-5] MetamodelGraphWalker - Visiting attribute path : role
[DEBUG] 2019-10-08 19-56-58.435 [http-nio-8080-exec-5] MetamodelGraphWalker - Visiting attribute path : user
[DEBUG] 2019-10-08 19-56-58.435 [http-nio-8080-exec-5] MetamodelGraphWalker - Property path deemed to be circular : user
[DEBUG] 2019-10-08 19-56-58.435 [http-nio-8080-exec-5] FetchStyleLoadPlanBuildingAssociationVisitationStrategy - Building LoadPlan...
[DEBUG] 2019-10-08 19-56-58.443 [http-nio-8080-exec-5] LoadQueryJoinAndFetchProcessor - processing queryspace <gen:0>
[DEBUG] 2019-10-08 19-56-58.443 [http-nio-8080-exec-5] LoadPlanTreePrinter - LoadPlan(collection=com.juliecortez.entity.User.roles)
    - Returns
       - CollectionReturnImpl(collection=com.juliecortez.entity.User.roles, querySpaceUid=<gen:0>, path=[com.juliecortez.entity.User.roles])
          - (collection element) CollectionFetchableElementEntityGraph(entity=com.juliecortez.entity.Role, querySpaceUid=<gen:1>, path=[com.juliecortez.entity.User.roles].<elements>)
    - QuerySpaces
       - CollectionQuerySpaceImpl(uid=<gen:0>, collection=com.juliecortez.entity.User.roles)
          - SQL table alias mapping - roles0_
          - alias suffix - 0_
          - suffixed key columns - {user_id3_0_0_}
          - entity-element alias suffix - 1_
          - 1_entity-element suffixed key columns - id1_0_1_
          - JOIN (JoinDefinedByMetadata(elements)) : <gen:0> -> <gen:1>
             - EntityQuerySpaceImpl(uid=<gen:1>, entity=com.juliecortez.entity.Role)
                - SQL table alias mapping - roles0_
                - alias suffix - 1_
                - suffixed key columns - {id1_0_1_}

[DEBUG] 2019-10-08 19-56-58.446 [http-nio-8080-exec-5] CollectionLoader - Static select for collection com.juliecortez.entity.User.roles: select roles0_.user_id as user_id3_0_0_, roles0_.id as id1_0_0_, roles0_.id as id1_0_1_, roles0_.role as role2_0_1_, roles0_.user_id as user_id3_0_1_ from role roles0_ where roles0_.user_id=?
[DEBUG] 2019-10-08 19-56-58.528 [http-nio-8080-exec-5] SchemaManagementToolCoordinator - No actions specified; doing nothing
[DEBUG] 2019-10-08 19-56-58.529 [http-nio-8080-exec-5] JtaPlatformInitiator - No JtaPlatform was specified, checking resolver
[DEBUG] 2019-10-08 19-56-58.530 [http-nio-8080-exec-5] JtaPlatformResolverInitiator - No JtaPlatformResolver was specified, using default [org.hibernate.engine.transaction.jta.platform.internal.StandardJtaPlatformResolver]
[DEBUG] 2019-10-08 19-56-58.547 [http-nio-8080-exec-5] StandardJtaPlatformResolver - Could not resolve JtaPlatform, using default [org.hibernate.engine.transaction.jta.platform.internal.NoJtaPlatform]
[INFO ] 2019-10-08 19-56-58.547 [http-nio-8080-exec-5] JtaPlatformInitiator - HHH000490: Using JtaPlatform implementation: [org.hibernate.engine.transaction.jta.platform.internal.NoJtaPlatform]
[DEBUG] 2019-10-08 19-56-58.548 [http-nio-8080-exec-5] NamedQueryRepository - Checking 0 named HQL queries
[DEBUG] 2019-10-08 19-56-58.548 [http-nio-8080-exec-5] NamedQueryRepository - Checking 0 named SQL queries
[DEBUG] 2019-10-08 19-56-58.551 [http-nio-8080-exec-5] SessionFactoryRegistry - Initializing SessionFactoryRegistry : org.hibernate.internal.SessionFactoryRegistry@2ac5ab66
[DEBUG] 2019-10-08 19-56-58.553 [http-nio-8080-exec-5] SessionFactoryRegistry - Registering SessionFactory: 3d04cd41-1a10-4a32-8256-e55b18bbe1f4 (<unnamed>)
[DEBUG] 2019-10-08 19-56-58.553 [http-nio-8080-exec-5] SessionFactoryRegistry - Not binding SessionFactory to JNDI, no JNDI name configured
[DEBUG] 2019-10-08 19-56-58.699 [http-nio-8080-exec-5] StatisticsInitiator - Statistics initialized [enabled=false]
[DEBUG] 2019-10-08 19-56-58.755 [http-nio-8080-exec-5] CriteriaQueryImpl - Rendered criteria query -> select generatedAlias0 from User as generatedAlias0
[DEBUG] 2019-10-08 19-56-58.788 [http-nio-8080-exec-5] QueryTranslatorFactoryInitiator - QueryTranslatorFactory: org.hibernate.hql.internal.ast.ASTQueryTranslatorFactory@7b376b2c
[DEBUG] 2019-10-08 19-56-58.837 [http-nio-8080-exec-5] QueryTranslatorImpl - parse() - HQL: select generatedAlias0 from com.juliecortez.entity.User as generatedAlias0
[DEBUG] 2019-10-08 19-56-58.848 [http-nio-8080-exec-5] ErrorTracker - throwQueryException() : no errors
[DEBUG] 2019-10-08 19-56-58.858 [http-nio-8080-exec-5] QueryTranslatorImpl - --- HQL AST ---
 \-[QUERY] Node: 'query'
    \-[SELECT_FROM] Node: 'SELECT_FROM'
       +-[FROM] Node: 'from'
       |  \-[RANGE] Node: 'RANGE'
       |     +-[DOT] Node: '.'
       |     |  +-[DOT] Node: '.'
       |     |  |  +-[DOT] Node: '.'
       |     |  |  |  +-[IDENT] Node: 'com'
       |     |  |  |  \-[IDENT] Node: 'juliecortez'
       |     |  |  \-[IDENT] Node: 'entity'
       |     |  \-[IDENT] Node: 'User'
       |     \-[ALIAS] Node: 'generatedAlias0'
       \-[SELECT] Node: 'select'
          \-[IDENT] Node: 'generatedAlias0'

[DEBUG] 2019-10-08 19-56-58.899 [http-nio-8080-exec-5] HqlSqlBaseWalker - select << begin [level=1, statement=select]
[DEBUG] 2019-10-08 19-56-58.923 [http-nio-8080-exec-5] FromElement - FromClause{level=1} : com.juliecortez.entity.User (generatedAlias0) -> user0_
[DEBUG] 2019-10-08 19-56-58.924 [http-nio-8080-exec-5] FromReferenceNode - Resolved : generatedAlias0 -> user0_.id
[DEBUG] 2019-10-08 19-56-58.926 [http-nio-8080-exec-5] HqlSqlBaseWalker - select : finishing up [level=1, statement=select]
[DEBUG] 2019-10-08 19-56-58.927 [http-nio-8080-exec-5] HqlSqlWalker - processQuery() :  ( SELECT ( {select clause} user0_.id ) ( FromClause{level=1} user user0_ ) )
[DEBUG] 2019-10-08 19-56-58.944 [http-nio-8080-exec-5] JoinProcessor - Using FROM fragment [user user0_]
[DEBUG] 2019-10-08 19-56-58.945 [http-nio-8080-exec-5] HqlSqlBaseWalker - select >> end [level=1, statement=select]
[DEBUG] 2019-10-08 19-56-58.945 [http-nio-8080-exec-5] QueryTranslatorImpl - --- SQL AST ---
 \-[SELECT] QueryNode: 'SELECT'  querySpaces (user)
    +-[SELECT_CLAUSE] SelectClause: '{select clause}'
    |  +-[ALIAS_REF] IdentNode: 'user0_.id as id1_1_' {alias=generatedAlias0, className=com.juliecortez.entity.User, tableAlias=user0_}
    |  \-[SQL_TOKEN] SqlFragment: 'user0_.date_of_birth as date_of_2_1_, user0_.first_name as first_na3_1_, user0_.last_name as last_nam4_1_, user0_.user_name as user_nam5_1_'
    \-[FROM] FromClause: 'from' FromClause{level=1, fromElementCounter=1, fromElements=1, fromElementByClassAlias=[generatedAlias0], fromElementByTableAlias=[user0_], fromElementsByPath=[], collectionJoinFromElementsByPath=[], impliedElements=[]}
       \-[FROM_FRAGMENT] FromElement: 'user user0_' FromElement{explicit,not a collection join,not a fetch join,fetch non-lazy properties,classAlias=generatedAlias0,role=null,tableName=user,tableAlias=user0_,origin=null,columns={,className=com.juliecortez.entity.User}}

[DEBUG] 2019-10-08 19-56-58.945 [http-nio-8080-exec-5] ErrorTracker - throwQueryException() : no errors
[DEBUG] 2019-10-08 19-56-58.954 [http-nio-8080-exec-5] QueryTranslatorImpl - HQL: select generatedAlias0 from com.juliecortez.entity.User as generatedAlias0
[DEBUG] 2019-10-08 19-56-58.954 [http-nio-8080-exec-5] QueryTranslatorImpl - SQL: select user0_.id as id1_1_, user0_.date_of_birth as date_of_2_1_, user0_.first_name as first_na3_1_, user0_.last_name as last_nam4_1_, user0_.user_name as user_nam5_1_ from user user0_
[DEBUG] 2019-10-08 19-56-58.954 [http-nio-8080-exec-5] ErrorTracker - throwQueryException() : no errors
[DEBUG] 2019-10-08 19-56-58.982 [http-nio-8080-exec-5] SQL - select user0_.id as id1_1_, user0_.date_of_birth as date_of_2_1_, user0_.first_name as first_na3_1_, user0_.last_name as last_nam4_1_, user0_.user_name as user_nam5_1_ from user user0_
[DEBUG] 2019-10-08 19-56-59.016 [http-nio-8080-exec-5] Loader - Result set row: 0
[DEBUG] 2019-10-08 19-56-59.020 [http-nio-8080-exec-5] Loader - Result row: EntityKey[com.juliecortez.entity.User#1]
[DEBUG] 2019-10-08 19-56-59.033 [http-nio-8080-exec-5] Loader - Result set row: 1
[DEBUG] 2019-10-08 19-56-59.033 [http-nio-8080-exec-5] Loader - Result row: EntityKey[com.juliecortez.entity.User#2]
[DEBUG] 2019-10-08 19-56-59.034 [http-nio-8080-exec-5] Loader - Result set row: 2
[DEBUG] 2019-10-08 19-56-59.035 [http-nio-8080-exec-5] Loader - Result row: EntityKey[com.juliecortez.entity.User#235]
[DEBUG] 2019-10-08 19-56-59.037 [http-nio-8080-exec-5] TwoPhaseLoad - Resolving attributes for [com.juliecortez.entity.User#1]
[DEBUG] 2019-10-08 19-56-59.038 [http-nio-8080-exec-5] TwoPhaseLoad - Processing attribute `dateOfBirth` : value = 1988-05-08
[DEBUG] 2019-10-08 19-56-59.039 [http-nio-8080-exec-5] TwoPhaseLoad - Attribute (`dateOfBirth`)  - enhanced for lazy-loading? - false
[DEBUG] 2019-10-08 19-56-59.039 [http-nio-8080-exec-5] TwoPhaseLoad - Processing attribute `firstName` : value = System
[DEBUG] 2019-10-08 19-56-59.039 [http-nio-8080-exec-5] TwoPhaseLoad - Attribute (`firstName`)  - enhanced for lazy-loading? - false
[DEBUG] 2019-10-08 19-56-59.039 [http-nio-8080-exec-5] TwoPhaseLoad - Processing attribute `lastName` : value = Administrator
[DEBUG] 2019-10-08 19-56-59.039 [http-nio-8080-exec-5] TwoPhaseLoad - Attribute (`lastName`)  - enhanced for lazy-loading? - false
[DEBUG] 2019-10-08 19-56-59.039 [http-nio-8080-exec-5] TwoPhaseLoad - Processing attribute `roles` : value = NOT NULL COLLECTION
[DEBUG] 2019-10-08 19-56-59.039 [http-nio-8080-exec-5] TwoPhaseLoad - Attribute (`roles`)  - enhanced for lazy-loading? - false
[DEBUG] 2019-10-08 19-56-59.050 [http-nio-8080-exec-5] TwoPhaseLoad - Processing attribute `userName` : value = Admin
[DEBUG] 2019-10-08 19-56-59.050 [http-nio-8080-exec-5] TwoPhaseLoad - Attribute (`userName`)  - enhanced for lazy-loading? - false
[DEBUG] 2019-10-08 19-56-59.051 [http-nio-8080-exec-5] TwoPhaseLoad - Done materializing entity [com.juliecortez.entity.User#1]
[DEBUG] 2019-10-08 19-56-59.051 [http-nio-8080-exec-5] TwoPhaseLoad - Resolving attributes for [com.juliecortez.entity.User#2]
[DEBUG] 2019-10-08 19-56-59.051 [http-nio-8080-exec-5] TwoPhaseLoad - Processing attribute `dateOfBirth` : value = 1992-10-02
[DEBUG] 2019-10-08 19-56-59.051 [http-nio-8080-exec-5] TwoPhaseLoad - Attribute (`dateOfBirth`)  - enhanced for lazy-loading? - false
[DEBUG] 2019-10-08 19-56-59.051 [http-nio-8080-exec-5] TwoPhaseLoad - Processing attribute `firstName` : value = Tammy
[DEBUG] 2019-10-08 19-56-59.051 [http-nio-8080-exec-5] TwoPhaseLoad - Attribute (`firstName`)  - enhanced for lazy-loading? - false
[DEBUG] 2019-10-08 19-56-59.051 [http-nio-8080-exec-5] TwoPhaseLoad - Processing attribute `lastName` : value = Johnson
[DEBUG] 2019-10-08 19-56-59.051 [http-nio-8080-exec-5] TwoPhaseLoad - Attribute (`lastName`)  - enhanced for lazy-loading? - false
[DEBUG] 2019-10-08 19-56-59.051 [http-nio-8080-exec-5] TwoPhaseLoad - Processing attribute `roles` : value = NOT NULL COLLECTION
[DEBUG] 2019-10-08 19-56-59.051 [http-nio-8080-exec-5] TwoPhaseLoad - Attribute (`roles`)  - enhanced for lazy-loading? - false
[DEBUG] 2019-10-08 19-56-59.051 [http-nio-8080-exec-5] TwoPhaseLoad - Processing attribute `userName` : value = TJohnson
[DEBUG] 2019-10-08 19-56-59.051 [http-nio-8080-exec-5] TwoPhaseLoad - Attribute (`userName`)  - enhanced for lazy-loading? - false
[DEBUG] 2019-10-08 19-56-59.051 [http-nio-8080-exec-5] TwoPhaseLoad - Done materializing entity [com.juliecortez.entity.User#2]
[DEBUG] 2019-10-08 19-56-59.051 [http-nio-8080-exec-5] TwoPhaseLoad - Resolving attributes for [com.juliecortez.entity.User#235]
[DEBUG] 2019-10-08 19-56-59.051 [http-nio-8080-exec-5] TwoPhaseLoad - Processing attribute `dateOfBirth` : value = 1968-01-01
[DEBUG] 2019-10-08 19-56-59.051 [http-nio-8080-exec-5] TwoPhaseLoad - Attribute (`dateOfBirth`)  - enhanced for lazy-loading? - false
[DEBUG] 2019-10-08 19-56-59.051 [http-nio-8080-exec-5] TwoPhaseLoad - Processing attribute `firstName` : value = Fred
[DEBUG] 2019-10-08 19-56-59.051 [http-nio-8080-exec-5] TwoPhaseLoad - Attribute (`firstName`)  - enhanced for lazy-loading? - false
[DEBUG] 2019-10-08 19-56-59.051 [http-nio-8080-exec-5] TwoPhaseLoad - Processing attribute `lastName` : value = Flintstone
[DEBUG] 2019-10-08 19-56-59.051 [http-nio-8080-exec-5] TwoPhaseLoad - Attribute (`lastName`)  - enhanced for lazy-loading? - false
[DEBUG] 2019-10-08 19-56-59.051 [http-nio-8080-exec-5] TwoPhaseLoad - Processing attribute `roles` : value = NOT NULL COLLECTION
[DEBUG] 2019-10-08 19-56-59.052 [http-nio-8080-exec-5] TwoPhaseLoad - Attribute (`roles`)  - enhanced for lazy-loading? - false
[DEBUG] 2019-10-08 19-56-59.052 [http-nio-8080-exec-5] TwoPhaseLoad - Processing attribute `userName` : value = fflintstone
[DEBUG] 2019-10-08 19-56-59.052 [http-nio-8080-exec-5] TwoPhaseLoad - Attribute (`userName`)  - enhanced for lazy-loading? - false
[DEBUG] 2019-10-08 19-56-59.052 [http-nio-8080-exec-5] TwoPhaseLoad - Done materializing entity [com.juliecortez.entity.User#235]
[DEBUG] 2019-10-08 19-56-59.056 [http-nio-8080-exec-5] AbstractLoadPlanBasedCollectionInitializer - Loading collection: [com.juliecortez.entity.User.roles#235]
[DEBUG] 2019-10-08 19-56-59.056 [http-nio-8080-exec-5] SQL - select roles0_.user_id as user_id3_0_0_, roles0_.id as id1_0_0_, roles0_.id as id1_0_1_, roles0_.role as role2_0_1_, roles0_.user_id as user_id3_0_1_ from role roles0_ where roles0_.user_id=?
[DEBUG] 2019-10-08 19-56-59.063 [http-nio-8080-exec-5] ResultSetProcessorImpl - Preparing collection initializer : [com.juliecortez.entity.User.roles#235]
[DEBUG] 2019-10-08 19-56-59.068 [http-nio-8080-exec-5] CollectionLoadContext - 1 collections were found in result set for role: com.juliecortez.entity.User.roles
[DEBUG] 2019-10-08 19-56-59.069 [http-nio-8080-exec-5] CollectionLoadContext - Collection fully initialized: [com.juliecortez.entity.User.roles#235]
[DEBUG] 2019-10-08 19-56-59.069 [http-nio-8080-exec-5] CollectionLoadContext - 1 collections initialized for role: com.juliecortez.entity.User.roles
[DEBUG] 2019-10-08 19-56-59.069 [http-nio-8080-exec-5] ResourceRegistryStandardImpl - HHH000387: ResultSet's statement was not registered
[DEBUG] 2019-10-08 19-56-59.069 [http-nio-8080-exec-5] AbstractLoadPlanBasedCollectionInitializer - Done loading collection
[DEBUG] 2019-10-08 19-56-59.069 [http-nio-8080-exec-5] AbstractLoadPlanBasedCollectionInitializer - Loading collection: [com.juliecortez.entity.User.roles#2]
[DEBUG] 2019-10-08 19-56-59.069 [http-nio-8080-exec-5] SQL - select roles0_.user_id as user_id3_0_0_, roles0_.id as id1_0_0_, roles0_.id as id1_0_1_, roles0_.role as role2_0_1_, roles0_.user_id as user_id3_0_1_ from role roles0_ where roles0_.user_id=?
[DEBUG] 2019-10-08 19-56-59.070 [http-nio-8080-exec-5] ResultSetProcessorImpl - Preparing collection initializer : [com.juliecortez.entity.User.roles#2]
[DEBUG] 2019-10-08 19-56-59.070 [http-nio-8080-exec-5] ResultSetProcessorImpl - Starting ResultSet row #0
[DEBUG] 2019-10-08 19-56-59.072 [http-nio-8080-exec-5] CollectionReferenceInitializerImpl - Found row of collection: [com.juliecortez.entity.User.roles#2]
[DEBUG] 2019-10-08 19-56-59.078 [http-nio-8080-exec-5] TwoPhaseLoad - Resolving attributes for [com.juliecortez.entity.Role#2]
[DEBUG] 2019-10-08 19-56-59.078 [http-nio-8080-exec-5] TwoPhaseLoad - Processing attribute `role` : value = Manager
[DEBUG] 2019-10-08 19-56-59.078 [http-nio-8080-exec-5] TwoPhaseLoad - Attribute (`role`)  - enhanced for lazy-loading? - false
[DEBUG] 2019-10-08 19-56-59.078 [http-nio-8080-exec-5] TwoPhaseLoad - Processing attribute `user` : value = 2
[DEBUG] 2019-10-08 19-56-59.078 [http-nio-8080-exec-5] TwoPhaseLoad - Attribute (`user`)  - enhanced for lazy-loading? - false
[DEBUG] 2019-10-08 19-56-59.079 [http-nio-8080-exec-5] TwoPhaseLoad - Done materializing entity [com.juliecortez.entity.Role#2]
[DEBUG] 2019-10-08 19-56-59.079 [http-nio-8080-exec-5] CollectionLoadContext - 1 collections were found in result set for role: com.juliecortez.entity.User.roles
[DEBUG] 2019-10-08 19-56-59.079 [http-nio-8080-exec-5] CollectionLoadContext - Collection fully initialized: [com.juliecortez.entity.User.roles#2]
[DEBUG] 2019-10-08 19-56-59.079 [http-nio-8080-exec-5] CollectionLoadContext - 1 collections initialized for role: com.juliecortez.entity.User.roles
[DEBUG] 2019-10-08 19-56-59.079 [http-nio-8080-exec-5] ResourceRegistryStandardImpl - HHH000387: ResultSet's statement was not registered
[DEBUG] 2019-10-08 19-56-59.079 [http-nio-8080-exec-5] AbstractLoadPlanBasedCollectionInitializer - Done loading collection
[DEBUG] 2019-10-08 19-56-59.079 [http-nio-8080-exec-5] AbstractLoadPlanBasedCollectionInitializer - Loading collection: [com.juliecortez.entity.User.roles#1]
[DEBUG] 2019-10-08 19-56-59.079 [http-nio-8080-exec-5] SQL - select roles0_.user_id as user_id3_0_0_, roles0_.id as id1_0_0_, roles0_.id as id1_0_1_, roles0_.role as role2_0_1_, roles0_.user_id as user_id3_0_1_ from role roles0_ where roles0_.user_id=?
[DEBUG] 2019-10-08 19-56-59.080 [http-nio-8080-exec-5] ResultSetProcessorImpl - Preparing collection initializer : [com.juliecortez.entity.User.roles#1]
[DEBUG] 2019-10-08 19-56-59.080 [http-nio-8080-exec-5] ResultSetProcessorImpl - Starting ResultSet row #0
[DEBUG] 2019-10-08 19-56-59.080 [http-nio-8080-exec-5] CollectionReferenceInitializerImpl - Found row of collection: [com.juliecortez.entity.User.roles#1]
[DEBUG] 2019-10-08 19-56-59.080 [http-nio-8080-exec-5] TwoPhaseLoad - Resolving attributes for [com.juliecortez.entity.Role#1]
[DEBUG] 2019-10-08 19-56-59.080 [http-nio-8080-exec-5] TwoPhaseLoad - Processing attribute `role` : value = Administrator
[DEBUG] 2019-10-08 19-56-59.080 [http-nio-8080-exec-5] TwoPhaseLoad - Attribute (`role`)  - enhanced for lazy-loading? - false
[DEBUG] 2019-10-08 19-56-59.080 [http-nio-8080-exec-5] TwoPhaseLoad - Processing attribute `user` : value = 1
[DEBUG] 2019-10-08 19-56-59.080 [http-nio-8080-exec-5] TwoPhaseLoad - Attribute (`user`)  - enhanced for lazy-loading? - false
[DEBUG] 2019-10-08 19-56-59.080 [http-nio-8080-exec-5] TwoPhaseLoad - Done materializing entity [com.juliecortez.entity.Role#1]
[DEBUG] 2019-10-08 19-56-59.080 [http-nio-8080-exec-5] CollectionLoadContext - 1 collections were found in result set for role: com.juliecortez.entity.User.roles
[DEBUG] 2019-10-08 19-56-59.080 [http-nio-8080-exec-5] CollectionLoadContext - Collection fully initialized: [com.juliecortez.entity.User.roles#1]
[DEBUG] 2019-10-08 19-56-59.080 [http-nio-8080-exec-5] CollectionLoadContext - 1 collections initialized for role: com.juliecortez.entity.User.roles
[DEBUG] 2019-10-08 19-56-59.081 [http-nio-8080-exec-5] ResourceRegistryStandardImpl - HHH000387: ResultSet's statement was not registered
[DEBUG] 2019-10-08 19-56-59.081 [http-nio-8080-exec-5] AbstractLoadPlanBasedCollectionInitializer - Done loading collection
[DEBUG] 2019-10-08 19-56-59.084 [http-nio-8080-exec-5] LogicalConnectionManagedImpl - Initiating JDBC connection release from afterTransaction
[DEBUG] 2019-10-08 19-57-01.702 [http-nio-8080-exec-9] SQL - select user0_.id as id1_1_0_, user0_.date_of_birth as date_of_2_1_0_, user0_.first_name as first_na3_1_0_, user0_.last_name as last_nam4_1_0_, user0_.user_name as user_nam5_1_0_, roles1_.user_id as user_id3_0_1_, roles1_.id as id1_0_1_, roles1_.id as id1_0_2_, roles1_.role as role2_0_2_, roles1_.user_id as user_id3_0_2_ from user user0_ left outer join role roles1_ on user0_.id=roles1_.user_id where user0_.id=?
[DEBUG] 2019-10-08 19-57-01.708 [http-nio-8080-exec-9] ResultSetProcessorImpl - Starting ResultSet row #0
[DEBUG] 2019-10-08 19-57-01.708 [http-nio-8080-exec-9] EntityReferenceInitializerImpl - On call to EntityIdentifierReaderImpl#resolve, EntityKey was already known; should only happen on root returns with an optional identifier specified
[DEBUG] 2019-10-08 19-57-01.709 [http-nio-8080-exec-9] CollectionReferenceInitializerImpl - Found row of collection: [com.juliecortez.entity.User.roles#2]
[DEBUG] 2019-10-08 19-57-01.709 [http-nio-8080-exec-9] TwoPhaseLoad - Resolving attributes for [com.juliecortez.entity.User#2]
[DEBUG] 2019-10-08 19-57-01.709 [http-nio-8080-exec-9] TwoPhaseLoad - Processing attribute `dateOfBirth` : value = 1992-10-02
[DEBUG] 2019-10-08 19-57-01.709 [http-nio-8080-exec-9] TwoPhaseLoad - Attribute (`dateOfBirth`)  - enhanced for lazy-loading? - false
[DEBUG] 2019-10-08 19-57-01.709 [http-nio-8080-exec-9] TwoPhaseLoad - Processing attribute `firstName` : value = Tammy
[DEBUG] 2019-10-08 19-57-01.709 [http-nio-8080-exec-9] TwoPhaseLoad - Attribute (`firstName`)  - enhanced for lazy-loading? - false
[DEBUG] 2019-10-08 19-57-01.709 [http-nio-8080-exec-9] TwoPhaseLoad - Processing attribute `lastName` : value = Johnson
[DEBUG] 2019-10-08 19-57-01.709 [http-nio-8080-exec-9] TwoPhaseLoad - Attribute (`lastName`)  - enhanced for lazy-loading? - false
[DEBUG] 2019-10-08 19-57-01.710 [http-nio-8080-exec-9] TwoPhaseLoad - Processing attribute `roles` : value = NOT NULL COLLECTION
[DEBUG] 2019-10-08 19-57-01.710 [http-nio-8080-exec-9] TwoPhaseLoad - Attribute (`roles`)  - enhanced for lazy-loading? - false
[DEBUG] 2019-10-08 19-57-01.710 [http-nio-8080-exec-9] TwoPhaseLoad - Processing attribute `userName` : value = TJohnson
[DEBUG] 2019-10-08 19-57-01.710 [http-nio-8080-exec-9] TwoPhaseLoad - Attribute (`userName`)  - enhanced for lazy-loading? - false
[DEBUG] 2019-10-08 19-57-01.710 [http-nio-8080-exec-9] TwoPhaseLoad - Done materializing entity [com.juliecortez.entity.User#2]
[DEBUG] 2019-10-08 19-57-01.710 [http-nio-8080-exec-9] TwoPhaseLoad - Resolving attributes for [com.juliecortez.entity.Role#2]
[DEBUG] 2019-10-08 19-57-01.710 [http-nio-8080-exec-9] TwoPhaseLoad - Processing attribute `role` : value = Manager
[DEBUG] 2019-10-08 19-57-01.711 [http-nio-8080-exec-9] TwoPhaseLoad - Attribute (`role`)  - enhanced for lazy-loading? - false
[DEBUG] 2019-10-08 19-57-01.711 [http-nio-8080-exec-9] TwoPhaseLoad - Processing attribute `user` : value = 2
[DEBUG] 2019-10-08 19-57-01.711 [http-nio-8080-exec-9] TwoPhaseLoad - Attribute (`user`)  - enhanced for lazy-loading? - false
[DEBUG] 2019-10-08 19-57-01.711 [http-nio-8080-exec-9] TwoPhaseLoad - Done materializing entity [com.juliecortez.entity.Role#2]
[DEBUG] 2019-10-08 19-57-01.711 [http-nio-8080-exec-9] CollectionLoadContext - 1 collections were found in result set for role: com.juliecortez.entity.User.roles
[DEBUG] 2019-10-08 19-57-01.712 [http-nio-8080-exec-9] CollectionLoadContext - Collection fully initialized: [com.juliecortez.entity.User.roles#2]
[DEBUG] 2019-10-08 19-57-01.712 [http-nio-8080-exec-9] CollectionLoadContext - 1 collections initialized for role: com.juliecortez.entity.User.roles
[DEBUG] 2019-10-08 19-57-01.712 [http-nio-8080-exec-9] ResourceRegistryStandardImpl - HHH000387: ResultSet's statement was not registered
[DEBUG] 2019-10-08 19-57-01.712 [http-nio-8080-exec-9] AbstractLoadPlanBasedEntityLoader - Done entity load : com.juliecortez.entity.User#2
[DEBUG] 2019-10-08 19-57-01.712 [http-nio-8080-exec-9] LogicalConnectionManagedImpl - Initiating JDBC connection release from afterTransaction
