[DEBUG] 2019-10-11 19-33-30.845 [main] IntegratorServiceImpl - Adding Integrator [org.hibernate.cfg.beanvalidation.BeanValidationIntegrator].
[DEBUG] 2019-10-11 19-33-30.850 [main] IntegratorServiceImpl - Adding Integrator [org.hibernate.secure.spi.JaccIntegrator].
[DEBUG] 2019-10-11 19-33-30.853 [main] IntegratorServiceImpl - Adding Integrator [org.hibernate.cache.internal.CollectionCacheInvalidator].
[INFO ] 2019-10-11 19-33-30.909 [main] Version - HHH000412: Hibernate Core {5.4.4.Final}
[DEBUG] 2019-10-11 19-33-30.910 [main] Environment - HHH000206: hibernate.properties not found
[DEBUG] 2019-10-11 19-33-31.039 [main] LocalXmlResourceResolver - Interpreting public/system identifier : [-//Hibernate/Hibernate Configuration DTD//EN] - [http://www.hibernate.org/dtd/hibernate-configuration-3.0.dtd]
[DEBUG] 2019-10-11 19-33-31.040 [main] LocalXmlResourceResolver - Recognized hibernate-configuration identifier; attempting to resolve on classpath under org/hibernate/
[DEBUG] 2019-10-11 19-33-31.044 [main] JaxbCfgProcessor - cfg.xml document did not define namespaces; wrapping in custom event reader to introduce namespace information
[DEBUG] 2019-10-11 19-33-31.258 [main] ServiceBinding - Overriding existing service binding [org.hibernate.secure.spi.JaccService]
[DEBUG] 2019-10-11 19-33-31.274 [main] RegionFactoryInitiator - Cannot default RegionFactory based on registered strategies as `[]` RegionFactory strategies were registered
[DEBUG] 2019-10-11 19-33-31.275 [main] RegionFactoryInitiator - Cache region factory : org.hibernate.cache.internal.NoCachingRegionFactory
[INFO ] 2019-10-11 19-33-31.290 [main] Version - HCANN000001: Hibernate Commons Annotations {5.1.0.Final}
[DEBUG] 2019-10-11 19-33-31.315 [main] BasicTypeRegistry - Adding type registration boolean -> org.hibernate.type.BooleanType@761956ac
[DEBUG] 2019-10-11 19-33-31.315 [main] BasicTypeRegistry - Adding type registration boolean -> org.hibernate.type.BooleanType@761956ac
[DEBUG] 2019-10-11 19-33-31.315 [main] BasicTypeRegistry - Adding type registration java.lang.Boolean -> org.hibernate.type.BooleanType@761956ac
[DEBUG] 2019-10-11 19-33-31.315 [main] BasicTypeRegistry - Adding type registration numeric_boolean -> org.hibernate.type.NumericBooleanType@2133661d
[DEBUG] 2019-10-11 19-33-31.316 [main] BasicTypeRegistry - Adding type registration true_false -> org.hibernate.type.TrueFalseType@cf518cf
[DEBUG] 2019-10-11 19-33-31.316 [main] BasicTypeRegistry - Adding type registration yes_no -> org.hibernate.type.YesNoType@1e43e323
[DEBUG] 2019-10-11 19-33-31.317 [main] BasicTypeRegistry - Adding type registration byte -> org.hibernate.type.ByteType@14823f76
[DEBUG] 2019-10-11 19-33-31.317 [main] BasicTypeRegistry - Adding type registration byte -> org.hibernate.type.ByteType@14823f76
[DEBUG] 2019-10-11 19-33-31.317 [main] BasicTypeRegistry - Adding type registration java.lang.Byte -> org.hibernate.type.ByteType@14823f76
[DEBUG] 2019-10-11 19-33-31.318 [main] BasicTypeRegistry - Adding type registration character -> org.hibernate.type.CharacterType@7a04fea7
[DEBUG] 2019-10-11 19-33-31.318 [main] BasicTypeRegistry - Adding type registration char -> org.hibernate.type.CharacterType@7a04fea7
[DEBUG] 2019-10-11 19-33-31.318 [main] BasicTypeRegistry - Adding type registration java.lang.Character -> org.hibernate.type.CharacterType@7a04fea7
[DEBUG] 2019-10-11 19-33-31.319 [main] BasicTypeRegistry - Adding type registration short -> org.hibernate.type.ShortType@5c080ef3
[DEBUG] 2019-10-11 19-33-31.319 [main] BasicTypeRegistry - Adding type registration short -> org.hibernate.type.ShortType@5c080ef3
[DEBUG] 2019-10-11 19-33-31.319 [main] BasicTypeRegistry - Adding type registration java.lang.Short -> org.hibernate.type.ShortType@5c080ef3
[DEBUG] 2019-10-11 19-33-31.320 [main] BasicTypeRegistry - Adding type registration integer -> org.hibernate.type.IntegerType@397ef2
[DEBUG] 2019-10-11 19-33-31.320 [main] BasicTypeRegistry - Adding type registration int -> org.hibernate.type.IntegerType@397ef2
[DEBUG] 2019-10-11 19-33-31.320 [main] BasicTypeRegistry - Adding type registration java.lang.Integer -> org.hibernate.type.IntegerType@397ef2
[DEBUG] 2019-10-11 19-33-31.321 [main] BasicTypeRegistry - Adding type registration long -> org.hibernate.type.LongType@7c36db44
[DEBUG] 2019-10-11 19-33-31.321 [main] BasicTypeRegistry - Adding type registration long -> org.hibernate.type.LongType@7c36db44
[DEBUG] 2019-10-11 19-33-31.321 [main] BasicTypeRegistry - Adding type registration java.lang.Long -> org.hibernate.type.LongType@7c36db44
[DEBUG] 2019-10-11 19-33-31.322 [main] BasicTypeRegistry - Adding type registration float -> org.hibernate.type.FloatType@14ef2482
[DEBUG] 2019-10-11 19-33-31.322 [main] BasicTypeRegistry - Adding type registration float -> org.hibernate.type.FloatType@14ef2482
[DEBUG] 2019-10-11 19-33-31.322 [main] BasicTypeRegistry - Adding type registration java.lang.Float -> org.hibernate.type.FloatType@14ef2482
[DEBUG] 2019-10-11 19-33-31.323 [main] BasicTypeRegistry - Adding type registration double -> org.hibernate.type.DoubleType@858d8b4
[DEBUG] 2019-10-11 19-33-31.323 [main] BasicTypeRegistry - Adding type registration double -> org.hibernate.type.DoubleType@858d8b4
[DEBUG] 2019-10-11 19-33-31.323 [main] BasicTypeRegistry - Adding type registration java.lang.Double -> org.hibernate.type.DoubleType@858d8b4
[DEBUG] 2019-10-11 19-33-31.324 [main] BasicTypeRegistry - Adding type registration big_decimal -> org.hibernate.type.BigDecimalType@312b34e3
[DEBUG] 2019-10-11 19-33-31.324 [main] BasicTypeRegistry - Adding type registration java.math.BigDecimal -> org.hibernate.type.BigDecimalType@312b34e3
[DEBUG] 2019-10-11 19-33-31.324 [main] BasicTypeRegistry - Adding type registration big_integer -> org.hibernate.type.BigIntegerType@216e0771
[DEBUG] 2019-10-11 19-33-31.325 [main] BasicTypeRegistry - Adding type registration java.math.BigInteger -> org.hibernate.type.BigIntegerType@216e0771
[DEBUG] 2019-10-11 19-33-31.325 [main] BasicTypeRegistry - Adding type registration string -> org.hibernate.type.StringType@dc79225
[DEBUG] 2019-10-11 19-33-31.326 [main] BasicTypeRegistry - Adding type registration java.lang.String -> org.hibernate.type.StringType@dc79225
[DEBUG] 2019-10-11 19-33-31.326 [main] BasicTypeRegistry - Adding type registration nstring -> org.hibernate.type.StringNVarcharType@60cf62ad
[DEBUG] 2019-10-11 19-33-31.327 [main] BasicTypeRegistry - Adding type registration ncharacter -> org.hibernate.type.CharacterNCharType@14982a82
[DEBUG] 2019-10-11 19-33-31.328 [main] BasicTypeRegistry - Adding type registration url -> org.hibernate.type.UrlType@7899de11
[DEBUG] 2019-10-11 19-33-31.328 [main] BasicTypeRegistry - Adding type registration java.net.URL -> org.hibernate.type.UrlType@7899de11
[DEBUG] 2019-10-11 19-33-31.328 [main] BasicTypeRegistry - Adding type registration Duration -> org.hibernate.type.DurationType@5300cac
[DEBUG] 2019-10-11 19-33-31.328 [main] BasicTypeRegistry - Adding type registration java.time.Duration -> org.hibernate.type.DurationType@5300cac
[DEBUG] 2019-10-11 19-33-31.330 [main] BasicTypeRegistry - Adding type registration Instant -> org.hibernate.type.InstantType@f951a7f
[DEBUG] 2019-10-11 19-33-31.330 [main] BasicTypeRegistry - Adding type registration java.time.Instant -> org.hibernate.type.InstantType@f951a7f
[DEBUG] 2019-10-11 19-33-31.331 [main] BasicTypeRegistry - Adding type registration LocalDateTime -> org.hibernate.type.LocalDateTimeType@1aabf50d
[DEBUG] 2019-10-11 19-33-31.332 [main] BasicTypeRegistry - Adding type registration java.time.LocalDateTime -> org.hibernate.type.LocalDateTimeType@1aabf50d
[DEBUG] 2019-10-11 19-33-31.332 [main] BasicTypeRegistry - Adding type registration LocalDate -> org.hibernate.type.LocalDateType@53ec2968
[DEBUG] 2019-10-11 19-33-31.332 [main] BasicTypeRegistry - Adding type registration java.time.LocalDate -> org.hibernate.type.LocalDateType@53ec2968
[DEBUG] 2019-10-11 19-33-31.333 [main] BasicTypeRegistry - Adding type registration LocalTime -> org.hibernate.type.LocalTimeType@4339baec
[DEBUG] 2019-10-11 19-33-31.333 [main] BasicTypeRegistry - Adding type registration java.time.LocalTime -> org.hibernate.type.LocalTimeType@4339baec
[DEBUG] 2019-10-11 19-33-31.334 [main] BasicTypeRegistry - Adding type registration OffsetDateTime -> org.hibernate.type.OffsetDateTimeType@1a4d1ab7
[DEBUG] 2019-10-11 19-33-31.334 [main] BasicTypeRegistry - Adding type registration java.time.OffsetDateTime -> org.hibernate.type.OffsetDateTimeType@1a4d1ab7
[DEBUG] 2019-10-11 19-33-31.335 [main] BasicTypeRegistry - Adding type registration OffsetTime -> org.hibernate.type.OffsetTimeType@2a3194c6
[DEBUG] 2019-10-11 19-33-31.336 [main] BasicTypeRegistry - Adding type registration java.time.OffsetTime -> org.hibernate.type.OffsetTimeType@2a3194c6
[DEBUG] 2019-10-11 19-33-31.339 [main] BasicTypeRegistry - Adding type registration ZonedDateTime -> org.hibernate.type.ZonedDateTimeType@1e469dfd
[DEBUG] 2019-10-11 19-33-31.339 [main] BasicTypeRegistry - Adding type registration java.time.ZonedDateTime -> org.hibernate.type.ZonedDateTimeType@1e469dfd
[DEBUG] 2019-10-11 19-33-31.340 [main] BasicTypeRegistry - Adding type registration date -> org.hibernate.type.DateType@2d9dff65
[DEBUG] 2019-10-11 19-33-31.340 [main] BasicTypeRegistry - Adding type registration java.sql.Date -> org.hibernate.type.DateType@2d9dff65
[DEBUG] 2019-10-11 19-33-31.341 [main] BasicTypeRegistry - Adding type registration time -> org.hibernate.type.TimeType@730f9695
[DEBUG] 2019-10-11 19-33-31.341 [main] BasicTypeRegistry - Adding type registration java.sql.Time -> org.hibernate.type.TimeType@730f9695
[DEBUG] 2019-10-11 19-33-31.342 [main] BasicTypeRegistry - Adding type registration timestamp -> org.hibernate.type.TimestampType@60325987
[DEBUG] 2019-10-11 19-33-31.342 [main] BasicTypeRegistry - Adding type registration java.sql.Timestamp -> org.hibernate.type.TimestampType@60325987
[DEBUG] 2019-10-11 19-33-31.342 [main] BasicTypeRegistry - Adding type registration java.util.Date -> org.hibernate.type.TimestampType@60325987
[DEBUG] 2019-10-11 19-33-31.342 [main] BasicTypeRegistry - Adding type registration dbtimestamp -> org.hibernate.type.DbTimestampType@587a1cfb
[DEBUG] 2019-10-11 19-33-31.342 [main] BasicTypeRegistry - Adding type registration calendar -> org.hibernate.type.CalendarType@660f0c
[DEBUG] 2019-10-11 19-33-31.342 [main] BasicTypeRegistry - Adding type registration java.util.Calendar -> org.hibernate.type.CalendarType@660f0c
[DEBUG] 2019-10-11 19-33-31.343 [main] BasicTypeRegistry - Adding type registration java.util.GregorianCalendar -> org.hibernate.type.CalendarType@660f0c
[DEBUG] 2019-10-11 19-33-31.343 [main] BasicTypeRegistry - Adding type registration calendar_date -> org.hibernate.type.CalendarDateType@4760f169
[DEBUG] 2019-10-11 19-33-31.344 [main] BasicTypeRegistry - Adding type registration locale -> org.hibernate.type.LocaleType@3d904e9c
[DEBUG] 2019-10-11 19-33-31.344 [main] BasicTypeRegistry - Adding type registration java.util.Locale -> org.hibernate.type.LocaleType@3d904e9c
[DEBUG] 2019-10-11 19-33-31.345 [main] BasicTypeRegistry - Adding type registration currency -> org.hibernate.type.CurrencyType@7f353d99
[DEBUG] 2019-10-11 19-33-31.345 [main] BasicTypeRegistry - Adding type registration java.util.Currency -> org.hibernate.type.CurrencyType@7f353d99
[DEBUG] 2019-10-11 19-33-31.346 [main] BasicTypeRegistry - Adding type registration timezone -> org.hibernate.type.TimeZoneType@1229a2b7
[DEBUG] 2019-10-11 19-33-31.346 [main] BasicTypeRegistry - Adding type registration java.util.TimeZone -> org.hibernate.type.TimeZoneType@1229a2b7
[DEBUG] 2019-10-11 19-33-31.347 [main] BasicTypeRegistry - Adding type registration class -> org.hibernate.type.ClassType@31ee2fdb
[DEBUG] 2019-10-11 19-33-31.347 [main] BasicTypeRegistry - Adding type registration java.lang.Class -> org.hibernate.type.ClassType@31ee2fdb
[DEBUG] 2019-10-11 19-33-31.348 [main] BasicTypeRegistry - Adding type registration uuid-binary -> org.hibernate.type.UUIDBinaryType@558756be
[DEBUG] 2019-10-11 19-33-31.348 [main] BasicTypeRegistry - Adding type registration java.util.UUID -> org.hibernate.type.UUIDBinaryType@558756be
[DEBUG] 2019-10-11 19-33-31.348 [main] BasicTypeRegistry - Adding type registration uuid-char -> org.hibernate.type.UUIDCharType@7ff35a3f
[DEBUG] 2019-10-11 19-33-31.349 [main] BasicTypeRegistry - Adding type registration binary -> org.hibernate.type.BinaryType@767a014e
[DEBUG] 2019-10-11 19-33-31.349 [main] BasicTypeRegistry - Adding type registration byte[] -> org.hibernate.type.BinaryType@767a014e
[DEBUG] 2019-10-11 19-33-31.349 [main] BasicTypeRegistry - Adding type registration [B -> org.hibernate.type.BinaryType@767a014e
[DEBUG] 2019-10-11 19-33-31.350 [main] BasicTypeRegistry - Adding type registration wrapper-binary -> org.hibernate.type.WrapperBinaryType@70228253
[DEBUG] 2019-10-11 19-33-31.350 [main] BasicTypeRegistry - Adding type registration Byte[] -> org.hibernate.type.WrapperBinaryType@70228253
[DEBUG] 2019-10-11 19-33-31.350 [main] BasicTypeRegistry - Adding type registration [Ljava.lang.Byte; -> org.hibernate.type.WrapperBinaryType@70228253
[DEBUG] 2019-10-11 19-33-31.351 [main] BasicTypeRegistry - Adding type registration row_version -> org.hibernate.type.RowVersionType@65b97f47
[DEBUG] 2019-10-11 19-33-31.351 [main] BasicTypeRegistry - Adding type registration image -> org.hibernate.type.ImageType@54e3658c
[DEBUG] 2019-10-11 19-33-31.352 [main] BasicTypeRegistry - Adding type registration characters -> org.hibernate.type.CharArrayType@cdb2d95
[DEBUG] 2019-10-11 19-33-31.352 [main] BasicTypeRegistry - Adding type registration char[] -> org.hibernate.type.CharArrayType@cdb2d95
[DEBUG] 2019-10-11 19-33-31.352 [main] BasicTypeRegistry - Adding type registration [C -> org.hibernate.type.CharArrayType@cdb2d95
[DEBUG] 2019-10-11 19-33-31.353 [main] BasicTypeRegistry - Adding type registration wrapper-characters -> org.hibernate.type.CharacterArrayType@6edcad64
[DEBUG] 2019-10-11 19-33-31.353 [main] BasicTypeRegistry - Adding type registration [Ljava.lang.Character; -> org.hibernate.type.CharacterArrayType@6edcad64
[DEBUG] 2019-10-11 19-33-31.353 [main] BasicTypeRegistry - Adding type registration Character[] -> org.hibernate.type.CharacterArrayType@6edcad64
[DEBUG] 2019-10-11 19-33-31.353 [main] BasicTypeRegistry - Adding type registration text -> org.hibernate.type.TextType@623dcf2a
[DEBUG] 2019-10-11 19-33-31.354 [main] BasicTypeRegistry - Adding type registration ntext -> org.hibernate.type.NTextType@646c0a67
[DEBUG] 2019-10-11 19-33-31.355 [main] BasicTypeRegistry - Adding type registration blob -> org.hibernate.type.BlobType@e57e5d6
[DEBUG] 2019-10-11 19-33-31.355 [main] BasicTypeRegistry - Adding type registration java.sql.Blob -> org.hibernate.type.BlobType@e57e5d6
[DEBUG] 2019-10-11 19-33-31.355 [main] BasicTypeRegistry - Adding type registration materialized_blob -> org.hibernate.type.MaterializedBlobType@3dffc764
[DEBUG] 2019-10-11 19-33-31.356 [main] BasicTypeRegistry - Adding type registration clob -> org.hibernate.type.ClobType@277b8fa4
[DEBUG] 2019-10-11 19-33-31.356 [main] BasicTypeRegistry - Adding type registration java.sql.Clob -> org.hibernate.type.ClobType@277b8fa4
[DEBUG] 2019-10-11 19-33-31.357 [main] BasicTypeRegistry - Adding type registration nclob -> org.hibernate.type.NClobType@59dc36d4
[DEBUG] 2019-10-11 19-33-31.357 [main] BasicTypeRegistry - Adding type registration java.sql.NClob -> org.hibernate.type.NClobType@59dc36d4
[DEBUG] 2019-10-11 19-33-31.357 [main] BasicTypeRegistry - Adding type registration materialized_clob -> org.hibernate.type.MaterializedClobType@3bbf841e
[DEBUG] 2019-10-11 19-33-31.358 [main] BasicTypeRegistry - Adding type registration materialized_nclob -> org.hibernate.type.MaterializedNClobType@79b84841
[DEBUG] 2019-10-11 19-33-31.359 [main] BasicTypeRegistry - Adding type registration serializable -> org.hibernate.type.SerializableType@455c1d8c
[DEBUG] 2019-10-11 19-33-31.361 [main] BasicTypeRegistry - Adding type registration object -> org.hibernate.type.ObjectType@467b684d
[DEBUG] 2019-10-11 19-33-31.361 [main] BasicTypeRegistry - Adding type registration java.lang.Object -> org.hibernate.type.ObjectType@467b684d
[DEBUG] 2019-10-11 19-33-31.362 [main] BasicTypeRegistry - Adding type registration imm_date -> org.hibernate.type.AdaptedImmutableType@7cbeac65
[DEBUG] 2019-10-11 19-33-31.362 [main] BasicTypeRegistry - Adding type registration imm_time -> org.hibernate.type.AdaptedImmutableType@7fe82967
[DEBUG] 2019-10-11 19-33-31.362 [main] BasicTypeRegistry - Adding type registration imm_timestamp -> org.hibernate.type.AdaptedImmutableType@50850539
[DEBUG] 2019-10-11 19-33-31.362 [main] BasicTypeRegistry - Adding type registration imm_dbtimestamp -> org.hibernate.type.AdaptedImmutableType@65e21ce3
[DEBUG] 2019-10-11 19-33-31.362 [main] BasicTypeRegistry - Adding type registration imm_calendar -> org.hibernate.type.AdaptedImmutableType@6c3659be
[DEBUG] 2019-10-11 19-33-31.362 [main] BasicTypeRegistry - Adding type registration imm_calendar_date -> org.hibernate.type.AdaptedImmutableType@522bf64e
[DEBUG] 2019-10-11 19-33-31.362 [main] BasicTypeRegistry - Adding type registration imm_binary -> org.hibernate.type.AdaptedImmutableType@2aff9dff
[DEBUG] 2019-10-11 19-33-31.362 [main] BasicTypeRegistry - Adding type registration imm_serializable -> org.hibernate.type.AdaptedImmutableType@5f0f9947
[DEBUG] 2019-10-11 19-33-31.398 [main] DefaultIdentifierGeneratorFactory - Registering IdentifierGenerator strategy [uuid2] -> [org.hibernate.id.UUIDGenerator]
[DEBUG] 2019-10-11 19-33-31.399 [main] DefaultIdentifierGeneratorFactory - Registering IdentifierGenerator strategy [guid] -> [org.hibernate.id.GUIDGenerator]
[DEBUG] 2019-10-11 19-33-31.399 [main] DefaultIdentifierGeneratorFactory - Registering IdentifierGenerator strategy [uuid] -> [org.hibernate.id.UUIDHexGenerator]
[DEBUG] 2019-10-11 19-33-31.399 [main] DefaultIdentifierGeneratorFactory - Registering IdentifierGenerator strategy [uuid.hex] -> [org.hibernate.id.UUIDHexGenerator]
[DEBUG] 2019-10-11 19-33-31.400 [main] DefaultIdentifierGeneratorFactory - Registering IdentifierGenerator strategy [assigned] -> [org.hibernate.id.Assigned]
[DEBUG] 2019-10-11 19-33-31.400 [main] DefaultIdentifierGeneratorFactory - Registering IdentifierGenerator strategy [identity] -> [org.hibernate.id.IdentityGenerator]
[DEBUG] 2019-10-11 19-33-31.401 [main] DefaultIdentifierGeneratorFactory - Registering IdentifierGenerator strategy [select] -> [org.hibernate.id.SelectGenerator]
[DEBUG] 2019-10-11 19-33-31.402 [main] DefaultIdentifierGeneratorFactory - Registering IdentifierGenerator strategy [sequence] -> [org.hibernate.id.enhanced.SequenceStyleGenerator]
[DEBUG] 2019-10-11 19-33-31.403 [main] DefaultIdentifierGeneratorFactory - Registering IdentifierGenerator strategy [seqhilo] -> [org.hibernate.id.SequenceHiLoGenerator]
[DEBUG] 2019-10-11 19-33-31.404 [main] DefaultIdentifierGeneratorFactory - Registering IdentifierGenerator strategy [increment] -> [org.hibernate.id.IncrementGenerator]
[DEBUG] 2019-10-11 19-33-31.404 [main] DefaultIdentifierGeneratorFactory - Registering IdentifierGenerator strategy [foreign] -> [org.hibernate.id.ForeignGenerator]
[DEBUG] 2019-10-11 19-33-31.404 [main] DefaultIdentifierGeneratorFactory - Registering IdentifierGenerator strategy [sequence-identity] -> [org.hibernate.id.SequenceIdentityGenerator]
[DEBUG] 2019-10-11 19-33-31.405 [main] DefaultIdentifierGeneratorFactory - Registering IdentifierGenerator strategy [enhanced-sequence] -> [org.hibernate.id.enhanced.SequenceStyleGenerator]
[DEBUG] 2019-10-11 19-33-31.405 [main] DefaultIdentifierGeneratorFactory - Registering IdentifierGenerator strategy [enhanced-table] -> [org.hibernate.id.enhanced.TableGenerator]
[INFO ] 2019-10-11 19-33-31.410 [main] C3P0ConnectionProvider - HHH010002: C3P0 using driver: com.mysql.cj.jdbc.Driver at URL: jdbc:mysql://localhost:3306/test_mww
[INFO ] 2019-10-11 19-33-31.410 [main] C3P0ConnectionProvider - HHH10001001: Connection properties: {password=****, user=cortezjl}
[INFO ] 2019-10-11 19-33-31.410 [main] C3P0ConnectionProvider - HHH10001003: Autocommit mode: false
[INFO ] 2019-10-11 19-33-31.502 [main] C3P0ConnectionProvider - HHH10001007: JDBC isolation level: <unknown>
[DEBUG] 2019-10-11 19-33-31.582 [main] JdbcEnvironmentInitiator - Database ->
       name : MySQL
    version : 8.0.17
      major : 8
      minor : 0
[DEBUG] 2019-10-11 19-33-31.582 [main] JdbcEnvironmentInitiator - Driver ->
       name : MySQL Connector/J
    version : mysql-connector-java-8.0.16 (Revision: 34cbc6bc61f72836e26327537a432d6db7c77de6)
      major : 8
      minor : 0
[DEBUG] 2019-10-11 19-33-31.583 [main] JdbcEnvironmentInitiator - JDBC version : 4.2
[INFO ] 2019-10-11 19-33-31.608 [main] Dialect - HHH000400: Using dialect: org.hibernate.dialect.MySQL8Dialect
[DEBUG] 2019-10-11 19-33-31.623 [main] IdentifierHelperBuilder - JDBC driver metadata reported database stores quoted identifiers in more than one case
[DEBUG] 2019-10-11 19-33-31.637 [main] IdentifierHelperBuilder - IdentifierCaseStrategy for both quoted and unquoted identifiers was set to the same strategy [LOWER]; that will likely lead to problems in schema update and validation if using quoted identifiers
[DEBUG] 2019-10-11 19-33-31.664 [main] Namespace - Created database namespace [logicalName=Name{catalog=null, schema=null}, physicalName=Name{catalog=null, schema=null}]
[DEBUG] 2019-10-11 19-33-31.667 [main] TypeConfiguration$Scope - Scoping TypeConfiguration [org.hibernate.type.spi.TypeConfiguration@5d7399f9] to MetadataBuildingContext [org.hibernate.boot.internal.MetadataBuildingContextRootImpl@49a6f486]
[DEBUG] 2019-10-11 19-33-31.713 [main] AnnotationBinder - Binding entity from annotated class: com.juliecortez.entity.Role
[DEBUG] 2019-10-11 19-33-31.734 [main] Ejb3Column - Binding column: Ejb3DiscriminatorColumn{logicalColumnName'DTYPE', discriminatorTypeName='string'}
[DEBUG] 2019-10-11 19-33-31.738 [main] EntityBinder - Import with entity name Role
[DEBUG] 2019-10-11 19-33-31.740 [main] EntityBinder - Bind entity com.juliecortez.entity.Role on table role
[DEBUG] 2019-10-11 19-33-31.760 [main] Ejb3Column - Binding column: Ejb3Column{table=org.hibernate.mapping.Table(role), mappingColumn=id, insertable=true, updatable=true, unique=false}
[DEBUG] 2019-10-11 19-33-31.763 [main] PropertyBinder - MetadataSourceProcessor property id with lazy=false
[DEBUG] 2019-10-11 19-33-31.765 [main] AbstractPropertyHolder - Attempting to locate auto-apply AttributeConverter for property [com.juliecortez.entity.Role:id]
[DEBUG] 2019-10-11 19-33-31.767 [main] SimpleValueBinder - building SimpleValue for id
[DEBUG] 2019-10-11 19-33-31.769 [main] PropertyBinder - Building property id
[DEBUG] 2019-10-11 19-33-31.772 [main] BinderHelper - #makeIdGenerator(org.hibernate.mapping.SimpleValue([org.hibernate.mapping.Column(id)]), id, org.hibernate.id.enhanced.SequenceStyleGenerator, native, ...)
[DEBUG] 2019-10-11 19-33-31.773 [main] Ejb3Column - Binding column: Ejb3Column{table=org.hibernate.mapping.Table(role), mappingColumn=role, insertable=true, updatable=true, unique=false}
[DEBUG] 2019-10-11 19-33-31.773 [main] PropertyBinder - MetadataSourceProcessor property role with lazy=false
[DEBUG] 2019-10-11 19-33-31.773 [main] AbstractPropertyHolder - Attempting to locate auto-apply AttributeConverter for property [com.juliecortez.entity.Role:role]
[DEBUG] 2019-10-11 19-33-31.773 [main] SimpleValueBinder - building SimpleValue for role
[DEBUG] 2019-10-11 19-33-31.773 [main] PropertyBinder - Building property role
[DEBUG] 2019-10-11 19-33-31.775 [main] Ejb3Column - Binding column: Ejb3JoinColumn{logicalColumnName='null', referencedColumn='null', mappedBy='null'}
[DEBUG] 2019-10-11 19-33-31.775 [main] Ejb3Column - Binding column: Ejb3Column{table=org.hibernate.mapping.Table(role), mappingColumn=user, insertable=true, updatable=true, unique=false}
[DEBUG] 2019-10-11 19-33-31.777 [main] PropertyBinder - Building property user
[DEBUG] 2019-10-11 19-33-31.778 [main] AnnotationBinder - Binding entity from annotated class: com.juliecortez.entity.User
[DEBUG] 2019-10-11 19-33-31.778 [main] Ejb3Column - Binding column: Ejb3DiscriminatorColumn{logicalColumnName'DTYPE', discriminatorTypeName='string'}
[DEBUG] 2019-10-11 19-33-31.779 [main] EntityBinder - Import with entity name User
[DEBUG] 2019-10-11 19-33-31.779 [main] EntityBinder - Bind entity com.juliecortez.entity.User on table user
[DEBUG] 2019-10-11 19-33-31.782 [main] Ejb3Column - Binding column: Ejb3Column{table=org.hibernate.mapping.Table(user), mappingColumn=id, insertable=true, updatable=true, unique=false}
[DEBUG] 2019-10-11 19-33-31.782 [main] PropertyBinder - MetadataSourceProcessor property id with lazy=false
[DEBUG] 2019-10-11 19-33-31.782 [main] AbstractPropertyHolder - Attempting to locate auto-apply AttributeConverter for property [com.juliecortez.entity.User:id]
[DEBUG] 2019-10-11 19-33-31.782 [main] SimpleValueBinder - building SimpleValue for id
[DEBUG] 2019-10-11 19-33-31.782 [main] PropertyBinder - Building property id
[DEBUG] 2019-10-11 19-33-31.783 [main] BinderHelper - #makeIdGenerator(org.hibernate.mapping.SimpleValue([org.hibernate.mapping.Column(id)]), id, org.hibernate.id.enhanced.SequenceStyleGenerator, native, ...)
[DEBUG] 2019-10-11 19-33-31.783 [main] Ejb3Column - Binding column: Ejb3Column{table=org.hibernate.mapping.Table(user), mappingColumn=date_of_birth, insertable=true, updatable=true, unique=false}
[DEBUG] 2019-10-11 19-33-31.783 [main] PropertyBinder - MetadataSourceProcessor property dateOfBirth with lazy=false
[DEBUG] 2019-10-11 19-33-31.783 [main] AbstractPropertyHolder - Attempting to locate auto-apply AttributeConverter for property [com.juliecortez.entity.User:dateOfBirth]
[DEBUG] 2019-10-11 19-33-31.783 [main] SimpleValueBinder - building SimpleValue for dateOfBirth
[DEBUG] 2019-10-11 19-33-31.783 [main] PropertyBinder - Building property dateOfBirth
[DEBUG] 2019-10-11 19-33-31.783 [main] Ejb3Column - Binding column: Ejb3Column{table=org.hibernate.mapping.Table(user), mappingColumn=first_name, insertable=true, updatable=true, unique=false}
[DEBUG] 2019-10-11 19-33-31.783 [main] PropertyBinder - MetadataSourceProcessor property firstName with lazy=false
[DEBUG] 2019-10-11 19-33-31.783 [main] AbstractPropertyHolder - Attempting to locate auto-apply AttributeConverter for property [com.juliecortez.entity.User:firstName]
[DEBUG] 2019-10-11 19-33-31.783 [main] SimpleValueBinder - building SimpleValue for firstName
[DEBUG] 2019-10-11 19-33-31.783 [main] PropertyBinder - Building property firstName
[DEBUG] 2019-10-11 19-33-31.783 [main] Ejb3Column - Binding column: Ejb3Column{table=org.hibernate.mapping.Table(user), mappingColumn=last_name, insertable=true, updatable=true, unique=false}
[DEBUG] 2019-10-11 19-33-31.784 [main] PropertyBinder - MetadataSourceProcessor property lastName with lazy=false
[DEBUG] 2019-10-11 19-33-31.784 [main] AbstractPropertyHolder - Attempting to locate auto-apply AttributeConverter for property [com.juliecortez.entity.User:lastName]
[DEBUG] 2019-10-11 19-33-31.784 [main] SimpleValueBinder - building SimpleValue for lastName
[DEBUG] 2019-10-11 19-33-31.784 [main] PropertyBinder - Building property lastName
[DEBUG] 2019-10-11 19-33-31.784 [main] Ejb3Column - Binding column: Ejb3Column{table=org.hibernate.mapping.Table(user), mappingColumn=password, insertable=true, updatable=true, unique=false}
[DEBUG] 2019-10-11 19-33-31.784 [main] PropertyBinder - MetadataSourceProcessor property password with lazy=false
[DEBUG] 2019-10-11 19-33-31.784 [main] AbstractPropertyHolder - Attempting to locate auto-apply AttributeConverter for property [com.juliecortez.entity.User:password]
[DEBUG] 2019-10-11 19-33-31.784 [main] SimpleValueBinder - building SimpleValue for password
[DEBUG] 2019-10-11 19-33-31.784 [main] PropertyBinder - Building property password
[DEBUG] 2019-10-11 19-33-31.784 [main] Ejb3Column - Binding column: Ejb3JoinColumn{logicalColumnName='null', referencedColumn='null', mappedBy='user'}
[DEBUG] 2019-10-11 19-33-31.784 [main] Ejb3Column - Binding column: Ejb3Column{table=org.hibernate.mapping.Table(user), mappingColumn=roles, insertable=true, updatable=true, unique=false}
[DEBUG] 2019-10-11 19-33-31.786 [main] Ejb3Column - Binding column: Ejb3Column{table=org.hibernate.mapping.Table(user), mappingColumn=null, insertable=true, updatable=true, unique=false}
[DEBUG] 2019-10-11 19-33-31.792 [main] Ejb3Column - Binding column: Ejb3Column{table=org.hibernate.mapping.Table(user), mappingColumn=element, insertable=true, updatable=true, unique=false}
[DEBUG] 2019-10-11 19-33-31.792 [main] Ejb3Column - Binding column: Ejb3Column{table=org.hibernate.mapping.Table(user), mappingColumn=roles_KEY, insertable=true, updatable=true, unique=false}
[DEBUG] 2019-10-11 19-33-31.793 [main] Ejb3Column - Binding column: Ejb3JoinColumn{logicalColumnName='roles_KEY', referencedColumn='null', mappedBy='null'}
[DEBUG] 2019-10-11 19-33-31.793 [main] Ejb3Column - Binding column: Ejb3JoinColumn{logicalColumnName='null', referencedColumn='null', mappedBy='user'}
[DEBUG] 2019-10-11 19-33-31.793 [main] Ejb3Column - Binding column: Ejb3JoinColumn{logicalColumnName='null', referencedColumn='null', mappedBy='user'}
[DEBUG] 2019-10-11 19-33-31.794 [main] CollectionBinder - Collection role: com.juliecortez.entity.User.roles
[DEBUG] 2019-10-11 19-33-31.795 [main] PropertyBinder - Building property roles
[DEBUG] 2019-10-11 19-33-31.796 [main] Ejb3Column - Binding column: Ejb3Column{table=org.hibernate.mapping.Table(user), mappingColumn=user_name, insertable=true, updatable=true, unique=false}
[DEBUG] 2019-10-11 19-33-31.796 [main] PropertyBinder - MetadataSourceProcessor property userName with lazy=false
[DEBUG] 2019-10-11 19-33-31.796 [main] AbstractPropertyHolder - Attempting to locate auto-apply AttributeConverter for property [com.juliecortez.entity.User:userName]
[DEBUG] 2019-10-11 19-33-31.796 [main] SimpleValueBinder - building SimpleValue for userName
[DEBUG] 2019-10-11 19-33-31.796 [main] PropertyBinder - Building property userName
[DEBUG] 2019-10-11 19-33-31.797 [main] SimpleValueBinder - Starting fillSimpleValue for id
[DEBUG] 2019-10-11 19-33-31.798 [main] SimpleValueBinder - Starting fillSimpleValue for role
[DEBUG] 2019-10-11 19-33-31.798 [main] SimpleValueBinder - Starting fillSimpleValue for id
[DEBUG] 2019-10-11 19-33-31.798 [main] SimpleValueBinder - Starting fillSimpleValue for dateOfBirth
[DEBUG] 2019-10-11 19-33-31.798 [main] SimpleValueBinder - Starting fillSimpleValue for firstName
[DEBUG] 2019-10-11 19-33-31.798 [main] SimpleValueBinder - Starting fillSimpleValue for lastName
[DEBUG] 2019-10-11 19-33-31.798 [main] SimpleValueBinder - Starting fillSimpleValue for password
[DEBUG] 2019-10-11 19-33-31.798 [main] SimpleValueBinder - Starting fillSimpleValue for userName
[DEBUG] 2019-10-11 19-33-31.801 [main] PrimaryKey - Forcing column [id] to be non-null as it is part of the primary key for table [role]
[DEBUG] 2019-10-11 19-33-31.802 [main] PrimaryKey - Forcing column [id] to be non-null as it is part of the primary key for table [user]
[DEBUG] 2019-10-11 19-33-31.802 [main] CollectionSecondPass - Second pass for collection: com.juliecortez.entity.User.roles
[DEBUG] 2019-10-11 19-33-31.802 [main] CollectionBinder - Binding a OneToMany: com.juliecortez.entity.User.roles through a foreign key
[DEBUG] 2019-10-11 19-33-31.803 [main] CollectionBinder - Mapping collection: com.juliecortez.entity.User.roles -> role
[DEBUG] 2019-10-11 19-33-31.804 [main] TableBinder - Retrieving property com.juliecortez.entity.Role.user
[DEBUG] 2019-10-11 19-33-31.804 [main] CollectionSecondPass - Mapped collection key: user_id, one-to-many: com.juliecortez.entity.Role
[DEBUG] 2019-10-11 19-33-31.804 [main] InFlightMetadataCollectorImpl - Resolving reference to class: com.juliecortez.entity.User
[DEBUG] 2019-10-11 19-33-31.806 [main] InFlightMetadataCollectorImpl - Resolving reference to class: com.juliecortez.entity.User
[DEBUG] 2019-10-11 19-33-31.832 [main] SessionFactoryImpl - Building session factory
[DEBUG] 2019-10-11 19-33-31.833 [main] Settings - SessionFactory name : null
[DEBUG] 2019-10-11 19-33-31.833 [main] Settings - Automatic flush during beforeCompletion(): enabled
[DEBUG] 2019-10-11 19-33-31.833 [main] Settings - Automatic session close at end of transaction: disabled
[DEBUG] 2019-10-11 19-33-31.833 [main] Settings - Statistics: disabled
[DEBUG] 2019-10-11 19-33-31.833 [main] Settings - Deleted entity synthetic identifier rollback: disabled
[DEBUG] 2019-10-11 19-33-31.833 [main] Settings - Default entity-mode: pojo
[DEBUG] 2019-10-11 19-33-31.833 [main] Settings - Check Nullability in Core (should be disabled when Bean Validation is on): enabled
[DEBUG] 2019-10-11 19-33-31.833 [main] Settings - Allow initialization of lazy state outside session : disabled
[DEBUG] 2019-10-11 19-33-31.833 [main] Settings - Using BatchFetchStyle : LEGACY
[DEBUG] 2019-10-11 19-33-31.833 [main] Settings - Default batch fetch size: -1
[DEBUG] 2019-10-11 19-33-31.834 [main] Settings - Maximum outer join fetch depth: 2
[DEBUG] 2019-10-11 19-33-31.834 [main] Settings - Default null ordering: NONE
[DEBUG] 2019-10-11 19-33-31.834 [main] Settings - Order SQL updates by primary key: disabled
[DEBUG] 2019-10-11 19-33-31.834 [main] Settings - Order SQL inserts for batching: disabled
[DEBUG] 2019-10-11 19-33-31.834 [main] Settings - multi-tenancy strategy : NONE
[DEBUG] 2019-10-11 19-33-31.834 [main] Settings - JTA Track by Thread: enabled
[DEBUG] 2019-10-11 19-33-31.834 [main] Settings - Query language substitutions: {}
[DEBUG] 2019-10-11 19-33-31.834 [main] Settings - Named query checking : enabled
[DEBUG] 2019-10-11 19-33-31.834 [main] Settings - Second-level cache: disabled
[DEBUG] 2019-10-11 19-33-31.834 [main] Settings - Second-level query cache: disabled
[DEBUG] 2019-10-11 19-33-31.834 [main] Settings - Second-level query cache factory: null
[DEBUG] 2019-10-11 19-33-31.834 [main] Settings - Second-level cache region prefix: null
[DEBUG] 2019-10-11 19-33-31.834 [main] Settings - Optimize second-level cache for minimal puts: disabled
[DEBUG] 2019-10-11 19-33-31.834 [main] Settings - Structured second-level cache entries: disabled
[DEBUG] 2019-10-11 19-33-31.834 [main] Settings - Second-level cache direct-reference entries: disabled
[DEBUG] 2019-10-11 19-33-31.834 [main] Settings - Automatic eviction of collection cache: disabled
[DEBUG] 2019-10-11 19-33-31.834 [main] Settings - JDBC batch size: 15
[DEBUG] 2019-10-11 19-33-31.834 [main] Settings - JDBC batch updates for versioned data: enabled
[DEBUG] 2019-10-11 19-33-31.834 [main] Settings - Scrollable result sets: enabled
[DEBUG] 2019-10-11 19-33-31.834 [main] Settings - Wrap result sets: disabled
[DEBUG] 2019-10-11 19-33-31.834 [main] Settings - JDBC3 getGeneratedKeys(): enabled
[DEBUG] 2019-10-11 19-33-31.834 [main] Settings - JDBC result set fetch size: null
[DEBUG] 2019-10-11 19-33-31.835 [main] Settings - Connection release mode: AFTER_TRANSACTION
[DEBUG] 2019-10-11 19-33-31.835 [main] Settings - Generate SQL with comments: disabled
[DEBUG] 2019-10-11 19-33-31.835 [main] Settings - JPA compliance - query : 
[DEBUG] 2019-10-11 19-33-31.835 [main] Settings - JPA compliance - closed-handling : 
[DEBUG] 2019-10-11 19-33-31.835 [main] Settings - JPA compliance - lists : 
[DEBUG] 2019-10-11 19-33-31.835 [main] Settings - JPA compliance - transactions : 
[INFO ] 2019-10-11 19-33-31.878 [main] beans - HHH10005002: No explicit CDI BeanManager reference was passed to Hibernate, but CDI is available on the Hibernate ClassLoader.
[DEBUG] 2019-10-11 19-33-31.895 [main] SessionFactoryImpl - Session factory constructed with filter configurations : {}
[DEBUG] 2019-10-11 19-33-31.895 [main] SessionFactoryImpl - Instantiating session factory with properties: {sun.desktop=windows, awt.toolkit=sun.awt.windows.WToolkit, java.specification.version=11, sun.cpu.isalist=amd64, hibernate.c3p0.idle_test_period=3000, sun.jnu.encoding=Cp1252, hibernate.c3p0.min_size=5, java.class.path=C:\Program Files\JetBrains\IntelliJ IDEA 2019.2.1\lib\idea_rt.jar;C:\Program Files\JetBrains\IntelliJ IDEA 2019.2.1\plugins\junit\lib\junit-rt.jar;C:\Program Files\JetBrains\IntelliJ IDEA 2019.2.1\plugins\junit\lib\junit5-rt.jar;C:\Users\15635\IdeaProjects\myworkweek\target\test-classes;C:\Users\15635\IdeaProjects\myworkweek\target\classes;C:\Users\15635\.m2\repository\org\junit\platform\junit-platform-runner\1.0.0\junit-platform-runner-1.0.0.jar;C:\Users\15635\.m2\repository\org\apiguardian\apiguardian-api\1.0.0\apiguardian-api-1.0.0.jar;C:\Users\15635\.m2\repository\org\junit\platform\junit-platform-launcher\1.0.0\junit-platform-launcher-1.0.0.jar;C:\Users\15635\.m2\repository\org\junit\platform\junit-platform-suite-api\1.0.0\junit-platform-suite-api-1.0.0.jar;C:\Users\15635\.m2\repository\org\junit\platform\junit-platform-commons\1.0.0\junit-platform-commons-1.0.0.jar;C:\Users\15635\.m2\repository\org\junit\vintage\junit-vintage-engine\4.12.0\junit-vintage-engine-4.12.0.jar;C:\Users\15635\.m2\repository\org\junit\platform\junit-platform-engine\1.0.0\junit-platform-engine-1.0.0.jar;C:\Users\15635\.m2\repository\org\opentest4j\opentest4j\1.0.0\opentest4j-1.0.0.jar;C:\Users\15635\.m2\repository\org\junit\jupiter\junit-jupiter-engine\5.0.0\junit-jupiter-engine-5.0.0.jar;C:\Users\15635\.m2\repository\org\junit\jupiter\junit-jupiter-api\5.0.0\junit-jupiter-api-5.0.0.jar;C:\Users\15635\.m2\repository\junit\junit\4.12\junit-4.12.jar;C:\Users\15635\.m2\repository\org\hamcrest\hamcrest-core\1.3\hamcrest-core-1.3.jar;C:\Users\15635\.m2\repository\javax\javaee-web-api\7.0\javaee-web-api-7.0.jar;C:\Users\15635\.m2\repository\mysql\mysql-connector-java\8.0.16\mysql-connector-java-8.0.16.jar;C:\Users\15635\.m2\repository\com\google\protobuf\protobuf-java\3.6.1\protobuf-java-3.6.1.jar;C:\Users\15635\.m2\repository\jstl\jstl\1.2\jstl-1.2.jar;C:\Users\15635\.m2\repository\org\apache\logging\log4j\log4j-api\2.10.0\log4j-api-2.10.0.jar;C:\Users\15635\.m2\repository\org\apache\logging\log4j\log4j-core\2.10.0\log4j-core-2.10.0.jar;C:\Users\15635\.m2\repository\org\hibernate\hibernate-core\5.4.4.Final\hibernate-core-5.4.4.Final.jar;C:\Users\15635\.m2\repository\org\jboss\logging\jboss-logging\3.3.2.Final\jboss-logging-3.3.2.Final.jar;C:\Users\15635\.m2\repository\javax\persistence\javax.persistence-api\2.2\javax.persistence-api-2.2.jar;C:\Users\15635\.m2\repository\org\javassist\javassist\3.24.0-GA\javassist-3.24.0-GA.jar;C:\Users\15635\.m2\repository\net\bytebuddy\byte-buddy\1.9.11\byte-buddy-1.9.11.jar;C:\Users\15635\.m2\repository\antlr\antlr\2.7.7\antlr-2.7.7.jar;C:\Users\15635\.m2\repository\org\jboss\spec\javax\transaction\jboss-transaction-api_1.2_spec\1.1.1.Final\jboss-transaction-api_1.2_spec-1.1.1.Final.jar;C:\Users\15635\.m2\repository\org\jboss\jandex\2.0.5.Final\jandex-2.0.5.Final.jar;C:\Users\15635\.m2\repository\com\fasterxml\classmate\1.3.4\classmate-1.3.4.jar;C:\Users\15635\.m2\repository\javax\activation\javax.activation-api\1.2.0\javax.activation-api-1.2.0.jar;C:\Users\15635\.m2\repository\org\dom4j\dom4j\2.1.1\dom4j-2.1.1.jar;C:\Users\15635\.m2\repository\org\hibernate\common\hibernate-commons-annotations\5.1.0.Final\hibernate-commons-annotations-5.1.0.Final.jar;C:\Users\15635\.m2\repository\javax\xml\bind\jaxb-api\2.3.1\jaxb-api-2.3.1.jar;C:\Users\15635\.m2\repository\org\glassfish\jaxb\jaxb-runtime\2.3.1\jaxb-runtime-2.3.1.jar;C:\Users\15635\.m2\repository\org\glassfish\jaxb\txw2\2.3.1\txw2-2.3.1.jar;C:\Users\15635\.m2\repository\com\sun\istack\istack-commons-runtime\3.0.7\istack-commons-runtime-3.0.7.jar;C:\Users\15635\.m2\repository\org\jvnet\staxex\stax-ex\1.8\stax-ex-1.8.jar;C:\Users\15635\.m2\repository\com\sun\xml\fastinfoset\FastInfoset\1.2.15\FastInfoset-1.2.15.jar;C:\Users\15635\.m2\repository\org\hibernate\hibernate-c3p0\5.4.4.Final\hibernate-c3p0-5.4.4.Final.jar;C:\Users\15635\.m2\repository\com\mchange\c3p0\0.9.5.3\c3p0-0.9.5.3.jar;C:\Users\15635\.m2\repository\com\mchange\mchange-commons-java\0.2.15\mchange-commons-java-0.2.15.jar, java.vm.vendor=Oracle Corporation, sun.arch.data.model=64, idea.test.cyclic.buffer.size=1048576, user.variant=, java.vendor.url=http://java.oracle.com/, user.timezone=America/Chicago, os.name=Windows 10, java.vm.specification.version=11, sun.java.launcher=SUN_STANDARD, user.country=US, sun.boot.library.path=C:\Program Files\Java\jdk-11.0.4\bin, sun.java.command=com.intellij.rt.execution.junit.JUnitStarter -ideVersion5 -junit5 com.juliecortez.persistence.UserDaoTest,insertWithRoleSuccess, jdk.debug=release, sun.cpu.endian=little, user.home=C:\Users\15635, hibernate.c3p0.max_statements=50, user.language=en, java.specification.vendor=Oracle Corporation, java.version.date=2019-07-16, java.home=C:\Program Files\Java\jdk-11.0.4, file.separator=\, java.vm.compressedOopsMode=32-bit, line.separator=
, hibernate.c3p0.timeout=300, java.specification.name=Java Platform API Specification, java.vm.specification.vendor=Oracle Corporation, java.awt.graphicsenv=sun.awt.Win32GraphicsEnvironment, user.script=, connection.password=Security1!, sun.management.compiler=HotSpot 64-Bit Tiered Compilers, hibernate.c3p0.max_size=20, java.runtime.version=11.0.4+10-LTS, user.name=15635, path.separator=;, hibernate.connection.username=****, os.version=10.0, java.runtime.name=Java(TM) SE Runtime Environment, hibernate.connection.url=jdbc:mysql://localhost:3306/test_mww, file.encoding=UTF-8, java.vm.name=Java HotSpot(TM) 64-Bit Server VM, java.vendor.version=18.9, hibernate.connection.driver_class=com.mysql.cj.jdbc.Driver, java.vendor.url.bug=http://bugreport.java.com/bugreport/, java.io.tmpdir=C:\Users\15635\AppData\Local\Temp\, java.version=11.0.4, user.dir=C:\Users\15635\IdeaProjects\myworkweek, os.arch=amd64, connection.username=cortezjl, java.vm.specification.name=Java Virtual Machine Specification, java.awt.printerjob=sun.awt.windows.WPrinterJob, hibernate.connection.password=****, sun.os.patch.level=, connection.driver_class=com.mysql.cj.jdbc.Driver, hibernate.boot.CfgXmlAccessService.key=org.hibernate.boot.cfgxml.spi.LoadedConfig@5d508d22, java.library.path=C:\Program Files\Java\jdk-11.0.4\bin;C:\Windows\Sun\Java\bin;C:\Windows\system32;C:\Windows;C:\Windows\system32;C:\Windows;C:\Windows\System32\Wbem;C:\Windows\System32\WindowsPowerShell\v1.0\;C:\Windows\System32\OpenSSH\;C:\Program Files\Git\cmd;C:\Program Files (x86)\Intel\Intel(R) Management Engine Components\DAL;C:\Program Files\Intel\Intel(R) Management Engine Components\DAL;C:\Program Files\PuTTY\;C:\Program Files\MySQL\MySQL Shell 8.0\bin\;., java.vendor=Oracle Corporation, java.vm.info=mixed mode, java.vm.version=11.0.4+10-LTS, hibernate.bytecode.use_reflection_optimizer=false, sun.io.unicode.encoding=UnicodeLittle, connection.url=jdbc:mysql://localhost:3306/test_mww, java.class.version=55.0}
[DEBUG] 2019-10-11 19-33-31.910 [main] TypeSafeActivator - Unable to acquire Bean Validation ValidatorFactory, skipping activation
[DEBUG] 2019-10-11 19-33-31.910 [main] JaccIntegrator - Skipping JACC integration as it was not enabled
[DEBUG] 2019-10-11 19-33-31.911 [main] SessionFactoryImpl - Instantiated session factory
[DEBUG] 2019-10-11 19-33-31.911 [main] TypeConfiguration$Scope - Scoping TypeConfiguration [org.hibernate.type.spi.TypeConfiguration@5d7399f9] to SessionFactoryImpl [org.hibernate.internal.SessionFactoryImpl@388c519]
[DEBUG] 2019-10-11 19-33-31.948 [main] ClassLoaderAccessImpl - Not known whether passed class name [com.juliecortez.entity.User] is safe
[DEBUG] 2019-10-11 19-33-31.948 [main] ClassLoaderAccessImpl - No temp ClassLoader provided; using live ClassLoader for loading potentially unsafe class : com.juliecortez.entity.User
[DEBUG] 2019-10-11 19-33-31.963 [main] ClassLoaderAccessImpl - Not known whether passed class name [com.juliecortez.entity.User] is safe
[DEBUG] 2019-10-11 19-33-31.963 [main] ClassLoaderAccessImpl - No temp ClassLoader provided; using live ClassLoader for loading potentially unsafe class : com.juliecortez.entity.User
[DEBUG] 2019-10-11 19-33-32.139 [main] ClassLoaderAccessImpl - Not known whether passed class name [com.juliecortez.entity.Role] is safe
[DEBUG] 2019-10-11 19-33-32.139 [main] ClassLoaderAccessImpl - No temp ClassLoader provided; using live ClassLoader for loading potentially unsafe class : com.juliecortez.entity.Role
[DEBUG] 2019-10-11 19-33-32.140 [main] ClassLoaderAccessImpl - Not known whether passed class name [com.juliecortez.entity.Role] is safe
[DEBUG] 2019-10-11 19-33-32.140 [main] ClassLoaderAccessImpl - No temp ClassLoader provided; using live ClassLoader for loading potentially unsafe class : com.juliecortez.entity.Role
[DEBUG] 2019-10-11 19-33-32.161 [main] AbstractCollectionPersister - Static SQL for collection: com.juliecortez.entity.User.roles
[DEBUG] 2019-10-11 19-33-32.161 [main] AbstractCollectionPersister -  Row insert: update role set user_id=? where id=?
[DEBUG] 2019-10-11 19-33-32.161 [main] AbstractCollectionPersister -  Row update: update role set  where id=?
[DEBUG] 2019-10-11 19-33-32.162 [main] AbstractCollectionPersister -  Row delete: update role set user_id=null where user_id=? and id=?
[DEBUG] 2019-10-11 19-33-32.162 [main] AbstractCollectionPersister -  One-shot delete: update role set user_id=null where user_id=?
[DEBUG] 2019-10-11 19-33-32.164 [main] AbstractEntityPersister - Static SQL for entity: com.juliecortez.entity.User
[DEBUG] 2019-10-11 19-33-32.165 [main] AbstractEntityPersister -  Version select: select id from user where id =?
[DEBUG] 2019-10-11 19-33-32.165 [main] AbstractEntityPersister -  Snapshot select: select user_.id, user_.date_of_birth as date_of_2_1_, user_.first_name as first_na3_1_, user_.last_name as last_nam4_1_, user_.password as password5_1_, user_.user_name as user_nam6_1_ from user user_ where user_.id=?
[DEBUG] 2019-10-11 19-33-32.165 [main] AbstractEntityPersister -  Insert 0: insert into user (date_of_birth, first_name, last_name, password, user_name, id) values (?, ?, ?, ?, ?, ?)
[DEBUG] 2019-10-11 19-33-32.165 [main] AbstractEntityPersister -  Update 0: update user set date_of_birth=?, first_name=?, last_name=?, password=?, user_name=? where id=?
[DEBUG] 2019-10-11 19-33-32.165 [main] AbstractEntityPersister -  Delete 0: delete from user where id=?
[DEBUG] 2019-10-11 19-33-32.165 [main] AbstractEntityPersister -  Identity insert: insert into user (date_of_birth, first_name, last_name, password, user_name) values (?, ?, ?, ?, ?)
[DEBUG] 2019-10-11 19-33-32.182 [main] QuerySpacesImpl - Adding QuerySpace : uid = <gen:0> -> org.hibernate.loader.plan.build.internal.spaces.EntityQuerySpaceImpl@6ed18d80]
[DEBUG] 2019-10-11 19-33-32.182 [main] MetamodelGraphWalker - Visiting attribute path : dateOfBirth
[DEBUG] 2019-10-11 19-33-32.183 [main] MetamodelGraphWalker - Visiting attribute path : firstName
[DEBUG] 2019-10-11 19-33-32.183 [main] MetamodelGraphWalker - Visiting attribute path : lastName
[DEBUG] 2019-10-11 19-33-32.183 [main] MetamodelGraphWalker - Visiting attribute path : password
[DEBUG] 2019-10-11 19-33-32.183 [main] MetamodelGraphWalker - Visiting attribute path : roles
[DEBUG] 2019-10-11 19-33-32.186 [main] QuerySpacesImpl - Adding QuerySpace : uid = <gen:1> -> org.hibernate.loader.plan.build.internal.spaces.CollectionQuerySpaceImpl@63917fe1]
[DEBUG] 2019-10-11 19-33-32.187 [main] QuerySpacesImpl - Adding QuerySpace : uid = <gen:2> -> org.hibernate.loader.plan.build.internal.spaces.EntityQuerySpaceImpl@18c880ea]
[DEBUG] 2019-10-11 19-33-32.188 [main] MetamodelGraphWalker - Visiting attribute path : roles.role
[DEBUG] 2019-10-11 19-33-32.188 [main] MetamodelGraphWalker - Visiting attribute path : roles.user
[DEBUG] 2019-10-11 19-33-32.188 [main] MetamodelGraphWalker - Property path deemed to be circular : roles.user
[DEBUG] 2019-10-11 19-33-32.189 [main] MetamodelGraphWalker - Visiting attribute path : userName
[DEBUG] 2019-10-11 19-33-32.189 [main] FetchStyleLoadPlanBuildingAssociationVisitationStrategy - Building LoadPlan...
[DEBUG] 2019-10-11 19-33-32.198 [main] LoadQueryJoinAndFetchProcessor - processing queryspace <gen:0>
[DEBUG] 2019-10-11 19-33-32.203 [main] LoadPlanTreePrinter - LoadPlan(entity=com.juliecortez.entity.User)
    - Returns
       - EntityReturnImpl(entity=com.juliecortez.entity.User, querySpaceUid=<gen:0>, path=com.juliecortez.entity.User)
          - CollectionAttributeFetchImpl(collection=com.juliecortez.entity.User.roles, querySpaceUid=<gen:1>, path=com.juliecortez.entity.User.roles)
             - (collection element) CollectionFetchableElementEntityGraph(entity=com.juliecortez.entity.Role, querySpaceUid=<gen:2>, path=com.juliecortez.entity.User.roles.<elements>)
    - QuerySpaces
       - EntityQuerySpaceImpl(uid=<gen:0>, entity=com.juliecortez.entity.User)
          - SQL table alias mapping - user0_
          - alias suffix - 0_
          - suffixed key columns - {id1_1_0_}
          - JOIN (JoinDefinedByMetadata(roles)) : <gen:0> -> <gen:1>
             - CollectionQuerySpaceImpl(uid=<gen:1>, collection=com.juliecortez.entity.User.roles)
                - SQL table alias mapping - roles1_
                - alias suffix - 1_
                - suffixed key columns - {user_id3_0_1_}
                - entity-element alias suffix - 2_
                - 2_entity-element suffixed key columns - id1_0_2_
                - JOIN (JoinDefinedByMetadata(elements)) : <gen:1> -> <gen:2>
                   - EntityQuerySpaceImpl(uid=<gen:2>, entity=com.juliecortez.entity.Role)
                      - SQL table alias mapping - roles1_
                      - alias suffix - 2_
                      - suffixed key columns - {id1_0_2_}

[DEBUG] 2019-10-11 19-33-32.205 [main] EntityLoader - Static select for entity com.juliecortez.entity.User [NONE]: select user0_.id as id1_1_0_, user0_.date_of_birth as date_of_2_1_0_, user0_.first_name as first_na3_1_0_, user0_.last_name as last_nam4_1_0_, user0_.password as password5_1_0_, user0_.user_name as user_nam6_1_0_, roles1_.user_id as user_id3_0_1_, roles1_.id as id1_0_1_, roles1_.id as id1_0_2_, roles1_.role as role2_0_2_, roles1_.user_id as user_id3_0_2_ from user user0_ left outer join role roles1_ on user0_.id=roles1_.user_id where user0_.id=?
[DEBUG] 2019-10-11 19-33-32.205 [main] QuerySpacesImpl - Adding QuerySpace : uid = <gen:0> -> org.hibernate.loader.plan.build.internal.spaces.EntityQuerySpaceImpl@402b4f81]
[DEBUG] 2019-10-11 19-33-32.205 [main] MetamodelGraphWalker - Visiting attribute path : dateOfBirth
[DEBUG] 2019-10-11 19-33-32.205 [main] MetamodelGraphWalker - Visiting attribute path : firstName
[DEBUG] 2019-10-11 19-33-32.205 [main] MetamodelGraphWalker - Visiting attribute path : lastName
[DEBUG] 2019-10-11 19-33-32.205 [main] MetamodelGraphWalker - Visiting attribute path : password
[DEBUG] 2019-10-11 19-33-32.205 [main] MetamodelGraphWalker - Visiting attribute path : roles
[DEBUG] 2019-10-11 19-33-32.205 [main] QuerySpacesImpl - Adding QuerySpace : uid = <gen:1> -> org.hibernate.loader.plan.build.internal.spaces.CollectionQuerySpaceImpl@23b1aa9]
[DEBUG] 2019-10-11 19-33-32.205 [main] QuerySpacesImpl - Adding QuerySpace : uid = <gen:2> -> org.hibernate.loader.plan.build.internal.spaces.EntityQuerySpaceImpl@54489296]
[DEBUG] 2019-10-11 19-33-32.206 [main] MetamodelGraphWalker - Visiting attribute path : roles.role
[DEBUG] 2019-10-11 19-33-32.206 [main] MetamodelGraphWalker - Visiting attribute path : roles.user
[DEBUG] 2019-10-11 19-33-32.206 [main] MetamodelGraphWalker - Property path deemed to be circular : roles.user
[DEBUG] 2019-10-11 19-33-32.206 [main] MetamodelGraphWalker - Visiting attribute path : userName
[DEBUG] 2019-10-11 19-33-32.206 [main] FetchStyleLoadPlanBuildingAssociationVisitationStrategy - Building LoadPlan...
[DEBUG] 2019-10-11 19-33-32.206 [main] LoadQueryJoinAndFetchProcessor - processing queryspace <gen:0>
[DEBUG] 2019-10-11 19-33-32.206 [main] LoadPlanTreePrinter - LoadPlan(entity=com.juliecortez.entity.User)
    - Returns
       - EntityReturnImpl(entity=com.juliecortez.entity.User, querySpaceUid=<gen:0>, path=com.juliecortez.entity.User)
          - CollectionAttributeFetchImpl(collection=com.juliecortez.entity.User.roles, querySpaceUid=<gen:1>, path=com.juliecortez.entity.User.roles)
             - (collection element) CollectionFetchableElementEntityGraph(entity=com.juliecortez.entity.Role, querySpaceUid=<gen:2>, path=com.juliecortez.entity.User.roles.<elements>)
    - QuerySpaces
       - EntityQuerySpaceImpl(uid=<gen:0>, entity=com.juliecortez.entity.User)
          - SQL table alias mapping - user0_
          - alias suffix - 0_
          - suffixed key columns - {id1_1_0_}
          - JOIN (JoinDefinedByMetadata(roles)) : <gen:0> -> <gen:1>
             - CollectionQuerySpaceImpl(uid=<gen:1>, collection=com.juliecortez.entity.User.roles)
                - SQL table alias mapping - roles1_
                - alias suffix - 1_
                - suffixed key columns - {user_id3_0_1_}
                - entity-element alias suffix - 2_
                - 2_entity-element suffixed key columns - id1_0_2_
                - JOIN (JoinDefinedByMetadata(elements)) : <gen:1> -> <gen:2>
                   - EntityQuerySpaceImpl(uid=<gen:2>, entity=com.juliecortez.entity.Role)
                      - SQL table alias mapping - roles1_
                      - alias suffix - 2_
                      - suffixed key columns - {id1_0_2_}

[DEBUG] 2019-10-11 19-33-32.206 [main] EntityLoader - Static select for entity com.juliecortez.entity.User [READ]: select user0_.id as id1_1_0_, user0_.date_of_birth as date_of_2_1_0_, user0_.first_name as first_na3_1_0_, user0_.last_name as last_nam4_1_0_, user0_.password as password5_1_0_, user0_.user_name as user_nam6_1_0_, roles1_.user_id as user_id3_0_1_, roles1_.id as id1_0_1_, roles1_.id as id1_0_2_, roles1_.role as role2_0_2_, roles1_.user_id as user_id3_0_2_ from user user0_ left outer join role roles1_ on user0_.id=roles1_.user_id where user0_.id=?
[DEBUG] 2019-10-11 19-33-32.216 [main] Loader - Static select for action ACTION_MERGE on entity com.juliecortez.entity.User: select user0_.id as id1_1_1_, user0_.date_of_birth as date_of_2_1_1_, user0_.first_name as first_na3_1_1_, user0_.last_name as last_nam4_1_1_, user0_.password as password5_1_1_, user0_.user_name as user_nam6_1_1_, roles1_.user_id as user_id3_0_3_, roles1_.id as id1_0_3_, roles1_.id as id1_0_0_, roles1_.role as role2_0_0_, roles1_.user_id as user_id3_0_0_ from user user0_ left outer join role roles1_ on user0_.id=roles1_.user_id where user0_.id=?
[DEBUG] 2019-10-11 19-33-32.217 [main] Loader - Static select for action ACTION_REFRESH on entity com.juliecortez.entity.User: select user0_.id as id1_1_1_, user0_.date_of_birth as date_of_2_1_1_, user0_.first_name as first_na3_1_1_, user0_.last_name as last_nam4_1_1_, user0_.password as password5_1_1_, user0_.user_name as user_nam6_1_1_, roles1_.user_id as user_id3_0_3_, roles1_.id as id1_0_3_, roles1_.id as id1_0_0_, roles1_.role as role2_0_0_, roles1_.user_id as user_id3_0_0_ from user user0_ left outer join role roles1_ on user0_.id=roles1_.user_id where user0_.id=?
[DEBUG] 2019-10-11 19-33-32.217 [main] AbstractEntityPersister - Static SQL for entity: com.juliecortez.entity.Role
[DEBUG] 2019-10-11 19-33-32.217 [main] AbstractEntityPersister -  Version select: select id from role where id =?
[DEBUG] 2019-10-11 19-33-32.217 [main] AbstractEntityPersister -  Snapshot select: select role_.id, role_.role as role2_0_, role_.user_id as user_id3_0_ from role role_ where role_.id=?
[DEBUG] 2019-10-11 19-33-32.217 [main] AbstractEntityPersister -  Insert 0: insert into role (role, user_id, id) values (?, ?, ?)
[DEBUG] 2019-10-11 19-33-32.217 [main] AbstractEntityPersister -  Update 0: update role set role=?, user_id=? where id=?
[DEBUG] 2019-10-11 19-33-32.217 [main] AbstractEntityPersister -  Delete 0: delete from role where id=?
[DEBUG] 2019-10-11 19-33-32.217 [main] AbstractEntityPersister -  Identity insert: insert into role (role, user_id) values (?, ?)
[DEBUG] 2019-10-11 19-33-32.217 [main] QuerySpacesImpl - Adding QuerySpace : uid = <gen:0> -> org.hibernate.loader.plan.build.internal.spaces.EntityQuerySpaceImpl@1201769d]
[DEBUG] 2019-10-11 19-33-32.217 [main] MetamodelGraphWalker - Visiting attribute path : role
[DEBUG] 2019-10-11 19-33-32.217 [main] MetamodelGraphWalker - Visiting attribute path : user
[DEBUG] 2019-10-11 19-33-32.217 [main] QuerySpacesImpl - Adding QuerySpace : uid = <gen:1> -> org.hibernate.loader.plan.build.internal.spaces.EntityQuerySpaceImpl@4607d78b]
[DEBUG] 2019-10-11 19-33-32.218 [main] MetamodelGraphWalker - Visiting attribute path : user.dateOfBirth
[DEBUG] 2019-10-11 19-33-32.218 [main] MetamodelGraphWalker - Visiting attribute path : user.firstName
[DEBUG] 2019-10-11 19-33-32.218 [main] MetamodelGraphWalker - Visiting attribute path : user.lastName
[DEBUG] 2019-10-11 19-33-32.218 [main] MetamodelGraphWalker - Visiting attribute path : user.password
[DEBUG] 2019-10-11 19-33-32.218 [main] MetamodelGraphWalker - Visiting attribute path : user.roles
[DEBUG] 2019-10-11 19-33-32.218 [main] MetamodelGraphWalker - Property path deemed to be circular : user.roles
[DEBUG] 2019-10-11 19-33-32.218 [main] MetamodelGraphWalker - Visiting attribute path : user.userName
[DEBUG] 2019-10-11 19-33-32.218 [main] FetchStyleLoadPlanBuildingAssociationVisitationStrategy - Building LoadPlan...
[DEBUG] 2019-10-11 19-33-32.218 [main] LoadQueryJoinAndFetchProcessor - processing queryspace <gen:0>
[DEBUG] 2019-10-11 19-33-32.218 [main] LoadPlanTreePrinter - LoadPlan(entity=com.juliecortez.entity.Role)
    - Returns
       - EntityReturnImpl(entity=com.juliecortez.entity.Role, querySpaceUid=<gen:0>, path=com.juliecortez.entity.Role)
          - EntityAttributeFetchImpl(entity=com.juliecortez.entity.User, querySpaceUid=<gen:1>, path=com.juliecortez.entity.Role.user)
    - QuerySpaces
       - EntityQuerySpaceImpl(uid=<gen:0>, entity=com.juliecortez.entity.Role)
          - SQL table alias mapping - role0_
          - alias suffix - 0_
          - suffixed key columns - {id1_0_0_}
          - JOIN (JoinDefinedByMetadata(user)) : <gen:0> -> <gen:1>
             - EntityQuerySpaceImpl(uid=<gen:1>, entity=com.juliecortez.entity.User)
                - SQL table alias mapping - user1_
                - alias suffix - 1_
                - suffixed key columns - {id1_1_1_}

[DEBUG] 2019-10-11 19-33-32.218 [main] EntityLoader - Static select for entity com.juliecortez.entity.Role [NONE]: select role0_.id as id1_0_0_, role0_.role as role2_0_0_, role0_.user_id as user_id3_0_0_, user1_.id as id1_1_1_, user1_.date_of_birth as date_of_2_1_1_, user1_.first_name as first_na3_1_1_, user1_.last_name as last_nam4_1_1_, user1_.password as password5_1_1_, user1_.user_name as user_nam6_1_1_ from role role0_ left outer join user user1_ on role0_.user_id=user1_.id where role0_.id=?
[DEBUG] 2019-10-11 19-33-32.219 [main] QuerySpacesImpl - Adding QuerySpace : uid = <gen:0> -> org.hibernate.loader.plan.build.internal.spaces.EntityQuerySpaceImpl@5618fc1f]
[DEBUG] 2019-10-11 19-33-32.219 [main] MetamodelGraphWalker - Visiting attribute path : role
[DEBUG] 2019-10-11 19-33-32.219 [main] MetamodelGraphWalker - Visiting attribute path : user
[DEBUG] 2019-10-11 19-33-32.219 [main] QuerySpacesImpl - Adding QuerySpace : uid = <gen:1> -> org.hibernate.loader.plan.build.internal.spaces.EntityQuerySpaceImpl@374c3975]
[DEBUG] 2019-10-11 19-33-32.219 [main] MetamodelGraphWalker - Visiting attribute path : user.dateOfBirth
[DEBUG] 2019-10-11 19-33-32.219 [main] MetamodelGraphWalker - Visiting attribute path : user.firstName
[DEBUG] 2019-10-11 19-33-32.219 [main] MetamodelGraphWalker - Visiting attribute path : user.lastName
[DEBUG] 2019-10-11 19-33-32.219 [main] MetamodelGraphWalker - Visiting attribute path : user.password
[DEBUG] 2019-10-11 19-33-32.219 [main] MetamodelGraphWalker - Visiting attribute path : user.roles
[DEBUG] 2019-10-11 19-33-32.219 [main] MetamodelGraphWalker - Property path deemed to be circular : user.roles
[DEBUG] 2019-10-11 19-33-32.219 [main] MetamodelGraphWalker - Visiting attribute path : user.userName
[DEBUG] 2019-10-11 19-33-32.219 [main] FetchStyleLoadPlanBuildingAssociationVisitationStrategy - Building LoadPlan...
[DEBUG] 2019-10-11 19-33-32.219 [main] LoadQueryJoinAndFetchProcessor - processing queryspace <gen:0>
[DEBUG] 2019-10-11 19-33-32.220 [main] LoadPlanTreePrinter - LoadPlan(entity=com.juliecortez.entity.Role)
    - Returns
       - EntityReturnImpl(entity=com.juliecortez.entity.Role, querySpaceUid=<gen:0>, path=com.juliecortez.entity.Role)
          - EntityAttributeFetchImpl(entity=com.juliecortez.entity.User, querySpaceUid=<gen:1>, path=com.juliecortez.entity.Role.user)
    - QuerySpaces
       - EntityQuerySpaceImpl(uid=<gen:0>, entity=com.juliecortez.entity.Role)
          - SQL table alias mapping - role0_
          - alias suffix - 0_
          - suffixed key columns - {id1_0_0_}
          - JOIN (JoinDefinedByMetadata(user)) : <gen:0> -> <gen:1>
             - EntityQuerySpaceImpl(uid=<gen:1>, entity=com.juliecortez.entity.User)
                - SQL table alias mapping - user1_
                - alias suffix - 1_
                - suffixed key columns - {id1_1_1_}

[DEBUG] 2019-10-11 19-33-32.220 [main] EntityLoader - Static select for entity com.juliecortez.entity.Role [READ]: select role0_.id as id1_0_0_, role0_.role as role2_0_0_, role0_.user_id as user_id3_0_0_, user1_.id as id1_1_1_, user1_.date_of_birth as date_of_2_1_1_, user1_.first_name as first_na3_1_1_, user1_.last_name as last_nam4_1_1_, user1_.password as password5_1_1_, user1_.user_name as user_nam6_1_1_ from role role0_ left outer join user user1_ on role0_.user_id=user1_.id where role0_.id=?
[DEBUG] 2019-10-11 19-33-32.220 [main] Loader - Static select for action ACTION_MERGE on entity com.juliecortez.entity.Role: select role0_.id as id1_0_0_, role0_.role as role2_0_0_, role0_.user_id as user_id3_0_0_ from role role0_ where role0_.id=?
[DEBUG] 2019-10-11 19-33-32.220 [main] Loader - Static select for action ACTION_REFRESH on entity com.juliecortez.entity.Role: select role0_.id as id1_0_0_, role0_.role as role2_0_0_, role0_.user_id as user_id3_0_0_ from role role0_ where role0_.id=?
[DEBUG] 2019-10-11 19-33-32.223 [main] QuerySpacesImpl - Adding QuerySpace : uid = <gen:0> -> org.hibernate.loader.plan.build.internal.spaces.CollectionQuerySpaceImpl@25567581]
[DEBUG] 2019-10-11 19-33-32.223 [main] QuerySpacesImpl - Adding QuerySpace : uid = <gen:1> -> org.hibernate.loader.plan.build.internal.spaces.EntityQuerySpaceImpl@179ee36b]
[DEBUG] 2019-10-11 19-33-32.223 [main] MetamodelGraphWalker - Visiting attribute path : role
[DEBUG] 2019-10-11 19-33-32.223 [main] MetamodelGraphWalker - Visiting attribute path : user
[DEBUG] 2019-10-11 19-33-32.223 [main] MetamodelGraphWalker - Property path deemed to be circular : user
[DEBUG] 2019-10-11 19-33-32.223 [main] FetchStyleLoadPlanBuildingAssociationVisitationStrategy - Building LoadPlan...
[DEBUG] 2019-10-11 19-33-32.224 [main] LoadQueryJoinAndFetchProcessor - processing queryspace <gen:0>
[DEBUG] 2019-10-11 19-33-32.225 [main] LoadPlanTreePrinter - LoadPlan(collection=com.juliecortez.entity.User.roles)
    - Returns
       - CollectionReturnImpl(collection=com.juliecortez.entity.User.roles, querySpaceUid=<gen:0>, path=[com.juliecortez.entity.User.roles])
          - (collection element) CollectionFetchableElementEntityGraph(entity=com.juliecortez.entity.Role, querySpaceUid=<gen:1>, path=[com.juliecortez.entity.User.roles].<elements>)
    - QuerySpaces
       - CollectionQuerySpaceImpl(uid=<gen:0>, collection=com.juliecortez.entity.User.roles)
          - SQL table alias mapping - roles0_
          - alias suffix - 0_
          - suffixed key columns - {user_id3_0_0_}
          - entity-element alias suffix - 1_
          - 1_entity-element suffixed key columns - id1_0_1_
          - JOIN (JoinDefinedByMetadata(elements)) : <gen:0> -> <gen:1>
             - EntityQuerySpaceImpl(uid=<gen:1>, entity=com.juliecortez.entity.Role)
                - SQL table alias mapping - roles0_
                - alias suffix - 1_
                - suffixed key columns - {id1_0_1_}

[DEBUG] 2019-10-11 19-33-32.225 [main] CollectionLoader - Static select for collection com.juliecortez.entity.User.roles: select roles0_.user_id as user_id3_0_0_, roles0_.id as id1_0_0_, roles0_.id as id1_0_1_, roles0_.role as role2_0_1_, roles0_.user_id as user_id3_0_1_ from role roles0_ where roles0_.user_id=?
[DEBUG] 2019-10-11 19-33-32.249 [main] SchemaManagementToolCoordinator - No actions specified; doing nothing
[DEBUG] 2019-10-11 19-33-32.249 [main] JtaPlatformInitiator - No JtaPlatform was specified, checking resolver
[DEBUG] 2019-10-11 19-33-32.249 [main] JtaPlatformResolverInitiator - No JtaPlatformResolver was specified, using default [org.hibernate.engine.transaction.jta.platform.internal.StandardJtaPlatformResolver]
[DEBUG] 2019-10-11 19-33-32.254 [main] StandardJtaPlatformResolver - Could not resolve JtaPlatform, using default [org.hibernate.engine.transaction.jta.platform.internal.NoJtaPlatform]
[INFO ] 2019-10-11 19-33-32.254 [main] JtaPlatformInitiator - HHH000490: Using JtaPlatform implementation: [org.hibernate.engine.transaction.jta.platform.internal.NoJtaPlatform]
[DEBUG] 2019-10-11 19-33-32.255 [main] NamedQueryRepository - Checking 0 named HQL queries
[DEBUG] 2019-10-11 19-33-32.255 [main] NamedQueryRepository - Checking 0 named SQL queries
[DEBUG] 2019-10-11 19-33-32.256 [main] SessionFactoryRegistry - Initializing SessionFactoryRegistry : org.hibernate.internal.SessionFactoryRegistry@23e2c1ca
[DEBUG] 2019-10-11 19-33-32.258 [main] SessionFactoryRegistry - Registering SessionFactory: 53bce997-46ea-4704-80cb-b18c86ad4b97 (<unnamed>)
[DEBUG] 2019-10-11 19-33-32.258 [main] SessionFactoryRegistry - Not binding SessionFactory to JNDI, no JNDI name configured
[DEBUG] 2019-10-11 19-33-32.314 [main] StatisticsInitiator - Statistics initialized [enabled=false]
[DEBUG] 2019-10-11 19-33-32.320 [main] TransactionImpl - On TransactionImpl creation, JpaCompliance#isJpaTransactionComplianceEnabled == false
[DEBUG] 2019-10-11 19-33-32.320 [main] TransactionImpl - begin
[DEBUG] 2019-10-11 19-33-32.350 [main] ActionQueue - Executing identity-insert immediately
[DEBUG] 2019-10-11 19-33-32.354 [main] SQL - insert into user (date_of_birth, first_name, last_name, password, user_name) values (?, ?, ?, ?, ?)
[DEBUG] 2019-10-11 19-33-32.374 [main] IdentifierGeneratorHelper - Natively generated identity: 289
[DEBUG] 2019-10-11 19-33-32.375 [main] ResourceRegistryStandardImpl - HHH000387: ResultSet's statement was not registered
[DEBUG] 2019-10-11 19-33-32.377 [main] ActionQueue - Executing identity-insert immediately
[DEBUG] 2019-10-11 19-33-32.377 [main] SQL - insert into role (role, user_id) values (?, ?)
[DEBUG] 2019-10-11 19-33-32.379 [main] IdentifierGeneratorHelper - Natively generated identity: 173
[DEBUG] 2019-10-11 19-33-32.379 [main] ResourceRegistryStandardImpl - HHH000387: ResultSet's statement was not registered
[DEBUG] 2019-10-11 19-33-32.380 [main] TransactionImpl - committing
[DEBUG] 2019-10-11 19-33-32.381 [main] AbstractFlushingEventListener - Processing flush-time cascades
[DEBUG] 2019-10-11 19-33-32.382 [main] AbstractFlushingEventListener - Dirty checking collections
[DEBUG] 2019-10-11 19-33-32.385 [main] Collections - Collection found: [com.juliecortez.entity.User.roles#289], was: [<unreferenced>] (initialized)
[DEBUG] 2019-10-11 19-33-32.386 [main] AbstractFlushingEventListener - Flushed: 0 insertions, 0 updates, 0 deletions to 2 objects
[DEBUG] 2019-10-11 19-33-32.386 [main] AbstractFlushingEventListener - Flushed: 1 (re)creations, 0 updates, 0 removals to 1 collections
[DEBUG] 2019-10-11 19-33-32.388 [main] EntityPrinter - Listing entities:
[DEBUG] 2019-10-11 19-33-32.388 [main] EntityPrinter - com.juliecortez.entity.User{firstName=Fred, lastName=Flintstone, password=password, roles=[com.juliecortez.entity.Role#173], dateOfBirth=1968-01-01, id=289, userName=fflintstone}
[DEBUG] 2019-10-11 19-33-32.388 [main] EntityPrinter - com.juliecortez.entity.Role{role=Front Of House, id=173, user=com.juliecortez.entity.User#289}
[DEBUG] 2019-10-11 19-33-32.393 [main] LogicalConnectionManagedImpl - Initiating JDBC connection release from afterTransaction
[DEBUG] 2019-10-11 19-33-32.394 [main] LogicalConnectionManagedImpl - Initiating JDBC connection release from afterTransaction
[DEBUG] 2019-10-11 19-33-32.403 [main] SQL - select user0_.id as id1_1_0_, user0_.date_of_birth as date_of_2_1_0_, user0_.first_name as first_na3_1_0_, user0_.last_name as last_nam4_1_0_, user0_.password as password5_1_0_, user0_.user_name as user_nam6_1_0_, roles1_.user_id as user_id3_0_1_, roles1_.id as id1_0_1_, roles1_.id as id1_0_2_, roles1_.role as role2_0_2_, roles1_.user_id as user_id3_0_2_ from user user0_ left outer join role roles1_ on user0_.id=roles1_.user_id where user0_.id=?
[DEBUG] 2019-10-11 19-33-32.407 [main] ResultSetProcessorImpl - Starting ResultSet row #0
[DEBUG] 2019-10-11 19-33-32.408 [main] EntityReferenceInitializerImpl - On call to EntityIdentifierReaderImpl#resolve, EntityKey was already known; should only happen on root returns with an optional identifier specified
[DEBUG] 2019-10-11 19-33-32.410 [main] CollectionReferenceInitializerImpl - Found row of collection: [com.juliecortez.entity.User.roles#289]
[DEBUG] 2019-10-11 19-33-32.414 [main] TwoPhaseLoad - Resolving attributes for [com.juliecortez.entity.User#289]
[DEBUG] 2019-10-11 19-33-32.414 [main] TwoPhaseLoad - Processing attribute `dateOfBirth` : value = 1968-01-01
[DEBUG] 2019-10-11 19-33-32.414 [main] TwoPhaseLoad - Attribute (`dateOfBirth`)  - enhanced for lazy-loading? - false
[DEBUG] 2019-10-11 19-33-32.414 [main] TwoPhaseLoad - Processing attribute `firstName` : value = Fred
[DEBUG] 2019-10-11 19-33-32.414 [main] TwoPhaseLoad - Attribute (`firstName`)  - enhanced for lazy-loading? - false
[DEBUG] 2019-10-11 19-33-32.414 [main] TwoPhaseLoad - Processing attribute `lastName` : value = Flintstone
[DEBUG] 2019-10-11 19-33-32.414 [main] TwoPhaseLoad - Attribute (`lastName`)  - enhanced for lazy-loading? - false
[DEBUG] 2019-10-11 19-33-32.414 [main] TwoPhaseLoad - Processing attribute `password` : value = password
[DEBUG] 2019-10-11 19-33-32.414 [main] TwoPhaseLoad - Attribute (`password`)  - enhanced for lazy-loading? - false
[DEBUG] 2019-10-11 19-33-32.415 [main] TwoPhaseLoad - Processing attribute `roles` : value = NOT NULL COLLECTION
[DEBUG] 2019-10-11 19-33-32.415 [main] TwoPhaseLoad - Attribute (`roles`)  - enhanced for lazy-loading? - false
[DEBUG] 2019-10-11 19-33-32.415 [main] TwoPhaseLoad - Processing attribute `userName` : value = fflintstone
[DEBUG] 2019-10-11 19-33-32.415 [main] TwoPhaseLoad - Attribute (`userName`)  - enhanced for lazy-loading? - false
[DEBUG] 2019-10-11 19-33-32.415 [main] TwoPhaseLoad - Done materializing entity [com.juliecortez.entity.User#289]
[DEBUG] 2019-10-11 19-33-32.415 [main] TwoPhaseLoad - Resolving attributes for [com.juliecortez.entity.Role#173]
[DEBUG] 2019-10-11 19-33-32.415 [main] TwoPhaseLoad - Processing attribute `role` : value = Front Of House
[DEBUG] 2019-10-11 19-33-32.415 [main] TwoPhaseLoad - Attribute (`role`)  - enhanced for lazy-loading? - false
[DEBUG] 2019-10-11 19-33-32.415 [main] TwoPhaseLoad - Processing attribute `user` : value = 289
[DEBUG] 2019-10-11 19-33-32.415 [main] TwoPhaseLoad - Attribute (`user`)  - enhanced for lazy-loading? - false
[DEBUG] 2019-10-11 19-33-32.415 [main] TwoPhaseLoad - Done materializing entity [com.juliecortez.entity.Role#173]
[DEBUG] 2019-10-11 19-33-32.415 [main] CollectionLoadContext - 1 collections were found in result set for role: com.juliecortez.entity.User.roles
[DEBUG] 2019-10-11 19-33-32.415 [main] CollectionLoadContext - Collection fully initialized: [com.juliecortez.entity.User.roles#289]
[DEBUG] 2019-10-11 19-33-32.415 [main] CollectionLoadContext - 1 collections initialized for role: com.juliecortez.entity.User.roles
[DEBUG] 2019-10-11 19-33-32.416 [main] ResourceRegistryStandardImpl - HHH000387: ResultSet's statement was not registered
[DEBUG] 2019-10-11 19-33-32.416 [main] AbstractLoadPlanBasedEntityLoader - Done entity load : com.juliecortez.entity.User#289
[DEBUG] 2019-10-11 19-33-32.416 [main] LogicalConnectionManagedImpl - Initiating JDBC connection release from afterTransaction
