[DEBUG] 2019-10-04 21-18-41.251 [http-nio-8080-exec-3] IntegratorServiceImpl - Adding Integrator [org.hibernate.cfg.beanvalidation.BeanValidationIntegrator].
[DEBUG] 2019-10-04 21-18-41.263 [http-nio-8080-exec-3] IntegratorServiceImpl - Adding Integrator [org.hibernate.secure.spi.JaccIntegrator].
[DEBUG] 2019-10-04 21-18-41.274 [http-nio-8080-exec-3] IntegratorServiceImpl - Adding Integrator [org.hibernate.cache.internal.CollectionCacheInvalidator].
[INFO ] 2019-10-04 21-18-41.425 [http-nio-8080-exec-3] Version - HHH000412: Hibernate Core {5.4.4.Final}
[DEBUG] 2019-10-04 21-18-41.428 [http-nio-8080-exec-3] Environment - HHH000206: hibernate.properties not found
[DEBUG] 2019-10-04 21-18-41.741 [http-nio-8080-exec-3] LocalXmlResourceResolver - Interpreting public/system identifier : [-//Hibernate/Hibernate Configuration DTD//EN] - [http://www.hibernate.org/dtd/hibernate-configuration-3.0.dtd]
[DEBUG] 2019-10-04 21-18-41.742 [http-nio-8080-exec-3] LocalXmlResourceResolver - Recognized hibernate-configuration identifier; attempting to resolve on classpath under org/hibernate/
[DEBUG] 2019-10-04 21-18-41.775 [http-nio-8080-exec-3] JaxbCfgProcessor - cfg.xml document did not define namespaces; wrapping in custom event reader to introduce namespace information
[DEBUG] 2019-10-04 21-18-42.200 [http-nio-8080-exec-3] ServiceBinding - Overriding existing service binding [org.hibernate.secure.spi.JaccService]
[DEBUG] 2019-10-04 21-18-42.239 [http-nio-8080-exec-3] RegionFactoryInitiator - Cannot default RegionFactory based on registered strategies as `[]` RegionFactory strategies were registered
[DEBUG] 2019-10-04 21-18-42.241 [http-nio-8080-exec-3] RegionFactoryInitiator - Cache region factory : org.hibernate.cache.internal.NoCachingRegionFactory
[INFO ] 2019-10-04 21-18-42.286 [http-nio-8080-exec-3] Version - HCANN000001: Hibernate Commons Annotations {5.1.0.Final}
[DEBUG] 2019-10-04 21-18-42.365 [http-nio-8080-exec-3] BasicTypeRegistry - Adding type registration boolean -> org.hibernate.type.BooleanType@1290cfcb
[DEBUG] 2019-10-04 21-18-42.365 [http-nio-8080-exec-3] BasicTypeRegistry - Adding type registration boolean -> org.hibernate.type.BooleanType@1290cfcb
[DEBUG] 2019-10-04 21-18-42.365 [http-nio-8080-exec-3] BasicTypeRegistry - Adding type registration java.lang.Boolean -> org.hibernate.type.BooleanType@1290cfcb
[DEBUG] 2019-10-04 21-18-42.366 [http-nio-8080-exec-3] BasicTypeRegistry - Adding type registration numeric_boolean -> org.hibernate.type.NumericBooleanType@43b70172
[DEBUG] 2019-10-04 21-18-42.367 [http-nio-8080-exec-3] BasicTypeRegistry - Adding type registration true_false -> org.hibernate.type.TrueFalseType@3797ab55
[DEBUG] 2019-10-04 21-18-42.368 [http-nio-8080-exec-3] BasicTypeRegistry - Adding type registration yes_no -> org.hibernate.type.YesNoType@19cb859
[DEBUG] 2019-10-04 21-18-42.370 [http-nio-8080-exec-3] BasicTypeRegistry - Adding type registration byte -> org.hibernate.type.ByteType@3c3a09c7
[DEBUG] 2019-10-04 21-18-42.370 [http-nio-8080-exec-3] BasicTypeRegistry - Adding type registration byte -> org.hibernate.type.ByteType@3c3a09c7
[DEBUG] 2019-10-04 21-18-42.370 [http-nio-8080-exec-3] BasicTypeRegistry - Adding type registration java.lang.Byte -> org.hibernate.type.ByteType@3c3a09c7
[DEBUG] 2019-10-04 21-18-42.372 [http-nio-8080-exec-3] BasicTypeRegistry - Adding type registration character -> org.hibernate.type.CharacterType@3e1fbeb8
[DEBUG] 2019-10-04 21-18-42.372 [http-nio-8080-exec-3] BasicTypeRegistry - Adding type registration char -> org.hibernate.type.CharacterType@3e1fbeb8
[DEBUG] 2019-10-04 21-18-42.372 [http-nio-8080-exec-3] BasicTypeRegistry - Adding type registration java.lang.Character -> org.hibernate.type.CharacterType@3e1fbeb8
[DEBUG] 2019-10-04 21-18-42.374 [http-nio-8080-exec-3] BasicTypeRegistry - Adding type registration short -> org.hibernate.type.ShortType@5b34614c
[DEBUG] 2019-10-04 21-18-42.374 [http-nio-8080-exec-3] BasicTypeRegistry - Adding type registration short -> org.hibernate.type.ShortType@5b34614c
[DEBUG] 2019-10-04 21-18-42.374 [http-nio-8080-exec-3] BasicTypeRegistry - Adding type registration java.lang.Short -> org.hibernate.type.ShortType@5b34614c
[DEBUG] 2019-10-04 21-18-42.376 [http-nio-8080-exec-3] BasicTypeRegistry - Adding type registration integer -> org.hibernate.type.IntegerType@49942bbd
[DEBUG] 2019-10-04 21-18-42.376 [http-nio-8080-exec-3] BasicTypeRegistry - Adding type registration int -> org.hibernate.type.IntegerType@49942bbd
[DEBUG] 2019-10-04 21-18-42.376 [http-nio-8080-exec-3] BasicTypeRegistry - Adding type registration java.lang.Integer -> org.hibernate.type.IntegerType@49942bbd
[DEBUG] 2019-10-04 21-18-42.378 [http-nio-8080-exec-3] BasicTypeRegistry - Adding type registration long -> org.hibernate.type.LongType@13dd140d
[DEBUG] 2019-10-04 21-18-42.378 [http-nio-8080-exec-3] BasicTypeRegistry - Adding type registration long -> org.hibernate.type.LongType@13dd140d
[DEBUG] 2019-10-04 21-18-42.378 [http-nio-8080-exec-3] BasicTypeRegistry - Adding type registration java.lang.Long -> org.hibernate.type.LongType@13dd140d
[DEBUG] 2019-10-04 21-18-42.380 [http-nio-8080-exec-3] BasicTypeRegistry - Adding type registration float -> org.hibernate.type.FloatType@49e2372e
[DEBUG] 2019-10-04 21-18-42.380 [http-nio-8080-exec-3] BasicTypeRegistry - Adding type registration float -> org.hibernate.type.FloatType@49e2372e
[DEBUG] 2019-10-04 21-18-42.380 [http-nio-8080-exec-3] BasicTypeRegistry - Adding type registration java.lang.Float -> org.hibernate.type.FloatType@49e2372e
[DEBUG] 2019-10-04 21-18-42.382 [http-nio-8080-exec-3] BasicTypeRegistry - Adding type registration double -> org.hibernate.type.DoubleType@610f7804
[DEBUG] 2019-10-04 21-18-42.382 [http-nio-8080-exec-3] BasicTypeRegistry - Adding type registration double -> org.hibernate.type.DoubleType@610f7804
[DEBUG] 2019-10-04 21-18-42.382 [http-nio-8080-exec-3] BasicTypeRegistry - Adding type registration java.lang.Double -> org.hibernate.type.DoubleType@610f7804
[DEBUG] 2019-10-04 21-18-42.383 [http-nio-8080-exec-3] BasicTypeRegistry - Adding type registration big_decimal -> org.hibernate.type.BigDecimalType@22676b4c
[DEBUG] 2019-10-04 21-18-42.384 [http-nio-8080-exec-3] BasicTypeRegistry - Adding type registration java.math.BigDecimal -> org.hibernate.type.BigDecimalType@22676b4c
[DEBUG] 2019-10-04 21-18-42.385 [http-nio-8080-exec-3] BasicTypeRegistry - Adding type registration big_integer -> org.hibernate.type.BigIntegerType@2fd84118
[DEBUG] 2019-10-04 21-18-42.385 [http-nio-8080-exec-3] BasicTypeRegistry - Adding type registration java.math.BigInteger -> org.hibernate.type.BigIntegerType@2fd84118
[DEBUG] 2019-10-04 21-18-42.387 [http-nio-8080-exec-3] BasicTypeRegistry - Adding type registration string -> org.hibernate.type.StringType@577eb6eb
[DEBUG] 2019-10-04 21-18-42.387 [http-nio-8080-exec-3] BasicTypeRegistry - Adding type registration java.lang.String -> org.hibernate.type.StringType@577eb6eb
[DEBUG] 2019-10-04 21-18-42.388 [http-nio-8080-exec-3] BasicTypeRegistry - Adding type registration nstring -> org.hibernate.type.StringNVarcharType@4de7cd41
[DEBUG] 2019-10-04 21-18-42.389 [http-nio-8080-exec-3] BasicTypeRegistry - Adding type registration ncharacter -> org.hibernate.type.CharacterNCharType@20a23481
[DEBUG] 2019-10-04 21-18-42.390 [http-nio-8080-exec-3] BasicTypeRegistry - Adding type registration url -> org.hibernate.type.UrlType@69de1033
[DEBUG] 2019-10-04 21-18-42.390 [http-nio-8080-exec-3] BasicTypeRegistry - Adding type registration java.net.URL -> org.hibernate.type.UrlType@69de1033
[DEBUG] 2019-10-04 21-18-42.392 [http-nio-8080-exec-3] BasicTypeRegistry - Adding type registration Duration -> org.hibernate.type.DurationType@1699549f
[DEBUG] 2019-10-04 21-18-42.392 [http-nio-8080-exec-3] BasicTypeRegistry - Adding type registration java.time.Duration -> org.hibernate.type.DurationType@1699549f
[DEBUG] 2019-10-04 21-18-42.399 [http-nio-8080-exec-3] BasicTypeRegistry - Adding type registration Instant -> org.hibernate.type.InstantType@200d0d5f
[DEBUG] 2019-10-04 21-18-42.399 [http-nio-8080-exec-3] BasicTypeRegistry - Adding type registration java.time.Instant -> org.hibernate.type.InstantType@200d0d5f
[DEBUG] 2019-10-04 21-18-42.401 [http-nio-8080-exec-3] BasicTypeRegistry - Adding type registration LocalDateTime -> org.hibernate.type.LocalDateTimeType@2226e3c6
[DEBUG] 2019-10-04 21-18-42.402 [http-nio-8080-exec-3] BasicTypeRegistry - Adding type registration java.time.LocalDateTime -> org.hibernate.type.LocalDateTimeType@2226e3c6
[DEBUG] 2019-10-04 21-18-42.403 [http-nio-8080-exec-3] BasicTypeRegistry - Adding type registration LocalDate -> org.hibernate.type.LocalDateType@58f19a1
[DEBUG] 2019-10-04 21-18-42.403 [http-nio-8080-exec-3] BasicTypeRegistry - Adding type registration java.time.LocalDate -> org.hibernate.type.LocalDateType@58f19a1
[DEBUG] 2019-10-04 21-18-42.405 [http-nio-8080-exec-3] BasicTypeRegistry - Adding type registration LocalTime -> org.hibernate.type.LocalTimeType@4c88348e
[DEBUG] 2019-10-04 21-18-42.405 [http-nio-8080-exec-3] BasicTypeRegistry - Adding type registration java.time.LocalTime -> org.hibernate.type.LocalTimeType@4c88348e
[DEBUG] 2019-10-04 21-18-42.407 [http-nio-8080-exec-3] BasicTypeRegistry - Adding type registration OffsetDateTime -> org.hibernate.type.OffsetDateTimeType@6a4dde02
[DEBUG] 2019-10-04 21-18-42.407 [http-nio-8080-exec-3] BasicTypeRegistry - Adding type registration java.time.OffsetDateTime -> org.hibernate.type.OffsetDateTimeType@6a4dde02
[DEBUG] 2019-10-04 21-18-42.409 [http-nio-8080-exec-3] BasicTypeRegistry - Adding type registration OffsetTime -> org.hibernate.type.OffsetTimeType@784b1eb1
[DEBUG] 2019-10-04 21-18-42.409 [http-nio-8080-exec-3] BasicTypeRegistry - Adding type registration java.time.OffsetTime -> org.hibernate.type.OffsetTimeType@784b1eb1
[DEBUG] 2019-10-04 21-18-42.412 [http-nio-8080-exec-3] BasicTypeRegistry - Adding type registration ZonedDateTime -> org.hibernate.type.ZonedDateTimeType@7e66a656
[DEBUG] 2019-10-04 21-18-42.413 [http-nio-8080-exec-3] BasicTypeRegistry - Adding type registration java.time.ZonedDateTime -> org.hibernate.type.ZonedDateTimeType@7e66a656
[DEBUG] 2019-10-04 21-18-42.415 [http-nio-8080-exec-3] BasicTypeRegistry - Adding type registration date -> org.hibernate.type.DateType@20356a38
[DEBUG] 2019-10-04 21-18-42.416 [http-nio-8080-exec-3] BasicTypeRegistry - Adding type registration java.sql.Date -> org.hibernate.type.DateType@20356a38
[DEBUG] 2019-10-04 21-18-42.417 [http-nio-8080-exec-3] BasicTypeRegistry - Adding type registration time -> org.hibernate.type.TimeType@3529f0f3
[DEBUG] 2019-10-04 21-18-42.418 [http-nio-8080-exec-3] BasicTypeRegistry - Adding type registration java.sql.Time -> org.hibernate.type.TimeType@3529f0f3
[DEBUG] 2019-10-04 21-18-42.419 [http-nio-8080-exec-3] BasicTypeRegistry - Adding type registration timestamp -> org.hibernate.type.TimestampType@1a09193
[DEBUG] 2019-10-04 21-18-42.419 [http-nio-8080-exec-3] BasicTypeRegistry - Adding type registration java.sql.Timestamp -> org.hibernate.type.TimestampType@1a09193
[DEBUG] 2019-10-04 21-18-42.419 [http-nio-8080-exec-3] BasicTypeRegistry - Adding type registration java.util.Date -> org.hibernate.type.TimestampType@1a09193
[DEBUG] 2019-10-04 21-18-42.421 [http-nio-8080-exec-3] BasicTypeRegistry - Adding type registration dbtimestamp -> org.hibernate.type.DbTimestampType@2414e8ac
[DEBUG] 2019-10-04 21-18-42.423 [http-nio-8080-exec-3] BasicTypeRegistry - Adding type registration calendar -> org.hibernate.type.CalendarType@3a9076bf
[DEBUG] 2019-10-04 21-18-42.423 [http-nio-8080-exec-3] BasicTypeRegistry - Adding type registration java.util.Calendar -> org.hibernate.type.CalendarType@3a9076bf
[DEBUG] 2019-10-04 21-18-42.423 [http-nio-8080-exec-3] BasicTypeRegistry - Adding type registration java.util.GregorianCalendar -> org.hibernate.type.CalendarType@3a9076bf
[DEBUG] 2019-10-04 21-18-42.424 [http-nio-8080-exec-3] BasicTypeRegistry - Adding type registration calendar_date -> org.hibernate.type.CalendarDateType@7b45b655
[DEBUG] 2019-10-04 21-18-42.426 [http-nio-8080-exec-3] BasicTypeRegistry - Adding type registration locale -> org.hibernate.type.LocaleType@43332986
[DEBUG] 2019-10-04 21-18-42.426 [http-nio-8080-exec-3] BasicTypeRegistry - Adding type registration java.util.Locale -> org.hibernate.type.LocaleType@43332986
[DEBUG] 2019-10-04 21-18-42.428 [http-nio-8080-exec-3] BasicTypeRegistry - Adding type registration currency -> org.hibernate.type.CurrencyType@5fb9ad8a
[DEBUG] 2019-10-04 21-18-42.429 [http-nio-8080-exec-3] BasicTypeRegistry - Adding type registration java.util.Currency -> org.hibernate.type.CurrencyType@5fb9ad8a
[DEBUG] 2019-10-04 21-18-42.430 [http-nio-8080-exec-3] BasicTypeRegistry - Adding type registration timezone -> org.hibernate.type.TimeZoneType@4bb70ed2
[DEBUG] 2019-10-04 21-18-42.430 [http-nio-8080-exec-3] BasicTypeRegistry - Adding type registration java.util.TimeZone -> org.hibernate.type.TimeZoneType@4bb70ed2
[DEBUG] 2019-10-04 21-18-42.432 [http-nio-8080-exec-3] BasicTypeRegistry - Adding type registration class -> org.hibernate.type.ClassType@61134373
[DEBUG] 2019-10-04 21-18-42.432 [http-nio-8080-exec-3] BasicTypeRegistry - Adding type registration java.lang.Class -> org.hibernate.type.ClassType@61134373
[DEBUG] 2019-10-04 21-18-42.434 [http-nio-8080-exec-3] BasicTypeRegistry - Adding type registration uuid-binary -> org.hibernate.type.UUIDBinaryType@61f6399e
[DEBUG] 2019-10-04 21-18-42.434 [http-nio-8080-exec-3] BasicTypeRegistry - Adding type registration java.util.UUID -> org.hibernate.type.UUIDBinaryType@61f6399e
[DEBUG] 2019-10-04 21-18-42.434 [http-nio-8080-exec-3] BasicTypeRegistry - Adding type registration uuid-char -> org.hibernate.type.UUIDCharType@57b0881a
[DEBUG] 2019-10-04 21-18-42.436 [http-nio-8080-exec-3] BasicTypeRegistry - Adding type registration binary -> org.hibernate.type.BinaryType@e8cdcf0
[DEBUG] 2019-10-04 21-18-42.436 [http-nio-8080-exec-3] BasicTypeRegistry - Adding type registration byte[] -> org.hibernate.type.BinaryType@e8cdcf0
[DEBUG] 2019-10-04 21-18-42.436 [http-nio-8080-exec-3] BasicTypeRegistry - Adding type registration [B -> org.hibernate.type.BinaryType@e8cdcf0
[DEBUG] 2019-10-04 21-18-42.438 [http-nio-8080-exec-3] BasicTypeRegistry - Adding type registration wrapper-binary -> org.hibernate.type.WrapperBinaryType@472d63ce
[DEBUG] 2019-10-04 21-18-42.438 [http-nio-8080-exec-3] BasicTypeRegistry - Adding type registration Byte[] -> org.hibernate.type.WrapperBinaryType@472d63ce
[DEBUG] 2019-10-04 21-18-42.438 [http-nio-8080-exec-3] BasicTypeRegistry - Adding type registration [Ljava.lang.Byte; -> org.hibernate.type.WrapperBinaryType@472d63ce
[DEBUG] 2019-10-04 21-18-42.440 [http-nio-8080-exec-3] BasicTypeRegistry - Adding type registration row_version -> org.hibernate.type.RowVersionType@5c9250f3
[DEBUG] 2019-10-04 21-18-42.441 [http-nio-8080-exec-3] BasicTypeRegistry - Adding type registration image -> org.hibernate.type.ImageType@372028a1
[DEBUG] 2019-10-04 21-18-42.443 [http-nio-8080-exec-3] BasicTypeRegistry - Adding type registration characters -> org.hibernate.type.CharArrayType@527cb7fd
[DEBUG] 2019-10-04 21-18-42.444 [http-nio-8080-exec-3] BasicTypeRegistry - Adding type registration char[] -> org.hibernate.type.CharArrayType@527cb7fd
[DEBUG] 2019-10-04 21-18-42.444 [http-nio-8080-exec-3] BasicTypeRegistry - Adding type registration [C -> org.hibernate.type.CharArrayType@527cb7fd
[DEBUG] 2019-10-04 21-18-42.446 [http-nio-8080-exec-3] BasicTypeRegistry - Adding type registration wrapper-characters -> org.hibernate.type.CharacterArrayType@60c8c0b1
[DEBUG] 2019-10-04 21-18-42.446 [http-nio-8080-exec-3] BasicTypeRegistry - Adding type registration [Ljava.lang.Character; -> org.hibernate.type.CharacterArrayType@60c8c0b1
[DEBUG] 2019-10-04 21-18-42.446 [http-nio-8080-exec-3] BasicTypeRegistry - Adding type registration Character[] -> org.hibernate.type.CharacterArrayType@60c8c0b1
[DEBUG] 2019-10-04 21-18-42.447 [http-nio-8080-exec-3] BasicTypeRegistry - Adding type registration text -> org.hibernate.type.TextType@c9445ef
[DEBUG] 2019-10-04 21-18-42.448 [http-nio-8080-exec-3] BasicTypeRegistry - Adding type registration ntext -> org.hibernate.type.NTextType@948e8b8
[DEBUG] 2019-10-04 21-18-42.450 [http-nio-8080-exec-3] BasicTypeRegistry - Adding type registration blob -> org.hibernate.type.BlobType@78e2937
[DEBUG] 2019-10-04 21-18-42.450 [http-nio-8080-exec-3] BasicTypeRegistry - Adding type registration java.sql.Blob -> org.hibernate.type.BlobType@78e2937
[DEBUG] 2019-10-04 21-18-42.451 [http-nio-8080-exec-3] BasicTypeRegistry - Adding type registration materialized_blob -> org.hibernate.type.MaterializedBlobType@1949ed38
[DEBUG] 2019-10-04 21-18-42.453 [http-nio-8080-exec-3] BasicTypeRegistry - Adding type registration clob -> org.hibernate.type.ClobType@721ad5d6
[DEBUG] 2019-10-04 21-18-42.453 [http-nio-8080-exec-3] BasicTypeRegistry - Adding type registration java.sql.Clob -> org.hibernate.type.ClobType@721ad5d6
[DEBUG] 2019-10-04 21-18-42.456 [http-nio-8080-exec-3] BasicTypeRegistry - Adding type registration nclob -> org.hibernate.type.NClobType@43bbc354
[DEBUG] 2019-10-04 21-18-42.456 [http-nio-8080-exec-3] BasicTypeRegistry - Adding type registration java.sql.NClob -> org.hibernate.type.NClobType@43bbc354
[DEBUG] 2019-10-04 21-18-42.457 [http-nio-8080-exec-3] BasicTypeRegistry - Adding type registration materialized_clob -> org.hibernate.type.MaterializedClobType@4f8a29d9
[DEBUG] 2019-10-04 21-18-42.458 [http-nio-8080-exec-3] BasicTypeRegistry - Adding type registration materialized_nclob -> org.hibernate.type.MaterializedNClobType@69b569b9
[DEBUG] 2019-10-04 21-18-42.460 [http-nio-8080-exec-3] BasicTypeRegistry - Adding type registration serializable -> org.hibernate.type.SerializableType@185837a3
[DEBUG] 2019-10-04 21-18-42.467 [http-nio-8080-exec-3] BasicTypeRegistry - Adding type registration object -> org.hibernate.type.ObjectType@21cdde16
[DEBUG] 2019-10-04 21-18-42.467 [http-nio-8080-exec-3] BasicTypeRegistry - Adding type registration java.lang.Object -> org.hibernate.type.ObjectType@21cdde16
[DEBUG] 2019-10-04 21-18-42.468 [http-nio-8080-exec-3] BasicTypeRegistry - Adding type registration imm_date -> org.hibernate.type.AdaptedImmutableType@4c0a83ed
[DEBUG] 2019-10-04 21-18-42.468 [http-nio-8080-exec-3] BasicTypeRegistry - Adding type registration imm_time -> org.hibernate.type.AdaptedImmutableType@17bebc4d
[DEBUG] 2019-10-04 21-18-42.468 [http-nio-8080-exec-3] BasicTypeRegistry - Adding type registration imm_timestamp -> org.hibernate.type.AdaptedImmutableType@17addad8
[DEBUG] 2019-10-04 21-18-42.468 [http-nio-8080-exec-3] BasicTypeRegistry - Adding type registration imm_dbtimestamp -> org.hibernate.type.AdaptedImmutableType@529737d7
[DEBUG] 2019-10-04 21-18-42.468 [http-nio-8080-exec-3] BasicTypeRegistry - Adding type registration imm_calendar -> org.hibernate.type.AdaptedImmutableType@4a9ac383
[DEBUG] 2019-10-04 21-18-42.468 [http-nio-8080-exec-3] BasicTypeRegistry - Adding type registration imm_calendar_date -> org.hibernate.type.AdaptedImmutableType@28a44249
[DEBUG] 2019-10-04 21-18-42.468 [http-nio-8080-exec-3] BasicTypeRegistry - Adding type registration imm_binary -> org.hibernate.type.AdaptedImmutableType@5126269f
[DEBUG] 2019-10-04 21-18-42.469 [http-nio-8080-exec-3] BasicTypeRegistry - Adding type registration imm_serializable -> org.hibernate.type.AdaptedImmutableType@3ae49ae3
[DEBUG] 2019-10-04 21-18-42.522 [http-nio-8080-exec-3] DefaultIdentifierGeneratorFactory - Registering IdentifierGenerator strategy [uuid2] -> [org.hibernate.id.UUIDGenerator]
[DEBUG] 2019-10-04 21-18-42.524 [http-nio-8080-exec-3] DefaultIdentifierGeneratorFactory - Registering IdentifierGenerator strategy [guid] -> [org.hibernate.id.GUIDGenerator]
[DEBUG] 2019-10-04 21-18-42.525 [http-nio-8080-exec-3] DefaultIdentifierGeneratorFactory - Registering IdentifierGenerator strategy [uuid] -> [org.hibernate.id.UUIDHexGenerator]
[DEBUG] 2019-10-04 21-18-42.525 [http-nio-8080-exec-3] DefaultIdentifierGeneratorFactory - Registering IdentifierGenerator strategy [uuid.hex] -> [org.hibernate.id.UUIDHexGenerator]
[DEBUG] 2019-10-04 21-18-42.526 [http-nio-8080-exec-3] DefaultIdentifierGeneratorFactory - Registering IdentifierGenerator strategy [assigned] -> [org.hibernate.id.Assigned]
[DEBUG] 2019-10-04 21-18-42.529 [http-nio-8080-exec-3] DefaultIdentifierGeneratorFactory - Registering IdentifierGenerator strategy [identity] -> [org.hibernate.id.IdentityGenerator]
[DEBUG] 2019-10-04 21-18-42.530 [http-nio-8080-exec-3] DefaultIdentifierGeneratorFactory - Registering IdentifierGenerator strategy [select] -> [org.hibernate.id.SelectGenerator]
[DEBUG] 2019-10-04 21-18-42.533 [http-nio-8080-exec-3] DefaultIdentifierGeneratorFactory - Registering IdentifierGenerator strategy [sequence] -> [org.hibernate.id.enhanced.SequenceStyleGenerator]
[DEBUG] 2019-10-04 21-18-42.534 [http-nio-8080-exec-3] DefaultIdentifierGeneratorFactory - Registering IdentifierGenerator strategy [seqhilo] -> [org.hibernate.id.SequenceHiLoGenerator]
[DEBUG] 2019-10-04 21-18-42.535 [http-nio-8080-exec-3] DefaultIdentifierGeneratorFactory - Registering IdentifierGenerator strategy [increment] -> [org.hibernate.id.IncrementGenerator]
[DEBUG] 2019-10-04 21-18-42.536 [http-nio-8080-exec-3] DefaultIdentifierGeneratorFactory - Registering IdentifierGenerator strategy [foreign] -> [org.hibernate.id.ForeignGenerator]
[DEBUG] 2019-10-04 21-18-42.537 [http-nio-8080-exec-3] DefaultIdentifierGeneratorFactory - Registering IdentifierGenerator strategy [sequence-identity] -> [org.hibernate.id.SequenceIdentityGenerator]
[DEBUG] 2019-10-04 21-18-42.537 [http-nio-8080-exec-3] DefaultIdentifierGeneratorFactory - Registering IdentifierGenerator strategy [enhanced-sequence] -> [org.hibernate.id.enhanced.SequenceStyleGenerator]
[DEBUG] 2019-10-04 21-18-42.538 [http-nio-8080-exec-3] DefaultIdentifierGeneratorFactory - Registering IdentifierGenerator strategy [enhanced-table] -> [org.hibernate.id.enhanced.TableGenerator]
[INFO ] 2019-10-04 21-18-42.549 [http-nio-8080-exec-3] C3P0ConnectionProvider - HHH010002: C3P0 using driver: com.mysql.cj.jdbc.Driver at URL: jdbc:mysql://localhost:3306/mww
[INFO ] 2019-10-04 21-18-42.549 [http-nio-8080-exec-3] C3P0ConnectionProvider - HHH10001001: Connection properties: {password=****, user=cortezjl}
[INFO ] 2019-10-04 21-18-42.549 [http-nio-8080-exec-3] C3P0ConnectionProvider - HHH10001003: Autocommit mode: false
[INFO ] 2019-10-04 21-18-42.740 [http-nio-8080-exec-3] C3P0ConnectionProvider - HHH10001007: JDBC isolation level: <unknown>
[DEBUG] 2019-10-04 21-18-43.241 [http-nio-8080-exec-3] JdbcEnvironmentInitiator - Database ->
       name : MySQL
    version : 8.0.17
      major : 8
      minor : 0
[DEBUG] 2019-10-04 21-18-43.242 [http-nio-8080-exec-3] JdbcEnvironmentInitiator - Driver ->
       name : MySQL Connector/J
    version : mysql-connector-java-8.0.16 (Revision: 34cbc6bc61f72836e26327537a432d6db7c77de6)
      major : 8
      minor : 0
[DEBUG] 2019-10-04 21-18-43.242 [http-nio-8080-exec-3] JdbcEnvironmentInitiator - JDBC version : 4.2
[INFO ] 2019-10-04 21-18-43.300 [http-nio-8080-exec-3] Dialect - HHH000400: Using dialect: org.hibernate.dialect.MySQL8Dialect
[DEBUG] 2019-10-04 21-18-43.340 [http-nio-8080-exec-3] IdentifierHelperBuilder - JDBC driver metadata reported database stores quoted identifiers in more than one case
[DEBUG] 2019-10-04 21-18-43.376 [http-nio-8080-exec-3] IdentifierHelperBuilder - IdentifierCaseStrategy for both quoted and unquoted identifiers was set to the same strategy [LOWER]; that will likely lead to problems in schema update and validation if using quoted identifiers
[DEBUG] 2019-10-04 21-18-43.428 [http-nio-8080-exec-3] Namespace - Created database namespace [logicalName=Name{catalog=null, schema=null}, physicalName=Name{catalog=null, schema=null}]
[DEBUG] 2019-10-04 21-18-43.436 [http-nio-8080-exec-3] TypeConfiguration$Scope - Scoping TypeConfiguration [org.hibernate.type.spi.TypeConfiguration@4ab1e81f] to MetadataBuildingContext [org.hibernate.boot.internal.MetadataBuildingContextRootImpl@746f8879]
[DEBUG] 2019-10-04 21-18-43.538 [http-nio-8080-exec-3] AnnotationBinder - Binding entity from annotated class: com.juliecortez.entity.Role
[DEBUG] 2019-10-04 21-18-43.584 [http-nio-8080-exec-3] Ejb3Column - Binding column: Ejb3DiscriminatorColumn{logicalColumnName'DTYPE', discriminatorTypeName='string'}
[DEBUG] 2019-10-04 21-18-43.604 [http-nio-8080-exec-3] EntityBinder - Import with entity name Role
[DEBUG] 2019-10-04 21-18-43.609 [http-nio-8080-exec-3] EntityBinder - Bind entity com.juliecortez.entity.Role on table role
[DEBUG] 2019-10-04 21-18-43.664 [http-nio-8080-exec-3] Ejb3Column - Binding column: Ejb3Column{table=org.hibernate.mapping.Table(role), mappingColumn=id, insertable=true, updatable=true, unique=false}
[DEBUG] 2019-10-04 21-18-43.670 [http-nio-8080-exec-3] PropertyBinder - MetadataSourceProcessor property id with lazy=false
[DEBUG] 2019-10-04 21-18-43.673 [http-nio-8080-exec-3] AbstractPropertyHolder - Attempting to locate auto-apply AttributeConverter for property [com.juliecortez.entity.Role:id]
[DEBUG] 2019-10-04 21-18-43.677 [http-nio-8080-exec-3] SimpleValueBinder - building SimpleValue for id
[DEBUG] 2019-10-04 21-18-43.682 [http-nio-8080-exec-3] PropertyBinder - Building property id
[DEBUG] 2019-10-04 21-18-43.692 [http-nio-8080-exec-3] BinderHelper - #makeIdGenerator(org.hibernate.mapping.SimpleValue([org.hibernate.mapping.Column(id)]), id, org.hibernate.id.enhanced.SequenceStyleGenerator, native, ...)
[DEBUG] 2019-10-04 21-18-43.694 [http-nio-8080-exec-3] Ejb3Column - Binding column: Ejb3Column{table=org.hibernate.mapping.Table(role), mappingColumn=role, insertable=true, updatable=true, unique=false}
[DEBUG] 2019-10-04 21-18-43.694 [http-nio-8080-exec-3] PropertyBinder - MetadataSourceProcessor property role with lazy=false
[DEBUG] 2019-10-04 21-18-43.694 [http-nio-8080-exec-3] AbstractPropertyHolder - Attempting to locate auto-apply AttributeConverter for property [com.juliecortez.entity.Role:role]
[DEBUG] 2019-10-04 21-18-43.694 [http-nio-8080-exec-3] SimpleValueBinder - building SimpleValue for role
[DEBUG] 2019-10-04 21-18-43.694 [http-nio-8080-exec-3] PropertyBinder - Building property role
[DEBUG] 2019-10-04 21-18-43.697 [http-nio-8080-exec-3] Ejb3Column - Binding column: Ejb3JoinColumn{logicalColumnName='null', referencedColumn='null', mappedBy='null'}
[DEBUG] 2019-10-04 21-18-43.697 [http-nio-8080-exec-3] Ejb3Column - Binding column: Ejb3Column{table=org.hibernate.mapping.Table(role), mappingColumn=user, insertable=true, updatable=true, unique=false}
[DEBUG] 2019-10-04 21-18-43.703 [http-nio-8080-exec-3] PropertyBinder - Building property user
[DEBUG] 2019-10-04 21-18-43.705 [http-nio-8080-exec-3] AnnotationBinder - Binding entity from annotated class: com.juliecortez.entity.User
[DEBUG] 2019-10-04 21-18-43.705 [http-nio-8080-exec-3] Ejb3Column - Binding column: Ejb3DiscriminatorColumn{logicalColumnName'DTYPE', discriminatorTypeName='string'}
[DEBUG] 2019-10-04 21-18-43.705 [http-nio-8080-exec-3] EntityBinder - Import with entity name User
[DEBUG] 2019-10-04 21-18-43.705 [http-nio-8080-exec-3] EntityBinder - Bind entity com.juliecortez.entity.User on table user
[DEBUG] 2019-10-04 21-18-43.710 [http-nio-8080-exec-3] Ejb3Column - Binding column: Ejb3Column{table=org.hibernate.mapping.Table(user), mappingColumn=id, insertable=true, updatable=true, unique=false}
[DEBUG] 2019-10-04 21-18-43.710 [http-nio-8080-exec-3] PropertyBinder - MetadataSourceProcessor property id with lazy=false
[DEBUG] 2019-10-04 21-18-43.710 [http-nio-8080-exec-3] AbstractPropertyHolder - Attempting to locate auto-apply AttributeConverter for property [com.juliecortez.entity.User:id]
[DEBUG] 2019-10-04 21-18-43.710 [http-nio-8080-exec-3] SimpleValueBinder - building SimpleValue for id
[DEBUG] 2019-10-04 21-18-43.710 [http-nio-8080-exec-3] PropertyBinder - Building property id
[DEBUG] 2019-10-04 21-18-43.710 [http-nio-8080-exec-3] BinderHelper - #makeIdGenerator(org.hibernate.mapping.SimpleValue([org.hibernate.mapping.Column(id)]), id, org.hibernate.id.enhanced.SequenceStyleGenerator, native, ...)
[DEBUG] 2019-10-04 21-18-43.710 [http-nio-8080-exec-3] Ejb3Column - Binding column: Ejb3Column{table=org.hibernate.mapping.Table(user), mappingColumn=date_of_birth, insertable=true, updatable=true, unique=false}
[DEBUG] 2019-10-04 21-18-43.711 [http-nio-8080-exec-3] PropertyBinder - MetadataSourceProcessor property dateOfBirth with lazy=false
[DEBUG] 2019-10-04 21-18-43.711 [http-nio-8080-exec-3] AbstractPropertyHolder - Attempting to locate auto-apply AttributeConverter for property [com.juliecortez.entity.User:dateOfBirth]
[DEBUG] 2019-10-04 21-18-43.711 [http-nio-8080-exec-3] SimpleValueBinder - building SimpleValue for dateOfBirth
[DEBUG] 2019-10-04 21-18-43.711 [http-nio-8080-exec-3] PropertyBinder - Building property dateOfBirth
[DEBUG] 2019-10-04 21-18-43.711 [http-nio-8080-exec-3] Ejb3Column - Binding column: Ejb3Column{table=org.hibernate.mapping.Table(user), mappingColumn=first_name, insertable=true, updatable=true, unique=false}
[DEBUG] 2019-10-04 21-18-43.711 [http-nio-8080-exec-3] PropertyBinder - MetadataSourceProcessor property firstName with lazy=false
[DEBUG] 2019-10-04 21-18-43.711 [http-nio-8080-exec-3] AbstractPropertyHolder - Attempting to locate auto-apply AttributeConverter for property [com.juliecortez.entity.User:firstName]
[DEBUG] 2019-10-04 21-18-43.711 [http-nio-8080-exec-3] SimpleValueBinder - building SimpleValue for firstName
[DEBUG] 2019-10-04 21-18-43.711 [http-nio-8080-exec-3] PropertyBinder - Building property firstName
[DEBUG] 2019-10-04 21-18-43.711 [http-nio-8080-exec-3] Ejb3Column - Binding column: Ejb3Column{table=org.hibernate.mapping.Table(user), mappingColumn=last_name, insertable=true, updatable=true, unique=false}
[DEBUG] 2019-10-04 21-18-43.711 [http-nio-8080-exec-3] PropertyBinder - MetadataSourceProcessor property lastName with lazy=false
[DEBUG] 2019-10-04 21-18-43.711 [http-nio-8080-exec-3] AbstractPropertyHolder - Attempting to locate auto-apply AttributeConverter for property [com.juliecortez.entity.User:lastName]
[DEBUG] 2019-10-04 21-18-43.712 [http-nio-8080-exec-3] SimpleValueBinder - building SimpleValue for lastName
[DEBUG] 2019-10-04 21-18-43.712 [http-nio-8080-exec-3] PropertyBinder - Building property lastName
[DEBUG] 2019-10-04 21-18-43.712 [http-nio-8080-exec-3] Ejb3Column - Binding column: Ejb3JoinColumn{logicalColumnName='null', referencedColumn='null', mappedBy='user'}
[DEBUG] 2019-10-04 21-18-43.712 [http-nio-8080-exec-3] Ejb3Column - Binding column: Ejb3Column{table=org.hibernate.mapping.Table(user), mappingColumn=roles, insertable=true, updatable=true, unique=false}
[DEBUG] 2019-10-04 21-18-43.716 [http-nio-8080-exec-3] Ejb3Column - Binding column: Ejb3Column{table=org.hibernate.mapping.Table(user), mappingColumn=null, insertable=true, updatable=true, unique=false}
[DEBUG] 2019-10-04 21-18-43.733 [http-nio-8080-exec-3] Ejb3Column - Binding column: Ejb3Column{table=org.hibernate.mapping.Table(user), mappingColumn=element, insertable=true, updatable=true, unique=false}
[DEBUG] 2019-10-04 21-18-43.734 [http-nio-8080-exec-3] Ejb3Column - Binding column: Ejb3Column{table=org.hibernate.mapping.Table(user), mappingColumn=roles_KEY, insertable=true, updatable=true, unique=false}
[DEBUG] 2019-10-04 21-18-43.735 [http-nio-8080-exec-3] Ejb3Column - Binding column: Ejb3JoinColumn{logicalColumnName='roles_KEY', referencedColumn='null', mappedBy='null'}
[DEBUG] 2019-10-04 21-18-43.736 [http-nio-8080-exec-3] Ejb3Column - Binding column: Ejb3JoinColumn{logicalColumnName='null', referencedColumn='null', mappedBy='user'}
[DEBUG] 2019-10-04 21-18-43.736 [http-nio-8080-exec-3] Ejb3Column - Binding column: Ejb3JoinColumn{logicalColumnName='null', referencedColumn='null', mappedBy='user'}
[DEBUG] 2019-10-04 21-18-43.736 [http-nio-8080-exec-3] CollectionBinder - Collection role: com.juliecortez.entity.User.roles
[DEBUG] 2019-10-04 21-18-43.740 [http-nio-8080-exec-3] PropertyBinder - Building property roles
[DEBUG] 2019-10-04 21-18-43.740 [http-nio-8080-exec-3] Ejb3Column - Binding column: Ejb3Column{table=org.hibernate.mapping.Table(user), mappingColumn=user_name, insertable=true, updatable=true, unique=false}
[DEBUG] 2019-10-04 21-18-43.740 [http-nio-8080-exec-3] PropertyBinder - MetadataSourceProcessor property userName with lazy=false
[DEBUG] 2019-10-04 21-18-43.741 [http-nio-8080-exec-3] AbstractPropertyHolder - Attempting to locate auto-apply AttributeConverter for property [com.juliecortez.entity.User:userName]
[DEBUG] 2019-10-04 21-18-43.741 [http-nio-8080-exec-3] SimpleValueBinder - building SimpleValue for userName
[DEBUG] 2019-10-04 21-18-43.741 [http-nio-8080-exec-3] PropertyBinder - Building property userName
[DEBUG] 2019-10-04 21-18-43.744 [http-nio-8080-exec-3] SimpleValueBinder - Starting fillSimpleValue for id
[DEBUG] 2019-10-04 21-18-43.744 [http-nio-8080-exec-3] SimpleValueBinder - Starting fillSimpleValue for role
[DEBUG] 2019-10-04 21-18-43.744 [http-nio-8080-exec-3] SimpleValueBinder - Starting fillSimpleValue for id
[DEBUG] 2019-10-04 21-18-43.744 [http-nio-8080-exec-3] SimpleValueBinder - Starting fillSimpleValue for dateOfBirth
[DEBUG] 2019-10-04 21-18-43.744 [http-nio-8080-exec-3] SimpleValueBinder - Starting fillSimpleValue for firstName
[DEBUG] 2019-10-04 21-18-43.744 [http-nio-8080-exec-3] SimpleValueBinder - Starting fillSimpleValue for lastName
[DEBUG] 2019-10-04 21-18-43.744 [http-nio-8080-exec-3] SimpleValueBinder - Starting fillSimpleValue for userName
[DEBUG] 2019-10-04 21-18-43.752 [http-nio-8080-exec-3] PrimaryKey - Forcing column [id] to be non-null as it is part of the primary key for table [role]
[DEBUG] 2019-10-04 21-18-43.752 [http-nio-8080-exec-3] PrimaryKey - Forcing column [id] to be non-null as it is part of the primary key for table [user]
[DEBUG] 2019-10-04 21-18-43.752 [http-nio-8080-exec-3] CollectionSecondPass - Second pass for collection: com.juliecortez.entity.User.roles
[DEBUG] 2019-10-04 21-18-43.753 [http-nio-8080-exec-3] CollectionBinder - Binding a OneToMany: com.juliecortez.entity.User.roles through a foreign key
[DEBUG] 2019-10-04 21-18-43.754 [http-nio-8080-exec-3] CollectionBinder - Mapping collection: com.juliecortez.entity.User.roles -> role
[DEBUG] 2019-10-04 21-18-43.756 [http-nio-8080-exec-3] TableBinder - Retrieving property com.juliecortez.entity.Role.user
[DEBUG] 2019-10-04 21-18-43.757 [http-nio-8080-exec-3] CollectionSecondPass - Mapped collection key: user_id, one-to-many: com.juliecortez.entity.Role
[DEBUG] 2019-10-04 21-18-43.757 [http-nio-8080-exec-3] InFlightMetadataCollectorImpl - Resolving reference to class: com.juliecortez.entity.User
[DEBUG] 2019-10-04 21-18-43.763 [http-nio-8080-exec-3] InFlightMetadataCollectorImpl - Resolving reference to class: com.juliecortez.entity.User
[DEBUG] 2019-10-04 21-18-43.822 [http-nio-8080-exec-3] SessionFactoryImpl - Building session factory
[DEBUG] 2019-10-04 21-18-43.824 [http-nio-8080-exec-3] Settings - SessionFactory name : null
[DEBUG] 2019-10-04 21-18-43.824 [http-nio-8080-exec-3] Settings - Automatic flush during beforeCompletion(): enabled
[DEBUG] 2019-10-04 21-18-43.824 [http-nio-8080-exec-3] Settings - Automatic session close at end of transaction: disabled
[DEBUG] 2019-10-04 21-18-43.824 [http-nio-8080-exec-3] Settings - Statistics: disabled
[DEBUG] 2019-10-04 21-18-43.824 [http-nio-8080-exec-3] Settings - Deleted entity synthetic identifier rollback: disabled
[DEBUG] 2019-10-04 21-18-43.824 [http-nio-8080-exec-3] Settings - Default entity-mode: pojo
[DEBUG] 2019-10-04 21-18-43.824 [http-nio-8080-exec-3] Settings - Check Nullability in Core (should be disabled when Bean Validation is on): enabled
[DEBUG] 2019-10-04 21-18-43.824 [http-nio-8080-exec-3] Settings - Allow initialization of lazy state outside session : disabled
[DEBUG] 2019-10-04 21-18-43.824 [http-nio-8080-exec-3] Settings - Using BatchFetchStyle : LEGACY
[DEBUG] 2019-10-04 21-18-43.824 [http-nio-8080-exec-3] Settings - Default batch fetch size: -1
[DEBUG] 2019-10-04 21-18-43.824 [http-nio-8080-exec-3] Settings - Maximum outer join fetch depth: 2
[DEBUG] 2019-10-04 21-18-43.824 [http-nio-8080-exec-3] Settings - Default null ordering: NONE
[DEBUG] 2019-10-04 21-18-43.824 [http-nio-8080-exec-3] Settings - Order SQL updates by primary key: disabled
[DEBUG] 2019-10-04 21-18-43.824 [http-nio-8080-exec-3] Settings - Order SQL inserts for batching: disabled
[DEBUG] 2019-10-04 21-18-43.824 [http-nio-8080-exec-3] Settings - multi-tenancy strategy : NONE
[DEBUG] 2019-10-04 21-18-43.824 [http-nio-8080-exec-3] Settings - JTA Track by Thread: enabled
[DEBUG] 2019-10-04 21-18-43.824 [http-nio-8080-exec-3] Settings - Query language substitutions: {}
[DEBUG] 2019-10-04 21-18-43.824 [http-nio-8080-exec-3] Settings - Named query checking : enabled
[DEBUG] 2019-10-04 21-18-43.824 [http-nio-8080-exec-3] Settings - Second-level cache: disabled
[DEBUG] 2019-10-04 21-18-43.825 [http-nio-8080-exec-3] Settings - Second-level query cache: disabled
[DEBUG] 2019-10-04 21-18-43.825 [http-nio-8080-exec-3] Settings - Second-level query cache factory: null
[DEBUG] 2019-10-04 21-18-43.825 [http-nio-8080-exec-3] Settings - Second-level cache region prefix: null
[DEBUG] 2019-10-04 21-18-43.825 [http-nio-8080-exec-3] Settings - Optimize second-level cache for minimal puts: disabled
[DEBUG] 2019-10-04 21-18-43.825 [http-nio-8080-exec-3] Settings - Structured second-level cache entries: disabled
[DEBUG] 2019-10-04 21-18-43.825 [http-nio-8080-exec-3] Settings - Second-level cache direct-reference entries: disabled
[DEBUG] 2019-10-04 21-18-43.825 [http-nio-8080-exec-3] Settings - Automatic eviction of collection cache: disabled
[DEBUG] 2019-10-04 21-18-43.825 [http-nio-8080-exec-3] Settings - JDBC batch size: 15
[DEBUG] 2019-10-04 21-18-43.825 [http-nio-8080-exec-3] Settings - JDBC batch updates for versioned data: enabled
[DEBUG] 2019-10-04 21-18-43.825 [http-nio-8080-exec-3] Settings - Scrollable result sets: enabled
[DEBUG] 2019-10-04 21-18-43.825 [http-nio-8080-exec-3] Settings - Wrap result sets: disabled
[DEBUG] 2019-10-04 21-18-43.825 [http-nio-8080-exec-3] Settings - JDBC3 getGeneratedKeys(): enabled
[DEBUG] 2019-10-04 21-18-43.825 [http-nio-8080-exec-3] Settings - JDBC result set fetch size: null
[DEBUG] 2019-10-04 21-18-43.825 [http-nio-8080-exec-3] Settings - Connection release mode: AFTER_TRANSACTION
[DEBUG] 2019-10-04 21-18-43.825 [http-nio-8080-exec-3] Settings - Generate SQL with comments: disabled
[DEBUG] 2019-10-04 21-18-43.825 [http-nio-8080-exec-3] Settings - JPA compliance - query : 
[DEBUG] 2019-10-04 21-18-43.825 [http-nio-8080-exec-3] Settings - JPA compliance - closed-handling : 
[DEBUG] 2019-10-04 21-18-43.825 [http-nio-8080-exec-3] Settings - JPA compliance - lists : 
[DEBUG] 2019-10-04 21-18-43.825 [http-nio-8080-exec-3] Settings - JPA compliance - transactions : 
[INFO ] 2019-10-04 21-18-43.940 [http-nio-8080-exec-3] beans - HHH10005002: No explicit CDI BeanManager reference was passed to Hibernate, but CDI is available on the Hibernate ClassLoader.
[DEBUG] 2019-10-04 21-18-43.970 [http-nio-8080-exec-3] SessionFactoryImpl - Session factory constructed with filter configurations : {}
[DEBUG] 2019-10-04 21-18-43.970 [http-nio-8080-exec-3] SessionFactoryImpl - Instantiating session factory with properties: {awt.toolkit=sun.awt.windows.WToolkit, java.specification.version=11, sun.cpu.isalist=amd64, hibernate.c3p0.idle_test_period=3000, sun.jnu.encoding=Cp1252, hibernate.c3p0.min_size=5, sun.arch.data.model=64, java.vendor.url=http://java.oracle.com/, catalina.useNaming=true, openejb.provider.default=org.apache.tomee, sun.boot.library.path=C:\Program Files\Java\jdk-11.0.4\bin, com.sun.management.jmxremote.ssl=false, sun.java.command=org.apache.catalina.startup.Bootstrap start, jdk.debug=release, java.specification.vendor=Oracle Corporation, java.naming.factory.url.pkgs=org.apache.naming:org.apache.openejb.core.ivm.naming, openejb.embedder.source=ServerListener, java.version.date=2019-07-16, java.home=C:\Program Files\Java\jdk-11.0.4, ignore.endorsed.dirs=, file.separator=\, java.vm.compressedOopsMode=32-bit, line.separator=
, hibernate.c3p0.timeout=300, java.specification.name=Java Platform API Specification, java.vm.specification.vendor=Oracle Corporation, openejb.scan.webapp.container=true, com.sun.management.jmxremote.password.file=C:\Users\15635\.IntelliJIdea2019.2\system\tomcat\Unnamed_myworkweek\jmxremote.password, package.definition=sun.,java.,org.apache.catalina.,org.apache.coyote.,org.apache.jasper.,org.apache.naming.,org.apache.tomcat., openejb.deployments.classpath.filter.systemapps=false, jdk.tls.ephemeralDHKeySize=2048, user.script=, java.util.logging.config.file=C:\Users\15635\.IntelliJIdea2019.2\system\tomcat\Unnamed_myworkweek\conf\logging.properties, java.protocol.handler.pkgs=org.apache.catalina.webresources, connection.password=Security1!, sun.management.compiler=HotSpot 64-Bit Tiered Compilers, openejb.scan.webapp.container.excludes=, java.runtime.version=11.0.4+10-LTS, user.name=15635, org.apache.johnzon.max-string-length=8192, file.encoding=Cp1252, java.vendor.version=18.9, derby.system.home=C:\tomcat\bin, hibernate.connection.driver_class=com.mysql.cj.jdbc.Driver, java.io.tmpdir=C:\tomcat\temp, tomcat.util.scan.StandardJarScanFilter.jarsToScan=log4j-taglib*.jar,log4j-web*.jar,log4javascript*.jar,slf4j-taglib*.jar, java.version=11.0.4, com.sun.management.jmxremote.port=1099, tomcat.util.scan.StandardJarScanFilter.jarsToSkip=annotations-api.jar,ant-junit*.jar,ant-launcher.jar,ant.jar,asm-*.jar,aspectj*.jar,bootstrap.jar,catalina-ant.jar,catalina-ha.jar,catalina-jmx-remote.jar,catalina-storeconfig.jar,catalina-tribes.jar,catalina-ws.jar,catalina.jar,cglib-*.jar,cobertura-*.jar,commons-beanutils*.jar,commons-codec*.jar,commons-collections*.jar,commons-daemon.jar,commons-dbcp*.jar,commons-digester*.jar,commons-fileupload*.jar,commons-httpclient*.jar,commons-io*.jar,commons-lang*.jar,commons-logging*.jar,commons-math*.jar,commons-pool*.jar,dom4j-*.jar,easymock-*.jar,ecj-*.jar,el-api.jar,geronimo-spec-jaxrpc*.jar,h2*.jar,hamcrest-*.jar,hibernate*.jar,httpclient*.jar,icu4j-*.jar,jasper-el.jar,jasper.jar,jaspic-api.jar,jaxb-*.jar,jaxen-*.jar,jdom-*.jar,jetty-*.jar,jmx-tools.jar,jmx.jar,jsp-api.jar,jstl.jar,jta*.jar,junit-*.jar,junit.jar,log4j*.jar,mail*.jar,objenesis-*.jar,oraclepki.jar,oro-*.jar,servlet-api-*.jar,servlet-api.jar,slf4j*.jar,taglibs-standard-spec-*.jar,tagsoup-*.jar,tomcat-api.jar,tomcat-coyote.jar,tomcat-dbcp.jar,tomcat-i18n-*.jar,tomcat-jdbc.jar,tomcat-jni.jar,tomcat-juli-adapters.jar,tomcat-juli.jar,tomcat-util-scan.jar,tomcat-util.jar,tomcat-websocket.jar,tools.jar,websocket-api.jar,wsdl4j*.jar,xercesImpl.jar,xml-apis.jar,xmlParserAPIs-*.jar,xmlParserAPIs.jar,xom-*.jar, connection.username=cortezjl, java.vm.specification.name=Java Virtual Machine Specification, java.awt.printerjob=sun.awt.windows.WPrinterJob, sun.os.patch.level=, connection.driver_class=com.mysql.cj.jdbc.Driver, tomcat.built=May 4 2019 09:17:16 UTC, java.library.path=C:\Program Files\Java\jdk-11.0.4\bin;C:\Windows\Sun\Java\bin;C:\Windows\system32;C:\Windows;C:\Windows\system32;C:\Windows;C:\Windows\System32\Wbem;C:\Windows\System32\WindowsPowerShell\v1.0\;C:\Windows\System32\OpenSSH\;C:\Program Files\Git\cmd;C:\Program Files (x86)\Intel\Intel(R) Management Engine Components\DAL;C:\Program Files\Intel\Intel(R) Management Engine Components\DAL;C:\Program Files\MySQL\MySQL Shell 8.0\bin\;., java.vendor=Oracle Corporation, tomee.version=7.1.1, java.rmi.server.randomIDs=true, sun.io.unicode.encoding=UnicodeLittle, tomcat.util.buf.StringCache.byte.enabled=true, sun.desktop=windows, java.class.path=C:\tomcat\bin\bootstrap.jar;C:\tomcat\bin\tomcat-juli.jar, tomcat.version=8.5.41.0, java.vm.vendor=Oracle Corporation, openejb.home=C:\tomcat, user.variant=, openejb.system.apps=true, user.timezone=America/Chicago, os.name=Windows 10, java.vm.specification.version=11, sun.java.launcher=SUN_STANDARD, user.country=US, openejb.base=C:\Users\15635\.IntelliJIdea2019.2\system\tomcat\Unnamed_myworkweek, com.sun.management.jmxremote=, sun.cpu.endian=little, user.home=C:\Users\15635, hibernate.c3p0.max_statements=50, user.language=en, openejb.deployments.classpath=false, java.awt.graphicsenv=sun.awt.Win32GraphicsEnvironment, package.access=sun.,org.apache.catalina.,org.apache.coyote.,org.apache.jasper.,org.apache.tomcat., openejb.loader=tomcat-system, server.loader=, com.sun.management.jmxremote.access.file=C:\Users\15635\.IntelliJIdea2019.2\system\tomcat\Unnamed_myworkweek\jmxremote.access, hibernate.c3p0.max_size=20, java.naming.factory.initial=org.apache.naming.java.javaURLContextFactory, path.separator=;, org.apache.openejb.core.security.JaccProvider=org.apache.openejb.core.security.jacc.BasicJaccProvider, common.loader="C:/tomcat/lib","C:/tomcat/lib/*.jar","C:\tomcat/lib","C:\tomcat/lib/*.jar", hibernate.connection.username=****, os.version=10.0, openejb.version=7.1.1, org.apache.security.jacc.EJBMethodPermission.methodInterfaces=BusinessLocalHome,BusinessRemoteHome,BusinessRemote,BusinessLocal, java.runtime.name=Java(TM) SE Runtime Environment, hibernate.connection.url=jdbc:mysql://localhost:3306/mww, java.vm.name=Java HotSpot(TM) 64-Bit Server VM, openejb.scan.webapp.container.includes=.*(geronimo|mp-jwt|failsafe).*, java.vendor.url.bug=http://bugreport.java.com/bugreport/, tomee.remote.support=true, catalina.home=C:\tomcat, user.dir=C:\tomcat\bin, bval.in-container=true, os.arch=amd64, openjpa.Log=org.apache.openejb.openjpa.JULOpenJPALogFactory, hibernate.connection.password=****, tomee.serialization.class.blacklist=-, tomee.serialization.class.whitelist=, shared.loader=, catalina.base=C:\Users\15635\.IntelliJIdea2019.2\system\tomcat\Unnamed_myworkweek, hibernate.boot.CfgXmlAccessService.key=org.hibernate.boot.cfgxml.spi.LoadedConfig@19357b5a, noBanner=true, java.util.logging.manager=org.apache.juli.ClassLoaderLogManager, org.apache.webbeans.logger.WebBeansLoggerFacade=org.apache.openejb.cdi.logging.ContainerJULLoggerFactory, java.vm.info=mixed mode, java.vm.version=11.0.4+10-LTS, hibernate.bytecode.use_reflection_optimizer=false, java.rmi.server.hostname=127.0.0.1, javax.security.jacc.PolicyConfigurationFactory.provider=org.apache.openejb.core.security.JaccProvider$Factory, connection.url=jdbc:mysql://localhost:3306/mww, java.class.version=55.0, authconfigprovider.factory=false}
[DEBUG] 2019-10-04 21-18-44.003 [http-nio-8080-exec-3] ClassLoaderAccessImpl - Not known whether passed class name [com.juliecortez.entity.User] is safe
[DEBUG] 2019-10-04 21-18-44.003 [http-nio-8080-exec-3] ClassLoaderAccessImpl - No temp ClassLoader provided; using live ClassLoader for loading potentially unsafe class : com.juliecortez.entity.User
[DEBUG] 2019-10-04 21-18-44.017 [http-nio-8080-exec-3] ClassLoaderAccessImpl - Not known whether passed class name [com.juliecortez.entity.Role] is safe
[DEBUG] 2019-10-04 21-18-44.017 [http-nio-8080-exec-3] ClassLoaderAccessImpl - No temp ClassLoader provided; using live ClassLoader for loading potentially unsafe class : com.juliecortez.entity.Role
[DEBUG] 2019-10-04 21-18-44.022 [http-nio-8080-exec-3] JaccIntegrator - Skipping JACC integration as it was not enabled
[DEBUG] 2019-10-04 21-18-44.023 [http-nio-8080-exec-3] SessionFactoryImpl - Instantiated session factory
[DEBUG] 2019-10-04 21-18-44.023 [http-nio-8080-exec-3] TypeConfiguration$Scope - Scoping TypeConfiguration [org.hibernate.type.spi.TypeConfiguration@4ab1e81f] to SessionFactoryImpl [org.hibernate.internal.SessionFactoryImpl@2d5ab6c2]
[DEBUG] 2019-10-04 21-18-44.183 [http-nio-8080-exec-3] ClassLoaderAccessImpl - Not known whether passed class name [com.juliecortez.entity.User] is safe
[DEBUG] 2019-10-04 21-18-44.183 [http-nio-8080-exec-3] ClassLoaderAccessImpl - No temp ClassLoader provided; using live ClassLoader for loading potentially unsafe class : com.juliecortez.entity.User
[DEBUG] 2019-10-04 21-18-44.260 [http-nio-8080-exec-3] ClassLoaderAccessImpl - Not known whether passed class name [com.juliecortez.entity.User] is safe
[DEBUG] 2019-10-04 21-18-44.260 [http-nio-8080-exec-3] ClassLoaderAccessImpl - No temp ClassLoader provided; using live ClassLoader for loading potentially unsafe class : com.juliecortez.entity.User
[DEBUG] 2019-10-04 21-18-45.007 [http-nio-8080-exec-3] ClassLoaderAccessImpl - Not known whether passed class name [com.juliecortez.entity.Role] is safe
[DEBUG] 2019-10-04 21-18-45.008 [http-nio-8080-exec-3] ClassLoaderAccessImpl - No temp ClassLoader provided; using live ClassLoader for loading potentially unsafe class : com.juliecortez.entity.Role
[DEBUG] 2019-10-04 21-18-45.008 [http-nio-8080-exec-3] ClassLoaderAccessImpl - Not known whether passed class name [com.juliecortez.entity.Role] is safe
[DEBUG] 2019-10-04 21-18-45.008 [http-nio-8080-exec-3] ClassLoaderAccessImpl - No temp ClassLoader provided; using live ClassLoader for loading potentially unsafe class : com.juliecortez.entity.Role
[DEBUG] 2019-10-04 21-18-45.048 [http-nio-8080-exec-3] AbstractCollectionPersister - Static SQL for collection: com.juliecortez.entity.User.roles
[DEBUG] 2019-10-04 21-18-45.048 [http-nio-8080-exec-3] AbstractCollectionPersister -  Row insert: update role set user_id=? where id=?
[DEBUG] 2019-10-04 21-18-45.049 [http-nio-8080-exec-3] AbstractCollectionPersister -  Row update: update role set  where id=?
[DEBUG] 2019-10-04 21-18-45.049 [http-nio-8080-exec-3] AbstractCollectionPersister -  Row delete: update role set user_id=null where user_id=? and id=?
[DEBUG] 2019-10-04 21-18-45.049 [http-nio-8080-exec-3] AbstractCollectionPersister -  One-shot delete: update role set user_id=null where user_id=?
[DEBUG] 2019-10-04 21-18-45.061 [http-nio-8080-exec-3] AbstractEntityPersister - Static SQL for entity: com.juliecortez.entity.User
[DEBUG] 2019-10-04 21-18-45.062 [http-nio-8080-exec-3] AbstractEntityPersister -  Version select: select id from user where id =?
[DEBUG] 2019-10-04 21-18-45.062 [http-nio-8080-exec-3] AbstractEntityPersister -  Snapshot select: select user_.id, user_.date_of_birth as date_of_2_1_, user_.first_name as first_na3_1_, user_.last_name as last_nam4_1_, user_.user_name as user_nam5_1_ from user user_ where user_.id=?
[DEBUG] 2019-10-04 21-18-45.062 [http-nio-8080-exec-3] AbstractEntityPersister -  Insert 0: insert into user (date_of_birth, first_name, last_name, user_name, id) values (?, ?, ?, ?, ?)
[DEBUG] 2019-10-04 21-18-45.062 [http-nio-8080-exec-3] AbstractEntityPersister -  Update 0: update user set date_of_birth=?, first_name=?, last_name=?, user_name=? where id=?
[DEBUG] 2019-10-04 21-18-45.062 [http-nio-8080-exec-3] AbstractEntityPersister -  Delete 0: delete from user where id=?
[DEBUG] 2019-10-04 21-18-45.062 [http-nio-8080-exec-3] AbstractEntityPersister -  Identity insert: insert into user (date_of_birth, first_name, last_name, user_name) values (?, ?, ?, ?)
[DEBUG] 2019-10-04 21-18-45.188 [http-nio-8080-exec-3] QuerySpacesImpl - Adding QuerySpace : uid = <gen:0> -> org.hibernate.loader.plan.build.internal.spaces.EntityQuerySpaceImpl@6e274a28]
[DEBUG] 2019-10-04 21-18-45.195 [http-nio-8080-exec-3] MetamodelGraphWalker - Visiting attribute path : dateOfBirth
[DEBUG] 2019-10-04 21-18-45.195 [http-nio-8080-exec-3] MetamodelGraphWalker - Visiting attribute path : firstName
[DEBUG] 2019-10-04 21-18-45.195 [http-nio-8080-exec-3] MetamodelGraphWalker - Visiting attribute path : lastName
[DEBUG] 2019-10-04 21-18-45.195 [http-nio-8080-exec-3] MetamodelGraphWalker - Visiting attribute path : roles
[DEBUG] 2019-10-04 21-18-45.222 [http-nio-8080-exec-3] QuerySpacesImpl - Adding QuerySpace : uid = <gen:1> -> org.hibernate.loader.plan.build.internal.spaces.CollectionQuerySpaceImpl@64b49f45]
[DEBUG] 2019-10-04 21-18-45.233 [http-nio-8080-exec-3] QuerySpacesImpl - Adding QuerySpace : uid = <gen:2> -> org.hibernate.loader.plan.build.internal.spaces.EntityQuerySpaceImpl@7cf21fef]
[DEBUG] 2019-10-04 21-18-45.237 [http-nio-8080-exec-3] MetamodelGraphWalker - Visiting attribute path : roles.role
[DEBUG] 2019-10-04 21-18-45.238 [http-nio-8080-exec-3] MetamodelGraphWalker - Visiting attribute path : roles.user
[DEBUG] 2019-10-04 21-18-45.238 [http-nio-8080-exec-3] MetamodelGraphWalker - Property path deemed to be circular : roles.user
[DEBUG] 2019-10-04 21-18-45.239 [http-nio-8080-exec-3] MetamodelGraphWalker - Visiting attribute path : userName
[DEBUG] 2019-10-04 21-18-45.239 [http-nio-8080-exec-3] FetchStyleLoadPlanBuildingAssociationVisitationStrategy - Building LoadPlan...
[DEBUG] 2019-10-04 21-18-45.273 [http-nio-8080-exec-3] LoadQueryJoinAndFetchProcessor - processing queryspace <gen:0>
[DEBUG] 2019-10-04 21-18-45.289 [http-nio-8080-exec-3] LoadPlanTreePrinter - LoadPlan(entity=com.juliecortez.entity.User)
    - Returns
       - EntityReturnImpl(entity=com.juliecortez.entity.User, querySpaceUid=<gen:0>, path=com.juliecortez.entity.User)
          - CollectionAttributeFetchImpl(collection=com.juliecortez.entity.User.roles, querySpaceUid=<gen:1>, path=com.juliecortez.entity.User.roles)
             - (collection element) CollectionFetchableElementEntityGraph(entity=com.juliecortez.entity.Role, querySpaceUid=<gen:2>, path=com.juliecortez.entity.User.roles.<elements>)
    - QuerySpaces
       - EntityQuerySpaceImpl(uid=<gen:0>, entity=com.juliecortez.entity.User)
          - SQL table alias mapping - user0_
          - alias suffix - 0_
          - suffixed key columns - {id1_1_0_}
          - JOIN (JoinDefinedByMetadata(roles)) : <gen:0> -> <gen:1>
             - CollectionQuerySpaceImpl(uid=<gen:1>, collection=com.juliecortez.entity.User.roles)
                - SQL table alias mapping - roles1_
                - alias suffix - 1_
                - suffixed key columns - {user_id3_0_1_}
                - entity-element alias suffix - 2_
                - 2_entity-element suffixed key columns - id1_0_2_
                - JOIN (JoinDefinedByMetadata(elements)) : <gen:1> -> <gen:2>
                   - EntityQuerySpaceImpl(uid=<gen:2>, entity=com.juliecortez.entity.Role)
                      - SQL table alias mapping - roles1_
                      - alias suffix - 2_
                      - suffixed key columns - {id1_0_2_}

[DEBUG] 2019-10-04 21-18-45.293 [http-nio-8080-exec-3] EntityLoader - Static select for entity com.juliecortez.entity.User [NONE]: select user0_.id as id1_1_0_, user0_.date_of_birth as date_of_2_1_0_, user0_.first_name as first_na3_1_0_, user0_.last_name as last_nam4_1_0_, user0_.user_name as user_nam5_1_0_, roles1_.user_id as user_id3_0_1_, roles1_.id as id1_0_1_, roles1_.id as id1_0_2_, roles1_.role as role2_0_2_, roles1_.user_id as user_id3_0_2_ from user user0_ left outer join role roles1_ on user0_.id=roles1_.user_id where user0_.id=?
[DEBUG] 2019-10-04 21-18-45.293 [http-nio-8080-exec-3] QuerySpacesImpl - Adding QuerySpace : uid = <gen:0> -> org.hibernate.loader.plan.build.internal.spaces.EntityQuerySpaceImpl@665444b2]
[DEBUG] 2019-10-04 21-18-45.294 [http-nio-8080-exec-3] MetamodelGraphWalker - Visiting attribute path : dateOfBirth
[DEBUG] 2019-10-04 21-18-45.294 [http-nio-8080-exec-3] MetamodelGraphWalker - Visiting attribute path : firstName
[DEBUG] 2019-10-04 21-18-45.294 [http-nio-8080-exec-3] MetamodelGraphWalker - Visiting attribute path : lastName
[DEBUG] 2019-10-04 21-18-45.294 [http-nio-8080-exec-3] MetamodelGraphWalker - Visiting attribute path : roles
[DEBUG] 2019-10-04 21-18-45.294 [http-nio-8080-exec-3] QuerySpacesImpl - Adding QuerySpace : uid = <gen:1> -> org.hibernate.loader.plan.build.internal.spaces.CollectionQuerySpaceImpl@2beb7e88]
[DEBUG] 2019-10-04 21-18-45.294 [http-nio-8080-exec-3] QuerySpacesImpl - Adding QuerySpace : uid = <gen:2> -> org.hibernate.loader.plan.build.internal.spaces.EntityQuerySpaceImpl@21f02f9]
[DEBUG] 2019-10-04 21-18-45.294 [http-nio-8080-exec-3] MetamodelGraphWalker - Visiting attribute path : roles.role
[DEBUG] 2019-10-04 21-18-45.294 [http-nio-8080-exec-3] MetamodelGraphWalker - Visiting attribute path : roles.user
[DEBUG] 2019-10-04 21-18-45.294 [http-nio-8080-exec-3] MetamodelGraphWalker - Property path deemed to be circular : roles.user
[DEBUG] 2019-10-04 21-18-45.294 [http-nio-8080-exec-3] MetamodelGraphWalker - Visiting attribute path : userName
[DEBUG] 2019-10-04 21-18-45.294 [http-nio-8080-exec-3] FetchStyleLoadPlanBuildingAssociationVisitationStrategy - Building LoadPlan...
[DEBUG] 2019-10-04 21-18-45.294 [http-nio-8080-exec-3] LoadQueryJoinAndFetchProcessor - processing queryspace <gen:0>
[DEBUG] 2019-10-04 21-18-45.295 [http-nio-8080-exec-3] LoadPlanTreePrinter - LoadPlan(entity=com.juliecortez.entity.User)
    - Returns
       - EntityReturnImpl(entity=com.juliecortez.entity.User, querySpaceUid=<gen:0>, path=com.juliecortez.entity.User)
          - CollectionAttributeFetchImpl(collection=com.juliecortez.entity.User.roles, querySpaceUid=<gen:1>, path=com.juliecortez.entity.User.roles)
             - (collection element) CollectionFetchableElementEntityGraph(entity=com.juliecortez.entity.Role, querySpaceUid=<gen:2>, path=com.juliecortez.entity.User.roles.<elements>)
    - QuerySpaces
       - EntityQuerySpaceImpl(uid=<gen:0>, entity=com.juliecortez.entity.User)
          - SQL table alias mapping - user0_
          - alias suffix - 0_
          - suffixed key columns - {id1_1_0_}
          - JOIN (JoinDefinedByMetadata(roles)) : <gen:0> -> <gen:1>
             - CollectionQuerySpaceImpl(uid=<gen:1>, collection=com.juliecortez.entity.User.roles)
                - SQL table alias mapping - roles1_
                - alias suffix - 1_
                - suffixed key columns - {user_id3_0_1_}
                - entity-element alias suffix - 2_
                - 2_entity-element suffixed key columns - id1_0_2_
                - JOIN (JoinDefinedByMetadata(elements)) : <gen:1> -> <gen:2>
                   - EntityQuerySpaceImpl(uid=<gen:2>, entity=com.juliecortez.entity.Role)
                      - SQL table alias mapping - roles1_
                      - alias suffix - 2_
                      - suffixed key columns - {id1_0_2_}

[DEBUG] 2019-10-04 21-18-45.295 [http-nio-8080-exec-3] EntityLoader - Static select for entity com.juliecortez.entity.User [READ]: select user0_.id as id1_1_0_, user0_.date_of_birth as date_of_2_1_0_, user0_.first_name as first_na3_1_0_, user0_.last_name as last_nam4_1_0_, user0_.user_name as user_nam5_1_0_, roles1_.user_id as user_id3_0_1_, roles1_.id as id1_0_1_, roles1_.id as id1_0_2_, roles1_.role as role2_0_2_, roles1_.user_id as user_id3_0_2_ from user user0_ left outer join role roles1_ on user0_.id=roles1_.user_id where user0_.id=?
[DEBUG] 2019-10-04 21-18-45.338 [http-nio-8080-exec-3] Loader - Static select for action ACTION_MERGE on entity com.juliecortez.entity.User: select user0_.id as id1_1_1_, user0_.date_of_birth as date_of_2_1_1_, user0_.first_name as first_na3_1_1_, user0_.last_name as last_nam4_1_1_, user0_.user_name as user_nam5_1_1_, roles1_.user_id as user_id3_0_3_, roles1_.id as id1_0_3_, roles1_.id as id1_0_0_, roles1_.role as role2_0_0_, roles1_.user_id as user_id3_0_0_ from user user0_ left outer join role roles1_ on user0_.id=roles1_.user_id where user0_.id=?
[DEBUG] 2019-10-04 21-18-45.339 [http-nio-8080-exec-3] Loader - Static select for action ACTION_REFRESH on entity com.juliecortez.entity.User: select user0_.id as id1_1_1_, user0_.date_of_birth as date_of_2_1_1_, user0_.first_name as first_na3_1_1_, user0_.last_name as last_nam4_1_1_, user0_.user_name as user_nam5_1_1_, roles1_.user_id as user_id3_0_3_, roles1_.id as id1_0_3_, roles1_.id as id1_0_0_, roles1_.role as role2_0_0_, roles1_.user_id as user_id3_0_0_ from user user0_ left outer join role roles1_ on user0_.id=roles1_.user_id where user0_.id=?
[DEBUG] 2019-10-04 21-18-45.340 [http-nio-8080-exec-3] AbstractEntityPersister - Static SQL for entity: com.juliecortez.entity.Role
[DEBUG] 2019-10-04 21-18-45.340 [http-nio-8080-exec-3] AbstractEntityPersister -  Version select: select id from role where id =?
[DEBUG] 2019-10-04 21-18-45.340 [http-nio-8080-exec-3] AbstractEntityPersister -  Snapshot select: select role_.id, role_.role as role2_0_, role_.user_id as user_id3_0_ from role role_ where role_.id=?
[DEBUG] 2019-10-04 21-18-45.340 [http-nio-8080-exec-3] AbstractEntityPersister -  Insert 0: insert into role (role, user_id, id) values (?, ?, ?)
[DEBUG] 2019-10-04 21-18-45.340 [http-nio-8080-exec-3] AbstractEntityPersister -  Update 0: update role set role=?, user_id=? where id=?
[DEBUG] 2019-10-04 21-18-45.340 [http-nio-8080-exec-3] AbstractEntityPersister -  Delete 0: delete from role where id=?
[DEBUG] 2019-10-04 21-18-45.340 [http-nio-8080-exec-3] AbstractEntityPersister -  Identity insert: insert into role (role, user_id) values (?, ?)
[DEBUG] 2019-10-04 21-18-45.341 [http-nio-8080-exec-3] QuerySpacesImpl - Adding QuerySpace : uid = <gen:0> -> org.hibernate.loader.plan.build.internal.spaces.EntityQuerySpaceImpl@690d0b4f]
[DEBUG] 2019-10-04 21-18-45.341 [http-nio-8080-exec-3] MetamodelGraphWalker - Visiting attribute path : role
[DEBUG] 2019-10-04 21-18-45.341 [http-nio-8080-exec-3] MetamodelGraphWalker - Visiting attribute path : user
[DEBUG] 2019-10-04 21-18-45.341 [http-nio-8080-exec-3] QuerySpacesImpl - Adding QuerySpace : uid = <gen:1> -> org.hibernate.loader.plan.build.internal.spaces.EntityQuerySpaceImpl@56d04cb2]
[DEBUG] 2019-10-04 21-18-45.343 [http-nio-8080-exec-3] MetamodelGraphWalker - Visiting attribute path : user.dateOfBirth
[DEBUG] 2019-10-04 21-18-45.344 [http-nio-8080-exec-3] MetamodelGraphWalker - Visiting attribute path : user.firstName
[DEBUG] 2019-10-04 21-18-45.344 [http-nio-8080-exec-3] MetamodelGraphWalker - Visiting attribute path : user.lastName
[DEBUG] 2019-10-04 21-18-45.344 [http-nio-8080-exec-3] MetamodelGraphWalker - Visiting attribute path : user.roles
[DEBUG] 2019-10-04 21-18-45.344 [http-nio-8080-exec-3] MetamodelGraphWalker - Property path deemed to be circular : user.roles
[DEBUG] 2019-10-04 21-18-45.344 [http-nio-8080-exec-3] MetamodelGraphWalker - Visiting attribute path : user.userName
[DEBUG] 2019-10-04 21-18-45.344 [http-nio-8080-exec-3] FetchStyleLoadPlanBuildingAssociationVisitationStrategy - Building LoadPlan...
[DEBUG] 2019-10-04 21-18-45.344 [http-nio-8080-exec-3] LoadQueryJoinAndFetchProcessor - processing queryspace <gen:0>
[DEBUG] 2019-10-04 21-18-45.345 [http-nio-8080-exec-3] LoadPlanTreePrinter - LoadPlan(entity=com.juliecortez.entity.Role)
    - Returns
       - EntityReturnImpl(entity=com.juliecortez.entity.Role, querySpaceUid=<gen:0>, path=com.juliecortez.entity.Role)
          - EntityAttributeFetchImpl(entity=com.juliecortez.entity.User, querySpaceUid=<gen:1>, path=com.juliecortez.entity.Role.user)
    - QuerySpaces
       - EntityQuerySpaceImpl(uid=<gen:0>, entity=com.juliecortez.entity.Role)
          - SQL table alias mapping - role0_
          - alias suffix - 0_
          - suffixed key columns - {id1_0_0_}
          - JOIN (JoinDefinedByMetadata(user)) : <gen:0> -> <gen:1>
             - EntityQuerySpaceImpl(uid=<gen:1>, entity=com.juliecortez.entity.User)
                - SQL table alias mapping - user1_
                - alias suffix - 1_
                - suffixed key columns - {id1_1_1_}

[DEBUG] 2019-10-04 21-18-45.346 [http-nio-8080-exec-3] EntityLoader - Static select for entity com.juliecortez.entity.Role [NONE]: select role0_.id as id1_0_0_, role0_.role as role2_0_0_, role0_.user_id as user_id3_0_0_, user1_.id as id1_1_1_, user1_.date_of_birth as date_of_2_1_1_, user1_.first_name as first_na3_1_1_, user1_.last_name as last_nam4_1_1_, user1_.user_name as user_nam5_1_1_ from role role0_ left outer join user user1_ on role0_.user_id=user1_.id where role0_.id=?
[DEBUG] 2019-10-04 21-18-45.346 [http-nio-8080-exec-3] QuerySpacesImpl - Adding QuerySpace : uid = <gen:0> -> org.hibernate.loader.plan.build.internal.spaces.EntityQuerySpaceImpl@1f0f64a0]
[DEBUG] 2019-10-04 21-18-45.346 [http-nio-8080-exec-3] MetamodelGraphWalker - Visiting attribute path : role
[DEBUG] 2019-10-04 21-18-45.346 [http-nio-8080-exec-3] MetamodelGraphWalker - Visiting attribute path : user
[DEBUG] 2019-10-04 21-18-45.346 [http-nio-8080-exec-3] QuerySpacesImpl - Adding QuerySpace : uid = <gen:1> -> org.hibernate.loader.plan.build.internal.spaces.EntityQuerySpaceImpl@4001ec0d]
[DEBUG] 2019-10-04 21-18-45.347 [http-nio-8080-exec-3] MetamodelGraphWalker - Visiting attribute path : user.dateOfBirth
[DEBUG] 2019-10-04 21-18-45.347 [http-nio-8080-exec-3] MetamodelGraphWalker - Visiting attribute path : user.firstName
[DEBUG] 2019-10-04 21-18-45.347 [http-nio-8080-exec-3] MetamodelGraphWalker - Visiting attribute path : user.lastName
[DEBUG] 2019-10-04 21-18-45.347 [http-nio-8080-exec-3] MetamodelGraphWalker - Visiting attribute path : user.roles
[DEBUG] 2019-10-04 21-18-45.347 [http-nio-8080-exec-3] MetamodelGraphWalker - Property path deemed to be circular : user.roles
[DEBUG] 2019-10-04 21-18-45.347 [http-nio-8080-exec-3] MetamodelGraphWalker - Visiting attribute path : user.userName
[DEBUG] 2019-10-04 21-18-45.347 [http-nio-8080-exec-3] FetchStyleLoadPlanBuildingAssociationVisitationStrategy - Building LoadPlan...
[DEBUG] 2019-10-04 21-18-45.348 [http-nio-8080-exec-3] LoadQueryJoinAndFetchProcessor - processing queryspace <gen:0>
[DEBUG] 2019-10-04 21-18-45.348 [http-nio-8080-exec-3] LoadPlanTreePrinter - LoadPlan(entity=com.juliecortez.entity.Role)
    - Returns
       - EntityReturnImpl(entity=com.juliecortez.entity.Role, querySpaceUid=<gen:0>, path=com.juliecortez.entity.Role)
          - EntityAttributeFetchImpl(entity=com.juliecortez.entity.User, querySpaceUid=<gen:1>, path=com.juliecortez.entity.Role.user)
    - QuerySpaces
       - EntityQuerySpaceImpl(uid=<gen:0>, entity=com.juliecortez.entity.Role)
          - SQL table alias mapping - role0_
          - alias suffix - 0_
          - suffixed key columns - {id1_0_0_}
          - JOIN (JoinDefinedByMetadata(user)) : <gen:0> -> <gen:1>
             - EntityQuerySpaceImpl(uid=<gen:1>, entity=com.juliecortez.entity.User)
                - SQL table alias mapping - user1_
                - alias suffix - 1_
                - suffixed key columns - {id1_1_1_}

[DEBUG] 2019-10-04 21-18-45.349 [http-nio-8080-exec-3] EntityLoader - Static select for entity com.juliecortez.entity.Role [READ]: select role0_.id as id1_0_0_, role0_.role as role2_0_0_, role0_.user_id as user_id3_0_0_, user1_.id as id1_1_1_, user1_.date_of_birth as date_of_2_1_1_, user1_.first_name as first_na3_1_1_, user1_.last_name as last_nam4_1_1_, user1_.user_name as user_nam5_1_1_ from role role0_ left outer join user user1_ on role0_.user_id=user1_.id where role0_.id=?
[DEBUG] 2019-10-04 21-18-45.349 [http-nio-8080-exec-3] Loader - Static select for action ACTION_MERGE on entity com.juliecortez.entity.Role: select role0_.id as id1_0_0_, role0_.role as role2_0_0_, role0_.user_id as user_id3_0_0_ from role role0_ where role0_.id=?
[DEBUG] 2019-10-04 21-18-45.349 [http-nio-8080-exec-3] Loader - Static select for action ACTION_REFRESH on entity com.juliecortez.entity.Role: select role0_.id as id1_0_0_, role0_.role as role2_0_0_, role0_.user_id as user_id3_0_0_ from role role0_ where role0_.id=?
[DEBUG] 2019-10-04 21-18-45.369 [http-nio-8080-exec-3] QuerySpacesImpl - Adding QuerySpace : uid = <gen:0> -> org.hibernate.loader.plan.build.internal.spaces.CollectionQuerySpaceImpl@5400f60e]
[DEBUG] 2019-10-04 21-18-45.369 [http-nio-8080-exec-3] QuerySpacesImpl - Adding QuerySpace : uid = <gen:1> -> org.hibernate.loader.plan.build.internal.spaces.EntityQuerySpaceImpl@464958db]
[DEBUG] 2019-10-04 21-18-45.370 [http-nio-8080-exec-3] MetamodelGraphWalker - Visiting attribute path : role
[DEBUG] 2019-10-04 21-18-45.370 [http-nio-8080-exec-3] MetamodelGraphWalker - Visiting attribute path : user
[DEBUG] 2019-10-04 21-18-45.370 [http-nio-8080-exec-3] MetamodelGraphWalker - Property path deemed to be circular : user
[DEBUG] 2019-10-04 21-18-45.370 [http-nio-8080-exec-3] FetchStyleLoadPlanBuildingAssociationVisitationStrategy - Building LoadPlan...
[DEBUG] 2019-10-04 21-18-45.377 [http-nio-8080-exec-3] LoadQueryJoinAndFetchProcessor - processing queryspace <gen:0>
[DEBUG] 2019-10-04 21-18-45.378 [http-nio-8080-exec-3] LoadPlanTreePrinter - LoadPlan(collection=com.juliecortez.entity.User.roles)
    - Returns
       - CollectionReturnImpl(collection=com.juliecortez.entity.User.roles, querySpaceUid=<gen:0>, path=[com.juliecortez.entity.User.roles])
          - (collection element) CollectionFetchableElementEntityGraph(entity=com.juliecortez.entity.Role, querySpaceUid=<gen:1>, path=[com.juliecortez.entity.User.roles].<elements>)
    - QuerySpaces
       - CollectionQuerySpaceImpl(uid=<gen:0>, collection=com.juliecortez.entity.User.roles)
          - SQL table alias mapping - roles0_
          - alias suffix - 0_
          - suffixed key columns - {user_id3_0_0_}
          - entity-element alias suffix - 1_
          - 1_entity-element suffixed key columns - id1_0_1_
          - JOIN (JoinDefinedByMetadata(elements)) : <gen:0> -> <gen:1>
             - EntityQuerySpaceImpl(uid=<gen:1>, entity=com.juliecortez.entity.Role)
                - SQL table alias mapping - roles0_
                - alias suffix - 1_
                - suffixed key columns - {id1_0_1_}

[DEBUG] 2019-10-04 21-18-45.380 [http-nio-8080-exec-3] CollectionLoader - Static select for collection com.juliecortez.entity.User.roles: select roles0_.user_id as user_id3_0_0_, roles0_.id as id1_0_0_, roles0_.id as id1_0_1_, roles0_.role as role2_0_1_, roles0_.user_id as user_id3_0_1_ from role roles0_ where roles0_.user_id=?
[DEBUG] 2019-10-04 21-18-45.518 [http-nio-8080-exec-3] SchemaManagementToolCoordinator - No actions specified; doing nothing
[DEBUG] 2019-10-04 21-18-45.518 [http-nio-8080-exec-3] JtaPlatformInitiator - No JtaPlatform was specified, checking resolver
[DEBUG] 2019-10-04 21-18-45.519 [http-nio-8080-exec-3] JtaPlatformResolverInitiator - No JtaPlatformResolver was specified, using default [org.hibernate.engine.transaction.jta.platform.internal.StandardJtaPlatformResolver]
[DEBUG] 2019-10-04 21-18-45.537 [http-nio-8080-exec-3] StandardJtaPlatformResolver - Could not resolve JtaPlatform, using default [org.hibernate.engine.transaction.jta.platform.internal.NoJtaPlatform]
[INFO ] 2019-10-04 21-18-45.538 [http-nio-8080-exec-3] JtaPlatformInitiator - HHH000490: Using JtaPlatform implementation: [org.hibernate.engine.transaction.jta.platform.internal.NoJtaPlatform]
[DEBUG] 2019-10-04 21-18-45.539 [http-nio-8080-exec-3] NamedQueryRepository - Checking 0 named HQL queries
[DEBUG] 2019-10-04 21-18-45.539 [http-nio-8080-exec-3] NamedQueryRepository - Checking 0 named SQL queries
[DEBUG] 2019-10-04 21-18-45.542 [http-nio-8080-exec-3] SessionFactoryRegistry - Initializing SessionFactoryRegistry : org.hibernate.internal.SessionFactoryRegistry@7e63476c
[DEBUG] 2019-10-04 21-18-45.543 [http-nio-8080-exec-3] SessionFactoryRegistry - Registering SessionFactory: d5dd1025-7272-4330-be9a-08b05be0ddf2 (<unnamed>)
[DEBUG] 2019-10-04 21-18-45.543 [http-nio-8080-exec-3] SessionFactoryRegistry - Not binding SessionFactory to JNDI, no JNDI name configured
[DEBUG] 2019-10-04 21-18-45.730 [http-nio-8080-exec-3] StatisticsInitiator - Statistics initialized [enabled=false]
[DEBUG] 2019-10-04 21-18-45.790 [http-nio-8080-exec-3] CriteriaQueryImpl - Rendered criteria query -> select generatedAlias0 from User as generatedAlias0
[DEBUG] 2019-10-04 21-18-45.828 [http-nio-8080-exec-3] QueryTranslatorFactoryInitiator - QueryTranslatorFactory: org.hibernate.hql.internal.ast.ASTQueryTranslatorFactory@6d8df8ff
[DEBUG] 2019-10-04 21-18-45.882 [http-nio-8080-exec-3] QueryTranslatorImpl - parse() - HQL: select generatedAlias0 from com.juliecortez.entity.User as generatedAlias0
[DEBUG] 2019-10-04 21-18-45.891 [http-nio-8080-exec-3] ErrorTracker - throwQueryException() : no errors
[DEBUG] 2019-10-04 21-18-45.901 [http-nio-8080-exec-3] QueryTranslatorImpl - --- HQL AST ---
 \-[QUERY] Node: 'query'
    \-[SELECT_FROM] Node: 'SELECT_FROM'
       +-[FROM] Node: 'from'
       |  \-[RANGE] Node: 'RANGE'
       |     +-[DOT] Node: '.'
       |     |  +-[DOT] Node: '.'
       |     |  |  +-[DOT] Node: '.'
       |     |  |  |  +-[IDENT] Node: 'com'
       |     |  |  |  \-[IDENT] Node: 'juliecortez'
       |     |  |  \-[IDENT] Node: 'entity'
       |     |  \-[IDENT] Node: 'User'
       |     \-[ALIAS] Node: 'generatedAlias0'
       \-[SELECT] Node: 'select'
          \-[IDENT] Node: 'generatedAlias0'

[DEBUG] 2019-10-04 21-18-45.937 [http-nio-8080-exec-3] HqlSqlBaseWalker - select << begin [level=1, statement=select]
[DEBUG] 2019-10-04 21-18-45.962 [http-nio-8080-exec-3] FromElement - FromClause{level=1} : com.juliecortez.entity.User (generatedAlias0) -> user0_
[DEBUG] 2019-10-04 21-18-45.964 [http-nio-8080-exec-3] FromReferenceNode - Resolved : generatedAlias0 -> user0_.id
[DEBUG] 2019-10-04 21-18-45.966 [http-nio-8080-exec-3] HqlSqlBaseWalker - select : finishing up [level=1, statement=select]
[DEBUG] 2019-10-04 21-18-45.966 [http-nio-8080-exec-3] HqlSqlWalker - processQuery() :  ( SELECT ( {select clause} user0_.id ) ( FromClause{level=1} user user0_ ) )
[DEBUG] 2019-10-04 21-18-45.980 [http-nio-8080-exec-3] JoinProcessor - Using FROM fragment [user user0_]
[DEBUG] 2019-10-04 21-18-45.981 [http-nio-8080-exec-3] HqlSqlBaseWalker - select >> end [level=1, statement=select]
[DEBUG] 2019-10-04 21-18-45.981 [http-nio-8080-exec-3] QueryTranslatorImpl - --- SQL AST ---
 \-[SELECT] QueryNode: 'SELECT'  querySpaces (user)
    +-[SELECT_CLAUSE] SelectClause: '{select clause}'
    |  +-[ALIAS_REF] IdentNode: 'user0_.id as id1_1_' {alias=generatedAlias0, className=com.juliecortez.entity.User, tableAlias=user0_}
    |  \-[SQL_TOKEN] SqlFragment: 'user0_.date_of_birth as date_of_2_1_, user0_.first_name as first_na3_1_, user0_.last_name as last_nam4_1_, user0_.user_name as user_nam5_1_'
    \-[FROM] FromClause: 'from' FromClause{level=1, fromElementCounter=1, fromElements=1, fromElementByClassAlias=[generatedAlias0], fromElementByTableAlias=[user0_], fromElementsByPath=[], collectionJoinFromElementsByPath=[], impliedElements=[]}
       \-[FROM_FRAGMENT] FromElement: 'user user0_' FromElement{explicit,not a collection join,not a fetch join,fetch non-lazy properties,classAlias=generatedAlias0,role=null,tableName=user,tableAlias=user0_,origin=null,columns={,className=com.juliecortez.entity.User}}

[DEBUG] 2019-10-04 21-18-45.981 [http-nio-8080-exec-3] ErrorTracker - throwQueryException() : no errors
[DEBUG] 2019-10-04 21-18-45.989 [http-nio-8080-exec-3] QueryTranslatorImpl - HQL: select generatedAlias0 from com.juliecortez.entity.User as generatedAlias0
[DEBUG] 2019-10-04 21-18-45.989 [http-nio-8080-exec-3] QueryTranslatorImpl - SQL: select user0_.id as id1_1_, user0_.date_of_birth as date_of_2_1_, user0_.first_name as first_na3_1_, user0_.last_name as last_nam4_1_, user0_.user_name as user_nam5_1_ from user user0_
[DEBUG] 2019-10-04 21-18-45.989 [http-nio-8080-exec-3] ErrorTracker - throwQueryException() : no errors
[DEBUG] 2019-10-04 21-18-46.013 [http-nio-8080-exec-3] SQL - select user0_.id as id1_1_, user0_.date_of_birth as date_of_2_1_, user0_.first_name as first_na3_1_, user0_.last_name as last_nam4_1_, user0_.user_name as user_nam5_1_ from user user0_
[DEBUG] 2019-10-04 21-18-46.044 [http-nio-8080-exec-3] Loader - Result set row: 0
[DEBUG] 2019-10-04 21-18-46.049 [http-nio-8080-exec-3] Loader - Result row: EntityKey[com.juliecortez.entity.User#1]
[DEBUG] 2019-10-04 21-18-46.062 [http-nio-8080-exec-3] TwoPhaseLoad - Resolving attributes for [com.juliecortez.entity.User#1]
[DEBUG] 2019-10-04 21-18-46.064 [http-nio-8080-exec-3] TwoPhaseLoad - Processing attribute `dateOfBirth` : value = 1988-05-08
[DEBUG] 2019-10-04 21-18-46.064 [http-nio-8080-exec-3] TwoPhaseLoad - Attribute (`dateOfBirth`)  - enhanced for lazy-loading? - false
[DEBUG] 2019-10-04 21-18-46.064 [http-nio-8080-exec-3] TwoPhaseLoad - Processing attribute `firstName` : value = System
[DEBUG] 2019-10-04 21-18-46.064 [http-nio-8080-exec-3] TwoPhaseLoad - Attribute (`firstName`)  - enhanced for lazy-loading? - false
[DEBUG] 2019-10-04 21-18-46.064 [http-nio-8080-exec-3] TwoPhaseLoad - Processing attribute `lastName` : value = Administrator
[DEBUG] 2019-10-04 21-18-46.064 [http-nio-8080-exec-3] TwoPhaseLoad - Attribute (`lastName`)  - enhanced for lazy-loading? - false
[DEBUG] 2019-10-04 21-18-46.064 [http-nio-8080-exec-3] TwoPhaseLoad - Processing attribute `roles` : value = NOT NULL COLLECTION
[DEBUG] 2019-10-04 21-18-46.064 [http-nio-8080-exec-3] TwoPhaseLoad - Attribute (`roles`)  - enhanced for lazy-loading? - false
[DEBUG] 2019-10-04 21-18-46.074 [http-nio-8080-exec-3] TwoPhaseLoad - Processing attribute `userName` : value = Admin
[DEBUG] 2019-10-04 21-18-46.074 [http-nio-8080-exec-3] TwoPhaseLoad - Attribute (`userName`)  - enhanced for lazy-loading? - false
[DEBUG] 2019-10-04 21-18-46.075 [http-nio-8080-exec-3] TwoPhaseLoad - Done materializing entity [com.juliecortez.entity.User#1]
[DEBUG] 2019-10-04 21-18-46.078 [http-nio-8080-exec-3] AbstractLoadPlanBasedCollectionInitializer - Loading collection: [com.juliecortez.entity.User.roles#1]
[DEBUG] 2019-10-04 21-18-46.079 [http-nio-8080-exec-3] SQL - select roles0_.user_id as user_id3_0_0_, roles0_.id as id1_0_0_, roles0_.id as id1_0_1_, roles0_.role as role2_0_1_, roles0_.user_id as user_id3_0_1_ from role roles0_ where roles0_.user_id=?
[DEBUG] 2019-10-04 21-18-46.086 [http-nio-8080-exec-3] ResultSetProcessorImpl - Preparing collection initializer : [com.juliecortez.entity.User.roles#1]
[DEBUG] 2019-10-04 21-18-46.093 [http-nio-8080-exec-3] ResultSetProcessorImpl - Starting ResultSet row #0
[DEBUG] 2019-10-04 21-18-46.096 [http-nio-8080-exec-3] CollectionReferenceInitializerImpl - Found row of collection: [com.juliecortez.entity.User.roles#1]
[DEBUG] 2019-10-04 21-18-46.102 [http-nio-8080-exec-3] TwoPhaseLoad - Resolving attributes for [com.juliecortez.entity.Role#1]
[DEBUG] 2019-10-04 21-18-46.102 [http-nio-8080-exec-3] TwoPhaseLoad - Processing attribute `role` : value = System Administrator
[DEBUG] 2019-10-04 21-18-46.102 [http-nio-8080-exec-3] TwoPhaseLoad - Attribute (`role`)  - enhanced for lazy-loading? - false
[DEBUG] 2019-10-04 21-18-46.102 [http-nio-8080-exec-3] TwoPhaseLoad - Processing attribute `user` : value = 1
[DEBUG] 2019-10-04 21-18-46.102 [http-nio-8080-exec-3] TwoPhaseLoad - Attribute (`user`)  - enhanced for lazy-loading? - false
[DEBUG] 2019-10-04 21-18-46.102 [http-nio-8080-exec-3] TwoPhaseLoad - Done materializing entity [com.juliecortez.entity.Role#1]
[DEBUG] 2019-10-04 21-18-46.103 [http-nio-8080-exec-3] CollectionLoadContext - 1 collections were found in result set for role: com.juliecortez.entity.User.roles
[DEBUG] 2019-10-04 21-18-46.103 [http-nio-8080-exec-3] CollectionLoadContext - Collection fully initialized: [com.juliecortez.entity.User.roles#1]
[DEBUG] 2019-10-04 21-18-46.103 [http-nio-8080-exec-3] CollectionLoadContext - 1 collections initialized for role: com.juliecortez.entity.User.roles
[DEBUG] 2019-10-04 21-18-46.103 [http-nio-8080-exec-3] ResourceRegistryStandardImpl - HHH000387: ResultSet's statement was not registered
[DEBUG] 2019-10-04 21-18-46.103 [http-nio-8080-exec-3] AbstractLoadPlanBasedCollectionInitializer - Done loading collection
[DEBUG] 2019-10-04 21-18-46.104 [http-nio-8080-exec-3] LogicalConnectionManagedImpl - Initiating JDBC connection release from afterTransaction
