[DEBUG] 2019-09-26 16-59-04.142 [main] IntegratorServiceImpl - Adding Integrator [org.hibernate.cfg.beanvalidation.BeanValidationIntegrator].
[DEBUG] 2019-09-26 16-59-04.149 [main] IntegratorServiceImpl - Adding Integrator [org.hibernate.secure.spi.JaccIntegrator].
[DEBUG] 2019-09-26 16-59-04.154 [main] IntegratorServiceImpl - Adding Integrator [org.hibernate.cache.internal.CollectionCacheInvalidator].
[INFO ] 2019-09-26 16-59-04.250 [main] Version - HHH000412: Hibernate Core {5.4.4.Final}
[DEBUG] 2019-09-26 16-59-04.252 [main] Environment - HHH000206: hibernate.properties not found
[DEBUG] 2019-09-26 16-59-04.468 [main] LocalXmlResourceResolver - Interpreting public/system identifier : [-//Hibernate/Hibernate Configuration DTD//EN] - [http://www.hibernate.org/dtd/hibernate-configuration-3.0.dtd]
[DEBUG] 2019-09-26 16-59-04.469 [main] LocalXmlResourceResolver - Recognized hibernate-configuration identifier; attempting to resolve on classpath under org/hibernate/
[DEBUG] 2019-09-26 16-59-04.474 [main] JaxbCfgProcessor - cfg.xml document did not define namespaces; wrapping in custom event reader to introduce namespace information
[DEBUG] 2019-09-26 16-59-04.731 [main] ServiceBinding - Overriding existing service binding [org.hibernate.secure.spi.JaccService]
[DEBUG] 2019-09-26 16-59-04.748 [main] RegionFactoryInitiator - Cannot default RegionFactory based on registered strategies as `[]` RegionFactory strategies were registered
[DEBUG] 2019-09-26 16-59-04.748 [main] RegionFactoryInitiator - Cache region factory : org.hibernate.cache.internal.NoCachingRegionFactory
[INFO ] 2019-09-26 16-59-04.763 [main] Version - HCANN000001: Hibernate Commons Annotations {5.1.0.Final}
[DEBUG] 2019-09-26 16-59-04.945 [main] BasicTypeRegistry - Adding type registration boolean -> org.hibernate.type.BooleanType@352e787a
[DEBUG] 2019-09-26 16-59-04.946 [main] BasicTypeRegistry - Adding type registration boolean -> org.hibernate.type.BooleanType@352e787a
[DEBUG] 2019-09-26 16-59-04.946 [main] BasicTypeRegistry - Adding type registration java.lang.Boolean -> org.hibernate.type.BooleanType@352e787a
[DEBUG] 2019-09-26 16-59-04.946 [main] BasicTypeRegistry - Adding type registration numeric_boolean -> org.hibernate.type.NumericBooleanType@385ef531
[DEBUG] 2019-09-26 16-59-04.947 [main] BasicTypeRegistry - Adding type registration true_false -> org.hibernate.type.TrueFalseType@3cbcd8f3
[DEBUG] 2019-09-26 16-59-04.947 [main] BasicTypeRegistry - Adding type registration yes_no -> org.hibernate.type.YesNoType@2301b75
[DEBUG] 2019-09-26 16-59-04.948 [main] BasicTypeRegistry - Adding type registration byte -> org.hibernate.type.ByteType@6d171ce0
[DEBUG] 2019-09-26 16-59-04.948 [main] BasicTypeRegistry - Adding type registration byte -> org.hibernate.type.ByteType@6d171ce0
[DEBUG] 2019-09-26 16-59-04.948 [main] BasicTypeRegistry - Adding type registration java.lang.Byte -> org.hibernate.type.ByteType@6d171ce0
[DEBUG] 2019-09-26 16-59-04.949 [main] BasicTypeRegistry - Adding type registration character -> org.hibernate.type.CharacterType@57b75756
[DEBUG] 2019-09-26 16-59-04.949 [main] BasicTypeRegistry - Adding type registration char -> org.hibernate.type.CharacterType@57b75756
[DEBUG] 2019-09-26 16-59-04.949 [main] BasicTypeRegistry - Adding type registration java.lang.Character -> org.hibernate.type.CharacterType@57b75756
[DEBUG] 2019-09-26 16-59-04.950 [main] BasicTypeRegistry - Adding type registration short -> org.hibernate.type.ShortType@17271176
[DEBUG] 2019-09-26 16-59-04.950 [main] BasicTypeRegistry - Adding type registration short -> org.hibernate.type.ShortType@17271176
[DEBUG] 2019-09-26 16-59-04.950 [main] BasicTypeRegistry - Adding type registration java.lang.Short -> org.hibernate.type.ShortType@17271176
[DEBUG] 2019-09-26 16-59-04.951 [main] BasicTypeRegistry - Adding type registration integer -> org.hibernate.type.IntegerType@67c277a0
[DEBUG] 2019-09-26 16-59-04.951 [main] BasicTypeRegistry - Adding type registration int -> org.hibernate.type.IntegerType@67c277a0
[DEBUG] 2019-09-26 16-59-04.951 [main] BasicTypeRegistry - Adding type registration java.lang.Integer -> org.hibernate.type.IntegerType@67c277a0
[DEBUG] 2019-09-26 16-59-04.952 [main] BasicTypeRegistry - Adding type registration long -> org.hibernate.type.LongType@7baf6acf
[DEBUG] 2019-09-26 16-59-04.952 [main] BasicTypeRegistry - Adding type registration long -> org.hibernate.type.LongType@7baf6acf
[DEBUG] 2019-09-26 16-59-04.952 [main] BasicTypeRegistry - Adding type registration java.lang.Long -> org.hibernate.type.LongType@7baf6acf
[DEBUG] 2019-09-26 16-59-04.953 [main] BasicTypeRegistry - Adding type registration float -> org.hibernate.type.FloatType@22bb5646
[DEBUG] 2019-09-26 16-59-04.953 [main] BasicTypeRegistry - Adding type registration float -> org.hibernate.type.FloatType@22bb5646
[DEBUG] 2019-09-26 16-59-04.953 [main] BasicTypeRegistry - Adding type registration java.lang.Float -> org.hibernate.type.FloatType@22bb5646
[DEBUG] 2019-09-26 16-59-04.954 [main] BasicTypeRegistry - Adding type registration double -> org.hibernate.type.DoubleType@2bc9a775
[DEBUG] 2019-09-26 16-59-04.954 [main] BasicTypeRegistry - Adding type registration double -> org.hibernate.type.DoubleType@2bc9a775
[DEBUG] 2019-09-26 16-59-04.954 [main] BasicTypeRegistry - Adding type registration java.lang.Double -> org.hibernate.type.DoubleType@2bc9a775
[DEBUG] 2019-09-26 16-59-04.954 [main] BasicTypeRegistry - Adding type registration big_decimal -> org.hibernate.type.BigDecimalType@3350ebdd
[DEBUG] 2019-09-26 16-59-04.955 [main] BasicTypeRegistry - Adding type registration java.math.BigDecimal -> org.hibernate.type.BigDecimalType@3350ebdd
[DEBUG] 2019-09-26 16-59-04.955 [main] BasicTypeRegistry - Adding type registration big_integer -> org.hibernate.type.BigIntegerType@6dcd5639
[DEBUG] 2019-09-26 16-59-04.956 [main] BasicTypeRegistry - Adding type registration java.math.BigInteger -> org.hibernate.type.BigIntegerType@6dcd5639
[DEBUG] 2019-09-26 16-59-04.956 [main] BasicTypeRegistry - Adding type registration string -> org.hibernate.type.StringType@105b693d
[DEBUG] 2019-09-26 16-59-04.956 [main] BasicTypeRegistry - Adding type registration java.lang.String -> org.hibernate.type.StringType@105b693d
[DEBUG] 2019-09-26 16-59-04.957 [main] BasicTypeRegistry - Adding type registration nstring -> org.hibernate.type.StringNVarcharType@9255c05
[DEBUG] 2019-09-26 16-59-04.957 [main] BasicTypeRegistry - Adding type registration ncharacter -> org.hibernate.type.CharacterNCharType@7f829c76
[DEBUG] 2019-09-26 16-59-04.959 [main] BasicTypeRegistry - Adding type registration url -> org.hibernate.type.UrlType@6ae7deac
[DEBUG] 2019-09-26 16-59-04.959 [main] BasicTypeRegistry - Adding type registration java.net.URL -> org.hibernate.type.UrlType@6ae7deac
[DEBUG] 2019-09-26 16-59-04.960 [main] BasicTypeRegistry - Adding type registration Duration -> org.hibernate.type.DurationType@21fdfefc
[DEBUG] 2019-09-26 16-59-04.960 [main] BasicTypeRegistry - Adding type registration java.time.Duration -> org.hibernate.type.DurationType@21fdfefc
[DEBUG] 2019-09-26 16-59-04.966 [main] BasicTypeRegistry - Adding type registration Instant -> org.hibernate.type.InstantType@68dcfd52
[DEBUG] 2019-09-26 16-59-04.967 [main] BasicTypeRegistry - Adding type registration java.time.Instant -> org.hibernate.type.InstantType@68dcfd52
[DEBUG] 2019-09-26 16-59-04.968 [main] BasicTypeRegistry - Adding type registration LocalDateTime -> org.hibernate.type.LocalDateTimeType@3162743f
[DEBUG] 2019-09-26 16-59-04.968 [main] BasicTypeRegistry - Adding type registration java.time.LocalDateTime -> org.hibernate.type.LocalDateTimeType@3162743f
[DEBUG] 2019-09-26 16-59-04.969 [main] BasicTypeRegistry - Adding type registration LocalDate -> org.hibernate.type.LocalDateType@1b29d52b
[DEBUG] 2019-09-26 16-59-04.970 [main] BasicTypeRegistry - Adding type registration java.time.LocalDate -> org.hibernate.type.LocalDateType@1b29d52b
[DEBUG] 2019-09-26 16-59-04.971 [main] BasicTypeRegistry - Adding type registration LocalTime -> org.hibernate.type.LocalTimeType@c6e0f32
[DEBUG] 2019-09-26 16-59-04.971 [main] BasicTypeRegistry - Adding type registration java.time.LocalTime -> org.hibernate.type.LocalTimeType@c6e0f32
[DEBUG] 2019-09-26 16-59-04.972 [main] BasicTypeRegistry - Adding type registration OffsetDateTime -> org.hibernate.type.OffsetDateTimeType@4a68135e
[DEBUG] 2019-09-26 16-59-04.972 [main] BasicTypeRegistry - Adding type registration java.time.OffsetDateTime -> org.hibernate.type.OffsetDateTimeType@4a68135e
[DEBUG] 2019-09-26 16-59-04.973 [main] BasicTypeRegistry - Adding type registration OffsetTime -> org.hibernate.type.OffsetTimeType@6e57b5e9
[DEBUG] 2019-09-26 16-59-04.973 [main] BasicTypeRegistry - Adding type registration java.time.OffsetTime -> org.hibernate.type.OffsetTimeType@6e57b5e9
[DEBUG] 2019-09-26 16-59-04.974 [main] BasicTypeRegistry - Adding type registration ZonedDateTime -> org.hibernate.type.ZonedDateTimeType@e04ccf8
[DEBUG] 2019-09-26 16-59-04.975 [main] BasicTypeRegistry - Adding type registration java.time.ZonedDateTime -> org.hibernate.type.ZonedDateTimeType@e04ccf8
[DEBUG] 2019-09-26 16-59-04.976 [main] BasicTypeRegistry - Adding type registration date -> org.hibernate.type.DateType@66bacdbc
[DEBUG] 2019-09-26 16-59-04.976 [main] BasicTypeRegistry - Adding type registration java.sql.Date -> org.hibernate.type.DateType@66bacdbc
[DEBUG] 2019-09-26 16-59-04.977 [main] BasicTypeRegistry - Adding type registration time -> org.hibernate.type.TimeType@256aa5f2
[DEBUG] 2019-09-26 16-59-04.977 [main] BasicTypeRegistry - Adding type registration java.sql.Time -> org.hibernate.type.TimeType@256aa5f2
[DEBUG] 2019-09-26 16-59-04.978 [main] BasicTypeRegistry - Adding type registration timestamp -> org.hibernate.type.TimestampType@4441d567
[DEBUG] 2019-09-26 16-59-04.978 [main] BasicTypeRegistry - Adding type registration java.sql.Timestamp -> org.hibernate.type.TimestampType@4441d567
[DEBUG] 2019-09-26 16-59-04.978 [main] BasicTypeRegistry - Adding type registration java.util.Date -> org.hibernate.type.TimestampType@4441d567
[DEBUG] 2019-09-26 16-59-04.979 [main] BasicTypeRegistry - Adding type registration dbtimestamp -> org.hibernate.type.DbTimestampType@47ec7422
[DEBUG] 2019-09-26 16-59-04.980 [main] BasicTypeRegistry - Adding type registration calendar -> org.hibernate.type.CalendarType@1aa99005
[DEBUG] 2019-09-26 16-59-04.980 [main] BasicTypeRegistry - Adding type registration java.util.Calendar -> org.hibernate.type.CalendarType@1aa99005
[DEBUG] 2019-09-26 16-59-04.981 [main] BasicTypeRegistry - Adding type registration java.util.GregorianCalendar -> org.hibernate.type.CalendarType@1aa99005
[DEBUG] 2019-09-26 16-59-04.981 [main] BasicTypeRegistry - Adding type registration calendar_date -> org.hibernate.type.CalendarDateType@14f3c6fc
[DEBUG] 2019-09-26 16-59-04.982 [main] BasicTypeRegistry - Adding type registration locale -> org.hibernate.type.LocaleType@14bf57b2
[DEBUG] 2019-09-26 16-59-04.982 [main] BasicTypeRegistry - Adding type registration java.util.Locale -> org.hibernate.type.LocaleType@14bf57b2
[DEBUG] 2019-09-26 16-59-04.983 [main] BasicTypeRegistry - Adding type registration currency -> org.hibernate.type.CurrencyType@bc4d5e1
[DEBUG] 2019-09-26 16-59-04.983 [main] BasicTypeRegistry - Adding type registration java.util.Currency -> org.hibernate.type.CurrencyType@bc4d5e1
[DEBUG] 2019-09-26 16-59-04.984 [main] BasicTypeRegistry - Adding type registration timezone -> org.hibernate.type.TimeZoneType@7a231dfd
[DEBUG] 2019-09-26 16-59-04.984 [main] BasicTypeRegistry - Adding type registration java.util.TimeZone -> org.hibernate.type.TimeZoneType@7a231dfd
[DEBUG] 2019-09-26 16-59-04.984 [main] BasicTypeRegistry - Adding type registration class -> org.hibernate.type.ClassType@4992613f
[DEBUG] 2019-09-26 16-59-04.985 [main] BasicTypeRegistry - Adding type registration java.lang.Class -> org.hibernate.type.ClassType@4992613f
[DEBUG] 2019-09-26 16-59-04.985 [main] BasicTypeRegistry - Adding type registration uuid-binary -> org.hibernate.type.UUIDBinaryType@26a4551a
[DEBUG] 2019-09-26 16-59-04.985 [main] BasicTypeRegistry - Adding type registration java.util.UUID -> org.hibernate.type.UUIDBinaryType@26a4551a
[DEBUG] 2019-09-26 16-59-04.986 [main] BasicTypeRegistry - Adding type registration uuid-char -> org.hibernate.type.UUIDCharType@50194e8d
[DEBUG] 2019-09-26 16-59-04.987 [main] BasicTypeRegistry - Adding type registration binary -> org.hibernate.type.BinaryType@79b08632
[DEBUG] 2019-09-26 16-59-04.987 [main] BasicTypeRegistry - Adding type registration byte[] -> org.hibernate.type.BinaryType@79b08632
[DEBUG] 2019-09-26 16-59-04.987 [main] BasicTypeRegistry - Adding type registration [B -> org.hibernate.type.BinaryType@79b08632
[DEBUG] 2019-09-26 16-59-04.987 [main] BasicTypeRegistry - Adding type registration wrapper-binary -> org.hibernate.type.WrapperBinaryType@45d6ef73
[DEBUG] 2019-09-26 16-59-04.988 [main] BasicTypeRegistry - Adding type registration Byte[] -> org.hibernate.type.WrapperBinaryType@45d6ef73
[DEBUG] 2019-09-26 16-59-04.988 [main] BasicTypeRegistry - Adding type registration [Ljava.lang.Byte; -> org.hibernate.type.WrapperBinaryType@45d6ef73
[DEBUG] 2019-09-26 16-59-04.989 [main] BasicTypeRegistry - Adding type registration row_version -> org.hibernate.type.RowVersionType@9fec931
[DEBUG] 2019-09-26 16-59-04.989 [main] BasicTypeRegistry - Adding type registration image -> org.hibernate.type.ImageType@7d0cc890
[DEBUG] 2019-09-26 16-59-04.990 [main] BasicTypeRegistry - Adding type registration characters -> org.hibernate.type.CharArrayType@5246a3b3
[DEBUG] 2019-09-26 16-59-04.990 [main] BasicTypeRegistry - Adding type registration char[] -> org.hibernate.type.CharArrayType@5246a3b3
[DEBUG] 2019-09-26 16-59-04.990 [main] BasicTypeRegistry - Adding type registration [C -> org.hibernate.type.CharArrayType@5246a3b3
[DEBUG] 2019-09-26 16-59-04.991 [main] BasicTypeRegistry - Adding type registration wrapper-characters -> org.hibernate.type.CharacterArrayType@3c904f1e
[DEBUG] 2019-09-26 16-59-04.991 [main] BasicTypeRegistry - Adding type registration [Ljava.lang.Character; -> org.hibernate.type.CharacterArrayType@3c904f1e
[DEBUG] 2019-09-26 16-59-04.991 [main] BasicTypeRegistry - Adding type registration Character[] -> org.hibernate.type.CharacterArrayType@3c904f1e
[DEBUG] 2019-09-26 16-59-04.992 [main] BasicTypeRegistry - Adding type registration text -> org.hibernate.type.TextType@57a48985
[DEBUG] 2019-09-26 16-59-04.992 [main] BasicTypeRegistry - Adding type registration ntext -> org.hibernate.type.NTextType@351e414e
[DEBUG] 2019-09-26 16-59-04.993 [main] BasicTypeRegistry - Adding type registration blob -> org.hibernate.type.BlobType@7cf283e1
[DEBUG] 2019-09-26 16-59-04.994 [main] BasicTypeRegistry - Adding type registration java.sql.Blob -> org.hibernate.type.BlobType@7cf283e1
[DEBUG] 2019-09-26 16-59-04.994 [main] BasicTypeRegistry - Adding type registration materialized_blob -> org.hibernate.type.MaterializedBlobType@252f626c
[DEBUG] 2019-09-26 16-59-04.995 [main] BasicTypeRegistry - Adding type registration clob -> org.hibernate.type.ClobType@68c87fc3
[DEBUG] 2019-09-26 16-59-04.995 [main] BasicTypeRegistry - Adding type registration java.sql.Clob -> org.hibernate.type.ClobType@68c87fc3
[DEBUG] 2019-09-26 16-59-04.996 [main] BasicTypeRegistry - Adding type registration nclob -> org.hibernate.type.NClobType@23811a09
[DEBUG] 2019-09-26 16-59-04.996 [main] BasicTypeRegistry - Adding type registration java.sql.NClob -> org.hibernate.type.NClobType@23811a09
[DEBUG] 2019-09-26 16-59-04.997 [main] BasicTypeRegistry - Adding type registration materialized_clob -> org.hibernate.type.MaterializedClobType@24361cfc
[DEBUG] 2019-09-26 16-59-04.997 [main] BasicTypeRegistry - Adding type registration materialized_nclob -> org.hibernate.type.MaterializedNClobType@6eb82908
[DEBUG] 2019-09-26 16-59-04.998 [main] BasicTypeRegistry - Adding type registration serializable -> org.hibernate.type.SerializableType@26a2f7f9
[DEBUG] 2019-09-26 16-59-05.000 [main] BasicTypeRegistry - Adding type registration object -> org.hibernate.type.ObjectType@64b70919
[DEBUG] 2019-09-26 16-59-05.000 [main] BasicTypeRegistry - Adding type registration java.lang.Object -> org.hibernate.type.ObjectType@64b70919
[DEBUG] 2019-09-26 16-59-05.001 [main] BasicTypeRegistry - Adding type registration imm_date -> org.hibernate.type.AdaptedImmutableType@328902d5
[DEBUG] 2019-09-26 16-59-05.001 [main] BasicTypeRegistry - Adding type registration imm_time -> org.hibernate.type.AdaptedImmutableType@72e789cb
[DEBUG] 2019-09-26 16-59-05.001 [main] BasicTypeRegistry - Adding type registration imm_timestamp -> org.hibernate.type.AdaptedImmutableType@7c1812b3
[DEBUG] 2019-09-26 16-59-05.001 [main] BasicTypeRegistry - Adding type registration imm_dbtimestamp -> org.hibernate.type.AdaptedImmutableType@43034809
[DEBUG] 2019-09-26 16-59-05.001 [main] BasicTypeRegistry - Adding type registration imm_calendar -> org.hibernate.type.AdaptedImmutableType@39e67516
[DEBUG] 2019-09-26 16-59-05.001 [main] BasicTypeRegistry - Adding type registration imm_calendar_date -> org.hibernate.type.AdaptedImmutableType@77010a30
[DEBUG] 2019-09-26 16-59-05.001 [main] BasicTypeRegistry - Adding type registration imm_binary -> org.hibernate.type.AdaptedImmutableType@4bb003e9
[DEBUG] 2019-09-26 16-59-05.001 [main] BasicTypeRegistry - Adding type registration imm_serializable -> org.hibernate.type.AdaptedImmutableType@12aa4996
[DEBUG] 2019-09-26 16-59-05.022 [main] DefaultIdentifierGeneratorFactory - Registering IdentifierGenerator strategy [uuid2] -> [org.hibernate.id.UUIDGenerator]
[DEBUG] 2019-09-26 16-59-05.023 [main] DefaultIdentifierGeneratorFactory - Registering IdentifierGenerator strategy [guid] -> [org.hibernate.id.GUIDGenerator]
[DEBUG] 2019-09-26 16-59-05.023 [main] DefaultIdentifierGeneratorFactory - Registering IdentifierGenerator strategy [uuid] -> [org.hibernate.id.UUIDHexGenerator]
[DEBUG] 2019-09-26 16-59-05.023 [main] DefaultIdentifierGeneratorFactory - Registering IdentifierGenerator strategy [uuid.hex] -> [org.hibernate.id.UUIDHexGenerator]
[DEBUG] 2019-09-26 16-59-05.024 [main] DefaultIdentifierGeneratorFactory - Registering IdentifierGenerator strategy [assigned] -> [org.hibernate.id.Assigned]
[DEBUG] 2019-09-26 16-59-05.024 [main] DefaultIdentifierGeneratorFactory - Registering IdentifierGenerator strategy [identity] -> [org.hibernate.id.IdentityGenerator]
[DEBUG] 2019-09-26 16-59-05.025 [main] DefaultIdentifierGeneratorFactory - Registering IdentifierGenerator strategy [select] -> [org.hibernate.id.SelectGenerator]
[DEBUG] 2019-09-26 16-59-05.026 [main] DefaultIdentifierGeneratorFactory - Registering IdentifierGenerator strategy [sequence] -> [org.hibernate.id.enhanced.SequenceStyleGenerator]
[DEBUG] 2019-09-26 16-59-05.026 [main] DefaultIdentifierGeneratorFactory - Registering IdentifierGenerator strategy [seqhilo] -> [org.hibernate.id.SequenceHiLoGenerator]
[DEBUG] 2019-09-26 16-59-05.027 [main] DefaultIdentifierGeneratorFactory - Registering IdentifierGenerator strategy [increment] -> [org.hibernate.id.IncrementGenerator]
[DEBUG] 2019-09-26 16-59-05.027 [main] DefaultIdentifierGeneratorFactory - Registering IdentifierGenerator strategy [foreign] -> [org.hibernate.id.ForeignGenerator]
[DEBUG] 2019-09-26 16-59-05.028 [main] DefaultIdentifierGeneratorFactory - Registering IdentifierGenerator strategy [sequence-identity] -> [org.hibernate.id.SequenceIdentityGenerator]
[DEBUG] 2019-09-26 16-59-05.028 [main] DefaultIdentifierGeneratorFactory - Registering IdentifierGenerator strategy [enhanced-sequence] -> [org.hibernate.id.enhanced.SequenceStyleGenerator]
[DEBUG] 2019-09-26 16-59-05.028 [main] DefaultIdentifierGeneratorFactory - Registering IdentifierGenerator strategy [enhanced-table] -> [org.hibernate.id.enhanced.TableGenerator]
[INFO ] 2019-09-26 16-59-05.033 [main] C3P0ConnectionProvider - HHH010002: C3P0 using driver: com.mysql.cj.jdbc.Driver at URL: jdbc:mysql://localhost:3306/mww
[INFO ] 2019-09-26 16-59-05.033 [main] C3P0ConnectionProvider - HHH10001001: Connection properties: {password=****, user=cortezjl}
[INFO ] 2019-09-26 16-59-05.033 [main] C3P0ConnectionProvider - HHH10001003: Autocommit mode: false
[INFO ] 2019-09-26 16-59-05.134 [main] C3P0ConnectionProvider - HHH10001007: JDBC isolation level: <unknown>
[DEBUG] 2019-09-26 16-59-05.517 [main] JdbcEnvironmentInitiator - Database ->
       name : MySQL
    version : 8.0.17
      major : 8
      minor : 0
[DEBUG] 2019-09-26 16-59-05.517 [main] JdbcEnvironmentInitiator - Driver ->
       name : MySQL Connector/J
    version : mysql-connector-java-8.0.16 (Revision: 34cbc6bc61f72836e26327537a432d6db7c77de6)
      major : 8
      minor : 0
[DEBUG] 2019-09-26 16-59-05.517 [main] JdbcEnvironmentInitiator - JDBC version : 4.2
[INFO ] 2019-09-26 16-59-05.539 [main] Dialect - HHH000400: Using dialect: org.hibernate.dialect.MySQL8Dialect
[DEBUG] 2019-09-26 16-59-05.552 [main] IdentifierHelperBuilder - JDBC driver metadata reported database stores quoted identifiers in more than one case
[DEBUG] 2019-09-26 16-59-05.571 [main] IdentifierHelperBuilder - IdentifierCaseStrategy for both quoted and unquoted identifiers was set to the same strategy [LOWER]; that will likely lead to problems in schema update and validation if using quoted identifiers
[DEBUG] 2019-09-26 16-59-05.599 [main] Namespace - Created database namespace [logicalName=Name{catalog=null, schema=null}, physicalName=Name{catalog=null, schema=null}]
[DEBUG] 2019-09-26 16-59-05.602 [main] TypeConfiguration$Scope - Scoping TypeConfiguration [org.hibernate.type.spi.TypeConfiguration@3c5dbdf8] to MetadataBuildingContext [org.hibernate.boot.internal.MetadataBuildingContextRootImpl@352c44a8]
[DEBUG] 2019-09-26 16-59-05.650 [main] AnnotationBinder - Binding entity from annotated class: com.juliecortez.entity.Role
[DEBUG] 2019-09-26 16-59-05.668 [main] Ejb3Column - Binding column: Ejb3DiscriminatorColumn{logicalColumnName'DTYPE', discriminatorTypeName='string'}
[DEBUG] 2019-09-26 16-59-05.672 [main] EntityBinder - Import with entity name Role
[DEBUG] 2019-09-26 16-59-05.674 [main] EntityBinder - Bind entity com.juliecortez.entity.Role on table Role
[DEBUG] 2019-09-26 16-59-05.691 [main] Ejb3Column - Binding column: Ejb3Column{table=org.hibernate.mapping.Table(Role), mappingColumn=id, insertable=true, updatable=true, unique=false}
[DEBUG] 2019-09-26 16-59-05.693 [main] PropertyBinder - MetadataSourceProcessor property id with lazy=false
[DEBUG] 2019-09-26 16-59-05.694 [main] AbstractPropertyHolder - Attempting to locate auto-apply AttributeConverter for property [com.juliecortez.entity.Role:id]
[DEBUG] 2019-09-26 16-59-05.697 [main] SimpleValueBinder - building SimpleValue for id
[DEBUG] 2019-09-26 16-59-05.699 [main] PropertyBinder - Building property id
[DEBUG] 2019-09-26 16-59-05.702 [main] BinderHelper - #makeIdGenerator(org.hibernate.mapping.SimpleValue([org.hibernate.mapping.Column(id)]), id, org.hibernate.id.enhanced.SequenceStyleGenerator, native, ...)
[DEBUG] 2019-09-26 16-59-05.703 [main] Ejb3Column - Binding column: Ejb3Column{table=org.hibernate.mapping.Table(Role), mappingColumn=name, insertable=true, updatable=true, unique=false}
[DEBUG] 2019-09-26 16-59-05.703 [main] PropertyBinder - MetadataSourceProcessor property name with lazy=false
[DEBUG] 2019-09-26 16-59-05.703 [main] AbstractPropertyHolder - Attempting to locate auto-apply AttributeConverter for property [com.juliecortez.entity.Role:name]
[DEBUG] 2019-09-26 16-59-05.703 [main] SimpleValueBinder - building SimpleValue for name
[DEBUG] 2019-09-26 16-59-05.703 [main] PropertyBinder - Building property name
[DEBUG] 2019-09-26 16-59-05.705 [main] SimpleValueBinder - Starting fillSimpleValue for id
[DEBUG] 2019-09-26 16-59-05.706 [main] SimpleValueBinder - Starting fillSimpleValue for name
[DEBUG] 2019-09-26 16-59-05.707 [main] PrimaryKey - Forcing column [id] to be non-null as it is part of the primary key for table [role]
[DEBUG] 2019-09-26 16-59-05.735 [main] SessionFactoryImpl - Building session factory
[DEBUG] 2019-09-26 16-59-05.736 [main] Settings - SessionFactory name : null
[DEBUG] 2019-09-26 16-59-05.736 [main] Settings - Automatic flush during beforeCompletion(): enabled
[DEBUG] 2019-09-26 16-59-05.736 [main] Settings - Automatic session close at end of transaction: disabled
[DEBUG] 2019-09-26 16-59-05.736 [main] Settings - Statistics: disabled
[DEBUG] 2019-09-26 16-59-05.736 [main] Settings - Deleted entity synthetic identifier rollback: disabled
[DEBUG] 2019-09-26 16-59-05.736 [main] Settings - Default entity-mode: pojo
[DEBUG] 2019-09-26 16-59-05.736 [main] Settings - Check Nullability in Core (should be disabled when Bean Validation is on): enabled
[DEBUG] 2019-09-26 16-59-05.736 [main] Settings - Allow initialization of lazy state outside session : disabled
[DEBUG] 2019-09-26 16-59-05.736 [main] Settings - Using BatchFetchStyle : LEGACY
[DEBUG] 2019-09-26 16-59-05.736 [main] Settings - Default batch fetch size: -1
[DEBUG] 2019-09-26 16-59-05.736 [main] Settings - Maximum outer join fetch depth: 2
[DEBUG] 2019-09-26 16-59-05.736 [main] Settings - Default null ordering: NONE
[DEBUG] 2019-09-26 16-59-05.736 [main] Settings - Order SQL updates by primary key: disabled
[DEBUG] 2019-09-26 16-59-05.736 [main] Settings - Order SQL inserts for batching: disabled
[DEBUG] 2019-09-26 16-59-05.736 [main] Settings - multi-tenancy strategy : NONE
[DEBUG] 2019-09-26 16-59-05.736 [main] Settings - JTA Track by Thread: enabled
[DEBUG] 2019-09-26 16-59-05.736 [main] Settings - Query language substitutions: {}
[DEBUG] 2019-09-26 16-59-05.736 [main] Settings - Named query checking : enabled
[DEBUG] 2019-09-26 16-59-05.736 [main] Settings - Second-level cache: disabled
[DEBUG] 2019-09-26 16-59-05.736 [main] Settings - Second-level query cache: disabled
[DEBUG] 2019-09-26 16-59-05.737 [main] Settings - Second-level query cache factory: null
[DEBUG] 2019-09-26 16-59-05.737 [main] Settings - Second-level cache region prefix: null
[DEBUG] 2019-09-26 16-59-05.737 [main] Settings - Optimize second-level cache for minimal puts: disabled
[DEBUG] 2019-09-26 16-59-05.737 [main] Settings - Structured second-level cache entries: disabled
[DEBUG] 2019-09-26 16-59-05.737 [main] Settings - Second-level cache direct-reference entries: disabled
[DEBUG] 2019-09-26 16-59-05.737 [main] Settings - Automatic eviction of collection cache: disabled
[DEBUG] 2019-09-26 16-59-05.737 [main] Settings - JDBC batch size: 15
[DEBUG] 2019-09-26 16-59-05.737 [main] Settings - JDBC batch updates for versioned data: enabled
[DEBUG] 2019-09-26 16-59-05.737 [main] Settings - Scrollable result sets: enabled
[DEBUG] 2019-09-26 16-59-05.737 [main] Settings - Wrap result sets: disabled
[DEBUG] 2019-09-26 16-59-05.737 [main] Settings - JDBC3 getGeneratedKeys(): enabled
[DEBUG] 2019-09-26 16-59-05.737 [main] Settings - JDBC result set fetch size: null
[DEBUG] 2019-09-26 16-59-05.737 [main] Settings - Connection release mode: AFTER_TRANSACTION
[DEBUG] 2019-09-26 16-59-05.737 [main] Settings - Generate SQL with comments: disabled
[DEBUG] 2019-09-26 16-59-05.737 [main] Settings - JPA compliance - query : 
[DEBUG] 2019-09-26 16-59-05.737 [main] Settings - JPA compliance - closed-handling : 
[DEBUG] 2019-09-26 16-59-05.737 [main] Settings - JPA compliance - lists : 
[DEBUG] 2019-09-26 16-59-05.737 [main] Settings - JPA compliance - transactions : 
[INFO ] 2019-09-26 16-59-05.786 [main] beans - HHH10005002: No explicit CDI BeanManager reference was passed to Hibernate, but CDI is available on the Hibernate ClassLoader.
[DEBUG] 2019-09-26 16-59-05.801 [main] SessionFactoryImpl - Session factory constructed with filter configurations : {}
[DEBUG] 2019-09-26 16-59-05.802 [main] SessionFactoryImpl - Instantiating session factory with properties: {sun.desktop=windows, awt.toolkit=sun.awt.windows.WToolkit, java.specification.version=11, sun.cpu.isalist=amd64, hibernate.c3p0.idle_test_period=3000, sun.jnu.encoding=Cp1252, hibernate.c3p0.min_size=5, java.class.path=C:\Program Files\JetBrains\IntelliJ IDEA 2019.2.1\lib\idea_rt.jar;C:\Program Files\JetBrains\IntelliJ IDEA 2019.2.1\plugins\junit\lib\junit-rt.jar;C:\Program Files\JetBrains\IntelliJ IDEA 2019.2.1\plugins\junit\lib\junit5-rt.jar;C:\Users\15635\IdeaProjects\myworkweek\target\test-classes;C:\Users\15635\IdeaProjects\myworkweek\target\classes;C:\Users\15635\.m2\repository\org\junit\platform\junit-platform-runner\1.0.0\junit-platform-runner-1.0.0.jar;C:\Users\15635\.m2\repository\org\apiguardian\apiguardian-api\1.0.0\apiguardian-api-1.0.0.jar;C:\Users\15635\.m2\repository\org\junit\platform\junit-platform-launcher\1.0.0\junit-platform-launcher-1.0.0.jar;C:\Users\15635\.m2\repository\org\junit\platform\junit-platform-suite-api\1.0.0\junit-platform-suite-api-1.0.0.jar;C:\Users\15635\.m2\repository\org\junit\platform\junit-platform-commons\1.0.0\junit-platform-commons-1.0.0.jar;C:\Users\15635\.m2\repository\org\junit\vintage\junit-vintage-engine\4.12.0\junit-vintage-engine-4.12.0.jar;C:\Users\15635\.m2\repository\org\junit\platform\junit-platform-engine\1.0.0\junit-platform-engine-1.0.0.jar;C:\Users\15635\.m2\repository\org\opentest4j\opentest4j\1.0.0\opentest4j-1.0.0.jar;C:\Users\15635\.m2\repository\org\junit\jupiter\junit-jupiter-engine\5.0.0\junit-jupiter-engine-5.0.0.jar;C:\Users\15635\.m2\repository\org\junit\jupiter\junit-jupiter-api\5.0.0\junit-jupiter-api-5.0.0.jar;C:\Users\15635\.m2\repository\junit\junit\4.12\junit-4.12.jar;C:\Users\15635\.m2\repository\org\hamcrest\hamcrest-core\1.3\hamcrest-core-1.3.jar;C:\Users\15635\.m2\repository\javax\javaee-web-api\7.0\javaee-web-api-7.0.jar;C:\Users\15635\.m2\repository\mysql\mysql-connector-java\8.0.16\mysql-connector-java-8.0.16.jar;C:\Users\15635\.m2\repository\com\google\protobuf\protobuf-java\3.6.1\protobuf-java-3.6.1.jar;C:\Users\15635\.m2\repository\jstl\jstl\1.2\jstl-1.2.jar;C:\Users\15635\.m2\repository\org\apache\logging\log4j\log4j-api\2.10.0\log4j-api-2.10.0.jar;C:\Users\15635\.m2\repository\org\apache\logging\log4j\log4j-core\2.10.0\log4j-core-2.10.0.jar;C:\Users\15635\.m2\repository\org\hibernate\hibernate-core\5.4.4.Final\hibernate-core-5.4.4.Final.jar;C:\Users\15635\.m2\repository\org\jboss\logging\jboss-logging\3.3.2.Final\jboss-logging-3.3.2.Final.jar;C:\Users\15635\.m2\repository\javax\persistence\javax.persistence-api\2.2\javax.persistence-api-2.2.jar;C:\Users\15635\.m2\repository\org\javassist\javassist\3.24.0-GA\javassist-3.24.0-GA.jar;C:\Users\15635\.m2\repository\net\bytebuddy\byte-buddy\1.9.11\byte-buddy-1.9.11.jar;C:\Users\15635\.m2\repository\antlr\antlr\2.7.7\antlr-2.7.7.jar;C:\Users\15635\.m2\repository\org\jboss\spec\javax\transaction\jboss-transaction-api_1.2_spec\1.1.1.Final\jboss-transaction-api_1.2_spec-1.1.1.Final.jar;C:\Users\15635\.m2\repository\org\jboss\jandex\2.0.5.Final\jandex-2.0.5.Final.jar;C:\Users\15635\.m2\repository\com\fasterxml\classmate\1.3.4\classmate-1.3.4.jar;C:\Users\15635\.m2\repository\javax\activation\javax.activation-api\1.2.0\javax.activation-api-1.2.0.jar;C:\Users\15635\.m2\repository\org\dom4j\dom4j\2.1.1\dom4j-2.1.1.jar;C:\Users\15635\.m2\repository\org\hibernate\common\hibernate-commons-annotations\5.1.0.Final\hibernate-commons-annotations-5.1.0.Final.jar;C:\Users\15635\.m2\repository\javax\xml\bind\jaxb-api\2.3.1\jaxb-api-2.3.1.jar;C:\Users\15635\.m2\repository\org\glassfish\jaxb\jaxb-runtime\2.3.1\jaxb-runtime-2.3.1.jar;C:\Users\15635\.m2\repository\org\glassfish\jaxb\txw2\2.3.1\txw2-2.3.1.jar;C:\Users\15635\.m2\repository\com\sun\istack\istack-commons-runtime\3.0.7\istack-commons-runtime-3.0.7.jar;C:\Users\15635\.m2\repository\org\jvnet\staxex\stax-ex\1.8\stax-ex-1.8.jar;C:\Users\15635\.m2\repository\com\sun\xml\fastinfoset\FastInfoset\1.2.15\FastInfoset-1.2.15.jar;C:\Users\15635\.m2\repository\org\hibernate\hibernate-c3p0\5.4.4.Final\hibernate-c3p0-5.4.4.Final.jar;C:\Users\15635\.m2\repository\com\mchange\c3p0\0.9.5.3\c3p0-0.9.5.3.jar;C:\Users\15635\.m2\repository\com\mchange\mchange-commons-java\0.2.15\mchange-commons-java-0.2.15.jar, java.vm.vendor=Oracle Corporation, sun.arch.data.model=64, idea.test.cyclic.buffer.size=1048576, user.variant=, java.vendor.url=http://java.oracle.com/, user.timezone=America/Chicago, os.name=Windows 10, java.vm.specification.version=11, sun.java.launcher=SUN_STANDARD, user.country=US, sun.boot.library.path=C:\Program Files\Java\jdk-11.0.4\bin, sun.java.command=com.intellij.rt.execution.junit.JUnitStarter -ideVersion5 -junit5 com.juliecortez.persistence.RoleDaoTest, jdk.debug=release, sun.cpu.endian=little, user.home=C:\Users\15635, hibernate.c3p0.max_statements=50, user.language=en, java.specification.vendor=Oracle Corporation, java.version.date=2019-07-16, java.home=C:\Program Files\Java\jdk-11.0.4, file.separator=\, java.vm.compressedOopsMode=32-bit, line.separator=
, hibernate.c3p0.timeout=300, java.specification.name=Java Platform API Specification, java.vm.specification.vendor=Oracle Corporation, java.awt.graphicsenv=sun.awt.Win32GraphicsEnvironment, user.script=, connection.password=Security1!, sun.management.compiler=HotSpot 64-Bit Tiered Compilers, hibernate.c3p0.max_size=20, java.runtime.version=11.0.4+10-LTS, user.name=15635, path.separator=;, hibernate.connection.username=****, os.version=10.0, java.runtime.name=Java(TM) SE Runtime Environment, hibernate.connection.url=jdbc:mysql://localhost:3306/mww, file.encoding=UTF-8, java.vm.name=Java HotSpot(TM) 64-Bit Server VM, java.vendor.version=18.9, hibernate.connection.driver_class=com.mysql.cj.jdbc.Driver, java.vendor.url.bug=http://bugreport.java.com/bugreport/, java.io.tmpdir=C:\Users\15635\AppData\Local\Temp\, java.version=11.0.4, user.dir=C:\Users\15635\IdeaProjects\myworkweek, os.arch=amd64, connection.username=cortezjl, java.vm.specification.name=Java Virtual Machine Specification, java.awt.printerjob=sun.awt.windows.WPrinterJob, hibernate.connection.password=****, sun.os.patch.level=, connection.driver_class=com.mysql.cj.jdbc.Driver, hibernate.boot.CfgXmlAccessService.key=org.hibernate.boot.cfgxml.spi.LoadedConfig@2a097d77, java.library.path=C:\Program Files\Java\jdk-11.0.4\bin;C:\Windows\Sun\Java\bin;C:\Windows\system32;C:\Windows;C:\Windows\system32;C:\Windows;C:\Windows\System32\Wbem;C:\Windows\System32\WindowsPowerShell\v1.0\;C:\Windows\System32\OpenSSH\;C:\Program Files\Git\cmd;C:\Program Files (x86)\Intel\Intel(R) Management Engine Components\DAL;C:\Program Files\Intel\Intel(R) Management Engine Components\DAL;C:\Program Files\MySQL\MySQL Shell 8.0\bin\;., java.vendor=Oracle Corporation, java.vm.info=mixed mode, java.vm.version=11.0.4+10-LTS, hibernate.bytecode.use_reflection_optimizer=false, sun.io.unicode.encoding=UnicodeLittle, connection.url=jdbc:mysql://localhost:3306/mww, java.class.version=55.0}
[DEBUG] 2019-09-26 16-59-05.818 [main] TypeSafeActivator - Unable to acquire Bean Validation ValidatorFactory, skipping activation
[DEBUG] 2019-09-26 16-59-05.818 [main] JaccIntegrator - Skipping JACC integration as it was not enabled
[DEBUG] 2019-09-26 16-59-05.819 [main] SessionFactoryImpl - Instantiated session factory
[DEBUG] 2019-09-26 16-59-05.819 [main] TypeConfiguration$Scope - Scoping TypeConfiguration [org.hibernate.type.spi.TypeConfiguration@3c5dbdf8] to SessionFactoryImpl [org.hibernate.internal.SessionFactoryImpl@9efcd90]
[DEBUG] 2019-09-26 16-59-05.861 [main] ClassLoaderAccessImpl - Not known whether passed class name [com.juliecortez.entity.Role] is safe
[DEBUG] 2019-09-26 16-59-05.861 [main] ClassLoaderAccessImpl - No temp ClassLoader provided; using live ClassLoader for loading potentially unsafe class : com.juliecortez.entity.Role
[DEBUG] 2019-09-26 16-59-05.875 [main] ClassLoaderAccessImpl - Not known whether passed class name [com.juliecortez.entity.Role] is safe
[DEBUG] 2019-09-26 16-59-05.875 [main] ClassLoaderAccessImpl - No temp ClassLoader provided; using live ClassLoader for loading potentially unsafe class : com.juliecortez.entity.Role
[DEBUG] 2019-09-26 16-59-06.047 [main] AbstractEntityPersister - Static SQL for entity: com.juliecortez.entity.Role
[DEBUG] 2019-09-26 16-59-06.047 [main] AbstractEntityPersister -  Version select: select id from Role where id =?
[DEBUG] 2019-09-26 16-59-06.047 [main] AbstractEntityPersister -  Snapshot select: select role_.id, role_.name as name2_0_ from Role role_ where role_.id=?
[DEBUG] 2019-09-26 16-59-06.047 [main] AbstractEntityPersister -  Insert 0: insert into Role (name, id) values (?, ?)
[DEBUG] 2019-09-26 16-59-06.047 [main] AbstractEntityPersister -  Update 0: update Role set name=? where id=?
[DEBUG] 2019-09-26 16-59-06.047 [main] AbstractEntityPersister -  Delete 0: delete from Role where id=?
[DEBUG] 2019-09-26 16-59-06.047 [main] AbstractEntityPersister -  Identity insert: insert into Role (name) values (?)
[DEBUG] 2019-09-26 16-59-06.066 [main] QuerySpacesImpl - Adding QuerySpace : uid = <gen:0> -> org.hibernate.loader.plan.build.internal.spaces.EntityQuerySpaceImpl@5df7e31b]
[DEBUG] 2019-09-26 16-59-06.067 [main] MetamodelGraphWalker - Visiting attribute path : name
[DEBUG] 2019-09-26 16-59-06.067 [main] FetchStyleLoadPlanBuildingAssociationVisitationStrategy - Building LoadPlan...
[DEBUG] 2019-09-26 16-59-06.076 [main] LoadQueryJoinAndFetchProcessor - processing queryspace <gen:0>
[DEBUG] 2019-09-26 16-59-06.079 [main] LoadPlanTreePrinter - LoadPlan(entity=com.juliecortez.entity.Role)
    - Returns
       - EntityReturnImpl(entity=com.juliecortez.entity.Role, querySpaceUid=<gen:0>, path=com.juliecortez.entity.Role)
    - QuerySpaces
       - EntityQuerySpaceImpl(uid=<gen:0>, entity=com.juliecortez.entity.Role)
          - SQL table alias mapping - role0_
          - alias suffix - 0_
          - suffixed key columns - {id1_0_0_}

[DEBUG] 2019-09-26 16-59-06.081 [main] EntityLoader - Static select for entity com.juliecortez.entity.Role [NONE]: select role0_.id as id1_0_0_, role0_.name as name2_0_0_ from Role role0_ where role0_.id=?
[DEBUG] 2019-09-26 16-59-06.081 [main] QuerySpacesImpl - Adding QuerySpace : uid = <gen:0> -> org.hibernate.loader.plan.build.internal.spaces.EntityQuerySpaceImpl@6d6bff89]
[DEBUG] 2019-09-26 16-59-06.081 [main] MetamodelGraphWalker - Visiting attribute path : name
[DEBUG] 2019-09-26 16-59-06.081 [main] FetchStyleLoadPlanBuildingAssociationVisitationStrategy - Building LoadPlan...
[DEBUG] 2019-09-26 16-59-06.081 [main] LoadQueryJoinAndFetchProcessor - processing queryspace <gen:0>
[DEBUG] 2019-09-26 16-59-06.081 [main] LoadPlanTreePrinter - LoadPlan(entity=com.juliecortez.entity.Role)
    - Returns
       - EntityReturnImpl(entity=com.juliecortez.entity.Role, querySpaceUid=<gen:0>, path=com.juliecortez.entity.Role)
    - QuerySpaces
       - EntityQuerySpaceImpl(uid=<gen:0>, entity=com.juliecortez.entity.Role)
          - SQL table alias mapping - role0_
          - alias suffix - 0_
          - suffixed key columns - {id1_0_0_}

[DEBUG] 2019-09-26 16-59-06.081 [main] EntityLoader - Static select for entity com.juliecortez.entity.Role [READ]: select role0_.id as id1_0_0_, role0_.name as name2_0_0_ from Role role0_ where role0_.id=?
[DEBUG] 2019-09-26 16-59-06.092 [main] Loader - Static select for action ACTION_MERGE on entity com.juliecortez.entity.Role: select role0_.id as id1_0_0_, role0_.name as name2_0_0_ from Role role0_ where role0_.id=?
[DEBUG] 2019-09-26 16-59-06.092 [main] Loader - Static select for action ACTION_REFRESH on entity com.juliecortez.entity.Role: select role0_.id as id1_0_0_, role0_.name as name2_0_0_ from Role role0_ where role0_.id=?
[DEBUG] 2019-09-26 16-59-06.112 [main] SchemaManagementToolCoordinator - No actions specified; doing nothing
[DEBUG] 2019-09-26 16-59-06.113 [main] JtaPlatformInitiator - No JtaPlatform was specified, checking resolver
[DEBUG] 2019-09-26 16-59-06.113 [main] JtaPlatformResolverInitiator - No JtaPlatformResolver was specified, using default [org.hibernate.engine.transaction.jta.platform.internal.StandardJtaPlatformResolver]
[DEBUG] 2019-09-26 16-59-06.117 [main] StandardJtaPlatformResolver - Could not resolve JtaPlatform, using default [org.hibernate.engine.transaction.jta.platform.internal.NoJtaPlatform]
[INFO ] 2019-09-26 16-59-06.118 [main] JtaPlatformInitiator - HHH000490: Using JtaPlatform implementation: [org.hibernate.engine.transaction.jta.platform.internal.NoJtaPlatform]
[DEBUG] 2019-09-26 16-59-06.118 [main] NamedQueryRepository - Checking 0 named HQL queries
[DEBUG] 2019-09-26 16-59-06.118 [main] NamedQueryRepository - Checking 0 named SQL queries
[DEBUG] 2019-09-26 16-59-06.119 [main] SessionFactoryRegistry - Initializing SessionFactoryRegistry : org.hibernate.internal.SessionFactoryRegistry@27976390
[DEBUG] 2019-09-26 16-59-06.121 [main] SessionFactoryRegistry - Registering SessionFactory: 1dc58cd3-7da9-4e65-979a-91507d8d5d08 (<unnamed>)
[DEBUG] 2019-09-26 16-59-06.121 [main] SessionFactoryRegistry - Not binding SessionFactory to JNDI, no JNDI name configured
[DEBUG] 2019-09-26 16-59-06.202 [main] StatisticsInitiator - Statistics initialized [enabled=false]
[DEBUG] 2019-09-26 16-59-06.217 [main] SQL - select role0_.id as id1_0_0_, role0_.name as name2_0_0_ from Role role0_ where role0_.id=?
[DEBUG] 2019-09-26 16-59-06.233 [main] ResultSetProcessorImpl - Starting ResultSet row #0
[DEBUG] 2019-09-26 16-59-06.233 [main] EntityReferenceInitializerImpl - On call to EntityIdentifierReaderImpl#resolve, EntityKey was already known; should only happen on root returns with an optional identifier specified
[DEBUG] 2019-09-26 16-59-06.241 [main] TwoPhaseLoad - Resolving attributes for [com.juliecortez.entity.Role#3]
[DEBUG] 2019-09-26 16-59-06.242 [main] TwoPhaseLoad - Processing attribute `name` : value = Front Of House
[DEBUG] 2019-09-26 16-59-06.242 [main] TwoPhaseLoad - Attribute (`name`)  - enhanced for lazy-loading? - false
[DEBUG] 2019-09-26 16-59-06.243 [main] TwoPhaseLoad - Done materializing entity [com.juliecortez.entity.Role#3]
[DEBUG] 2019-09-26 16-59-06.243 [main] ResourceRegistryStandardImpl - HHH000387: ResultSet's statement was not registered
[DEBUG] 2019-09-26 16-59-06.244 [main] AbstractLoadPlanBasedEntityLoader - Done entity load : com.juliecortez.entity.Role#3
[DEBUG] 2019-09-26 16-59-06.244 [main] LogicalConnectionManagedImpl - Initiating JDBC connection release from afterTransaction
[DEBUG] 2019-09-26 16-59-06.248 [main] TransactionImpl - On TransactionImpl creation, JpaCompliance#isJpaTransactionComplianceEnabled == false
[DEBUG] 2019-09-26 16-59-06.248 [main] TransactionImpl - begin
[DEBUG] 2019-09-26 16-59-06.255 [main] TransactionImpl - committing
[DEBUG] 2019-09-26 16-59-06.256 [main] AbstractFlushingEventListener - Processing flush-time cascades
[DEBUG] 2019-09-26 16-59-06.256 [main] AbstractFlushingEventListener - Dirty checking collections
[DEBUG] 2019-09-26 16-59-06.257 [main] AbstractFlushingEventListener - Flushed: 0 insertions, 0 updates, 1 deletions to 1 objects
[DEBUG] 2019-09-26 16-59-06.257 [main] AbstractFlushingEventListener - Flushed: 0 (re)creations, 0 updates, 0 removals to 0 collections
[DEBUG] 2019-09-26 16-59-06.258 [main] EntityPrinter - Listing entities:
[DEBUG] 2019-09-26 16-59-06.258 [main] EntityPrinter - com.juliecortez.entity.Role{name=Front Of House, id=3}
[DEBUG] 2019-09-26 16-59-06.262 [main] SQL - delete from Role where id=?
[DEBUG] 2019-09-26 16-59-06.269 [main] LogicalConnectionManagedImpl - Initiating JDBC connection release from afterTransaction
[DEBUG] 2019-09-26 16-59-06.270 [main] LogicalConnectionManagedImpl - Initiating JDBC connection release from afterTransaction
[DEBUG] 2019-09-26 16-59-06.270 [main] JdbcCoordinatorImpl - HHH000420: Closing un-released batch
[DEBUG] 2019-09-26 16-59-06.270 [main] SQL - select role0_.id as id1_0_0_, role0_.name as name2_0_0_ from Role role0_ where role0_.id=?
[DEBUG] 2019-09-26 16-59-06.272 [main] ResourceRegistryStandardImpl - HHH000387: ResultSet's statement was not registered
[DEBUG] 2019-09-26 16-59-06.272 [main] AbstractLoadPlanBasedEntityLoader - Done entity load : com.juliecortez.entity.Role#3
[DEBUG] 2019-09-26 16-59-06.272 [main] LogicalConnectionManagedImpl - Initiating JDBC connection release from afterTransaction
[DEBUG] 2019-09-26 16-59-06.293 [main] SQL - select role0_.id as id1_0_0_, role0_.name as name2_0_0_ from Role role0_ where role0_.id=?
[DEBUG] 2019-09-26 16-59-06.294 [main] ResultSetProcessorImpl - Starting ResultSet row #0
[DEBUG] 2019-09-26 16-59-06.294 [main] EntityReferenceInitializerImpl - On call to EntityIdentifierReaderImpl#resolve, EntityKey was already known; should only happen on root returns with an optional identifier specified
[DEBUG] 2019-09-26 16-59-06.294 [main] TwoPhaseLoad - Resolving attributes for [com.juliecortez.entity.Role#1]
[DEBUG] 2019-09-26 16-59-06.294 [main] TwoPhaseLoad - Processing attribute `name` : value = Administrator
[DEBUG] 2019-09-26 16-59-06.295 [main] TwoPhaseLoad - Attribute (`name`)  - enhanced for lazy-loading? - false
[DEBUG] 2019-09-26 16-59-06.295 [main] TwoPhaseLoad - Done materializing entity [com.juliecortez.entity.Role#1]
[DEBUG] 2019-09-26 16-59-06.295 [main] ResourceRegistryStandardImpl - HHH000387: ResultSet's statement was not registered
[DEBUG] 2019-09-26 16-59-06.295 [main] AbstractLoadPlanBasedEntityLoader - Done entity load : com.juliecortez.entity.Role#1
[DEBUG] 2019-09-26 16-59-06.295 [main] LogicalConnectionManagedImpl - Initiating JDBC connection release from afterTransaction
[DEBUG] 2019-09-26 16-59-06.296 [main] TransactionImpl - On TransactionImpl creation, JpaCompliance#isJpaTransactionComplianceEnabled == false
[DEBUG] 2019-09-26 16-59-06.296 [main] TransactionImpl - begin
[DEBUG] 2019-09-26 16-59-06.297 [main] TransactionImpl - committing
[DEBUG] 2019-09-26 16-59-06.297 [main] AbstractFlushingEventListener - Processing flush-time cascades
[DEBUG] 2019-09-26 16-59-06.297 [main] AbstractFlushingEventListener - Dirty checking collections
[DEBUG] 2019-09-26 16-59-06.298 [main] AbstractFlushingEventListener - Flushed: 0 insertions, 1 updates, 0 deletions to 1 objects
[DEBUG] 2019-09-26 16-59-06.298 [main] AbstractFlushingEventListener - Flushed: 0 (re)creations, 0 updates, 0 removals to 0 collections
[DEBUG] 2019-09-26 16-59-06.298 [main] EntityPrinter - Listing entities:
[DEBUG] 2019-09-26 16-59-06.298 [main] EntityPrinter - com.juliecortez.entity.Role{name=Administrator, id=1}
[DEBUG] 2019-09-26 16-59-06.298 [main] SQL - update Role set name=? where id=?
[DEBUG] 2019-09-26 16-59-06.300 [main] LogicalConnectionManagedImpl - Initiating JDBC connection release from afterTransaction
[DEBUG] 2019-09-26 16-59-06.300 [main] LogicalConnectionManagedImpl - Initiating JDBC connection release from afterTransaction
[DEBUG] 2019-09-26 16-59-06.301 [main] SQL - select role0_.id as id1_0_0_, role0_.name as name2_0_0_ from Role role0_ where role0_.id=?
[DEBUG] 2019-09-26 16-59-06.302 [main] ResultSetProcessorImpl - Starting ResultSet row #0
[DEBUG] 2019-09-26 16-59-06.302 [main] EntityReferenceInitializerImpl - On call to EntityIdentifierReaderImpl#resolve, EntityKey was already known; should only happen on root returns with an optional identifier specified
[DEBUG] 2019-09-26 16-59-06.302 [main] TwoPhaseLoad - Resolving attributes for [com.juliecortez.entity.Role#1]
[DEBUG] 2019-09-26 16-59-06.302 [main] TwoPhaseLoad - Processing attribute `name` : value = Administrator
[DEBUG] 2019-09-26 16-59-06.302 [main] TwoPhaseLoad - Attribute (`name`)  - enhanced for lazy-loading? - false
[DEBUG] 2019-09-26 16-59-06.302 [main] TwoPhaseLoad - Done materializing entity [com.juliecortez.entity.Role#1]
[DEBUG] 2019-09-26 16-59-06.302 [main] ResourceRegistryStandardImpl - HHH000387: ResultSet's statement was not registered
[DEBUG] 2019-09-26 16-59-06.302 [main] AbstractLoadPlanBasedEntityLoader - Done entity load : com.juliecortez.entity.Role#1
[DEBUG] 2019-09-26 16-59-06.302 [main] LogicalConnectionManagedImpl - Initiating JDBC connection release from afterTransaction
[DEBUG] 2019-09-26 16-59-06.340 [main] CriteriaQueryImpl - Rendered criteria query -> select generatedAlias0 from Role as generatedAlias0
[DEBUG] 2019-09-26 16-59-06.350 [main] QueryTranslatorFactoryInitiator - QueryTranslatorFactory: org.hibernate.hql.internal.ast.ASTQueryTranslatorFactory@64279ab
[DEBUG] 2019-09-26 16-59-06.368 [main] QueryTranslatorImpl - parse() - HQL: select generatedAlias0 from com.juliecortez.entity.Role as generatedAlias0
[DEBUG] 2019-09-26 16-59-06.373 [main] ErrorTracker - throwQueryException() : no errors
[DEBUG] 2019-09-26 16-59-06.379 [main] QueryTranslatorImpl - --- HQL AST ---
 \-[QUERY] Node: 'query'
    \-[SELECT_FROM] Node: 'SELECT_FROM'
       +-[FROM] Node: 'from'
       |  \-[RANGE] Node: 'RANGE'
       |     +-[DOT] Node: '.'
       |     |  +-[DOT] Node: '.'
       |     |  |  +-[DOT] Node: '.'
       |     |  |  |  +-[IDENT] Node: 'com'
       |     |  |  |  \-[IDENT] Node: 'juliecortez'
       |     |  |  \-[IDENT] Node: 'entity'
       |     |  \-[IDENT] Node: 'Role'
       |     \-[ALIAS] Node: 'generatedAlias0'
       \-[SELECT] Node: 'select'
          \-[IDENT] Node: 'generatedAlias0'

[DEBUG] 2019-09-26 16-59-06.395 [main] HqlSqlBaseWalker - select << begin [level=1, statement=select]
[DEBUG] 2019-09-26 16-59-06.406 [main] FromElement - FromClause{level=1} : com.juliecortez.entity.Role (generatedAlias0) -> role0_
[DEBUG] 2019-09-26 16-59-06.406 [main] FromReferenceNode - Resolved : generatedAlias0 -> role0_.id
[DEBUG] 2019-09-26 16-59-06.408 [main] HqlSqlBaseWalker - select : finishing up [level=1, statement=select]
[DEBUG] 2019-09-26 16-59-06.408 [main] HqlSqlWalker - processQuery() :  ( SELECT ( {select clause} role0_.id ) ( FromClause{level=1} Role role0_ ) )
[DEBUG] 2019-09-26 16-59-06.414 [main] JoinProcessor - Using FROM fragment [Role role0_]
[DEBUG] 2019-09-26 16-59-06.414 [main] HqlSqlBaseWalker - select >> end [level=1, statement=select]
[DEBUG] 2019-09-26 16-59-06.414 [main] QueryTranslatorImpl - --- SQL AST ---
 \-[SELECT] QueryNode: 'SELECT'  querySpaces (Role)
    +-[SELECT_CLAUSE] SelectClause: '{select clause}'
    |  +-[ALIAS_REF] IdentNode: 'role0_.id as id1_0_' {alias=generatedAlias0, className=com.juliecortez.entity.Role, tableAlias=role0_}
    |  \-[SQL_TOKEN] SqlFragment: 'role0_.name as name2_0_'
    \-[FROM] FromClause: 'from' FromClause{level=1, fromElementCounter=1, fromElements=1, fromElementByClassAlias=[generatedAlias0], fromElementByTableAlias=[role0_], fromElementsByPath=[], collectionJoinFromElementsByPath=[], impliedElements=[]}
       \-[FROM_FRAGMENT] FromElement: 'Role role0_' FromElement{explicit,not a collection join,not a fetch join,fetch non-lazy properties,classAlias=generatedAlias0,role=null,tableName=Role,tableAlias=role0_,origin=null,columns={,className=com.juliecortez.entity.Role}}

[DEBUG] 2019-09-26 16-59-06.414 [main] ErrorTracker - throwQueryException() : no errors
[DEBUG] 2019-09-26 16-59-06.419 [main] QueryTranslatorImpl - HQL: select generatedAlias0 from com.juliecortez.entity.Role as generatedAlias0
[DEBUG] 2019-09-26 16-59-06.419 [main] QueryTranslatorImpl - SQL: select role0_.id as id1_0_, role0_.name as name2_0_ from Role role0_
[DEBUG] 2019-09-26 16-59-06.419 [main] ErrorTracker - throwQueryException() : no errors
[DEBUG] 2019-09-26 16-59-06.427 [main] SQL - select role0_.id as id1_0_, role0_.name as name2_0_ from Role role0_
[DEBUG] 2019-09-26 16-59-06.429 [main] Loader - Result set row: 0
[DEBUG] 2019-09-26 16-59-06.429 [main] Loader - Result row: EntityKey[com.juliecortez.entity.Role#1]
[DEBUG] 2019-09-26 16-59-06.430 [main] Loader - Result set row: 1
[DEBUG] 2019-09-26 16-59-06.430 [main] Loader - Result row: EntityKey[com.juliecortez.entity.Role#2]
[DEBUG] 2019-09-26 16-59-06.430 [main] Loader - Result set row: 2
[DEBUG] 2019-09-26 16-59-06.430 [main] Loader - Result row: EntityKey[com.juliecortez.entity.Role#3]
[DEBUG] 2019-09-26 16-59-06.430 [main] Loader - Result set row: 3
[DEBUG] 2019-09-26 16-59-06.430 [main] Loader - Result row: EntityKey[com.juliecortez.entity.Role#4]
[DEBUG] 2019-09-26 16-59-06.430 [main] Loader - Result set row: 4
[DEBUG] 2019-09-26 16-59-06.430 [main] Loader - Result row: EntityKey[com.juliecortez.entity.Role#5]
[DEBUG] 2019-09-26 16-59-06.430 [main] TwoPhaseLoad - Resolving attributes for [com.juliecortez.entity.Role#1]
[DEBUG] 2019-09-26 16-59-06.430 [main] TwoPhaseLoad - Processing attribute `name` : value = Administrator
[DEBUG] 2019-09-26 16-59-06.430 [main] TwoPhaseLoad - Attribute (`name`)  - enhanced for lazy-loading? - false
[DEBUG] 2019-09-26 16-59-06.430 [main] TwoPhaseLoad - Done materializing entity [com.juliecortez.entity.Role#1]
[DEBUG] 2019-09-26 16-59-06.430 [main] TwoPhaseLoad - Resolving attributes for [com.juliecortez.entity.Role#2]
[DEBUG] 2019-09-26 16-59-06.430 [main] TwoPhaseLoad - Processing attribute `name` : value = Manager
[DEBUG] 2019-09-26 16-59-06.430 [main] TwoPhaseLoad - Attribute (`name`)  - enhanced for lazy-loading? - false
[DEBUG] 2019-09-26 16-59-06.430 [main] TwoPhaseLoad - Done materializing entity [com.juliecortez.entity.Role#2]
[DEBUG] 2019-09-26 16-59-06.430 [main] TwoPhaseLoad - Resolving attributes for [com.juliecortez.entity.Role#3]
[DEBUG] 2019-09-26 16-59-06.430 [main] TwoPhaseLoad - Processing attribute `name` : value = Front Of House
[DEBUG] 2019-09-26 16-59-06.430 [main] TwoPhaseLoad - Attribute (`name`)  - enhanced for lazy-loading? - false
[DEBUG] 2019-09-26 16-59-06.431 [main] TwoPhaseLoad - Done materializing entity [com.juliecortez.entity.Role#3]
[DEBUG] 2019-09-26 16-59-06.431 [main] TwoPhaseLoad - Resolving attributes for [com.juliecortez.entity.Role#4]
[DEBUG] 2019-09-26 16-59-06.431 [main] TwoPhaseLoad - Processing attribute `name` : value = Back of House
[DEBUG] 2019-09-26 16-59-06.431 [main] TwoPhaseLoad - Attribute (`name`)  - enhanced for lazy-loading? - false
[DEBUG] 2019-09-26 16-59-06.431 [main] TwoPhaseLoad - Done materializing entity [com.juliecortez.entity.Role#4]
[DEBUG] 2019-09-26 16-59-06.431 [main] TwoPhaseLoad - Resolving attributes for [com.juliecortez.entity.Role#5]
[DEBUG] 2019-09-26 16-59-06.431 [main] TwoPhaseLoad - Processing attribute `name` : value = Busser
[DEBUG] 2019-09-26 16-59-06.431 [main] TwoPhaseLoad - Attribute (`name`)  - enhanced for lazy-loading? - false
[DEBUG] 2019-09-26 16-59-06.431 [main] TwoPhaseLoad - Done materializing entity [com.juliecortez.entity.Role#5]
[DEBUG] 2019-09-26 16-59-06.432 [main] LogicalConnectionManagedImpl - Initiating JDBC connection release from afterTransaction
[DEBUG] 2019-09-26 16-59-06.471 [main] CriteriaQueryImpl - Rendered criteria query -> select generatedAlias0 from Role as generatedAlias0 where generatedAlias0.name=:param0
[DEBUG] 2019-09-26 16-59-06.472 [main] QueryTranslatorImpl - parse() - HQL: select generatedAlias0 from com.juliecortez.entity.Role as generatedAlias0 where generatedAlias0.name=:param0
[DEBUG] 2019-09-26 16-59-06.473 [main] ErrorTracker - throwQueryException() : no errors
[DEBUG] 2019-09-26 16-59-06.473 [main] QueryTranslatorImpl - --- HQL AST ---
 \-[QUERY] Node: 'query'
    +-[SELECT_FROM] Node: 'SELECT_FROM'
    |  +-[FROM] Node: 'from'
    |  |  \-[RANGE] Node: 'RANGE'
    |  |     +-[DOT] Node: '.'
    |  |     |  +-[DOT] Node: '.'
    |  |     |  |  +-[DOT] Node: '.'
    |  |     |  |  |  +-[IDENT] Node: 'com'
    |  |     |  |  |  \-[IDENT] Node: 'juliecortez'
    |  |     |  |  \-[IDENT] Node: 'entity'
    |  |     |  \-[IDENT] Node: 'Role'
    |  |     \-[ALIAS] Node: 'generatedAlias0'
    |  \-[SELECT] Node: 'select'
    |     \-[IDENT] Node: 'generatedAlias0'
    \-[WHERE] Node: 'where'
       \-[EQ] Node: '='
          +-[DOT] Node: '.'
          |  +-[IDENT] Node: 'generatedAlias0'
          |  \-[IDENT] Node: 'name'
          \-[COLON] Node: ':'
             \-[IDENT] Node: 'param0'

[DEBUG] 2019-09-26 16-59-06.473 [main] HqlSqlBaseWalker - select << begin [level=1, statement=select]
[DEBUG] 2019-09-26 16-59-06.474 [main] FromElement - FromClause{level=1} : com.juliecortez.entity.Role (generatedAlias0) -> role0_
[DEBUG] 2019-09-26 16-59-06.474 [main] FromReferenceNode - Resolved : generatedAlias0 -> role0_.id
[DEBUG] 2019-09-26 16-59-06.475 [main] FromReferenceNode - Resolved : generatedAlias0 -> role0_.id
[DEBUG] 2019-09-26 16-59-06.476 [main] DotNode - getDataType() : name -> org.hibernate.type.StringType@105b693d
[DEBUG] 2019-09-26 16-59-06.476 [main] FromReferenceNode - Resolved : generatedAlias0.name -> role0_.name
[DEBUG] 2019-09-26 16-59-06.477 [main] HqlSqlBaseWalker - select : finishing up [level=1, statement=select]
[DEBUG] 2019-09-26 16-59-06.477 [main] HqlSqlWalker - processQuery() :  ( SELECT ( {select clause} role0_.id ) ( FromClause{level=1} Role role0_ ) ( where ( = ( role0_.name role0_.id name ) ? ) ) )
[DEBUG] 2019-09-26 16-59-06.478 [main] JoinProcessor - Using FROM fragment [Role role0_]
[DEBUG] 2019-09-26 16-59-06.478 [main] HqlSqlBaseWalker - select >> end [level=1, statement=select]
[DEBUG] 2019-09-26 16-59-06.478 [main] QueryTranslatorImpl - --- SQL AST ---
 \-[SELECT] QueryNode: 'SELECT'  querySpaces (Role)
    +-[SELECT_CLAUSE] SelectClause: '{select clause}'
    |  +-[ALIAS_REF] IdentNode: 'role0_.id as id1_0_' {alias=generatedAlias0, className=com.juliecortez.entity.Role, tableAlias=role0_}
    |  \-[SQL_TOKEN] SqlFragment: 'role0_.name as name2_0_'
    +-[FROM] FromClause: 'from' FromClause{level=1, fromElementCounter=1, fromElements=1, fromElementByClassAlias=[generatedAlias0], fromElementByTableAlias=[role0_], fromElementsByPath=[], collectionJoinFromElementsByPath=[], impliedElements=[]}
    |  \-[FROM_FRAGMENT] FromElement: 'Role role0_' FromElement{explicit,not a collection join,not a fetch join,fetch non-lazy properties,classAlias=generatedAlias0,role=null,tableName=Role,tableAlias=role0_,origin=null,columns={,className=com.juliecortez.entity.Role}}
    \-[WHERE] SqlNode: 'where'
       \-[EQ] BinaryLogicOperatorNode: '='
          +-[DOT] DotNode: 'role0_.name' {propertyName=name,dereferenceType=PRIMITIVE,getPropertyPath=name,path=generatedAlias0.name,tableAlias=role0_,className=com.juliecortez.entity.Role,classAlias=generatedAlias0}
          |  +-[ALIAS_REF] IdentNode: 'role0_.id' {alias=generatedAlias0, className=com.juliecortez.entity.Role, tableAlias=role0_}
          |  \-[IDENT] IdentNode: 'name' {originalText=name}
          \-[NAMED_PARAM] ParameterNode: '?' {name=param0, expectedType=org.hibernate.type.StringType@105b693d}

[DEBUG] 2019-09-26 16-59-06.478 [main] ErrorTracker - throwQueryException() : no errors
[DEBUG] 2019-09-26 16-59-06.478 [main] QueryTranslatorImpl - HQL: select generatedAlias0 from com.juliecortez.entity.Role as generatedAlias0 where generatedAlias0.name=:param0
[DEBUG] 2019-09-26 16-59-06.478 [main] QueryTranslatorImpl - SQL: select role0_.id as id1_0_, role0_.name as name2_0_ from Role role0_ where role0_.name=?
[DEBUG] 2019-09-26 16-59-06.478 [main] ErrorTracker - throwQueryException() : no errors
[DEBUG] 2019-09-26 16-59-06.481 [main] SQL - select role0_.id as id1_0_, role0_.name as name2_0_ from Role role0_ where role0_.name=?
[DEBUG] 2019-09-26 16-59-06.483 [main] Loader - Result set row: 0
[DEBUG] 2019-09-26 16-59-06.483 [main] Loader - Result row: EntityKey[com.juliecortez.entity.Role#5]
[DEBUG] 2019-09-26 16-59-06.483 [main] TwoPhaseLoad - Resolving attributes for [com.juliecortez.entity.Role#5]
[DEBUG] 2019-09-26 16-59-06.483 [main] TwoPhaseLoad - Processing attribute `name` : value = Busser
[DEBUG] 2019-09-26 16-59-06.483 [main] TwoPhaseLoad - Attribute (`name`)  - enhanced for lazy-loading? - false
[DEBUG] 2019-09-26 16-59-06.483 [main] TwoPhaseLoad - Done materializing entity [com.juliecortez.entity.Role#5]
[DEBUG] 2019-09-26 16-59-06.484 [main] LogicalConnectionManagedImpl - Initiating JDBC connection release from afterTransaction
[DEBUG] 2019-09-26 16-59-06.506 [main] CriteriaQueryImpl - Rendered criteria query -> select generatedAlias0 from Role as generatedAlias0 where generatedAlias0.name like :param0
[DEBUG] 2019-09-26 16-59-06.506 [main] QueryTranslatorImpl - parse() - HQL: select generatedAlias0 from com.juliecortez.entity.Role as generatedAlias0 where generatedAlias0.name like :param0
[DEBUG] 2019-09-26 16-59-06.507 [main] ErrorTracker - throwQueryException() : no errors
[DEBUG] 2019-09-26 16-59-06.507 [main] QueryTranslatorImpl - --- HQL AST ---
 \-[QUERY] Node: 'query'
    +-[SELECT_FROM] Node: 'SELECT_FROM'
    |  +-[FROM] Node: 'from'
    |  |  \-[RANGE] Node: 'RANGE'
    |  |     +-[DOT] Node: '.'
    |  |     |  +-[DOT] Node: '.'
    |  |     |  |  +-[DOT] Node: '.'
    |  |     |  |  |  +-[IDENT] Node: 'com'
    |  |     |  |  |  \-[IDENT] Node: 'juliecortez'
    |  |     |  |  \-[IDENT] Node: 'entity'
    |  |     |  \-[IDENT] Node: 'Role'
    |  |     \-[ALIAS] Node: 'generatedAlias0'
    |  \-[SELECT] Node: 'select'
    |     \-[IDENT] Node: 'generatedAlias0'
    \-[WHERE] Node: 'where'
       \-[LIKE] Node: 'like'
          +-[DOT] Node: '.'
          |  +-[IDENT] Node: 'generatedAlias0'
          |  \-[IDENT] Node: 'name'
          \-[COLON] Node: ':'
             \-[IDENT] Node: 'param0'

[DEBUG] 2019-09-26 16-59-06.507 [main] HqlSqlBaseWalker - select << begin [level=1, statement=select]
[DEBUG] 2019-09-26 16-59-06.508 [main] FromElement - FromClause{level=1} : com.juliecortez.entity.Role (generatedAlias0) -> role0_
[DEBUG] 2019-09-26 16-59-06.508 [main] FromReferenceNode - Resolved : generatedAlias0 -> role0_.id
[DEBUG] 2019-09-26 16-59-06.508 [main] FromReferenceNode - Resolved : generatedAlias0 -> role0_.id
[DEBUG] 2019-09-26 16-59-06.508 [main] DotNode - getDataType() : name -> org.hibernate.type.StringType@105b693d
[DEBUG] 2019-09-26 16-59-06.508 [main] FromReferenceNode - Resolved : generatedAlias0.name -> role0_.name
[DEBUG] 2019-09-26 16-59-06.508 [main] HqlSqlBaseWalker - select : finishing up [level=1, statement=select]
[DEBUG] 2019-09-26 16-59-06.508 [main] HqlSqlWalker - processQuery() :  ( SELECT ( {select clause} role0_.id ) ( FromClause{level=1} Role role0_ ) ( where ( like ( role0_.name role0_.id name ) ? ) ) )
[DEBUG] 2019-09-26 16-59-06.509 [main] JoinProcessor - Using FROM fragment [Role role0_]
[DEBUG] 2019-09-26 16-59-06.509 [main] HqlSqlBaseWalker - select >> end [level=1, statement=select]
[DEBUG] 2019-09-26 16-59-06.509 [main] QueryTranslatorImpl - --- SQL AST ---
 \-[SELECT] QueryNode: 'SELECT'  querySpaces (Role)
    +-[SELECT_CLAUSE] SelectClause: '{select clause}'
    |  +-[ALIAS_REF] IdentNode: 'role0_.id as id1_0_' {alias=generatedAlias0, className=com.juliecortez.entity.Role, tableAlias=role0_}
    |  \-[SQL_TOKEN] SqlFragment: 'role0_.name as name2_0_'
    +-[FROM] FromClause: 'from' FromClause{level=1, fromElementCounter=1, fromElements=1, fromElementByClassAlias=[generatedAlias0], fromElementByTableAlias=[role0_], fromElementsByPath=[], collectionJoinFromElementsByPath=[], impliedElements=[]}
    |  \-[FROM_FRAGMENT] FromElement: 'Role role0_' FromElement{explicit,not a collection join,not a fetch join,fetch non-lazy properties,classAlias=generatedAlias0,role=null,tableName=Role,tableAlias=role0_,origin=null,columns={,className=com.juliecortez.entity.Role}}
    \-[WHERE] SqlNode: 'where'
       \-[LIKE] BinaryLogicOperatorNode: 'like'
          +-[DOT] DotNode: 'role0_.name' {propertyName=name,dereferenceType=PRIMITIVE,getPropertyPath=name,path=generatedAlias0.name,tableAlias=role0_,className=com.juliecortez.entity.Role,classAlias=generatedAlias0}
          |  +-[ALIAS_REF] IdentNode: 'role0_.id' {alias=generatedAlias0, className=com.juliecortez.entity.Role, tableAlias=role0_}
          |  \-[IDENT] IdentNode: 'name' {originalText=name}
          \-[NAMED_PARAM] ParameterNode: '?' {name=param0, expectedType=org.hibernate.type.StringType@105b693d}

[DEBUG] 2019-09-26 16-59-06.509 [main] ErrorTracker - throwQueryException() : no errors
[DEBUG] 2019-09-26 16-59-06.509 [main] QueryTranslatorImpl - HQL: select generatedAlias0 from com.juliecortez.entity.Role as generatedAlias0 where generatedAlias0.name like :param0
[DEBUG] 2019-09-26 16-59-06.509 [main] QueryTranslatorImpl - SQL: select role0_.id as id1_0_, role0_.name as name2_0_ from Role role0_ where role0_.name like ?
[DEBUG] 2019-09-26 16-59-06.509 [main] ErrorTracker - throwQueryException() : no errors
[DEBUG] 2019-09-26 16-59-06.509 [main] SQL - select role0_.id as id1_0_, role0_.name as name2_0_ from Role role0_ where role0_.name like ?
[DEBUG] 2019-09-26 16-59-06.511 [main] Loader - Result set row: 0
[DEBUG] 2019-09-26 16-59-06.511 [main] Loader - Result row: EntityKey[com.juliecortez.entity.Role#3]
[DEBUG] 2019-09-26 16-59-06.511 [main] Loader - Result set row: 1
[DEBUG] 2019-09-26 16-59-06.511 [main] Loader - Result row: EntityKey[com.juliecortez.entity.Role#4]
[DEBUG] 2019-09-26 16-59-06.511 [main] TwoPhaseLoad - Resolving attributes for [com.juliecortez.entity.Role#3]
[DEBUG] 2019-09-26 16-59-06.512 [main] TwoPhaseLoad - Processing attribute `name` : value = Front Of House
[DEBUG] 2019-09-26 16-59-06.512 [main] TwoPhaseLoad - Attribute (`name`)  - enhanced for lazy-loading? - false
[DEBUG] 2019-09-26 16-59-06.512 [main] TwoPhaseLoad - Done materializing entity [com.juliecortez.entity.Role#3]
[DEBUG] 2019-09-26 16-59-06.512 [main] TwoPhaseLoad - Resolving attributes for [com.juliecortez.entity.Role#4]
[DEBUG] 2019-09-26 16-59-06.512 [main] TwoPhaseLoad - Processing attribute `name` : value = Back of House
[DEBUG] 2019-09-26 16-59-06.512 [main] TwoPhaseLoad - Attribute (`name`)  - enhanced for lazy-loading? - false
[DEBUG] 2019-09-26 16-59-06.512 [main] TwoPhaseLoad - Done materializing entity [com.juliecortez.entity.Role#4]
[DEBUG] 2019-09-26 16-59-06.512 [main] LogicalConnectionManagedImpl - Initiating JDBC connection release from afterTransaction
[DEBUG] 2019-09-26 16-59-06.546 [main] SQL - select role0_.id as id1_0_0_, role0_.name as name2_0_0_ from Role role0_ where role0_.id=?
[DEBUG] 2019-09-26 16-59-06.548 [main] ResultSetProcessorImpl - Starting ResultSet row #0
[DEBUG] 2019-09-26 16-59-06.548 [main] EntityReferenceInitializerImpl - On call to EntityIdentifierReaderImpl#resolve, EntityKey was already known; should only happen on root returns with an optional identifier specified
[DEBUG] 2019-09-26 16-59-06.548 [main] TwoPhaseLoad - Resolving attributes for [com.juliecortez.entity.Role#2]
[DEBUG] 2019-09-26 16-59-06.548 [main] TwoPhaseLoad - Processing attribute `name` : value = Manager
[DEBUG] 2019-09-26 16-59-06.548 [main] TwoPhaseLoad - Attribute (`name`)  - enhanced for lazy-loading? - false
[DEBUG] 2019-09-26 16-59-06.548 [main] TwoPhaseLoad - Done materializing entity [com.juliecortez.entity.Role#2]
[DEBUG] 2019-09-26 16-59-06.548 [main] ResourceRegistryStandardImpl - HHH000387: ResultSet's statement was not registered
[DEBUG] 2019-09-26 16-59-06.549 [main] AbstractLoadPlanBasedEntityLoader - Done entity load : com.juliecortez.entity.Role#2
[DEBUG] 2019-09-26 16-59-06.549 [main] LogicalConnectionManagedImpl - Initiating JDBC connection release from afterTransaction
[DEBUG] 2019-09-26 16-59-06.569 [main] TransactionImpl - On TransactionImpl creation, JpaCompliance#isJpaTransactionComplianceEnabled == false
[DEBUG] 2019-09-26 16-59-06.569 [main] TransactionImpl - begin
[DEBUG] 2019-09-26 16-59-06.573 [main] ActionQueue - Executing identity-insert immediately
[DEBUG] 2019-09-26 16-59-06.574 [main] SQL - insert into Role (name) values (?)
[DEBUG] 2019-09-26 16-59-06.578 [main] IdentifierGeneratorHelper - Natively generated identity: 7
[DEBUG] 2019-09-26 16-59-06.578 [main] ResourceRegistryStandardImpl - HHH000387: ResultSet's statement was not registered
[DEBUG] 2019-09-26 16-59-06.579 [main] TransactionImpl - committing
[DEBUG] 2019-09-26 16-59-06.579 [main] AbstractFlushingEventListener - Processing flush-time cascades
[DEBUG] 2019-09-26 16-59-06.579 [main] AbstractFlushingEventListener - Dirty checking collections
[DEBUG] 2019-09-26 16-59-06.579 [main] AbstractFlushingEventListener - Flushed: 0 insertions, 0 updates, 0 deletions to 1 objects
[DEBUG] 2019-09-26 16-59-06.579 [main] AbstractFlushingEventListener - Flushed: 0 (re)creations, 0 updates, 0 removals to 0 collections
[DEBUG] 2019-09-26 16-59-06.579 [main] EntityPrinter - Listing entities:
[DEBUG] 2019-09-26 16-59-06.579 [main] EntityPrinter - com.juliecortez.entity.Role{name=Test Role, id=7}
[DEBUG] 2019-09-26 16-59-06.582 [main] LogicalConnectionManagedImpl - Initiating JDBC connection release from afterTransaction
[DEBUG] 2019-09-26 16-59-06.583 [main] LogicalConnectionManagedImpl - Initiating JDBC connection release from afterTransaction
[DEBUG] 2019-09-26 16-59-06.584 [main] SQL - select role0_.id as id1_0_0_, role0_.name as name2_0_0_ from Role role0_ where role0_.id=?
[DEBUG] 2019-09-26 16-59-06.585 [main] ResultSetProcessorImpl - Starting ResultSet row #0
[DEBUG] 2019-09-26 16-59-06.585 [main] EntityReferenceInitializerImpl - On call to EntityIdentifierReaderImpl#resolve, EntityKey was already known; should only happen on root returns with an optional identifier specified
[DEBUG] 2019-09-26 16-59-06.586 [main] TwoPhaseLoad - Resolving attributes for [com.juliecortez.entity.Role#7]
[DEBUG] 2019-09-26 16-59-06.586 [main] TwoPhaseLoad - Processing attribute `name` : value = Test Role
[DEBUG] 2019-09-26 16-59-06.586 [main] TwoPhaseLoad - Attribute (`name`)  - enhanced for lazy-loading? - false
[DEBUG] 2019-09-26 16-59-06.586 [main] TwoPhaseLoad - Done materializing entity [com.juliecortez.entity.Role#7]
[DEBUG] 2019-09-26 16-59-06.586 [main] ResourceRegistryStandardImpl - HHH000387: ResultSet's statement was not registered
[DEBUG] 2019-09-26 16-59-06.586 [main] AbstractLoadPlanBasedEntityLoader - Done entity load : com.juliecortez.entity.Role#7
[DEBUG] 2019-09-26 16-59-06.586 [main] LogicalConnectionManagedImpl - Initiating JDBC connection release from afterTransaction
