[DEBUG] 2019-10-06 10-37-07.513 [main] IntegratorServiceImpl - Adding Integrator [org.hibernate.cfg.beanvalidation.BeanValidationIntegrator].
[DEBUG] 2019-10-06 10-37-07.518 [main] IntegratorServiceImpl - Adding Integrator [org.hibernate.secure.spi.JaccIntegrator].
[DEBUG] 2019-10-06 10-37-07.521 [main] IntegratorServiceImpl - Adding Integrator [org.hibernate.cache.internal.CollectionCacheInvalidator].
[INFO ] 2019-10-06 10-37-07.606 [main] Version - HHH000412: Hibernate Core {5.4.4.Final}
[DEBUG] 2019-10-06 10-37-07.608 [main] Environment - HHH000206: hibernate.properties not found
[DEBUG] 2019-10-06 10-37-07.834 [main] LocalXmlResourceResolver - Interpreting public/system identifier : [-//Hibernate/Hibernate Configuration DTD//EN] - [http://www.hibernate.org/dtd/hibernate-configuration-3.0.dtd]
[DEBUG] 2019-10-06 10-37-07.835 [main] LocalXmlResourceResolver - Recognized hibernate-configuration identifier; attempting to resolve on classpath under org/hibernate/
[DEBUG] 2019-10-06 10-37-07.839 [main] JaxbCfgProcessor - cfg.xml document did not define namespaces; wrapping in custom event reader to introduce namespace information
[DEBUG] 2019-10-06 10-37-08.214 [main] ServiceBinding - Overriding existing service binding [org.hibernate.secure.spi.JaccService]
[DEBUG] 2019-10-06 10-37-08.233 [main] RegionFactoryInitiator - Cannot default RegionFactory based on registered strategies as `[]` RegionFactory strategies were registered
[DEBUG] 2019-10-06 10-37-08.234 [main] RegionFactoryInitiator - Cache region factory : org.hibernate.cache.internal.NoCachingRegionFactory
[INFO ] 2019-10-06 10-37-08.255 [main] Version - HCANN000001: Hibernate Commons Annotations {5.1.0.Final}
[DEBUG] 2019-10-06 10-37-08.428 [main] BasicTypeRegistry - Adding type registration boolean -> org.hibernate.type.BooleanType@546621c4
[DEBUG] 2019-10-06 10-37-08.429 [main] BasicTypeRegistry - Adding type registration boolean -> org.hibernate.type.BooleanType@546621c4
[DEBUG] 2019-10-06 10-37-08.429 [main] BasicTypeRegistry - Adding type registration java.lang.Boolean -> org.hibernate.type.BooleanType@546621c4
[DEBUG] 2019-10-06 10-37-08.429 [main] BasicTypeRegistry - Adding type registration numeric_boolean -> org.hibernate.type.NumericBooleanType@4dafba3e
[DEBUG] 2019-10-06 10-37-08.430 [main] BasicTypeRegistry - Adding type registration true_false -> org.hibernate.type.TrueFalseType@4ed38226
[DEBUG] 2019-10-06 10-37-08.430 [main] BasicTypeRegistry - Adding type registration yes_no -> org.hibernate.type.YesNoType@35ff8fc9
[DEBUG] 2019-10-06 10-37-08.431 [main] BasicTypeRegistry - Adding type registration byte -> org.hibernate.type.ByteType@6e106680
[DEBUG] 2019-10-06 10-37-08.431 [main] BasicTypeRegistry - Adding type registration byte -> org.hibernate.type.ByteType@6e106680
[DEBUG] 2019-10-06 10-37-08.431 [main] BasicTypeRegistry - Adding type registration java.lang.Byte -> org.hibernate.type.ByteType@6e106680
[DEBUG] 2019-10-06 10-37-08.432 [main] BasicTypeRegistry - Adding type registration character -> org.hibernate.type.CharacterType@352e787a
[DEBUG] 2019-10-06 10-37-08.432 [main] BasicTypeRegistry - Adding type registration char -> org.hibernate.type.CharacterType@352e787a
[DEBUG] 2019-10-06 10-37-08.432 [main] BasicTypeRegistry - Adding type registration java.lang.Character -> org.hibernate.type.CharacterType@352e787a
[DEBUG] 2019-10-06 10-37-08.433 [main] BasicTypeRegistry - Adding type registration short -> org.hibernate.type.ShortType@73044cdf
[DEBUG] 2019-10-06 10-37-08.433 [main] BasicTypeRegistry - Adding type registration short -> org.hibernate.type.ShortType@73044cdf
[DEBUG] 2019-10-06 10-37-08.433 [main] BasicTypeRegistry - Adding type registration java.lang.Short -> org.hibernate.type.ShortType@73044cdf
[DEBUG] 2019-10-06 10-37-08.433 [main] BasicTypeRegistry - Adding type registration integer -> org.hibernate.type.IntegerType@2f5c1332
[DEBUG] 2019-10-06 10-37-08.434 [main] BasicTypeRegistry - Adding type registration int -> org.hibernate.type.IntegerType@2f5c1332
[DEBUG] 2019-10-06 10-37-08.434 [main] BasicTypeRegistry - Adding type registration java.lang.Integer -> org.hibernate.type.IntegerType@2f5c1332
[DEBUG] 2019-10-06 10-37-08.434 [main] BasicTypeRegistry - Adding type registration long -> org.hibernate.type.LongType@22bd2039
[DEBUG] 2019-10-06 10-37-08.435 [main] BasicTypeRegistry - Adding type registration long -> org.hibernate.type.LongType@22bd2039
[DEBUG] 2019-10-06 10-37-08.435 [main] BasicTypeRegistry - Adding type registration java.lang.Long -> org.hibernate.type.LongType@22bd2039
[DEBUG] 2019-10-06 10-37-08.435 [main] BasicTypeRegistry - Adding type registration float -> org.hibernate.type.FloatType@5327a06e
[DEBUG] 2019-10-06 10-37-08.436 [main] BasicTypeRegistry - Adding type registration float -> org.hibernate.type.FloatType@5327a06e
[DEBUG] 2019-10-06 10-37-08.436 [main] BasicTypeRegistry - Adding type registration java.lang.Float -> org.hibernate.type.FloatType@5327a06e
[DEBUG] 2019-10-06 10-37-08.436 [main] BasicTypeRegistry - Adding type registration double -> org.hibernate.type.DoubleType@2e3cdec2
[DEBUG] 2019-10-06 10-37-08.436 [main] BasicTypeRegistry - Adding type registration double -> org.hibernate.type.DoubleType@2e3cdec2
[DEBUG] 2019-10-06 10-37-08.436 [main] BasicTypeRegistry - Adding type registration java.lang.Double -> org.hibernate.type.DoubleType@2e3cdec2
[DEBUG] 2019-10-06 10-37-08.437 [main] BasicTypeRegistry - Adding type registration big_decimal -> org.hibernate.type.BigDecimalType@6fc3e1a4
[DEBUG] 2019-10-06 10-37-08.437 [main] BasicTypeRegistry - Adding type registration java.math.BigDecimal -> org.hibernate.type.BigDecimalType@6fc3e1a4
[DEBUG] 2019-10-06 10-37-08.438 [main] BasicTypeRegistry - Adding type registration big_integer -> org.hibernate.type.BigIntegerType@1e6dad8
[DEBUG] 2019-10-06 10-37-08.438 [main] BasicTypeRegistry - Adding type registration java.math.BigInteger -> org.hibernate.type.BigIntegerType@1e6dad8
[DEBUG] 2019-10-06 10-37-08.438 [main] BasicTypeRegistry - Adding type registration string -> org.hibernate.type.StringType@1be59f28
[DEBUG] 2019-10-06 10-37-08.439 [main] BasicTypeRegistry - Adding type registration java.lang.String -> org.hibernate.type.StringType@1be59f28
[DEBUG] 2019-10-06 10-37-08.439 [main] BasicTypeRegistry - Adding type registration nstring -> org.hibernate.type.StringNVarcharType@5a67e962
[DEBUG] 2019-10-06 10-37-08.439 [main] BasicTypeRegistry - Adding type registration ncharacter -> org.hibernate.type.CharacterNCharType@42f9c19a
[DEBUG] 2019-10-06 10-37-08.441 [main] BasicTypeRegistry - Adding type registration url -> org.hibernate.type.UrlType@149f5761
[DEBUG] 2019-10-06 10-37-08.441 [main] BasicTypeRegistry - Adding type registration java.net.URL -> org.hibernate.type.UrlType@149f5761
[DEBUG] 2019-10-06 10-37-08.442 [main] BasicTypeRegistry - Adding type registration Duration -> org.hibernate.type.DurationType@333cb916
[DEBUG] 2019-10-06 10-37-08.442 [main] BasicTypeRegistry - Adding type registration java.time.Duration -> org.hibernate.type.DurationType@333cb916
[DEBUG] 2019-10-06 10-37-08.448 [main] BasicTypeRegistry - Adding type registration Instant -> org.hibernate.type.InstantType@59532566
[DEBUG] 2019-10-06 10-37-08.449 [main] BasicTypeRegistry - Adding type registration java.time.Instant -> org.hibernate.type.InstantType@59532566
[DEBUG] 2019-10-06 10-37-08.450 [main] BasicTypeRegistry - Adding type registration LocalDateTime -> org.hibernate.type.LocalDateTimeType@33cbfa57
[DEBUG] 2019-10-06 10-37-08.450 [main] BasicTypeRegistry - Adding type registration java.time.LocalDateTime -> org.hibernate.type.LocalDateTimeType@33cbfa57
[DEBUG] 2019-10-06 10-37-08.451 [main] BasicTypeRegistry - Adding type registration LocalDate -> org.hibernate.type.LocalDateType@31c2affc
[DEBUG] 2019-10-06 10-37-08.451 [main] BasicTypeRegistry - Adding type registration java.time.LocalDate -> org.hibernate.type.LocalDateType@31c2affc
[DEBUG] 2019-10-06 10-37-08.452 [main] BasicTypeRegistry - Adding type registration LocalTime -> org.hibernate.type.LocalTimeType@46866946
[DEBUG] 2019-10-06 10-37-08.452 [main] BasicTypeRegistry - Adding type registration java.time.LocalTime -> org.hibernate.type.LocalTimeType@46866946
[DEBUG] 2019-10-06 10-37-08.453 [main] BasicTypeRegistry - Adding type registration OffsetDateTime -> org.hibernate.type.OffsetDateTimeType@25b5c5e3
[DEBUG] 2019-10-06 10-37-08.453 [main] BasicTypeRegistry - Adding type registration java.time.OffsetDateTime -> org.hibernate.type.OffsetDateTimeType@25b5c5e3
[DEBUG] 2019-10-06 10-37-08.455 [main] BasicTypeRegistry - Adding type registration OffsetTime -> org.hibernate.type.OffsetTimeType@2c708440
[DEBUG] 2019-10-06 10-37-08.455 [main] BasicTypeRegistry - Adding type registration java.time.OffsetTime -> org.hibernate.type.OffsetTimeType@2c708440
[DEBUG] 2019-10-06 10-37-08.456 [main] BasicTypeRegistry - Adding type registration ZonedDateTime -> org.hibernate.type.ZonedDateTimeType@21a66d45
[DEBUG] 2019-10-06 10-37-08.457 [main] BasicTypeRegistry - Adding type registration java.time.ZonedDateTime -> org.hibernate.type.ZonedDateTimeType@21a66d45
[DEBUG] 2019-10-06 10-37-08.458 [main] BasicTypeRegistry - Adding type registration date -> org.hibernate.type.DateType@50a3d0f6
[DEBUG] 2019-10-06 10-37-08.458 [main] BasicTypeRegistry - Adding type registration java.sql.Date -> org.hibernate.type.DateType@50a3d0f6
[DEBUG] 2019-10-06 10-37-08.459 [main] BasicTypeRegistry - Adding type registration time -> org.hibernate.type.TimeType@1549bba7
[DEBUG] 2019-10-06 10-37-08.459 [main] BasicTypeRegistry - Adding type registration java.sql.Time -> org.hibernate.type.TimeType@1549bba7
[DEBUG] 2019-10-06 10-37-08.460 [main] BasicTypeRegistry - Adding type registration timestamp -> org.hibernate.type.TimestampType@e04ccf8
[DEBUG] 2019-10-06 10-37-08.460 [main] BasicTypeRegistry - Adding type registration java.sql.Timestamp -> org.hibernate.type.TimestampType@e04ccf8
[DEBUG] 2019-10-06 10-37-08.460 [main] BasicTypeRegistry - Adding type registration java.util.Date -> org.hibernate.type.TimestampType@e04ccf8
[DEBUG] 2019-10-06 10-37-08.461 [main] BasicTypeRegistry - Adding type registration dbtimestamp -> org.hibernate.type.DbTimestampType@6e0cff20
[DEBUG] 2019-10-06 10-37-08.462 [main] BasicTypeRegistry - Adding type registration calendar -> org.hibernate.type.CalendarType@2c6ee758
[DEBUG] 2019-10-06 10-37-08.462 [main] BasicTypeRegistry - Adding type registration java.util.Calendar -> org.hibernate.type.CalendarType@2c6ee758
[DEBUG] 2019-10-06 10-37-08.462 [main] BasicTypeRegistry - Adding type registration java.util.GregorianCalendar -> org.hibernate.type.CalendarType@2c6ee758
[DEBUG] 2019-10-06 10-37-08.463 [main] BasicTypeRegistry - Adding type registration calendar_date -> org.hibernate.type.CalendarDateType@2a1debfa
[DEBUG] 2019-10-06 10-37-08.464 [main] BasicTypeRegistry - Adding type registration locale -> org.hibernate.type.LocaleType@b8e246c
[DEBUG] 2019-10-06 10-37-08.464 [main] BasicTypeRegistry - Adding type registration java.util.Locale -> org.hibernate.type.LocaleType@b8e246c
[DEBUG] 2019-10-06 10-37-08.465 [main] BasicTypeRegistry - Adding type registration currency -> org.hibernate.type.CurrencyType@47ec7422
[DEBUG] 2019-10-06 10-37-08.465 [main] BasicTypeRegistry - Adding type registration java.util.Currency -> org.hibernate.type.CurrencyType@47ec7422
[DEBUG] 2019-10-06 10-37-08.466 [main] BasicTypeRegistry - Adding type registration timezone -> org.hibernate.type.TimeZoneType@64c4c01
[DEBUG] 2019-10-06 10-37-08.466 [main] BasicTypeRegistry - Adding type registration java.util.TimeZone -> org.hibernate.type.TimeZoneType@64c4c01
[DEBUG] 2019-10-06 10-37-08.466 [main] BasicTypeRegistry - Adding type registration class -> org.hibernate.type.ClassType@3cd59ef5
[DEBUG] 2019-10-06 10-37-08.466 [main] BasicTypeRegistry - Adding type registration java.lang.Class -> org.hibernate.type.ClassType@3cd59ef5
[DEBUG] 2019-10-06 10-37-08.467 [main] BasicTypeRegistry - Adding type registration uuid-binary -> org.hibernate.type.UUIDBinaryType@46d9aec8
[DEBUG] 2019-10-06 10-37-08.467 [main] BasicTypeRegistry - Adding type registration java.util.UUID -> org.hibernate.type.UUIDBinaryType@46d9aec8
[DEBUG] 2019-10-06 10-37-08.467 [main] BasicTypeRegistry - Adding type registration uuid-char -> org.hibernate.type.UUIDCharType@1c504e66
[DEBUG] 2019-10-06 10-37-08.468 [main] BasicTypeRegistry - Adding type registration binary -> org.hibernate.type.BinaryType@289fdb08
[DEBUG] 2019-10-06 10-37-08.468 [main] BasicTypeRegistry - Adding type registration byte[] -> org.hibernate.type.BinaryType@289fdb08
[DEBUG] 2019-10-06 10-37-08.468 [main] BasicTypeRegistry - Adding type registration [B -> org.hibernate.type.BinaryType@289fdb08
[DEBUG] 2019-10-06 10-37-08.469 [main] BasicTypeRegistry - Adding type registration wrapper-binary -> org.hibernate.type.WrapperBinaryType@7ce9e05a
[DEBUG] 2019-10-06 10-37-08.469 [main] BasicTypeRegistry - Adding type registration Byte[] -> org.hibernate.type.WrapperBinaryType@7ce9e05a
[DEBUG] 2019-10-06 10-37-08.469 [main] BasicTypeRegistry - Adding type registration [Ljava.lang.Byte; -> org.hibernate.type.WrapperBinaryType@7ce9e05a
[DEBUG] 2019-10-06 10-37-08.470 [main] BasicTypeRegistry - Adding type registration row_version -> org.hibernate.type.RowVersionType@5136207f
[DEBUG] 2019-10-06 10-37-08.471 [main] BasicTypeRegistry - Adding type registration image -> org.hibernate.type.ImageType@5411dd90
[DEBUG] 2019-10-06 10-37-08.471 [main] BasicTypeRegistry - Adding type registration characters -> org.hibernate.type.CharArrayType@59496961
[DEBUG] 2019-10-06 10-37-08.471 [main] BasicTypeRegistry - Adding type registration char[] -> org.hibernate.type.CharArrayType@59496961
[DEBUG] 2019-10-06 10-37-08.471 [main] BasicTypeRegistry - Adding type registration [C -> org.hibernate.type.CharArrayType@59496961
[DEBUG] 2019-10-06 10-37-08.472 [main] BasicTypeRegistry - Adding type registration wrapper-characters -> org.hibernate.type.CharacterArrayType@a52ca2e
[DEBUG] 2019-10-06 10-37-08.472 [main] BasicTypeRegistry - Adding type registration [Ljava.lang.Character; -> org.hibernate.type.CharacterArrayType@a52ca2e
[DEBUG] 2019-10-06 10-37-08.472 [main] BasicTypeRegistry - Adding type registration Character[] -> org.hibernate.type.CharacterArrayType@a52ca2e
[DEBUG] 2019-10-06 10-37-08.473 [main] BasicTypeRegistry - Adding type registration text -> org.hibernate.type.TextType@1f6d27cc
[DEBUG] 2019-10-06 10-37-08.473 [main] BasicTypeRegistry - Adding type registration ntext -> org.hibernate.type.NTextType@507d20bb
[DEBUG] 2019-10-06 10-37-08.474 [main] BasicTypeRegistry - Adding type registration blob -> org.hibernate.type.BlobType@67440de6
[DEBUG] 2019-10-06 10-37-08.474 [main] BasicTypeRegistry - Adding type registration java.sql.Blob -> org.hibernate.type.BlobType@67440de6
[DEBUG] 2019-10-06 10-37-08.474 [main] BasicTypeRegistry - Adding type registration materialized_blob -> org.hibernate.type.MaterializedBlobType@4c4f4365
[DEBUG] 2019-10-06 10-37-08.475 [main] BasicTypeRegistry - Adding type registration clob -> org.hibernate.type.ClobType@1ab6718
[DEBUG] 2019-10-06 10-37-08.475 [main] BasicTypeRegistry - Adding type registration java.sql.Clob -> org.hibernate.type.ClobType@1ab6718
[DEBUG] 2019-10-06 10-37-08.476 [main] BasicTypeRegistry - Adding type registration nclob -> org.hibernate.type.NClobType@348d18a3
[DEBUG] 2019-10-06 10-37-08.477 [main] BasicTypeRegistry - Adding type registration java.sql.NClob -> org.hibernate.type.NClobType@348d18a3
[DEBUG] 2019-10-06 10-37-08.477 [main] BasicTypeRegistry - Adding type registration materialized_clob -> org.hibernate.type.MaterializedClobType@20e6c4dc
[DEBUG] 2019-10-06 10-37-08.477 [main] BasicTypeRegistry - Adding type registration materialized_nclob -> org.hibernate.type.MaterializedNClobType@33f98231
[DEBUG] 2019-10-06 10-37-08.478 [main] BasicTypeRegistry - Adding type registration serializable -> org.hibernate.type.SerializableType@bc0f53b
[DEBUG] 2019-10-06 10-37-08.481 [main] BasicTypeRegistry - Adding type registration object -> org.hibernate.type.ObjectType@2f2d52ef
[DEBUG] 2019-10-06 10-37-08.481 [main] BasicTypeRegistry - Adding type registration java.lang.Object -> org.hibernate.type.ObjectType@2f2d52ef
[DEBUG] 2019-10-06 10-37-08.481 [main] BasicTypeRegistry - Adding type registration imm_date -> org.hibernate.type.AdaptedImmutableType@1bd0b0e5
[DEBUG] 2019-10-06 10-37-08.481 [main] BasicTypeRegistry - Adding type registration imm_time -> org.hibernate.type.AdaptedImmutableType@dc7b462
[DEBUG] 2019-10-06 10-37-08.481 [main] BasicTypeRegistry - Adding type registration imm_timestamp -> org.hibernate.type.AdaptedImmutableType@1f51431
[DEBUG] 2019-10-06 10-37-08.481 [main] BasicTypeRegistry - Adding type registration imm_dbtimestamp -> org.hibernate.type.AdaptedImmutableType@26a2f7f9
[DEBUG] 2019-10-06 10-37-08.482 [main] BasicTypeRegistry - Adding type registration imm_calendar -> org.hibernate.type.AdaptedImmutableType@38eb2c50
[DEBUG] 2019-10-06 10-37-08.482 [main] BasicTypeRegistry - Adding type registration imm_calendar_date -> org.hibernate.type.AdaptedImmutableType@8bffb8b
[DEBUG] 2019-10-06 10-37-08.482 [main] BasicTypeRegistry - Adding type registration imm_binary -> org.hibernate.type.AdaptedImmutableType@21422231
[DEBUG] 2019-10-06 10-37-08.482 [main] BasicTypeRegistry - Adding type registration imm_serializable -> org.hibernate.type.AdaptedImmutableType@10ee04df
[DEBUG] 2019-10-06 10-37-08.503 [main] DefaultIdentifierGeneratorFactory - Registering IdentifierGenerator strategy [uuid2] -> [org.hibernate.id.UUIDGenerator]
[DEBUG] 2019-10-06 10-37-08.504 [main] DefaultIdentifierGeneratorFactory - Registering IdentifierGenerator strategy [guid] -> [org.hibernate.id.GUIDGenerator]
[DEBUG] 2019-10-06 10-37-08.504 [main] DefaultIdentifierGeneratorFactory - Registering IdentifierGenerator strategy [uuid] -> [org.hibernate.id.UUIDHexGenerator]
[DEBUG] 2019-10-06 10-37-08.504 [main] DefaultIdentifierGeneratorFactory - Registering IdentifierGenerator strategy [uuid.hex] -> [org.hibernate.id.UUIDHexGenerator]
[DEBUG] 2019-10-06 10-37-08.505 [main] DefaultIdentifierGeneratorFactory - Registering IdentifierGenerator strategy [assigned] -> [org.hibernate.id.Assigned]
[DEBUG] 2019-10-06 10-37-08.505 [main] DefaultIdentifierGeneratorFactory - Registering IdentifierGenerator strategy [identity] -> [org.hibernate.id.IdentityGenerator]
[DEBUG] 2019-10-06 10-37-08.506 [main] DefaultIdentifierGeneratorFactory - Registering IdentifierGenerator strategy [select] -> [org.hibernate.id.SelectGenerator]
[DEBUG] 2019-10-06 10-37-08.507 [main] DefaultIdentifierGeneratorFactory - Registering IdentifierGenerator strategy [sequence] -> [org.hibernate.id.enhanced.SequenceStyleGenerator]
[DEBUG] 2019-10-06 10-37-08.508 [main] DefaultIdentifierGeneratorFactory - Registering IdentifierGenerator strategy [seqhilo] -> [org.hibernate.id.SequenceHiLoGenerator]
[DEBUG] 2019-10-06 10-37-08.508 [main] DefaultIdentifierGeneratorFactory - Registering IdentifierGenerator strategy [increment] -> [org.hibernate.id.IncrementGenerator]
[DEBUG] 2019-10-06 10-37-08.508 [main] DefaultIdentifierGeneratorFactory - Registering IdentifierGenerator strategy [foreign] -> [org.hibernate.id.ForeignGenerator]
[DEBUG] 2019-10-06 10-37-08.509 [main] DefaultIdentifierGeneratorFactory - Registering IdentifierGenerator strategy [sequence-identity] -> [org.hibernate.id.SequenceIdentityGenerator]
[DEBUG] 2019-10-06 10-37-08.509 [main] DefaultIdentifierGeneratorFactory - Registering IdentifierGenerator strategy [enhanced-sequence] -> [org.hibernate.id.enhanced.SequenceStyleGenerator]
[DEBUG] 2019-10-06 10-37-08.509 [main] DefaultIdentifierGeneratorFactory - Registering IdentifierGenerator strategy [enhanced-table] -> [org.hibernate.id.enhanced.TableGenerator]
[INFO ] 2019-10-06 10-37-08.514 [main] C3P0ConnectionProvider - HHH010002: C3P0 using driver: com.mysql.cj.jdbc.Driver at URL: jdbc:mysql://localhost:3306/test_mww
[INFO ] 2019-10-06 10-37-08.514 [main] C3P0ConnectionProvider - HHH10001001: Connection properties: {password=****, user=cortezjl}
[INFO ] 2019-10-06 10-37-08.514 [main] C3P0ConnectionProvider - HHH10001003: Autocommit mode: false
[INFO ] 2019-10-06 10-37-08.604 [main] C3P0ConnectionProvider - HHH10001007: JDBC isolation level: <unknown>
[DEBUG] 2019-10-06 10-37-09.008 [main] JdbcEnvironmentInitiator - Database ->
       name : MySQL
    version : 8.0.17
      major : 8
      minor : 0
[DEBUG] 2019-10-06 10-37-09.008 [main] JdbcEnvironmentInitiator - Driver ->
       name : MySQL Connector/J
    version : mysql-connector-java-8.0.16 (Revision: 34cbc6bc61f72836e26327537a432d6db7c77de6)
      major : 8
      minor : 0
[DEBUG] 2019-10-06 10-37-09.008 [main] JdbcEnvironmentInitiator - JDBC version : 4.2
[INFO ] 2019-10-06 10-37-09.029 [main] Dialect - HHH000400: Using dialect: org.hibernate.dialect.MySQL8Dialect
[DEBUG] 2019-10-06 10-37-09.044 [main] IdentifierHelperBuilder - JDBC driver metadata reported database stores quoted identifiers in more than one case
[DEBUG] 2019-10-06 10-37-09.066 [main] IdentifierHelperBuilder - IdentifierCaseStrategy for both quoted and unquoted identifiers was set to the same strategy [LOWER]; that will likely lead to problems in schema update and validation if using quoted identifiers
[DEBUG] 2019-10-06 10-37-09.094 [main] Namespace - Created database namespace [logicalName=Name{catalog=null, schema=null}, physicalName=Name{catalog=null, schema=null}]
[DEBUG] 2019-10-06 10-37-09.096 [main] TypeConfiguration$Scope - Scoping TypeConfiguration [org.hibernate.type.spi.TypeConfiguration@26dc9bd5] to MetadataBuildingContext [org.hibernate.boot.internal.MetadataBuildingContextRootImpl@252dc8c4]
[DEBUG] 2019-10-06 10-37-09.141 [main] AnnotationBinder - Binding entity from annotated class: com.juliecortez.entity.Role
[DEBUG] 2019-10-06 10-37-09.158 [main] Ejb3Column - Binding column: Ejb3DiscriminatorColumn{logicalColumnName'DTYPE', discriminatorTypeName='string'}
[DEBUG] 2019-10-06 10-37-09.162 [main] EntityBinder - Import with entity name Role
[DEBUG] 2019-10-06 10-37-09.164 [main] EntityBinder - Bind entity com.juliecortez.entity.Role on table role
[DEBUG] 2019-10-06 10-37-09.181 [main] Ejb3Column - Binding column: Ejb3Column{table=org.hibernate.mapping.Table(role), mappingColumn=id, insertable=true, updatable=true, unique=false}
[DEBUG] 2019-10-06 10-37-09.183 [main] PropertyBinder - MetadataSourceProcessor property id with lazy=false
[DEBUG] 2019-10-06 10-37-09.185 [main] AbstractPropertyHolder - Attempting to locate auto-apply AttributeConverter for property [com.juliecortez.entity.Role:id]
[DEBUG] 2019-10-06 10-37-09.186 [main] SimpleValueBinder - building SimpleValue for id
[DEBUG] 2019-10-06 10-37-09.188 [main] PropertyBinder - Building property id
[DEBUG] 2019-10-06 10-37-09.191 [main] BinderHelper - #makeIdGenerator(org.hibernate.mapping.SimpleValue([org.hibernate.mapping.Column(id)]), id, org.hibernate.id.enhanced.SequenceStyleGenerator, native, ...)
[DEBUG] 2019-10-06 10-37-09.192 [main] Ejb3Column - Binding column: Ejb3Column{table=org.hibernate.mapping.Table(role), mappingColumn=role, insertable=true, updatable=true, unique=false}
[DEBUG] 2019-10-06 10-37-09.192 [main] PropertyBinder - MetadataSourceProcessor property role with lazy=false
[DEBUG] 2019-10-06 10-37-09.192 [main] AbstractPropertyHolder - Attempting to locate auto-apply AttributeConverter for property [com.juliecortez.entity.Role:role]
[DEBUG] 2019-10-06 10-37-09.192 [main] SimpleValueBinder - building SimpleValue for role
[DEBUG] 2019-10-06 10-37-09.192 [main] PropertyBinder - Building property role
[DEBUG] 2019-10-06 10-37-09.193 [main] Ejb3Column - Binding column: Ejb3JoinColumn{logicalColumnName='null', referencedColumn='null', mappedBy='null'}
[DEBUG] 2019-10-06 10-37-09.193 [main] Ejb3Column - Binding column: Ejb3Column{table=org.hibernate.mapping.Table(role), mappingColumn=user, insertable=true, updatable=true, unique=false}
[DEBUG] 2019-10-06 10-37-09.195 [main] PropertyBinder - Building property user
[DEBUG] 2019-10-06 10-37-09.196 [main] AnnotationBinder - Binding entity from annotated class: com.juliecortez.entity.User
[DEBUG] 2019-10-06 10-37-09.197 [main] Ejb3Column - Binding column: Ejb3DiscriminatorColumn{logicalColumnName'DTYPE', discriminatorTypeName='string'}
[DEBUG] 2019-10-06 10-37-09.197 [main] EntityBinder - Import with entity name User
[DEBUG] 2019-10-06 10-37-09.197 [main] EntityBinder - Bind entity com.juliecortez.entity.User on table user
[DEBUG] 2019-10-06 10-37-09.200 [main] Ejb3Column - Binding column: Ejb3Column{table=org.hibernate.mapping.Table(user), mappingColumn=id, insertable=true, updatable=true, unique=false}
[DEBUG] 2019-10-06 10-37-09.200 [main] PropertyBinder - MetadataSourceProcessor property id with lazy=false
[DEBUG] 2019-10-06 10-37-09.200 [main] AbstractPropertyHolder - Attempting to locate auto-apply AttributeConverter for property [com.juliecortez.entity.User:id]
[DEBUG] 2019-10-06 10-37-09.200 [main] SimpleValueBinder - building SimpleValue for id
[DEBUG] 2019-10-06 10-37-09.201 [main] PropertyBinder - Building property id
[DEBUG] 2019-10-06 10-37-09.201 [main] BinderHelper - #makeIdGenerator(org.hibernate.mapping.SimpleValue([org.hibernate.mapping.Column(id)]), id, org.hibernate.id.enhanced.SequenceStyleGenerator, native, ...)
[DEBUG] 2019-10-06 10-37-09.201 [main] Ejb3Column - Binding column: Ejb3Column{table=org.hibernate.mapping.Table(user), mappingColumn=date_of_birth, insertable=true, updatable=true, unique=false}
[DEBUG] 2019-10-06 10-37-09.201 [main] PropertyBinder - MetadataSourceProcessor property dateOfBirth with lazy=false
[DEBUG] 2019-10-06 10-37-09.201 [main] AbstractPropertyHolder - Attempting to locate auto-apply AttributeConverter for property [com.juliecortez.entity.User:dateOfBirth]
[DEBUG] 2019-10-06 10-37-09.201 [main] SimpleValueBinder - building SimpleValue for dateOfBirth
[DEBUG] 2019-10-06 10-37-09.201 [main] PropertyBinder - Building property dateOfBirth
[DEBUG] 2019-10-06 10-37-09.201 [main] Ejb3Column - Binding column: Ejb3Column{table=org.hibernate.mapping.Table(user), mappingColumn=first_name, insertable=true, updatable=true, unique=false}
[DEBUG] 2019-10-06 10-37-09.201 [main] PropertyBinder - MetadataSourceProcessor property firstName with lazy=false
[DEBUG] 2019-10-06 10-37-09.201 [main] AbstractPropertyHolder - Attempting to locate auto-apply AttributeConverter for property [com.juliecortez.entity.User:firstName]
[DEBUG] 2019-10-06 10-37-09.201 [main] SimpleValueBinder - building SimpleValue for firstName
[DEBUG] 2019-10-06 10-37-09.201 [main] PropertyBinder - Building property firstName
[DEBUG] 2019-10-06 10-37-09.202 [main] Ejb3Column - Binding column: Ejb3Column{table=org.hibernate.mapping.Table(user), mappingColumn=last_name, insertable=true, updatable=true, unique=false}
[DEBUG] 2019-10-06 10-37-09.202 [main] PropertyBinder - MetadataSourceProcessor property lastName with lazy=false
[DEBUG] 2019-10-06 10-37-09.202 [main] AbstractPropertyHolder - Attempting to locate auto-apply AttributeConverter for property [com.juliecortez.entity.User:lastName]
[DEBUG] 2019-10-06 10-37-09.202 [main] SimpleValueBinder - building SimpleValue for lastName
[DEBUG] 2019-10-06 10-37-09.202 [main] PropertyBinder - Building property lastName
[DEBUG] 2019-10-06 10-37-09.202 [main] Ejb3Column - Binding column: Ejb3JoinColumn{logicalColumnName='null', referencedColumn='null', mappedBy='user'}
[DEBUG] 2019-10-06 10-37-09.202 [main] Ejb3Column - Binding column: Ejb3Column{table=org.hibernate.mapping.Table(user), mappingColumn=roles, insertable=true, updatable=true, unique=false}
[DEBUG] 2019-10-06 10-37-09.203 [main] Ejb3Column - Binding column: Ejb3Column{table=org.hibernate.mapping.Table(user), mappingColumn=null, insertable=true, updatable=true, unique=false}
[DEBUG] 2019-10-06 10-37-09.210 [main] Ejb3Column - Binding column: Ejb3Column{table=org.hibernate.mapping.Table(user), mappingColumn=element, insertable=true, updatable=true, unique=false}
[DEBUG] 2019-10-06 10-37-09.210 [main] Ejb3Column - Binding column: Ejb3Column{table=org.hibernate.mapping.Table(user), mappingColumn=roles_KEY, insertable=true, updatable=true, unique=false}
[DEBUG] 2019-10-06 10-37-09.211 [main] Ejb3Column - Binding column: Ejb3JoinColumn{logicalColumnName='roles_KEY', referencedColumn='null', mappedBy='null'}
[DEBUG] 2019-10-06 10-37-09.211 [main] Ejb3Column - Binding column: Ejb3JoinColumn{logicalColumnName='null', referencedColumn='null', mappedBy='user'}
[DEBUG] 2019-10-06 10-37-09.212 [main] Ejb3Column - Binding column: Ejb3JoinColumn{logicalColumnName='null', referencedColumn='null', mappedBy='user'}
[DEBUG] 2019-10-06 10-37-09.212 [main] CollectionBinder - Collection role: com.juliecortez.entity.User.roles
[DEBUG] 2019-10-06 10-37-09.213 [main] PropertyBinder - Building property roles
[DEBUG] 2019-10-06 10-37-09.214 [main] Ejb3Column - Binding column: Ejb3Column{table=org.hibernate.mapping.Table(user), mappingColumn=user_name, insertable=true, updatable=true, unique=false}
[DEBUG] 2019-10-06 10-37-09.214 [main] PropertyBinder - MetadataSourceProcessor property userName with lazy=false
[DEBUG] 2019-10-06 10-37-09.214 [main] AbstractPropertyHolder - Attempting to locate auto-apply AttributeConverter for property [com.juliecortez.entity.User:userName]
[DEBUG] 2019-10-06 10-37-09.214 [main] SimpleValueBinder - building SimpleValue for userName
[DEBUG] 2019-10-06 10-37-09.214 [main] PropertyBinder - Building property userName
[DEBUG] 2019-10-06 10-37-09.215 [main] SimpleValueBinder - Starting fillSimpleValue for id
[DEBUG] 2019-10-06 10-37-09.215 [main] SimpleValueBinder - Starting fillSimpleValue for role
[DEBUG] 2019-10-06 10-37-09.215 [main] SimpleValueBinder - Starting fillSimpleValue for id
[DEBUG] 2019-10-06 10-37-09.215 [main] SimpleValueBinder - Starting fillSimpleValue for dateOfBirth
[DEBUG] 2019-10-06 10-37-09.215 [main] SimpleValueBinder - Starting fillSimpleValue for firstName
[DEBUG] 2019-10-06 10-37-09.216 [main] SimpleValueBinder - Starting fillSimpleValue for lastName
[DEBUG] 2019-10-06 10-37-09.216 [main] SimpleValueBinder - Starting fillSimpleValue for userName
[DEBUG] 2019-10-06 10-37-09.219 [main] PrimaryKey - Forcing column [id] to be non-null as it is part of the primary key for table [role]
[DEBUG] 2019-10-06 10-37-09.219 [main] PrimaryKey - Forcing column [id] to be non-null as it is part of the primary key for table [user]
[DEBUG] 2019-10-06 10-37-09.219 [main] CollectionSecondPass - Second pass for collection: com.juliecortez.entity.User.roles
[DEBUG] 2019-10-06 10-37-09.220 [main] CollectionBinder - Binding a OneToMany: com.juliecortez.entity.User.roles through a foreign key
[DEBUG] 2019-10-06 10-37-09.220 [main] CollectionBinder - Mapping collection: com.juliecortez.entity.User.roles -> role
[DEBUG] 2019-10-06 10-37-09.221 [main] TableBinder - Retrieving property com.juliecortez.entity.Role.user
[DEBUG] 2019-10-06 10-37-09.221 [main] CollectionSecondPass - Mapped collection key: user_id, one-to-many: com.juliecortez.entity.Role
[DEBUG] 2019-10-06 10-37-09.221 [main] InFlightMetadataCollectorImpl - Resolving reference to class: com.juliecortez.entity.User
[DEBUG] 2019-10-06 10-37-09.224 [main] InFlightMetadataCollectorImpl - Resolving reference to class: com.juliecortez.entity.User
[DEBUG] 2019-10-06 10-37-09.249 [main] SessionFactoryImpl - Building session factory
[DEBUG] 2019-10-06 10-37-09.249 [main] Settings - SessionFactory name : null
[DEBUG] 2019-10-06 10-37-09.249 [main] Settings - Automatic flush during beforeCompletion(): enabled
[DEBUG] 2019-10-06 10-37-09.249 [main] Settings - Automatic session close at end of transaction: disabled
[DEBUG] 2019-10-06 10-37-09.250 [main] Settings - Statistics: disabled
[DEBUG] 2019-10-06 10-37-09.250 [main] Settings - Deleted entity synthetic identifier rollback: disabled
[DEBUG] 2019-10-06 10-37-09.250 [main] Settings - Default entity-mode: pojo
[DEBUG] 2019-10-06 10-37-09.250 [main] Settings - Check Nullability in Core (should be disabled when Bean Validation is on): enabled
[DEBUG] 2019-10-06 10-37-09.250 [main] Settings - Allow initialization of lazy state outside session : disabled
[DEBUG] 2019-10-06 10-37-09.250 [main] Settings - Using BatchFetchStyle : LEGACY
[DEBUG] 2019-10-06 10-37-09.250 [main] Settings - Default batch fetch size: -1
[DEBUG] 2019-10-06 10-37-09.250 [main] Settings - Maximum outer join fetch depth: 2
[DEBUG] 2019-10-06 10-37-09.250 [main] Settings - Default null ordering: NONE
[DEBUG] 2019-10-06 10-37-09.250 [main] Settings - Order SQL updates by primary key: disabled
[DEBUG] 2019-10-06 10-37-09.250 [main] Settings - Order SQL inserts for batching: disabled
[DEBUG] 2019-10-06 10-37-09.250 [main] Settings - multi-tenancy strategy : NONE
[DEBUG] 2019-10-06 10-37-09.250 [main] Settings - JTA Track by Thread: enabled
[DEBUG] 2019-10-06 10-37-09.250 [main] Settings - Query language substitutions: {}
[DEBUG] 2019-10-06 10-37-09.250 [main] Settings - Named query checking : enabled
[DEBUG] 2019-10-06 10-37-09.250 [main] Settings - Second-level cache: disabled
[DEBUG] 2019-10-06 10-37-09.250 [main] Settings - Second-level query cache: disabled
[DEBUG] 2019-10-06 10-37-09.250 [main] Settings - Second-level query cache factory: null
[DEBUG] 2019-10-06 10-37-09.251 [main] Settings - Second-level cache region prefix: null
[DEBUG] 2019-10-06 10-37-09.251 [main] Settings - Optimize second-level cache for minimal puts: disabled
[DEBUG] 2019-10-06 10-37-09.251 [main] Settings - Structured second-level cache entries: disabled
[DEBUG] 2019-10-06 10-37-09.251 [main] Settings - Second-level cache direct-reference entries: disabled
[DEBUG] 2019-10-06 10-37-09.251 [main] Settings - Automatic eviction of collection cache: disabled
[DEBUG] 2019-10-06 10-37-09.251 [main] Settings - JDBC batch size: 15
[DEBUG] 2019-10-06 10-37-09.251 [main] Settings - JDBC batch updates for versioned data: enabled
[DEBUG] 2019-10-06 10-37-09.251 [main] Settings - Scrollable result sets: enabled
[DEBUG] 2019-10-06 10-37-09.251 [main] Settings - Wrap result sets: disabled
[DEBUG] 2019-10-06 10-37-09.251 [main] Settings - JDBC3 getGeneratedKeys(): enabled
[DEBUG] 2019-10-06 10-37-09.251 [main] Settings - JDBC result set fetch size: null
[DEBUG] 2019-10-06 10-37-09.251 [main] Settings - Connection release mode: AFTER_TRANSACTION
[DEBUG] 2019-10-06 10-37-09.251 [main] Settings - Generate SQL with comments: disabled
[DEBUG] 2019-10-06 10-37-09.251 [main] Settings - JPA compliance - query : 
[DEBUG] 2019-10-06 10-37-09.251 [main] Settings - JPA compliance - closed-handling : 
[DEBUG] 2019-10-06 10-37-09.251 [main] Settings - JPA compliance - lists : 
[DEBUG] 2019-10-06 10-37-09.252 [main] Settings - JPA compliance - transactions : 
[INFO ] 2019-10-06 10-37-09.296 [main] beans - HHH10005002: No explicit CDI BeanManager reference was passed to Hibernate, but CDI is available on the Hibernate ClassLoader.
[DEBUG] 2019-10-06 10-37-09.312 [main] SessionFactoryImpl - Session factory constructed with filter configurations : {}
[DEBUG] 2019-10-06 10-37-09.312 [main] SessionFactoryImpl - Instantiating session factory with properties: {sun.desktop=windows, awt.toolkit=sun.awt.windows.WToolkit, java.specification.version=11, sun.cpu.isalist=amd64, hibernate.c3p0.idle_test_period=3000, sun.jnu.encoding=Cp1252, hibernate.c3p0.min_size=5, java.class.path=C:\Program Files\JetBrains\IntelliJ IDEA 2019.2.1\lib\idea_rt.jar;C:\Program Files\JetBrains\IntelliJ IDEA 2019.2.1\plugins\junit\lib\junit-rt.jar;C:\Program Files\JetBrains\IntelliJ IDEA 2019.2.1\plugins\junit\lib\junit5-rt.jar;C:\Users\15635\IdeaProjects\myworkweek\target\test-classes;C:\Users\15635\IdeaProjects\myworkweek\target\classes;C:\Users\15635\.m2\repository\org\junit\platform\junit-platform-runner\1.0.0\junit-platform-runner-1.0.0.jar;C:\Users\15635\.m2\repository\org\apiguardian\apiguardian-api\1.0.0\apiguardian-api-1.0.0.jar;C:\Users\15635\.m2\repository\org\junit\platform\junit-platform-launcher\1.0.0\junit-platform-launcher-1.0.0.jar;C:\Users\15635\.m2\repository\org\junit\platform\junit-platform-suite-api\1.0.0\junit-platform-suite-api-1.0.0.jar;C:\Users\15635\.m2\repository\org\junit\platform\junit-platform-commons\1.0.0\junit-platform-commons-1.0.0.jar;C:\Users\15635\.m2\repository\org\junit\vintage\junit-vintage-engine\4.12.0\junit-vintage-engine-4.12.0.jar;C:\Users\15635\.m2\repository\org\junit\platform\junit-platform-engine\1.0.0\junit-platform-engine-1.0.0.jar;C:\Users\15635\.m2\repository\org\opentest4j\opentest4j\1.0.0\opentest4j-1.0.0.jar;C:\Users\15635\.m2\repository\org\junit\jupiter\junit-jupiter-engine\5.0.0\junit-jupiter-engine-5.0.0.jar;C:\Users\15635\.m2\repository\org\junit\jupiter\junit-jupiter-api\5.0.0\junit-jupiter-api-5.0.0.jar;C:\Users\15635\.m2\repository\junit\junit\4.12\junit-4.12.jar;C:\Users\15635\.m2\repository\org\hamcrest\hamcrest-core\1.3\hamcrest-core-1.3.jar;C:\Users\15635\.m2\repository\javax\javaee-web-api\7.0\javaee-web-api-7.0.jar;C:\Users\15635\.m2\repository\mysql\mysql-connector-java\8.0.16\mysql-connector-java-8.0.16.jar;C:\Users\15635\.m2\repository\com\google\protobuf\protobuf-java\3.6.1\protobuf-java-3.6.1.jar;C:\Users\15635\.m2\repository\jstl\jstl\1.2\jstl-1.2.jar;C:\Users\15635\.m2\repository\org\apache\logging\log4j\log4j-api\2.10.0\log4j-api-2.10.0.jar;C:\Users\15635\.m2\repository\org\apache\logging\log4j\log4j-core\2.10.0\log4j-core-2.10.0.jar;C:\Users\15635\.m2\repository\org\hibernate\hibernate-core\5.4.4.Final\hibernate-core-5.4.4.Final.jar;C:\Users\15635\.m2\repository\org\jboss\logging\jboss-logging\3.3.2.Final\jboss-logging-3.3.2.Final.jar;C:\Users\15635\.m2\repository\javax\persistence\javax.persistence-api\2.2\javax.persistence-api-2.2.jar;C:\Users\15635\.m2\repository\org\javassist\javassist\3.24.0-GA\javassist-3.24.0-GA.jar;C:\Users\15635\.m2\repository\net\bytebuddy\byte-buddy\1.9.11\byte-buddy-1.9.11.jar;C:\Users\15635\.m2\repository\antlr\antlr\2.7.7\antlr-2.7.7.jar;C:\Users\15635\.m2\repository\org\jboss\spec\javax\transaction\jboss-transaction-api_1.2_spec\1.1.1.Final\jboss-transaction-api_1.2_spec-1.1.1.Final.jar;C:\Users\15635\.m2\repository\org\jboss\jandex\2.0.5.Final\jandex-2.0.5.Final.jar;C:\Users\15635\.m2\repository\com\fasterxml\classmate\1.3.4\classmate-1.3.4.jar;C:\Users\15635\.m2\repository\javax\activation\javax.activation-api\1.2.0\javax.activation-api-1.2.0.jar;C:\Users\15635\.m2\repository\org\dom4j\dom4j\2.1.1\dom4j-2.1.1.jar;C:\Users\15635\.m2\repository\org\hibernate\common\hibernate-commons-annotations\5.1.0.Final\hibernate-commons-annotations-5.1.0.Final.jar;C:\Users\15635\.m2\repository\javax\xml\bind\jaxb-api\2.3.1\jaxb-api-2.3.1.jar;C:\Users\15635\.m2\repository\org\glassfish\jaxb\jaxb-runtime\2.3.1\jaxb-runtime-2.3.1.jar;C:\Users\15635\.m2\repository\org\glassfish\jaxb\txw2\2.3.1\txw2-2.3.1.jar;C:\Users\15635\.m2\repository\com\sun\istack\istack-commons-runtime\3.0.7\istack-commons-runtime-3.0.7.jar;C:\Users\15635\.m2\repository\org\jvnet\staxex\stax-ex\1.8\stax-ex-1.8.jar;C:\Users\15635\.m2\repository\com\sun\xml\fastinfoset\FastInfoset\1.2.15\FastInfoset-1.2.15.jar;C:\Users\15635\.m2\repository\org\hibernate\hibernate-c3p0\5.4.4.Final\hibernate-c3p0-5.4.4.Final.jar;C:\Users\15635\.m2\repository\com\mchange\c3p0\0.9.5.3\c3p0-0.9.5.3.jar;C:\Users\15635\.m2\repository\com\mchange\mchange-commons-java\0.2.15\mchange-commons-java-0.2.15.jar, java.vm.vendor=Oracle Corporation, sun.arch.data.model=64, idea.test.cyclic.buffer.size=1048576, user.variant=, java.vendor.url=http://java.oracle.com/, user.timezone=America/Chicago, os.name=Windows 10, java.vm.specification.version=11, sun.java.launcher=SUN_STANDARD, user.country=US, sun.boot.library.path=C:\Program Files\Java\jdk-11.0.4\bin, sun.java.command=com.intellij.rt.execution.junit.JUnitStarter -ideVersion5 -junit5 com.juliecortez.persistence.RoleDaoTest,getAllSuccess, jdk.debug=release, sun.cpu.endian=little, user.home=C:\Users\15635, hibernate.c3p0.max_statements=50, user.language=en, java.specification.vendor=Oracle Corporation, java.version.date=2019-07-16, java.home=C:\Program Files\Java\jdk-11.0.4, file.separator=\, java.vm.compressedOopsMode=32-bit, line.separator=
, hibernate.c3p0.timeout=300, java.specification.name=Java Platform API Specification, java.vm.specification.vendor=Oracle Corporation, java.awt.graphicsenv=sun.awt.Win32GraphicsEnvironment, user.script=, connection.password=Security1!, sun.management.compiler=HotSpot 64-Bit Tiered Compilers, hibernate.c3p0.max_size=20, java.runtime.version=11.0.4+10-LTS, user.name=15635, path.separator=;, hibernate.connection.username=****, os.version=10.0, java.runtime.name=Java(TM) SE Runtime Environment, hibernate.connection.url=jdbc:mysql://localhost:3306/test_mww, file.encoding=UTF-8, java.vm.name=Java HotSpot(TM) 64-Bit Server VM, java.vendor.version=18.9, hibernate.connection.driver_class=com.mysql.cj.jdbc.Driver, java.vendor.url.bug=http://bugreport.java.com/bugreport/, java.io.tmpdir=C:\Users\15635\AppData\Local\Temp\, java.version=11.0.4, user.dir=C:\Users\15635\IdeaProjects\myworkweek, os.arch=amd64, connection.username=cortezjl, java.vm.specification.name=Java Virtual Machine Specification, java.awt.printerjob=sun.awt.windows.WPrinterJob, hibernate.connection.password=****, sun.os.patch.level=, connection.driver_class=com.mysql.cj.jdbc.Driver, hibernate.boot.CfgXmlAccessService.key=org.hibernate.boot.cfgxml.spi.LoadedConfig@777d0bc3, java.library.path=C:\Program Files\Java\jdk-11.0.4\bin;C:\Windows\Sun\Java\bin;C:\Windows\system32;C:\Windows;C:\Windows\system32;C:\Windows;C:\Windows\System32\Wbem;C:\Windows\System32\WindowsPowerShell\v1.0\;C:\Windows\System32\OpenSSH\;C:\Program Files\Git\cmd;C:\Program Files (x86)\Intel\Intel(R) Management Engine Components\DAL;C:\Program Files\Intel\Intel(R) Management Engine Components\DAL;C:\Program Files\MySQL\MySQL Shell 8.0\bin\;., java.vendor=Oracle Corporation, java.vm.info=mixed mode, java.vm.version=11.0.4+10-LTS, hibernate.bytecode.use_reflection_optimizer=false, sun.io.unicode.encoding=UnicodeLittle, connection.url=jdbc:mysql://localhost:3306/test_mww, java.class.version=55.0}
[DEBUG] 2019-10-06 10-37-09.327 [main] TypeSafeActivator - Unable to acquire Bean Validation ValidatorFactory, skipping activation
[DEBUG] 2019-10-06 10-37-09.327 [main] JaccIntegrator - Skipping JACC integration as it was not enabled
[DEBUG] 2019-10-06 10-37-09.328 [main] SessionFactoryImpl - Instantiated session factory
[DEBUG] 2019-10-06 10-37-09.328 [main] TypeConfiguration$Scope - Scoping TypeConfiguration [org.hibernate.type.spi.TypeConfiguration@26dc9bd5] to SessionFactoryImpl [org.hibernate.internal.SessionFactoryImpl@273a5a8a]
[DEBUG] 2019-10-06 10-37-09.367 [main] ClassLoaderAccessImpl - Not known whether passed class name [com.juliecortez.entity.User] is safe
[DEBUG] 2019-10-06 10-37-09.367 [main] ClassLoaderAccessImpl - No temp ClassLoader provided; using live ClassLoader for loading potentially unsafe class : com.juliecortez.entity.User
[DEBUG] 2019-10-06 10-37-09.381 [main] ClassLoaderAccessImpl - Not known whether passed class name [com.juliecortez.entity.User] is safe
[DEBUG] 2019-10-06 10-37-09.381 [main] ClassLoaderAccessImpl - No temp ClassLoader provided; using live ClassLoader for loading potentially unsafe class : com.juliecortez.entity.User
[DEBUG] 2019-10-06 10-37-09.549 [main] ClassLoaderAccessImpl - Not known whether passed class name [com.juliecortez.entity.Role] is safe
[DEBUG] 2019-10-06 10-37-09.549 [main] ClassLoaderAccessImpl - No temp ClassLoader provided; using live ClassLoader for loading potentially unsafe class : com.juliecortez.entity.Role
[DEBUG] 2019-10-06 10-37-09.550 [main] ClassLoaderAccessImpl - Not known whether passed class name [com.juliecortez.entity.Role] is safe
[DEBUG] 2019-10-06 10-37-09.550 [main] ClassLoaderAccessImpl - No temp ClassLoader provided; using live ClassLoader for loading potentially unsafe class : com.juliecortez.entity.Role
[DEBUG] 2019-10-06 10-37-09.566 [main] AbstractCollectionPersister - Static SQL for collection: com.juliecortez.entity.User.roles
[DEBUG] 2019-10-06 10-37-09.566 [main] AbstractCollectionPersister -  Row insert: update role set user_id=? where id=?
[DEBUG] 2019-10-06 10-37-09.566 [main] AbstractCollectionPersister -  Row update: update role set  where id=?
[DEBUG] 2019-10-06 10-37-09.566 [main] AbstractCollectionPersister -  Row delete: update role set user_id=null where user_id=? and id=?
[DEBUG] 2019-10-06 10-37-09.566 [main] AbstractCollectionPersister -  One-shot delete: update role set user_id=null where user_id=?
[DEBUG] 2019-10-06 10-37-09.569 [main] AbstractEntityPersister - Static SQL for entity: com.juliecortez.entity.User
[DEBUG] 2019-10-06 10-37-09.569 [main] AbstractEntityPersister -  Version select: select id from user where id =?
[DEBUG] 2019-10-06 10-37-09.569 [main] AbstractEntityPersister -  Snapshot select: select user_.id, user_.date_of_birth as date_of_2_1_, user_.first_name as first_na3_1_, user_.last_name as last_nam4_1_, user_.user_name as user_nam5_1_ from user user_ where user_.id=?
[DEBUG] 2019-10-06 10-37-09.569 [main] AbstractEntityPersister -  Insert 0: insert into user (date_of_birth, first_name, last_name, user_name, id) values (?, ?, ?, ?, ?)
[DEBUG] 2019-10-06 10-37-09.569 [main] AbstractEntityPersister -  Update 0: update user set date_of_birth=?, first_name=?, last_name=?, user_name=? where id=?
[DEBUG] 2019-10-06 10-37-09.569 [main] AbstractEntityPersister -  Delete 0: delete from user where id=?
[DEBUG] 2019-10-06 10-37-09.569 [main] AbstractEntityPersister -  Identity insert: insert into user (date_of_birth, first_name, last_name, user_name) values (?, ?, ?, ?)
[DEBUG] 2019-10-06 10-37-09.586 [main] QuerySpacesImpl - Adding QuerySpace : uid = <gen:0> -> org.hibernate.loader.plan.build.internal.spaces.EntityQuerySpaceImpl@6371cf2f]
[DEBUG] 2019-10-06 10-37-09.587 [main] MetamodelGraphWalker - Visiting attribute path : dateOfBirth
[DEBUG] 2019-10-06 10-37-09.587 [main] MetamodelGraphWalker - Visiting attribute path : firstName
[DEBUG] 2019-10-06 10-37-09.587 [main] MetamodelGraphWalker - Visiting attribute path : lastName
[DEBUG] 2019-10-06 10-37-09.587 [main] MetamodelGraphWalker - Visiting attribute path : roles
[DEBUG] 2019-10-06 10-37-09.590 [main] QuerySpacesImpl - Adding QuerySpace : uid = <gen:1> -> org.hibernate.loader.plan.build.internal.spaces.CollectionQuerySpaceImpl@7c46c9c3]
[DEBUG] 2019-10-06 10-37-09.592 [main] QuerySpacesImpl - Adding QuerySpace : uid = <gen:2> -> org.hibernate.loader.plan.build.internal.spaces.EntityQuerySpaceImpl@6b37df8e]
[DEBUG] 2019-10-06 10-37-09.593 [main] MetamodelGraphWalker - Visiting attribute path : roles.role
[DEBUG] 2019-10-06 10-37-09.593 [main] MetamodelGraphWalker - Visiting attribute path : roles.user
[DEBUG] 2019-10-06 10-37-09.593 [main] MetamodelGraphWalker - Property path deemed to be circular : roles.user
[DEBUG] 2019-10-06 10-37-09.593 [main] MetamodelGraphWalker - Visiting attribute path : userName
[DEBUG] 2019-10-06 10-37-09.594 [main] FetchStyleLoadPlanBuildingAssociationVisitationStrategy - Building LoadPlan...
[DEBUG] 2019-10-06 10-37-09.602 [main] LoadQueryJoinAndFetchProcessor - processing queryspace <gen:0>
[DEBUG] 2019-10-06 10-37-09.607 [main] LoadPlanTreePrinter - LoadPlan(entity=com.juliecortez.entity.User)
    - Returns
       - EntityReturnImpl(entity=com.juliecortez.entity.User, querySpaceUid=<gen:0>, path=com.juliecortez.entity.User)
          - CollectionAttributeFetchImpl(collection=com.juliecortez.entity.User.roles, querySpaceUid=<gen:1>, path=com.juliecortez.entity.User.roles)
             - (collection element) CollectionFetchableElementEntityGraph(entity=com.juliecortez.entity.Role, querySpaceUid=<gen:2>, path=com.juliecortez.entity.User.roles.<elements>)
    - QuerySpaces
       - EntityQuerySpaceImpl(uid=<gen:0>, entity=com.juliecortez.entity.User)
          - SQL table alias mapping - user0_
          - alias suffix - 0_
          - suffixed key columns - {id1_1_0_}
          - JOIN (JoinDefinedByMetadata(roles)) : <gen:0> -> <gen:1>
             - CollectionQuerySpaceImpl(uid=<gen:1>, collection=com.juliecortez.entity.User.roles)
                - SQL table alias mapping - roles1_
                - alias suffix - 1_
                - suffixed key columns - {user_id3_0_1_}
                - entity-element alias suffix - 2_
                - 2_entity-element suffixed key columns - id1_0_2_
                - JOIN (JoinDefinedByMetadata(elements)) : <gen:1> -> <gen:2>
                   - EntityQuerySpaceImpl(uid=<gen:2>, entity=com.juliecortez.entity.Role)
                      - SQL table alias mapping - roles1_
                      - alias suffix - 2_
                      - suffixed key columns - {id1_0_2_}

[DEBUG] 2019-10-06 10-37-09.609 [main] EntityLoader - Static select for entity com.juliecortez.entity.User [NONE]: select user0_.id as id1_1_0_, user0_.date_of_birth as date_of_2_1_0_, user0_.first_name as first_na3_1_0_, user0_.last_name as last_nam4_1_0_, user0_.user_name as user_nam5_1_0_, roles1_.user_id as user_id3_0_1_, roles1_.id as id1_0_1_, roles1_.id as id1_0_2_, roles1_.role as role2_0_2_, roles1_.user_id as user_id3_0_2_ from user user0_ left outer join role roles1_ on user0_.id=roles1_.user_id where user0_.id=?
[DEBUG] 2019-10-06 10-37-09.609 [main] QuerySpacesImpl - Adding QuerySpace : uid = <gen:0> -> org.hibernate.loader.plan.build.internal.spaces.EntityQuerySpaceImpl@20cdb152]
[DEBUG] 2019-10-06 10-37-09.609 [main] MetamodelGraphWalker - Visiting attribute path : dateOfBirth
[DEBUG] 2019-10-06 10-37-09.609 [main] MetamodelGraphWalker - Visiting attribute path : firstName
[DEBUG] 2019-10-06 10-37-09.610 [main] MetamodelGraphWalker - Visiting attribute path : lastName
[DEBUG] 2019-10-06 10-37-09.610 [main] MetamodelGraphWalker - Visiting attribute path : roles
[DEBUG] 2019-10-06 10-37-09.610 [main] QuerySpacesImpl - Adding QuerySpace : uid = <gen:1> -> org.hibernate.loader.plan.build.internal.spaces.CollectionQuerySpaceImpl@14b31e37]
[DEBUG] 2019-10-06 10-37-09.610 [main] QuerySpacesImpl - Adding QuerySpace : uid = <gen:2> -> org.hibernate.loader.plan.build.internal.spaces.EntityQuerySpaceImpl@1142d377]
[DEBUG] 2019-10-06 10-37-09.610 [main] MetamodelGraphWalker - Visiting attribute path : roles.role
[DEBUG] 2019-10-06 10-37-09.610 [main] MetamodelGraphWalker - Visiting attribute path : roles.user
[DEBUG] 2019-10-06 10-37-09.610 [main] MetamodelGraphWalker - Property path deemed to be circular : roles.user
[DEBUG] 2019-10-06 10-37-09.610 [main] MetamodelGraphWalker - Visiting attribute path : userName
[DEBUG] 2019-10-06 10-37-09.610 [main] FetchStyleLoadPlanBuildingAssociationVisitationStrategy - Building LoadPlan...
[DEBUG] 2019-10-06 10-37-09.611 [main] LoadQueryJoinAndFetchProcessor - processing queryspace <gen:0>
[DEBUG] 2019-10-06 10-37-09.611 [main] LoadPlanTreePrinter - LoadPlan(entity=com.juliecortez.entity.User)
    - Returns
       - EntityReturnImpl(entity=com.juliecortez.entity.User, querySpaceUid=<gen:0>, path=com.juliecortez.entity.User)
          - CollectionAttributeFetchImpl(collection=com.juliecortez.entity.User.roles, querySpaceUid=<gen:1>, path=com.juliecortez.entity.User.roles)
             - (collection element) CollectionFetchableElementEntityGraph(entity=com.juliecortez.entity.Role, querySpaceUid=<gen:2>, path=com.juliecortez.entity.User.roles.<elements>)
    - QuerySpaces
       - EntityQuerySpaceImpl(uid=<gen:0>, entity=com.juliecortez.entity.User)
          - SQL table alias mapping - user0_
          - alias suffix - 0_
          - suffixed key columns - {id1_1_0_}
          - JOIN (JoinDefinedByMetadata(roles)) : <gen:0> -> <gen:1>
             - CollectionQuerySpaceImpl(uid=<gen:1>, collection=com.juliecortez.entity.User.roles)
                - SQL table alias mapping - roles1_
                - alias suffix - 1_
                - suffixed key columns - {user_id3_0_1_}
                - entity-element alias suffix - 2_
                - 2_entity-element suffixed key columns - id1_0_2_
                - JOIN (JoinDefinedByMetadata(elements)) : <gen:1> -> <gen:2>
                   - EntityQuerySpaceImpl(uid=<gen:2>, entity=com.juliecortez.entity.Role)
                      - SQL table alias mapping - roles1_
                      - alias suffix - 2_
                      - suffixed key columns - {id1_0_2_}

[DEBUG] 2019-10-06 10-37-09.611 [main] EntityLoader - Static select for entity com.juliecortez.entity.User [READ]: select user0_.id as id1_1_0_, user0_.date_of_birth as date_of_2_1_0_, user0_.first_name as first_na3_1_0_, user0_.last_name as last_nam4_1_0_, user0_.user_name as user_nam5_1_0_, roles1_.user_id as user_id3_0_1_, roles1_.id as id1_0_1_, roles1_.id as id1_0_2_, roles1_.role as role2_0_2_, roles1_.user_id as user_id3_0_2_ from user user0_ left outer join role roles1_ on user0_.id=roles1_.user_id where user0_.id=?
[DEBUG] 2019-10-06 10-37-09.621 [main] Loader - Static select for action ACTION_MERGE on entity com.juliecortez.entity.User: select user0_.id as id1_1_1_, user0_.date_of_birth as date_of_2_1_1_, user0_.first_name as first_na3_1_1_, user0_.last_name as last_nam4_1_1_, user0_.user_name as user_nam5_1_1_, roles1_.user_id as user_id3_0_3_, roles1_.id as id1_0_3_, roles1_.id as id1_0_0_, roles1_.role as role2_0_0_, roles1_.user_id as user_id3_0_0_ from user user0_ left outer join role roles1_ on user0_.id=roles1_.user_id where user0_.id=?
[DEBUG] 2019-10-06 10-37-09.621 [main] Loader - Static select for action ACTION_REFRESH on entity com.juliecortez.entity.User: select user0_.id as id1_1_1_, user0_.date_of_birth as date_of_2_1_1_, user0_.first_name as first_na3_1_1_, user0_.last_name as last_nam4_1_1_, user0_.user_name as user_nam5_1_1_, roles1_.user_id as user_id3_0_3_, roles1_.id as id1_0_3_, roles1_.id as id1_0_0_, roles1_.role as role2_0_0_, roles1_.user_id as user_id3_0_0_ from user user0_ left outer join role roles1_ on user0_.id=roles1_.user_id where user0_.id=?
[DEBUG] 2019-10-06 10-37-09.622 [main] AbstractEntityPersister - Static SQL for entity: com.juliecortez.entity.Role
[DEBUG] 2019-10-06 10-37-09.622 [main] AbstractEntityPersister -  Version select: select id from role where id =?
[DEBUG] 2019-10-06 10-37-09.622 [main] AbstractEntityPersister -  Snapshot select: select role_.id, role_.role as role2_0_, role_.user_id as user_id3_0_ from role role_ where role_.id=?
[DEBUG] 2019-10-06 10-37-09.622 [main] AbstractEntityPersister -  Insert 0: insert into role (role, user_id, id) values (?, ?, ?)
[DEBUG] 2019-10-06 10-37-09.622 [main] AbstractEntityPersister -  Update 0: update role set role=?, user_id=? where id=?
[DEBUG] 2019-10-06 10-37-09.622 [main] AbstractEntityPersister -  Delete 0: delete from role where id=?
[DEBUG] 2019-10-06 10-37-09.622 [main] AbstractEntityPersister -  Identity insert: insert into role (role, user_id) values (?, ?)
[DEBUG] 2019-10-06 10-37-09.622 [main] QuerySpacesImpl - Adding QuerySpace : uid = <gen:0> -> org.hibernate.loader.plan.build.internal.spaces.EntityQuerySpaceImpl@e91af20]
[DEBUG] 2019-10-06 10-37-09.622 [main] MetamodelGraphWalker - Visiting attribute path : role
[DEBUG] 2019-10-06 10-37-09.622 [main] MetamodelGraphWalker - Visiting attribute path : user
[DEBUG] 2019-10-06 10-37-09.622 [main] QuerySpacesImpl - Adding QuerySpace : uid = <gen:1> -> org.hibernate.loader.plan.build.internal.spaces.EntityQuerySpaceImpl@62c3f556]
[DEBUG] 2019-10-06 10-37-09.623 [main] MetamodelGraphWalker - Visiting attribute path : user.dateOfBirth
[DEBUG] 2019-10-06 10-37-09.623 [main] MetamodelGraphWalker - Visiting attribute path : user.firstName
[DEBUG] 2019-10-06 10-37-09.623 [main] MetamodelGraphWalker - Visiting attribute path : user.lastName
[DEBUG] 2019-10-06 10-37-09.623 [main] MetamodelGraphWalker - Visiting attribute path : user.roles
[DEBUG] 2019-10-06 10-37-09.623 [main] MetamodelGraphWalker - Property path deemed to be circular : user.roles
[DEBUG] 2019-10-06 10-37-09.623 [main] MetamodelGraphWalker - Visiting attribute path : user.userName
[DEBUG] 2019-10-06 10-37-09.623 [main] FetchStyleLoadPlanBuildingAssociationVisitationStrategy - Building LoadPlan...
[DEBUG] 2019-10-06 10-37-09.623 [main] LoadQueryJoinAndFetchProcessor - processing queryspace <gen:0>
[DEBUG] 2019-10-06 10-37-09.623 [main] LoadPlanTreePrinter - LoadPlan(entity=com.juliecortez.entity.Role)
    - Returns
       - EntityReturnImpl(entity=com.juliecortez.entity.Role, querySpaceUid=<gen:0>, path=com.juliecortez.entity.Role)
          - EntityAttributeFetchImpl(entity=com.juliecortez.entity.User, querySpaceUid=<gen:1>, path=com.juliecortez.entity.Role.user)
    - QuerySpaces
       - EntityQuerySpaceImpl(uid=<gen:0>, entity=com.juliecortez.entity.Role)
          - SQL table alias mapping - role0_
          - alias suffix - 0_
          - suffixed key columns - {id1_0_0_}
          - JOIN (JoinDefinedByMetadata(user)) : <gen:0> -> <gen:1>
             - EntityQuerySpaceImpl(uid=<gen:1>, entity=com.juliecortez.entity.User)
                - SQL table alias mapping - user1_
                - alias suffix - 1_
                - suffixed key columns - {id1_1_1_}

[DEBUG] 2019-10-06 10-37-09.623 [main] EntityLoader - Static select for entity com.juliecortez.entity.Role [NONE]: select role0_.id as id1_0_0_, role0_.role as role2_0_0_, role0_.user_id as user_id3_0_0_, user1_.id as id1_1_1_, user1_.date_of_birth as date_of_2_1_1_, user1_.first_name as first_na3_1_1_, user1_.last_name as last_nam4_1_1_, user1_.user_name as user_nam5_1_1_ from role role0_ left outer join user user1_ on role0_.user_id=user1_.id where role0_.id=?
[DEBUG] 2019-10-06 10-37-09.624 [main] QuerySpacesImpl - Adding QuerySpace : uid = <gen:0> -> org.hibernate.loader.plan.build.internal.spaces.EntityQuerySpaceImpl@646427f7]
[DEBUG] 2019-10-06 10-37-09.624 [main] MetamodelGraphWalker - Visiting attribute path : role
[DEBUG] 2019-10-06 10-37-09.624 [main] MetamodelGraphWalker - Visiting attribute path : user
[DEBUG] 2019-10-06 10-37-09.624 [main] QuerySpacesImpl - Adding QuerySpace : uid = <gen:1> -> org.hibernate.loader.plan.build.internal.spaces.EntityQuerySpaceImpl@380ce5a3]
[DEBUG] 2019-10-06 10-37-09.624 [main] MetamodelGraphWalker - Visiting attribute path : user.dateOfBirth
[DEBUG] 2019-10-06 10-37-09.624 [main] MetamodelGraphWalker - Visiting attribute path : user.firstName
[DEBUG] 2019-10-06 10-37-09.624 [main] MetamodelGraphWalker - Visiting attribute path : user.lastName
[DEBUG] 2019-10-06 10-37-09.624 [main] MetamodelGraphWalker - Visiting attribute path : user.roles
[DEBUG] 2019-10-06 10-37-09.624 [main] MetamodelGraphWalker - Property path deemed to be circular : user.roles
[DEBUG] 2019-10-06 10-37-09.624 [main] MetamodelGraphWalker - Visiting attribute path : user.userName
[DEBUG] 2019-10-06 10-37-09.624 [main] FetchStyleLoadPlanBuildingAssociationVisitationStrategy - Building LoadPlan...
[DEBUG] 2019-10-06 10-37-09.624 [main] LoadQueryJoinAndFetchProcessor - processing queryspace <gen:0>
[DEBUG] 2019-10-06 10-37-09.624 [main] LoadPlanTreePrinter - LoadPlan(entity=com.juliecortez.entity.Role)
    - Returns
       - EntityReturnImpl(entity=com.juliecortez.entity.Role, querySpaceUid=<gen:0>, path=com.juliecortez.entity.Role)
          - EntityAttributeFetchImpl(entity=com.juliecortez.entity.User, querySpaceUid=<gen:1>, path=com.juliecortez.entity.Role.user)
    - QuerySpaces
       - EntityQuerySpaceImpl(uid=<gen:0>, entity=com.juliecortez.entity.Role)
          - SQL table alias mapping - role0_
          - alias suffix - 0_
          - suffixed key columns - {id1_0_0_}
          - JOIN (JoinDefinedByMetadata(user)) : <gen:0> -> <gen:1>
             - EntityQuerySpaceImpl(uid=<gen:1>, entity=com.juliecortez.entity.User)
                - SQL table alias mapping - user1_
                - alias suffix - 1_
                - suffixed key columns - {id1_1_1_}

[DEBUG] 2019-10-06 10-37-09.625 [main] EntityLoader - Static select for entity com.juliecortez.entity.Role [READ]: select role0_.id as id1_0_0_, role0_.role as role2_0_0_, role0_.user_id as user_id3_0_0_, user1_.id as id1_1_1_, user1_.date_of_birth as date_of_2_1_1_, user1_.first_name as first_na3_1_1_, user1_.last_name as last_nam4_1_1_, user1_.user_name as user_nam5_1_1_ from role role0_ left outer join user user1_ on role0_.user_id=user1_.id where role0_.id=?
[DEBUG] 2019-10-06 10-37-09.625 [main] Loader - Static select for action ACTION_MERGE on entity com.juliecortez.entity.Role: select role0_.id as id1_0_0_, role0_.role as role2_0_0_, role0_.user_id as user_id3_0_0_ from role role0_ where role0_.id=?
[DEBUG] 2019-10-06 10-37-09.625 [main] Loader - Static select for action ACTION_REFRESH on entity com.juliecortez.entity.Role: select role0_.id as id1_0_0_, role0_.role as role2_0_0_, role0_.user_id as user_id3_0_0_ from role role0_ where role0_.id=?
[DEBUG] 2019-10-06 10-37-09.628 [main] QuerySpacesImpl - Adding QuerySpace : uid = <gen:0> -> org.hibernate.loader.plan.build.internal.spaces.CollectionQuerySpaceImpl@1129829c]
[DEBUG] 2019-10-06 10-37-09.628 [main] QuerySpacesImpl - Adding QuerySpace : uid = <gen:1> -> org.hibernate.loader.plan.build.internal.spaces.EntityQuerySpaceImpl@1a531422]
[DEBUG] 2019-10-06 10-37-09.628 [main] MetamodelGraphWalker - Visiting attribute path : role
[DEBUG] 2019-10-06 10-37-09.628 [main] MetamodelGraphWalker - Visiting attribute path : user
[DEBUG] 2019-10-06 10-37-09.628 [main] MetamodelGraphWalker - Property path deemed to be circular : user
[DEBUG] 2019-10-06 10-37-09.628 [main] FetchStyleLoadPlanBuildingAssociationVisitationStrategy - Building LoadPlan...
[DEBUG] 2019-10-06 10-37-09.630 [main] LoadQueryJoinAndFetchProcessor - processing queryspace <gen:0>
[DEBUG] 2019-10-06 10-37-09.630 [main] LoadPlanTreePrinter - LoadPlan(collection=com.juliecortez.entity.User.roles)
    - Returns
       - CollectionReturnImpl(collection=com.juliecortez.entity.User.roles, querySpaceUid=<gen:0>, path=[com.juliecortez.entity.User.roles])
          - (collection element) CollectionFetchableElementEntityGraph(entity=com.juliecortez.entity.Role, querySpaceUid=<gen:1>, path=[com.juliecortez.entity.User.roles].<elements>)
    - QuerySpaces
       - CollectionQuerySpaceImpl(uid=<gen:0>, collection=com.juliecortez.entity.User.roles)
          - SQL table alias mapping - roles0_
          - alias suffix - 0_
          - suffixed key columns - {user_id3_0_0_}
          - entity-element alias suffix - 1_
          - 1_entity-element suffixed key columns - id1_0_1_
          - JOIN (JoinDefinedByMetadata(elements)) : <gen:0> -> <gen:1>
             - EntityQuerySpaceImpl(uid=<gen:1>, entity=com.juliecortez.entity.Role)
                - SQL table alias mapping - roles0_
                - alias suffix - 1_
                - suffixed key columns - {id1_0_1_}

[DEBUG] 2019-10-06 10-37-09.630 [main] CollectionLoader - Static select for collection com.juliecortez.entity.User.roles: select roles0_.user_id as user_id3_0_0_, roles0_.id as id1_0_0_, roles0_.id as id1_0_1_, roles0_.role as role2_0_1_, roles0_.user_id as user_id3_0_1_ from role roles0_ where roles0_.user_id=?
[DEBUG] 2019-10-06 10-37-09.654 [main] SchemaManagementToolCoordinator - No actions specified; doing nothing
[DEBUG] 2019-10-06 10-37-09.654 [main] JtaPlatformInitiator - No JtaPlatform was specified, checking resolver
[DEBUG] 2019-10-06 10-37-09.654 [main] JtaPlatformResolverInitiator - No JtaPlatformResolver was specified, using default [org.hibernate.engine.transaction.jta.platform.internal.StandardJtaPlatformResolver]
[DEBUG] 2019-10-06 10-37-09.659 [main] StandardJtaPlatformResolver - Could not resolve JtaPlatform, using default [org.hibernate.engine.transaction.jta.platform.internal.NoJtaPlatform]
[INFO ] 2019-10-06 10-37-09.659 [main] JtaPlatformInitiator - HHH000490: Using JtaPlatform implementation: [org.hibernate.engine.transaction.jta.platform.internal.NoJtaPlatform]
[DEBUG] 2019-10-06 10-37-09.660 [main] NamedQueryRepository - Checking 0 named HQL queries
[DEBUG] 2019-10-06 10-37-09.660 [main] NamedQueryRepository - Checking 0 named SQL queries
[DEBUG] 2019-10-06 10-37-09.661 [main] SessionFactoryRegistry - Initializing SessionFactoryRegistry : org.hibernate.internal.SessionFactoryRegistry@391515c7
[DEBUG] 2019-10-06 10-37-09.663 [main] SessionFactoryRegistry - Registering SessionFactory: 4caad98b-dd5c-4e9e-b09c-a4060baa7c5c (<unnamed>)
[DEBUG] 2019-10-06 10-37-09.663 [main] SessionFactoryRegistry - Not binding SessionFactory to JNDI, no JNDI name configured
